Charm++> No provisioning arguments specified. Running with a single PE.
         Use +auto-provision to fully subscribe resources or +p1 to silence this message.
Charm++: standalone mode (not using charmrun)
Charm++> Running in Multicore mode: 1 threads (PEs)
Charm++> Using recursive bisection (scheme 3) for topology aware partitions
Converse/Charm++ Commit ID: 
CharmLB> Load balancer assumes all CPUs are same.
Charm++> Running on 1 hosts (1 sockets x 6 cores x 2 PUs = 12-way SMP)
Charm++> cpu topology info is gathered in 0.003 seconds.
CharmLB> Load balancing instrumentation for communication is off.
Info: NAMD 3.0.1 for Linux-x86_64-multicore
Info: 
Info: Please visit http://www.ks.uiuc.edu/Research/namd/
Info: for updates, documentation, and support information.
Info: 
Info: Please cite Phillips et al., J. Chem. Phys. 153:044130 (2020) doi:10.1063/5.0014475
Info: in all publications reporting results obtained with NAMD.
Info: 
Info: Based on Charm++/Converse 80000 for multicore-linux-x86_64-gcc
Info: Built Mon Oct 14 11:11:06 CDT 2024 by dhardy on athine.ks.uiuc.edu
Info: 1 NAMD  3.0.1  Linux-x86_64-multicore  1    pc1b-02  convidat
Info: Running on 1 processors, 1 nodes, 1 physical nodes.
Info: CPU topology information available.
Info: Charm++/Converse parallel runtime startup completed at 0.00384965 s
CkLoopLib is used in SMP with simple dynamic scheduling (converse-level notification)
Info: 25.8086 MB of memory in use based on /proc/self/stat
Info: Configuration file is run0.namd
Info: Working in the current directory /home/samba/homes/convidat/Desktop/bionano-tutorial-files/4_current/4.2
TCL: Suspending until startup complete.
Warning: Option "1-4scaling" has been deprecated. Instead use "oneFourScaling".
Info: EXTENDED SYSTEM FILE   eq2.xsc
Warning: The Langevin gamma parameters differ over the particles,
Warning: requiring extra work per step to constrain rigid bonds.
Info: SIMULATION PARAMETERS:
Info: TIMESTEP               1
Info: NUMBER OF STEPS        1000
Info: STEPS PER CYCLE        20
Info: PERIODIC CELL BASIS 1  33.1925 19.16 0
Info: PERIODIC CELL BASIS 2  0 38.3199 0
Info: PERIODIC CELL BASIS 3  0 0 44.2066
Info: PERIODIC CELL CENTER   0 0 0
Info: WRAPPING ALL CLUSTERS AROUND PERIODIC BOUNDARIES ON OUTPUT.
Info: WRAPPING TO IMAGE NEAREST TO PERIODIC CELL CENTER.
Info: LOAD BALANCER  Centralized
Info: LOAD BALANCING STRATEGY  New Load Balancers -- DEFAULT
Info: LDB PERIOD             4000 steps
Info: FIRST LDB TIMESTEP     100
Info: LAST LDB TIMESTEP     -1
Info: LDB BACKGROUND SCALING 1
Info: HOM BACKGROUND SCALING 1
Info: PME BACKGROUND SCALING 1
Info: MIN ATOMS PER PATCH    40
Info: EMPTY PATCH LOAD       40 ATOMS
Info: VELOCITY FILE          eq2.vel
Info: CENTER OF MASS MOVING INITIALLY? NO
Info: DIELECTRIC             1
Info: EXCLUDE                SCALED ONE-FOUR
Info: 1-4 ELECTROSTATICS SCALED BY 1
Info: MODIFIED 1-4 VDW PARAMETERS WILL BE USED
Info: DCD FILENAME           run0.dcd
Info: DCD FREQUENCY          100
Info: DCD FIRST STEP         100
Info: DCD FILE WILL CONTAIN UNIT CELL DATA
Info: XST FILENAME           run0.xst
Info: XST FREQUENCY          100
Info: NO VELOCITY DCD OUTPUT
Info: NO FORCE DCD OUTPUT
Info: OUTPUT FILENAME        run0
Info: BINARY OUTPUT FILES WILL BE USED
Info: RESTART FILENAME       run0.restart
Info: RESTART FREQUENCY      100
Info: BINARY RESTART FILES WILL BE USED
Info: SWITCHING ACTIVE
Info: SWITCHING ON           10
Info: SWITCHING OFF          12
Info: PAIRLIST DISTANCE      12
Info: PAIRLIST SHRINK RATE   0.01
Info: PAIRLIST GROW RATE     0.01
Info: PAIRLIST TRIGGER       0.3
Info: PAIRLISTS PER CYCLE    2
Info: PAIRLISTS ENABLED
Info: MARGIN                 3
Info: HYDROGEN GROUP CUTOFF  2.5
Info: PATCH DIMENSION        17.5
Info: ENERGY OUTPUT STEPS    100
Info: ENERGY EVALUATION STEPS    100
Info: OUTPUT ENERGY PRECISION 4
Info: CROSSTERM ENERGY INCLUDED IN DIHEDRAL
Info: TIMING OUTPUT STEPS    100
Info: HARMONIC CONSTRAINTS ACTIVE
Info: HARMONIC CONS EXP      2
Info: ELECTRIC FIELD ACTIVE
Info: E-FIELD VECTOR         (0, 0, 5.216)
Info: E-FIELD FREQUENCY IS (1/ps) 0
Info: E-FIELD PHASE IS     (deg)  0
Info: LANGEVIN DYNAMICS ACTIVE
Info: LANGEVIN TEMPERATURE   295
Info: LANGEVIN USING BBK INTEGRATOR
Info: LANGEVIN DAMPING COEFFICIENTS DETERMINED FROM FILES
Info: LANGEVIN DAMPING FILE:  siliconRest_1.0.pdb
Info: LANGEVIN DAMPING COLUMN:  B
Info: PARTICLE MESH EWALD (PME) ACTIVE
Info: PME TOLERANCE               1e-06
Info: PME EWALD COEFFICIENT       0.257952
Info: PME INTERPOLATION ORDER     4
Info: PME GRID DIMENSIONS         48 48 64
Info: PME MAXIMUM GRID SPACING    1.5
Info: Attempting to read FFTW data from FFTW_NAMD_3.0.1_Linux-x86_64-multicore.txt
Info: Optimizing 6 FFT steps.  1... 2... 3... 4... 5... 6...   Done.
Info: Writing FFTW data to FFTW_NAMD_3.0.1_Linux-x86_64-multicore.txt
Info: FULL ELECTROSTATIC EVALUATION FREQUENCY      4
Info: USING VERLET I (r-RESPA) MTS SCHEME.
Info: C1 SPLITTING OF LONG RANGE ELECTROSTATICS
Info: PLACING ATOMS IN PATCHES BY HYDROGEN GROUPS
Info: NONBONDED FORCES EVALUATED EVERY 2 STEPS
Info: RANDOM NUMBER SEED     1750853222
Info: USE HYDROGEN BONDS?    NO
Info: COORDINATE PDB         poro_ion.pdb
Info: STRUCTURE FILE         poro_ion.psf
Info: PARAMETER file: CHARMM format! 
Info: PARAMETERS             cornell.prm
Info: PARAMETERS             par_silicon_ions_NEW5.inp
Info: USING ARITHMETIC MEAN TO COMBINE L-J SIGMA PARAMETERS
Info: BINARY COORDINATES     eq2.coor
Info: SUMMARY OF PARAMETERS:
Info: 96 BONDS
Info: 229 ANGLES
Info: 81 DIHEDRAL
Info: 31 IMPROPER
Info: 0 CROSSTERM
Info: 62 VDW
Info: 0 VDW_PAIRS
Info: 0 NBTHOLE_PAIRS
Info: TIME FOR READING PSF FILE: 0.00898761
Info: Reading pdb file poro_ion.pdb
Info: TIME FOR READING PDB FILE: 0.00315031
Info: 
Info: ****************************
Info: STRUCTURE SUMMARY:
Info: 5343 ATOMS
Info: 5136 BONDS
Info: 7949 ANGLES
Info: 0 DIHEDRALS
Info: 0 IMPROPERS
Info: 0 CROSSTERMS
Info: 0 EXCLUSIONS
Info: 1814 CONSTRAINTS
Info: 16029 DEGREES OF FREEDOM
Info: 3121 HYDROGEN GROUPS
Info: 3 ATOMS IN LARGEST HYDROGEN GROUP
Info: 3121 MIGRATION GROUPS
Info: 3 ATOMS IN LARGEST MIGRATION GROUP
Info: TOTAL MASS = 63654.5 amu
Info: TOTAL CHARGE = 7.89165e-05 e
Info: MASS DENSITY = 1.87991 g/cm^3
Info: ATOM DENSITY = 0.0950241 atoms/A^3
Info: *****************************
Info: Reading from binary file eq2.coor
Info: 
Info: Entering startup at 0.0313039 s, 1.28024 MB of memory in use
Info: Startup phase 0 took 2.1167e-05 s, 1.28024 MB of memory in use
Info: ADDED 26745 IMPLICIT EXCLUSIONS
Info: Startup phase 1 took 0.00333442 s, 1.28024 MB of memory in use
Info: NONBONDED TABLE R-SQUARED SPACING: 0.0625
Info: NONBONDED TABLE SIZE: 769 POINTS
Info: INCONSISTENCY IN FAST TABLE ENERGY VS FORCE: 0.000325096 AT 11.9556
Info: INCONSISTENCY IN SCOR TABLE ENERGY VS FORCE: 0.000324844 AT 11.9556
Info: INCONSISTENCY IN VDWA TABLE ENERGY VS FORCE: 0.0040507 AT 0.251946
Info: INCONSISTENCY IN VDWB TABLE ENERGY VS FORCE: 0.00150189 AT 0.251946
Info: Startup phase 2 took 0.000199311 s, 1.28024 MB of memory in use
Info: Startup phase 3 took 8.455e-06 s, 1.28024 MB of memory in use
Info: Startup phase 4 took 1.1445e-05 s, 1.28024 MB of memory in use
Info: Startup phase 5 took 6.365e-06 s, 1.28024 MB of memory in use
Info: PATCH GRID IS 1 (PERIODIC) BY 1 (PERIODIC) BY 2 (PERIODIC)
Info: PATCH GRID IS 1-AWAY BY 1-AWAY BY 1-AWAY
Info: Reading from binary file eq2.vel
Info: REMOVING COM VELOCITY -0.0246025 -0.00230318 -0.0647211
Info: LARGEST PATCH (1) HAS 2696 ATOMS
Info: TORUS A SIZE 1 USING 0
Info: TORUS B SIZE 1 USING 0
Info: TORUS C SIZE 1 USING 0
Info: TORUS MINIMAL MESH SIZE IS 1 BY 1 BY 1
Info: Placed 100% of base nodes on same physical node as patch
Info: Startup phase 6 took 0.000544646 s, 1.28024 MB of memory in use
Info: PME using 1 and 1 processors for FFT and reciprocal sum.
Info: PME GRID LOCATIONS: 0
Info: PME TRANS LOCATIONS: 0
Info: PME USING 1 GRID NODES AND 1 TRANS NODES
Info: Optimizing 4 FFT steps.  1... 2... 3... 4...   Done.
Info: Startup phase 7 took 0.000309499 s, 1.28024 MB of memory in use
Info: Startup phase 8 took 7.903e-06 s, 1.28024 MB of memory in use
Info: Startup phase 9 took 6.745e-06 s, 1.28024 MB of memory in use
Info: Startup phase 10 took 9.147e-06 s, 1.28024 MB of memory in use
Info: Startup phase 11 took 7.295e-06 s, 1.28024 MB of memory in use
LDB: Central LB being created...
Info: Startup phase 12 took 1.3095e-05 s, 1.28024 MB of memory in use
Info: CREATING 49 COMPUTE OBJECTS
Info: Startup phase 13 took 6.4185e-05 s, 1.28024 MB of memory in use
Info: Startup phase 14 took 6.95e-06 s, 1.28024 MB of memory in use
Info: Startup phase 15 took 7.219e-06 s, 1.28024 MB of memory in use
Info: Finished startup at 0.0358618 s, 1.28024 MB of memory in use

ETITLE:      TS           BOND          ANGLE          DIHED          IMPRP               ELECT            VDW       BOUNDARY           MISC        KINETIC               TOTAL           TEMP      POTENTIAL         TOTAL3        TEMPAVG            PRESSURE      GPRESSURE         VOLUME       PRESSAVG      GPRESSAVG

ENERGY:       0      1901.1493       475.6053         0.0000         0.0000        -251089.6161      4462.3440       978.4904      -947.9385      4709.8469        -239510.1187       295.7268   -244219.9657   -239447.2508       295.7268           2381.9602      -240.7501     56227.8601      2381.9602      -240.7501

OPENING EXTENDED SYSTEM TRAJECTORY FILE
LDB: ============= START OF LOAD BALANCING ============== 0.316562
LDB: ============== END OF LOAD BALANCING =============== 0.316582
LDB: =============== DONE WITH MIGRATION ================ 0.316607
LDB: ============= START OF LOAD BALANCING ============== 1.12717
LDB: ============== END OF LOAD BALANCING =============== 1.12721
LDB: =============== DONE WITH MIGRATION ================ 1.12724
Info: Initial time: 1 CPUs 0.0109272 s/step 0.126473 days/ns 1.28024 MB memory
TIMING: 100  CPU: 1.13885, 0.0109338/step  Wall: 1.13916, 0.0109289/step, 0.00273223 hours remaining, 1.280238 MB of memory in use.
PERFORMANCE: 100  averaging 7.90562 ns/day, 0.0109289 sec/step with standard deviation 0
ENERGY:     100      1933.0696       525.8332         0.0000         0.0000        -250672.3913      4570.6831      1007.5295     -1856.2513      4934.3320        -239557.1953       309.8220   -244491.5272   -239494.6700       307.5047           3130.5415      1413.9971     56227.8601      1133.9397      1133.5184

WRITING EXTENDED SYSTEM TO RESTART FILE AT STEP 100
OPENING COORDINATE DCD FILE
WRITING COORDINATES TO DCD FILE run0.dcd AT STEP 100
WRITING COORDINATES TO RESTART FILE AT STEP 100
FINISHED WRITING RESTART COORDINATES
The last position output (seq=100) takes 0.000 seconds, 1.280 MB of memory in use
WRITING VELOCITIES TO RESTART FILE AT STEP 100
FINISHED WRITING RESTART VELOCITIES
The last velocity output (seq=100) takes 0.000 seconds, 1.280 MB of memory in use
LDB: ============= START OF LOAD BALANCING ============== 1.33661
LDB: ============== END OF LOAD BALANCING =============== 1.33663
LDB: =============== DONE WITH MIGRATION ================ 1.33666
LDB: ============= START OF LOAD BALANCING ============== 2.15036
LDB: ============== END OF LOAD BALANCING =============== 2.15039
LDB: =============== DONE WITH MIGRATION ================ 2.15042
Info: Initial time: 1 CPUs 0.010282 s/step 0.119005 days/ns 1.28024 MB memory
TIMING: 200  CPU: 2.16686, 0.0102801/step  Wall: 2.16754, 0.0102838/step, 0.0022853 hours remaining, 1.280238 MB of memory in use.
PERFORMANCE: 200  averaging 8.14604 ns/day, 0.0106064 sec/step with standard deviation 0.000456155
ENERGY:     200      1950.6560       509.2000         0.0000         0.0000        -250490.7122      4659.5939      1052.6061     -2280.1355      5022.0977        -239576.6941       315.3328   -244598.7918   -239520.6249       313.2875           3405.1622      1522.0144     56227.8601      1740.5949      1750.2812

WRITING EXTENDED SYSTEM TO RESTART FILE AT STEP 200
WRITING COORDINATES TO DCD FILE run0.dcd AT STEP 200
WRITING COORDINATES TO RESTART FILE AT STEP 200
FINISHED WRITING RESTART COORDINATES
The last position output (seq=200) takes 0.000 seconds, 1.280 MB of memory in use
WRITING VELOCITIES TO RESTART FILE AT STEP 200
FINISHED WRITING RESTART VELOCITIES
The last velocity output (seq=200) takes 0.000 seconds, 1.280 MB of memory in use
LDB: ============= START OF LOAD BALANCING ============== 3.23213
LDB: ============== END OF LOAD BALANCING =============== 3.23217
LDB: =============== DONE WITH MIGRATION ================ 3.2322
Info: Initial time: 1 CPUs 0.0108192 s/step 0.125222 days/ns 1.28024 MB memory
TIMING: 300  CPU: 3.24789, 0.0108102/step  Wall: 3.24959, 0.0108205/step, 0.00210399 hours remaining, 1.280238 MB of memory in use.
PERFORMANCE: 300  averaging 8.09158 ns/day, 0.0106778 sec/step with standard deviation 0.000345433
ENERGY:     300      1919.9183       509.2516         0.0000         0.0000        -250426.5958      4684.3682      1028.7873     -2520.5210      5180.8801        -239623.9112       325.3026   -244804.7914   -239566.6522       319.5652           5123.0939      2275.0916     56227.8601      2260.1760      2247.5087

WRITING EXTENDED SYSTEM TO RESTART FILE AT STEP 300
WRITING COORDINATES TO DCD FILE run0.dcd AT STEP 300
WRITING COORDINATES TO RESTART FILE AT STEP 300
FINISHED WRITING RESTART COORDINATES
The last position output (seq=300) takes 0.000 seconds, 1.280 MB of memory in use
WRITING VELOCITIES TO RESTART FILE AT STEP 300
FINISHED WRITING RESTART VELOCITIES
The last velocity output (seq=300) takes 0.000 seconds, 1.280 MB of memory in use
LDB: ============= START OF LOAD BALANCING ============== 4.27751
LDB: ============== END OF LOAD BALANCING =============== 4.27754
LDB: =============== DONE WITH MIGRATION ================ 4.27758
Info: Benchmark time: 1 CPUs 0.0103929 s/step 0.120289 days/ns 1.28024 MB memory
TIMING: 400  CPU: 4.28678, 0.010389/step  Wall: 4.28902, 0.0103942/step, 0.00173237 hours remaining, 1.280238 MB of memory in use.
PERFORMANCE: 400  averaging 8.14566 ns/day, 0.0106069 sec/step with standard deviation 0.000315674
ENERGY:     400      1949.0653       527.0728         0.0000         0.0000        -250340.3882      4800.6197      1056.5467     -2837.6654      5221.1267        -239623.6225       327.8296   -244844.7492   -239562.1486       325.1279           5097.0159      2845.1980     56227.8601      2311.1638      2304.7520

WRITING EXTENDED SYSTEM TO RESTART FILE AT STEP 400
WRITING COORDINATES TO DCD FILE run0.dcd AT STEP 400
WRITING COORDINATES TO RESTART FILE AT STEP 400
FINISHED WRITING RESTART COORDINATES
The last position output (seq=400) takes 0.000 seconds, 1.280 MB of memory in use
WRITING VELOCITIES TO RESTART FILE AT STEP 400
FINISHED WRITING RESTART VELOCITIES
The last velocity output (seq=400) takes 0.000 seconds, 1.280 MB of memory in use
Info: Benchmark time: 1 CPUs 0.0104361 s/step 0.120788 days/ns 1.28024 MB memory
TIMING: 500  CPU: 5.33017, 0.0104339/step  Wall: 5.33269, 0.0104367/step, 0.00144954 hours remaining, 1.280238 MB of memory in use.
PERFORMANCE: 500  averaging 8.17188 ns/day, 0.0105728 sec/step with standard deviation 0.000283776
ENERGY:     500      1983.6149       519.8133         0.0000         0.0000        -250319.5419      4884.1463      1058.4663     -2992.7503      5229.0418        -239637.2095       328.3266   -244866.2514   -239569.1681       326.8749           5062.6241      3784.4163     56227.8601      3201.8478      3216.5202

WRITING EXTENDED SYSTEM TO RESTART FILE AT STEP 500
WRITING COORDINATES TO DCD FILE run0.dcd AT STEP 500
WRITING COORDINATES TO RESTART FILE AT STEP 500
FINISHED WRITING RESTART COORDINATES
The last position output (seq=500) takes 0.000 seconds, 1.280 MB of memory in use
WRITING VELOCITIES TO RESTART FILE AT STEP 500
FINISHED WRITING RESTART VELOCITIES
The last velocity output (seq=500) takes 0.000 seconds, 1.280 MB of memory in use
Info: Benchmark time: 1 CPUs 0.0105255 s/step 0.121823 days/ns 1.28024 MB memory
TIMING: 600  CPU: 6.38246, 0.0105229/step  Wall: 6.3853, 0.0105261/step, 0.00116957 hours remaining, 1.280238 MB of memory in use.
PERFORMANCE: 600  averaging 8.1779 ns/day, 0.0105651 sec/step with standard deviation 0.000254532
ENERGY:     600      1954.0429       546.6700         0.0000         0.0000        -250078.8342      4781.9311      1030.8046     -3144.3480      5287.2411        -239622.4925       331.9809   -244909.7336   -239555.8955       329.5770           5086.0669      2983.9457     56227.8601      3518.8401      3523.1435

WRITING EXTENDED SYSTEM TO RESTART FILE AT STEP 600
WRITING COORDINATES TO DCD FILE run0.dcd AT STEP 600
WRITING COORDINATES TO RESTART FILE AT STEP 600
FINISHED WRITING RESTART COORDINATES
The last position output (seq=600) takes 0.000 seconds, 1.280 MB of memory in use
WRITING VELOCITIES TO RESTART FILE AT STEP 600
FINISHED WRITING RESTART VELOCITIES
Info: Benchmark time: 1 CPUs 0.0103657 s/step 0.119973 days/ns 1.28024 MB memory
TIMING: 700  CPU: 7.41681, 0.0103435/step  Wall: 7.42193, 0.0103663/step, 0.00086386 hours remaining, 1.280238 MB of memory in use.
PERFORMANCE: 700  averaging 8.19994 ns/day, 0.0105367 sec/step with standard deviation 0.000244196
ENERGY:     700      1993.5279       549.6500         0.0000         0.0000        -250089.2855      4880.7198      1070.8749     -3335.7654      5328.4411        -239601.8372       334.5678   -244930.2783   -239549.2031       333.7773           5912.1313      3811.3582     56227.8601      3186.3706      3177.7320

WRITING EXTENDED SYSTEM TO RESTART FILE AT STEP 700
WRITING COORDINATES TO DCD FILE run0.dcd AT STEP 700
WRITING COORDINATES TO RESTART FILE AT STEP 700
FINISHED WRITING RESTART COORDINATES
The last position output (seq=700) takes 0.000 seconds, 1.280 MB of memory in use
WRITING VELOCITIES TO RESTART FILE AT STEP 700
FINISHED WRITING RESTART VELOCITIES
Info: Benchmark time: 1 CPUs 0.0102797 s/step 0.118978 days/ns 1.28024 MB memory
TIMING: 800  CPU: 8.44457, 0.0102776/step  Wall: 8.44996, 0.0102803/step, 0.000571127 hours remaining, 1.280238 MB of memory in use.
PERFORMANCE: 800  averaging 8.22495 ns/day, 0.0105046 sec/step with standard deviation 0.000243575
ENERGY:     800      1962.3991       562.2172         0.0000         0.0000        -249985.0907      4846.8854      1032.3337     -3456.7465      5397.3719        -239640.6298       338.8959   -245038.0017   -239580.3903       337.2271           5607.2045      3506.1168     56227.8601      3927.5119      3927.9044

WRITING EXTENDED SYSTEM TO RESTART FILE AT STEP 800
WRITING COORDINATES TO DCD FILE run0.dcd AT STEP 800
WRITING COORDINATES TO RESTART FILE AT STEP 800
FINISHED WRITING RESTART COORDINATES
The last position output (seq=800) takes 0.000 seconds, 1.280 MB of memory in use
WRITING VELOCITIES TO RESTART FILE AT STEP 800
FINISHED WRITING RESTART VELOCITIES
Info: Benchmark time: 1 CPUs 0.0102465 s/step 0.118594 days/ns 1.28024 MB memory
TIMING: 900  CPU: 9.469, 0.0102443/step  Wall: 9.47467, 0.0102471/step, 0.000284641 hours remaining, 1.280238 MB of memory in use.
PERFORMANCE: 900  averaging 8.24742 ns/day, 0.010476 sec/step with standard deviation 0.00024348
ENERGY:     900      1991.2108       560.3941         0.0000         0.0000        -250045.8452      4901.2397      1116.4765     -3612.4948      5415.1839        -239673.8349       340.0143   -245089.0189   -239612.8460       338.4015           6653.0203      4369.6224     56227.8601      3569.9200      3568.4196

WRITING EXTENDED SYSTEM TO RESTART FILE AT STEP 900
WRITING COORDINATES TO DCD FILE run0.dcd AT STEP 900
WRITING COORDINATES TO RESTART FILE AT STEP 900
FINISHED WRITING RESTART COORDINATES
The last position output (seq=900) takes 0.000 seconds, 1.280 MB of memory in use
WRITING VELOCITIES TO RESTART FILE AT STEP 900
FINISHED WRITING RESTART VELOCITIES
TIMING: 1000  CPU: 10.5905, 0.0112149/step  Wall: 10.5968, 0.0112217/step, 0 hours remaining, 1.280238 MB of memory in use.
PERFORMANCE: 1000  averaging 8.18913 ns/day, 0.0105506 sec/step with standard deviation 0.000329084
ETITLE:      TS           BOND          ANGLE          DIHED          IMPRP               ELECT            VDW       BOUNDARY           MISC        KINETIC               TOTAL           TEMP      POTENTIAL         TOTAL3        TEMPAVG            PRESSURE      GPRESSURE         VOLUME       PRESSAVG      GPRESSAVG

ENERGY:    1000      1995.7236       525.6558         0.0000         0.0000        -249825.9845      4777.1353      1060.7594     -3692.2958      5478.0146        -239680.9915       343.9594   -245159.0062   -239620.7833       342.9953           5746.3197      3628.3139     56227.8601      4007.3851      4003.5657

WRITING EXTENDED SYSTEM TO RESTART FILE AT STEP 1000
WRITING COORDINATES TO DCD FILE run0.dcd AT STEP 1000
WRITING COORDINATES TO RESTART FILE AT STEP 1000
FINISHED WRITING RESTART COORDINATES
The last position output (seq=1000) takes 0.000 seconds, 1.280 MB of memory in use
WRITING VELOCITIES TO RESTART FILE AT STEP 1000
FINISHED WRITING RESTART VELOCITIES
WRITING EXTENDED SYSTEM TO OUTPUT FILE AT STEP 1000
CLOSING EXTENDED SYSTEM TRAJECTORY FILE
WRITING COORDINATES TO OUTPUT FILE AT STEP 1000
CLOSING COORDINATE DCD FILE run0.dcd
WRITING VELOCITIES TO OUTPUT FILE AT STEP 1000
====================================================

WallClock: 10.634643  CPUTime: 10.625007  Memory: 1.280238 MB
[Partition 0][Node 0] End of program
