Charm++> No provisioning arguments specified. Running with a single PE.
         Use +auto-provision to fully subscribe resources or +p1 to silence this message.
Charm++: standalone mode (not using charmrun)
Charm++> Running in Multicore mode: 1 threads (PEs)
Charm++> Using recursive bisection (scheme 3) for topology aware partitions
Converse/Charm++ Commit ID: 
CharmLB> Load balancer assumes all CPUs are same.
Charm++> Running on 1 hosts (1 sockets x 6 cores x 2 PUs = 12-way SMP)
Charm++> cpu topology info is gathered in 0.002 seconds.
CharmLB> Load balancing instrumentation for communication is off.
Info: NAMD 3.0.1 for Linux-x86_64-multicore
Info: 
Info: Please visit http://www.ks.uiuc.edu/Research/namd/
Info: for updates, documentation, and support information.
Info: 
Info: Please cite Phillips et al., J. Chem. Phys. 153:044130 (2020) doi:10.1063/5.0014475
Info: in all publications reporting results obtained with NAMD.
Info: 
Info: Based on Charm++/Converse 80000 for multicore-linux-x86_64-gcc
Info: Built Mon Oct 14 11:11:06 CDT 2024 by dhardy on athine.ks.uiuc.edu
Info: 1 NAMD  3.0.1  Linux-x86_64-multicore  1    pc1a-12  convidat
Info: Running on 1 processors, 1 nodes, 1 physical nodes.
Info: CPU topology information available.
Info: Charm++/Converse parallel runtime startup completed at 0.00360341 s
CkLoopLib is used in SMP with simple dynamic scheduling (converse-level notification)
Info: 25.8086 MB of memory in use based on /proc/self/stat
Info: Configuration file is eq2.namd
Info: Working in the current directory /home/samba/homes/convidat/Desktop/Simulacion-nanoporos-main/4_current
TCL: Suspending until startup complete.
Warning: Option "1-4scaling" has been deprecated. Instead use "oneFourScaling".
Info: EXTENDED SYSTEM FILE   eq1.xsc
Warning: The Langevin gamma parameters differ over the particles,
Warning: requiring extra work per step to constrain rigid bonds.
Info: SIMULATION PARAMETERS:
Info: TIMESTEP               1
Info: NUMBER OF STEPS        1000
Info: STEPS PER CYCLE        20
Info: PERIODIC CELL BASIS 1  34.1775 19.7324 0
Info: PERIODIC CELL BASIS 2  0 39.4648 0
Info: PERIODIC CELL BASIS 3  0 0 51
Info: PERIODIC CELL CENTER   0 0 0
Info: WRAPPING ALL CLUSTERS AROUND PERIODIC BOUNDARIES ON OUTPUT.
Info: WRAPPING TO IMAGE NEAREST TO PERIODIC CELL CENTER.
Info: LOAD BALANCER  Centralized
Info: LOAD BALANCING STRATEGY  New Load Balancers -- DEFAULT
Info: LDB PERIOD             4000 steps
Info: FIRST LDB TIMESTEP     100
Info: LAST LDB TIMESTEP     -1
Info: LDB BACKGROUND SCALING 1
Info: HOM BACKGROUND SCALING 1
Info: PME BACKGROUND SCALING 1
Info: MIN ATOMS PER PATCH    40
Info: EMPTY PATCH LOAD       40 ATOMS
Info: VELOCITY FILE          eq1.vel
Info: CENTER OF MASS MOVING INITIALLY? NO
Info: DIELECTRIC             1
Info: EXCLUDE                SCALED ONE-FOUR
Info: 1-4 ELECTROSTATICS SCALED BY 1
Info: MODIFIED 1-4 VDW PARAMETERS WILL BE USED
Info: DCD FILENAME           eq2.dcd
Info: DCD FREQUENCY          100
Info: DCD FIRST STEP         100
Info: DCD FILE WILL CONTAIN UNIT CELL DATA
Info: XST FILENAME           eq2.xst
Info: XST FREQUENCY          100
Info: NO VELOCITY DCD OUTPUT
Info: NO FORCE DCD OUTPUT
Info: OUTPUT FILENAME        eq2
Info: BINARY OUTPUT FILES WILL BE USED
Info: RESTART FILENAME       eq2.restart
Info: RESTART FREQUENCY      100
Info: BINARY RESTART FILES WILL BE USED
Info: SWITCHING ACTIVE
Info: SWITCHING ON           10
Info: SWITCHING OFF          12
Info: PAIRLIST DISTANCE      12
Info: PAIRLIST SHRINK RATE   0.01
Info: PAIRLIST GROW RATE     0.01
Info: PAIRLIST TRIGGER       0.3
Info: PAIRLISTS PER CYCLE    2
Info: PAIRLISTS ENABLED
Info: MARGIN                 3
Info: HYDROGEN GROUP CUTOFF  2.5
Info: PATCH DIMENSION        17.5
Info: ENERGY OUTPUT STEPS    100
Info: ENERGY EVALUATION STEPS    100
Info: OUTPUT ENERGY PRECISION 4
Info: CROSSTERM ENERGY INCLUDED IN DIHEDRAL
Info: TIMING OUTPUT STEPS    100
Info: HARMONIC CONSTRAINTS ACTIVE
Info: HARMONIC CONS EXP      2
Info: LANGEVIN DYNAMICS ACTIVE
Info: LANGEVIN TEMPERATURE   295
Info: LANGEVIN USING BBK INTEGRATOR
Info: LANGEVIN DAMPING COEFFICIENT IS 5 INVERSE PS
Info: LANGEVIN DYNAMICS NOT APPLIED TO HYDROGENS
Info: LANGEVIN PISTON PRESSURE CONTROL ACTIVE
Info:        TARGET PRESSURE IS 1.01325 BAR
Info:     OSCILLATION PERIOD IS 200 FS
Info:             DECAY TIME IS 200 FS
Info:     PISTON TEMPERATURE IS 295 K
Info:       PRESSURE CONTROL IS ATOM-BASED
Info:    INITIAL STRAIN RATE IS 0 0 0
Info:       CELL FLUCTUATION IS ANISOTROPIC
Info: PARTICLE MESH EWALD (PME) ACTIVE
Info: PME TOLERANCE               1e-06
Info: PME EWALD COEFFICIENT       0.257952
Info: PME INTERPOLATION ORDER     4
Info: PME GRID DIMENSIONS         48 48 64
Info: PME MAXIMUM GRID SPACING    1.5
Info: Attempting to read FFTW data from FFTW_NAMD_3.0.1_Linux-x86_64-multicore.txt
Info: Optimizing 6 FFT steps.  1... 2... 3... 4... 5... 6...   Done.
Info: Writing FFTW data to FFTW_NAMD_3.0.1_Linux-x86_64-multicore.txt
Info: FULL ELECTROSTATIC EVALUATION FREQUENCY      4
Info: USING VERLET I (r-RESPA) MTS SCHEME.
Info: C1 SPLITTING OF LONG RANGE ELECTROSTATICS
Info: PLACING ATOMS IN PATCHES BY HYDROGEN GROUPS
Info: NONBONDED FORCES EVALUATED EVERY 2 STEPS
Info: RANDOM NUMBER SEED     1750256932
Info: USE HYDROGEN BONDS?    NO
Info: COORDINATE PDB         ionizado.pdb
Info: STRUCTURE FILE         ionizado.psf
Info: PARAMETER file: CHARMM format! 
Info: PARAMETERS             cornell.prm
Info: PARAMETERS             par_silicon_ions_NEW5.inp
Info: USING ARITHMETIC MEAN TO COMBINE L-J SIGMA PARAMETERS
Info: BINARY COORDINATES     eq1.coor
Info: SUMMARY OF PARAMETERS:
Info: 96 BONDS
Info: 229 ANGLES
Info: 81 DIHEDRAL
Info: 31 IMPROPER
Info: 0 CROSSTERM
Info: 62 VDW
Info: 0 VDW_PAIRS
Info: 0 NBTHOLE_PAIRS
Info: TIME FOR READING PSF FILE: 0.00872747
Info: Reading pdb file ionizado.pdb
Info: TIME FOR READING PDB FILE: 0.00334502
Info: 
Info: ****************************
Info: STRUCTURE SUMMARY:
Info: 5343 ATOMS
Info: 5136 BONDS
Info: 7949 ANGLES
Info: 0 DIHEDRALS
Info: 0 IMPROPERS
Info: 0 CROSSTERMS
Info: 0 EXCLUSIONS
Info: 1814 CONSTRAINTS
Info: 16029 DEGREES OF FREEDOM
Info: 3121 HYDROGEN GROUPS
Info: 3 ATOMS IN LARGEST HYDROGEN GROUP
Info: 3121 MIGRATION GROUPS
Info: 3 ATOMS IN LARGEST MIGRATION GROUP
Info: TOTAL MASS = 63654.5 amu
Info: TOTAL CHARGE = 7.89165e-05 e
Info: MASS DENSITY = 1.53663 g/cm^3
Info: ATOM DENSITY = 0.0776721 atoms/A^3
Info: *****************************
Info: Reading from binary file eq1.coor
Info: 
Info: Entering startup at 0.0293102 s, 0.656463 MB of memory in use
Info: Startup phase 0 took 2.2443e-05 s, 0.656463 MB of memory in use
Info: ADDED 26745 IMPLICIT EXCLUSIONS
Info: Startup phase 1 took 0.00347538 s, 0.656463 MB of memory in use
Info: NONBONDED TABLE R-SQUARED SPACING: 0.0625
Info: NONBONDED TABLE SIZE: 769 POINTS
Info: INCONSISTENCY IN FAST TABLE ENERGY VS FORCE: 0.000325096 AT 11.9556
Info: INCONSISTENCY IN SCOR TABLE ENERGY VS FORCE: 0.000324844 AT 11.9556
Info: INCONSISTENCY IN VDWA TABLE ENERGY VS FORCE: 0.0040507 AT 0.251946
Info: INCONSISTENCY IN VDWB TABLE ENERGY VS FORCE: 0.00150189 AT 0.251946
Info: Startup phase 2 took 0.00022398 s, 0.656463 MB of memory in use
Info: Startup phase 3 took 1.1226e-05 s, 0.656463 MB of memory in use
Info: Startup phase 4 took 1.3251e-05 s, 0.656463 MB of memory in use
Info: Startup phase 5 took 7.419e-06 s, 0.656463 MB of memory in use
Info: PATCH GRID IS 1 (PERIODIC) BY 1 (PERIODIC) BY 2 (PERIODIC)
Info: PATCH GRID IS 1-AWAY BY 1-AWAY BY 1-AWAY
Info: Reading from binary file eq1.vel
Info: REMOVING COM VELOCITY 0.0221607 0.014201 -0.0251941
Info: LARGEST PATCH (0) HAS 2677 ATOMS
Info: TORUS A SIZE 1 USING 0
Info: TORUS B SIZE 1 USING 0
Info: TORUS C SIZE 1 USING 0
Info: TORUS MINIMAL MESH SIZE IS 1 BY 1 BY 1
Info: Placed 100% of base nodes on same physical node as patch
Info: Startup phase 6 took 0.000765205 s, 0.656463 MB of memory in use
Info: PME using 1 and 1 processors for FFT and reciprocal sum.
Info: PME GRID LOCATIONS: 0
Info: PME TRANS LOCATIONS: 0
Info: PME USING 1 GRID NODES AND 1 TRANS NODES
Info: Optimizing 4 FFT steps.  1... 2... 3... 4...   Done.
Info: Startup phase 7 took 0.000186041 s, 0.656463 MB of memory in use
Info: Startup phase 8 took 1.2197e-05 s, 0.656463 MB of memory in use
Info: Startup phase 9 took 7.942e-06 s, 0.656463 MB of memory in use
Info: Startup phase 10 took 7.379e-06 s, 0.656463 MB of memory in use
Info: Startup phase 11 took 8.26e-06 s, 0.656463 MB of memory in use
LDB: Central LB being created...
Info: Startup phase 12 took 1.5349e-05 s, 0.656463 MB of memory in use
Info: CREATING 47 COMPUTE OBJECTS
Info: Startup phase 13 took 7.0327e-05 s, 0.656463 MB of memory in use
Info: Startup phase 14 took 7.972e-06 s, 0.656463 MB of memory in use
Info: Startup phase 15 took 1.1422e-05 s, 0.656463 MB of memory in use
Info: Finished startup at 0.034156 s, 0.656463 MB of memory in use

ETITLE:      TS           BOND          ANGLE          DIHED          IMPRP               ELECT            VDW       BOUNDARY           MISC        KINETIC               TOTAL           TEMP      POTENTIAL         TOTAL3        TEMPAVG            PRESSURE      GPRESSURE         VOLUME       PRESSAVG      GPRESSAVG

ENERGY:       0      1343.4084       520.8971         0.0000         0.0000        -243039.0145      3305.6024       538.7826         0.0000      4757.0842        -232573.2399       298.6928   -237330.3240   -232510.6431       298.6928         -17994.2746    -19960.1407     68789.1793    -17994.2746    -19960.1407

OPENING EXTENDED SYSTEM TRAJECTORY FILE
LDB: ============= START OF LOAD BALANCING ============== 0.330064
LDB: ============== END OF LOAD BALANCING =============== 0.330094
LDB: =============== DONE WITH MIGRATION ================ 0.330107
LDB: ============= START OF LOAD BALANCING ============== 1.17132
LDB: ============== END OF LOAD BALANCING =============== 1.17136
LDB: =============== DONE WITH MIGRATION ================ 1.17139
Info: Initial time: 1 CPUs 0.0114177 s/step 0.132149 days/ns 0.656463 MB memory
TIMING: 100  CPU: 1.18499, 0.0114175/step  Wall: 1.18535, 0.0114194/step, 0.00285485 hours remaining, 0.656463 MB of memory in use.
PERFORMANCE: 100  averaging 7.56606 ns/day, 0.0114194 sec/step with standard deviation 0
ENERGY:     100      1793.4730       518.6365         0.0000         0.0000        -245395.4903      3301.2580       759.1280         0.0000      5923.4007        -233099.5942       371.9247   -239022.9948   -233044.5523       343.5639          -8286.6023    -11184.9463     67326.6682     -1015.8522     -1052.9731

WRITING EXTENDED SYSTEM TO RESTART FILE AT STEP 100
OPENING COORDINATE DCD FILE
WRITING COORDINATES TO DCD FILE eq2.dcd AT STEP 100
WRITING COORDINATES TO RESTART FILE AT STEP 100
FINISHED WRITING RESTART COORDINATES
The last position output (seq=100) takes 0.000 seconds, 0.656 MB of memory in use
WRITING VELOCITIES TO RESTART FILE AT STEP 100
FINISHED WRITING RESTART VELOCITIES
The last velocity output (seq=100) takes 0.000 seconds, 0.656 MB of memory in use
LDB: ============= START OF LOAD BALANCING ============== 1.39071
LDB: ============== END OF LOAD BALANCING =============== 1.39075
LDB: =============== DONE WITH MIGRATION ================ 1.39077
LDB: ============= START OF LOAD BALANCING ============== 2.21915
LDB: ============== END OF LOAD BALANCING =============== 2.21919
LDB: =============== DONE WITH MIGRATION ================ 2.21922
Info: Initial time: 1 CPUs 0.0104738 s/step 0.121224 days/ns 0.656463 MB memory
TIMING: 200  CPU: 2.23226, 0.0104727/step  Wall: 2.23292, 0.0104757/step, 0.00232794 hours remaining, 0.656463 MB of memory in use.
PERFORMANCE: 200  averaging 7.89217 ns/day, 0.0109476 sec/step with standard deviation 0.000667296
ENERGY:     200      1919.3611       549.4978         0.0000         0.0000        -248175.5741      4923.0764      1130.1023         0.0000      5848.3195        -233805.2171       367.2105   -239653.5366   -233739.8755       377.9598           6995.2556      5396.2957     66043.4762       320.0214       333.1397

WRITING EXTENDED SYSTEM TO RESTART FILE AT STEP 200
WRITING COORDINATES TO DCD FILE eq2.dcd AT STEP 200
WRITING COORDINATES TO RESTART FILE AT STEP 200
FINISHED WRITING RESTART COORDINATES
The last position output (seq=200) takes 0.000 seconds, 0.656 MB of memory in use
WRITING VELOCITIES TO RESTART FILE AT STEP 200
FINISHED WRITING RESTART VELOCITIES
The last velocity output (seq=200) takes 0.000 seconds, 0.656 MB of memory in use
LDB: ============= START OF LOAD BALANCING ============== 3.21379
LDB: ============== END OF LOAD BALANCING =============== 3.21382
LDB: =============== DONE WITH MIGRATION ================ 3.21385
Info: Initial time: 1 CPUs 0.00994173 s/step 0.115066 days/ns 0.656463 MB memory
TIMING: 300  CPU: 3.22624, 0.00993979/step  Wall: 3.22721, 0.00994281/step, 0.00193332 hours remaining, 0.656463 MB of memory in use.
PERFORMANCE: 300  averaging 8.14123 ns/day, 0.0106126 sec/step with standard deviation 0.000747764
ENERGY:     300      1846.0489       518.1087         0.0000         0.0000        -249762.5420      6092.2569      1248.0078         0.0000      5758.5774        -234299.5422       361.5756   -240058.1196   -234235.2204       363.5778          18316.3284     16404.4102     65212.9067      1292.1790      1315.6678

WRITING EXTENDED SYSTEM TO RESTART FILE AT STEP 300
WRITING COORDINATES TO DCD FILE eq2.dcd AT STEP 300
WRITING COORDINATES TO RESTART FILE AT STEP 300
FINISHED WRITING RESTART COORDINATES
The last position output (seq=300) takes 0.000 seconds, 0.656 MB of memory in use
WRITING VELOCITIES TO RESTART FILE AT STEP 300
FINISHED WRITING RESTART VELOCITIES
The last velocity output (seq=300) takes 0.000 seconds, 0.656 MB of memory in use
LDB: ============= START OF LOAD BALANCING ============== 4.2182
LDB: ============== END OF LOAD BALANCING =============== 4.21824
LDB: =============== DONE WITH MIGRATION ================ 4.21827
Info: Benchmark time: 1 CPUs 0.0100325 s/step 0.116117 days/ns 0.656463 MB memory
TIMING: 400  CPU: 4.22924, 0.01003/step  Wall: 4.23058, 0.0100338/step, 0.0016723 hours remaining, 0.656463 MB of memory in use.
PERFORMANCE: 400  averaging 8.25378 ns/day, 0.0104679 sec/step with standard deviation 0.000675678
ENERGY:     400      1804.9181       486.8853         0.0000         0.0000        -249152.4597      5336.3096      1120.6797         0.0000      5573.0583        -234830.6086       349.9271   -240403.6669   -234761.9121       348.8209          11249.3148     10322.8588     65326.0364       850.9336       865.7713

WRITING EXTENDED SYSTEM TO RESTART FILE AT STEP 400
WRITING COORDINATES TO DCD FILE eq2.dcd AT STEP 400
WRITING COORDINATES TO RESTART FILE AT STEP 400
FINISHED WRITING RESTART COORDINATES
The last position output (seq=400) takes 0.000 seconds, 0.656 MB of memory in use
WRITING VELOCITIES TO RESTART FILE AT STEP 400
FINISHED WRITING RESTART VELOCITIES
The last velocity output (seq=400) takes 0.000 seconds, 0.656 MB of memory in use
Info: Benchmark time: 1 CPUs 0.00986909 s/step 0.114226 days/ns 0.656463 MB memory
TIMING: 500  CPU: 5.2158, 0.00986563/step  Wall: 5.21755, 0.00986971/step, 0.00137079 hours remaining, 0.656463 MB of memory in use.
PERFORMANCE: 500  averaging 8.34921 ns/day, 0.0103483 sec/step with standard deviation 0.000643412
ENERGY:     500      1814.4968       498.4012         0.0000         0.0000        -247865.6413      3889.6058       978.4460         0.0000      5516.0992        -235168.5922       346.3507   -240684.6915   -235099.8803       341.7079           -114.2783     -1685.9909     65850.5436       310.8568       319.6298

WRITING EXTENDED SYSTEM TO RESTART FILE AT STEP 500
WRITING COORDINATES TO DCD FILE eq2.dcd AT STEP 500
WRITING COORDINATES TO RESTART FILE AT STEP 500
FINISHED WRITING RESTART COORDINATES
The last position output (seq=500) takes 0.000 seconds, 0.656 MB of memory in use
WRITING VELOCITIES TO RESTART FILE AT STEP 500
FINISHED WRITING RESTART VELOCITIES
The last velocity output (seq=500) takes 0.000 seconds, 0.656 MB of memory in use
Info: Benchmark time: 1 CPUs 0.00978481 s/step 0.11325 days/ns 0.656463 MB memory
TIMING: 600  CPU: 6.194, 0.00978199/step  Wall: 6.1961, 0.00978544/step, 0.00108727 hours remaining, 0.656463 MB of memory in use.
PERFORMANCE: 600  averaging 8.42559 ns/day, 0.0102545 sec/step with standard deviation 0.000619663
ENERGY:     600      1849.2480       486.5744         0.0000         0.0000        -247304.4123      3314.3501       862.7197         0.0000      5376.7793        -235414.7408       337.6029   -240791.5201   -235347.1076       337.2256          -7698.4236     -9174.0797     66064.7342      -286.1850      -307.5105

WRITING EXTENDED SYSTEM TO RESTART FILE AT STEP 600
WRITING COORDINATES TO DCD FILE eq2.dcd AT STEP 600
WRITING COORDINATES TO RESTART FILE AT STEP 600
FINISHED WRITING RESTART COORDINATES
The last position output (seq=600) takes 0.000 seconds, 0.656 MB of memory in use
WRITING VELOCITIES TO RESTART FILE AT STEP 600
FINISHED WRITING RESTART VELOCITIES
Info: Benchmark time: 1 CPUs 0.00969817 s/step 0.112247 days/ns 0.656463 MB memory
TIMING: 700  CPU: 7.16363, 0.00969628/step  Wall: 7.16598, 0.00969884/step, 0.000808236 hours remaining, 0.656463 MB of memory in use.
PERFORMANCE: 700  averaging 8.49132 ns/day, 0.0101751 sec/step with standard deviation 0.000603399
ENERGY:     700      1906.1002       522.0733         0.0000         0.0000        -247837.3650      3660.7356       863.0908         0.0000      5205.1607        -235680.2044       326.8271   -240885.3651   -235621.5798       333.6539          -6421.6487     -7263.5419     65370.5786      -611.2274      -602.1846

WRITING EXTENDED SYSTEM TO RESTART FILE AT STEP 700
WRITING COORDINATES TO DCD FILE eq2.dcd AT STEP 700
WRITING COORDINATES TO RESTART FILE AT STEP 700
FINISHED WRITING RESTART COORDINATES
The last position output (seq=700) takes 0.000 seconds, 0.656 MB of memory in use
WRITING VELOCITIES TO RESTART FILE AT STEP 700
FINISHED WRITING RESTART VELOCITIES
Info: Benchmark time: 1 CPUs 0.00968758 s/step 0.112125 days/ns 0.656463 MB memory
TIMING: 800  CPU: 8.12999, 0.00966357/step  Wall: 8.1348, 0.00968821/step, 0.000538234 hours remaining, 0.656463 MB of memory in use.
PERFORMANCE: 800  averaging 8.54241 ns/day, 0.0101142 sec/step with standard deviation 0.00058456
ENERGY:     800      1819.6761       527.1806         0.0000         0.0000        -248696.6917      4255.0654       953.0222         0.0000      5232.8649        -235908.8825       328.5667   -241141.7474   -235854.3013       329.0114           1759.8296      -872.4325     64330.8170      -340.4709      -347.3202

WRITING EXTENDED SYSTEM TO RESTART FILE AT STEP 800
WRITING COORDINATES TO DCD FILE eq2.dcd AT STEP 800
WRITING COORDINATES TO RESTART FILE AT STEP 800
FINISHED WRITING RESTART COORDINATES
The last position output (seq=800) takes 0.000 seconds, 0.656 MB of memory in use
WRITING VELOCITIES TO RESTART FILE AT STEP 800
FINISHED WRITING RESTART VELOCITIES
Info: Benchmark time: 1 CPUs 0.00972104 s/step 0.112512 days/ns 0.656463 MB memory
TIMING: 900  CPU: 9.10187, 0.00971883/step  Wall: 9.10697, 0.0097217/step, 0.000270047 hours remaining, 0.656463 MB of memory in use.
PERFORMANCE: 900  averaging 8.57941 ns/day, 0.0100706 sec/step with standard deviation 0.000562243
ENERGY:     900      1860.7661       513.6008         0.0000         0.0000        -249700.8666      4947.8152      1111.8638         0.0000      5137.0326        -236129.7880       322.5494   -241266.8206   -236082.7400       326.6164           9046.8264      6140.6310     63292.3804       144.9946       128.2372

WRITING EXTENDED SYSTEM TO RESTART FILE AT STEP 900
WRITING COORDINATES TO DCD FILE eq2.dcd AT STEP 900
WRITING COORDINATES TO RESTART FILE AT STEP 900
FINISHED WRITING RESTART COORDINATES
The last position output (seq=900) takes 0.000 seconds, 0.656 MB of memory in use
WRITING VELOCITIES TO RESTART FILE AT STEP 900
FINISHED WRITING RESTART VELOCITIES
TIMING: 1000  CPU: 10.0608, 0.00958952/step  Wall: 10.0669, 0.00959885/step, 0 hours remaining, 0.656463 MB of memory in use.
PERFORMANCE: 1000  averaging 8.61979 ns/day, 0.0100234 sec/step with standard deviation 0.000550682
ETITLE:      TS           BOND          ANGLE          DIHED          IMPRP               ELECT            VDW       BOUNDARY           MISC        KINETIC               TOTAL           TEMP      POTENTIAL         TOTAL3        TEMPAVG            PRESSURE      GPRESSURE         VOLUME       PRESSAVG      GPRESSAVG

ENERGY:    1000      1873.9804       494.8112         0.0000         0.0000        -249858.1022      4954.6342      1088.2694         0.0000      5172.1672        -236274.2397       324.7555   -241446.4069   -236210.1575       322.7870           7560.8133      6598.8652     62866.9003       530.8307       555.3411

WRITING EXTENDED SYSTEM TO RESTART FILE AT STEP 1000
WRITING COORDINATES TO DCD FILE eq2.dcd AT STEP 1000
WRITING COORDINATES TO RESTART FILE AT STEP 1000
FINISHED WRITING RESTART COORDINATES
The last position output (seq=1000) takes 0.000 seconds, 0.656 MB of memory in use
WRITING VELOCITIES TO RESTART FILE AT STEP 1000
FINISHED WRITING RESTART VELOCITIES
WRITING EXTENDED SYSTEM TO OUTPUT FILE AT STEP 1000
CLOSING EXTENDED SYSTEM TRAJECTORY FILE
WRITING COORDINATES TO OUTPUT FILE AT STEP 1000
CLOSING COORDINATE DCD FILE eq2.dcd
WRITING VELOCITIES TO OUTPUT FILE AT STEP 1000
====================================================

WallClock: 10.104693  CPUTime: 10.094437  Memory: 0.656463 MB
[Partition 0][Node 0] End of program
