Charm++> No provisioning arguments specified. Running with a single PE.
         Use +auto-provision to fully subscribe resources or +p1 to silence this message.
Charm++: standalone mode (not using charmrun)
Charm++> Running in Multicore mode: 1 threads (PEs)
Charm++> Using recursive bisection (scheme 3) for topology aware partitions
Converse/Charm++ Commit ID: 
CharmLB> Load balancer assumes all CPUs are same.
Charm++> Running on 1 hosts (1 sockets x 6 cores x 2 PUs = 12-way SMP)
Charm++> cpu topology info is gathered in 0.002 seconds.
CharmLB> Load balancing instrumentation for communication is off.
Info: NAMD 3.0.1 for Linux-x86_64-multicore
Info: 
Info: Please visit http://www.ks.uiuc.edu/Research/namd/
Info: for updates, documentation, and support information.
Info: 
Info: Please cite Phillips et al., J. Chem. Phys. 153:044130 (2020) doi:10.1063/5.0014475
Info: in all publications reporting results obtained with NAMD.
Info: 
Info: Based on Charm++/Converse 80000 for multicore-linux-x86_64-gcc
Info: Built Mon Oct 14 11:11:06 CDT 2024 by dhardy on athine.ks.uiuc.edu
Info: 1 NAMD  3.0.1  Linux-x86_64-multicore  1    pc1b-02  convidat
Info: Running on 1 processors, 1 nodes, 1 physical nodes.
Info: CPU topology information available.
Info: Charm++/Converse parallel runtime startup completed at 0.00381624 s
CkLoopLib is used in SMP with simple dynamic scheduling (converse-level notification)
Info: 25.8086 MB of memory in use based on /proc/self/stat
Info: Configuration file is run0.namd
Info: Working in the current directory /home/samba/homes/convidat/Desktop/bionano-tutorial-files/4_current/4.2
TCL: Suspending until startup complete.
Warning: Option "1-4scaling" has been deprecated. Instead use "oneFourScaling".
Info: EXTENDED SYSTEM FILE   eq2.xsc
Warning: The Langevin gamma parameters differ over the particles,
Warning: requiring extra work per step to constrain rigid bonds.
Info: SIMULATION PARAMETERS:
Info: TIMESTEP               1
Info: NUMBER OF STEPS        1000
Info: STEPS PER CYCLE        20
Info: PERIODIC CELL BASIS 1  33.1925 19.16 0
Info: PERIODIC CELL BASIS 2  0 38.3199 0
Info: PERIODIC CELL BASIS 3  0 0 44.2066
Info: PERIODIC CELL CENTER   0 0 0
Info: WRAPPING ALL CLUSTERS AROUND PERIODIC BOUNDARIES ON OUTPUT.
Info: WRAPPING TO IMAGE NEAREST TO PERIODIC CELL CENTER.
Info: LOAD BALANCER  Centralized
Info: LOAD BALANCING STRATEGY  New Load Balancers -- DEFAULT
Info: LDB PERIOD             4000 steps
Info: FIRST LDB TIMESTEP     100
Info: LAST LDB TIMESTEP     -1
Info: LDB BACKGROUND SCALING 1
Info: HOM BACKGROUND SCALING 1
Info: PME BACKGROUND SCALING 1
Info: MIN ATOMS PER PATCH    40
Info: EMPTY PATCH LOAD       40 ATOMS
Info: VELOCITY FILE          eq2.vel
Info: CENTER OF MASS MOVING INITIALLY? NO
Info: DIELECTRIC             1
Info: EXCLUDE                SCALED ONE-FOUR
Info: 1-4 ELECTROSTATICS SCALED BY 1
Info: MODIFIED 1-4 VDW PARAMETERS WILL BE USED
Info: DCD FILENAME           run0.dcd
Info: DCD FREQUENCY          100
Info: DCD FIRST STEP         100
Info: DCD FILE WILL CONTAIN UNIT CELL DATA
Info: XST FILENAME           run0.xst
Info: XST FREQUENCY          100
Info: NO VELOCITY DCD OUTPUT
Info: NO FORCE DCD OUTPUT
Info: OUTPUT FILENAME        run0
Info: BINARY OUTPUT FILES WILL BE USED
Info: RESTART FILENAME       run0.restart
Info: RESTART FREQUENCY      100
Info: BINARY RESTART FILES WILL BE USED
Info: SWITCHING ACTIVE
Info: SWITCHING ON           10
Info: SWITCHING OFF          12
Info: PAIRLIST DISTANCE      12
Info: PAIRLIST SHRINK RATE   0.01
Info: PAIRLIST GROW RATE     0.01
Info: PAIRLIST TRIGGER       0.3
Info: PAIRLISTS PER CYCLE    2
Info: PAIRLISTS ENABLED
Info: MARGIN                 3
Info: HYDROGEN GROUP CUTOFF  2.5
Info: PATCH DIMENSION        17.5
Info: ENERGY OUTPUT STEPS    100
Info: ENERGY EVALUATION STEPS    100
Info: OUTPUT ENERGY PRECISION 4
Info: CROSSTERM ENERGY INCLUDED IN DIHEDRAL
Info: TIMING OUTPUT STEPS    100
Info: HARMONIC CONSTRAINTS ACTIVE
Info: HARMONIC CONS EXP      2
Info: ELECTRIC FIELD ACTIVE
Info: E-FIELD VECTOR         (0, 0, 7.303)
Info: E-FIELD FREQUENCY IS (1/ps) 0
Info: E-FIELD PHASE IS     (deg)  0
Info: LANGEVIN DYNAMICS ACTIVE
Info: LANGEVIN TEMPERATURE   295
Info: LANGEVIN USING BBK INTEGRATOR
Info: LANGEVIN DAMPING COEFFICIENTS DETERMINED FROM FILES
Info: LANGEVIN DAMPING FILE:  siliconRest_1.0.pdb
Info: LANGEVIN DAMPING COLUMN:  B
Info: PARTICLE MESH EWALD (PME) ACTIVE
Info: PME TOLERANCE               1e-06
Info: PME EWALD COEFFICIENT       0.257952
Info: PME INTERPOLATION ORDER     4
Info: PME GRID DIMENSIONS         48 48 64
Info: PME MAXIMUM GRID SPACING    1.5
Info: Attempting to read FFTW data from FFTW_NAMD_3.0.1_Linux-x86_64-multicore.txt
Info: Optimizing 6 FFT steps.  1... 2... 3... 4... 5... 6...   Done.
Info: Writing FFTW data to FFTW_NAMD_3.0.1_Linux-x86_64-multicore.txt
Info: FULL ELECTROSTATIC EVALUATION FREQUENCY      4
Info: USING VERLET I (r-RESPA) MTS SCHEME.
Info: C1 SPLITTING OF LONG RANGE ELECTROSTATICS
Info: PLACING ATOMS IN PATCHES BY HYDROGEN GROUPS
Info: NONBONDED FORCES EVALUATED EVERY 2 STEPS
Info: RANDOM NUMBER SEED     1750852696
Info: USE HYDROGEN BONDS?    NO
Info: COORDINATE PDB         poro_ion.pdb
Info: STRUCTURE FILE         poro_ion.psf
Info: PARAMETER file: CHARMM format! 
Info: PARAMETERS             cornell.prm
Info: PARAMETERS             par_silicon_ions_NEW5.inp
Info: USING ARITHMETIC MEAN TO COMBINE L-J SIGMA PARAMETERS
Info: BINARY COORDINATES     eq2.coor
Info: SUMMARY OF PARAMETERS:
Info: 96 BONDS
Info: 229 ANGLES
Info: 81 DIHEDRAL
Info: 31 IMPROPER
Info: 0 CROSSTERM
Info: 62 VDW
Info: 0 VDW_PAIRS
Info: 0 NBTHOLE_PAIRS
Info: TIME FOR READING PSF FILE: 0.00857194
Info: Reading pdb file poro_ion.pdb
Info: TIME FOR READING PDB FILE: 0.00314443
Info: 
Info: ****************************
Info: STRUCTURE SUMMARY:
Info: 5343 ATOMS
Info: 5136 BONDS
Info: 7949 ANGLES
Info: 0 DIHEDRALS
Info: 0 IMPROPERS
Info: 0 CROSSTERMS
Info: 0 EXCLUSIONS
Info: 1814 CONSTRAINTS
Info: 16029 DEGREES OF FREEDOM
Info: 3121 HYDROGEN GROUPS
Info: 3 ATOMS IN LARGEST HYDROGEN GROUP
Info: 3121 MIGRATION GROUPS
Info: 3 ATOMS IN LARGEST MIGRATION GROUP
Info: TOTAL MASS = 63654.5 amu
Info: TOTAL CHARGE = 7.89165e-05 e
Info: MASS DENSITY = 1.87991 g/cm^3
Info: ATOM DENSITY = 0.0950241 atoms/A^3
Info: *****************************
Info: Reading from binary file eq2.coor
Info: 
Info: Entering startup at 0.0312207 s, 1.23005 MB of memory in use
Info: Startup phase 0 took 2.0541e-05 s, 1.23005 MB of memory in use
Info: ADDED 26745 IMPLICIT EXCLUSIONS
Info: Startup phase 1 took 0.00328211 s, 1.23005 MB of memory in use
Info: NONBONDED TABLE R-SQUARED SPACING: 0.0625
Info: NONBONDED TABLE SIZE: 769 POINTS
Info: INCONSISTENCY IN FAST TABLE ENERGY VS FORCE: 0.000325096 AT 11.9556
Info: INCONSISTENCY IN SCOR TABLE ENERGY VS FORCE: 0.000324844 AT 11.9556
Info: INCONSISTENCY IN VDWA TABLE ENERGY VS FORCE: 0.0040507 AT 0.251946
Info: INCONSISTENCY IN VDWB TABLE ENERGY VS FORCE: 0.00150189 AT 0.251946
Info: Startup phase 2 took 0.000218207 s, 1.23005 MB of memory in use
Info: Startup phase 3 took 1.0561e-05 s, 1.23005 MB of memory in use
Info: Startup phase 4 took 1.6003e-05 s, 1.23005 MB of memory in use
Info: Startup phase 5 took 7.882e-06 s, 1.23005 MB of memory in use
Info: PATCH GRID IS 1 (PERIODIC) BY 1 (PERIODIC) BY 2 (PERIODIC)
Info: PATCH GRID IS 1-AWAY BY 1-AWAY BY 1-AWAY
Info: Reading from binary file eq2.vel
Info: REMOVING COM VELOCITY -0.0246025 -0.00230318 -0.0647211
Info: LARGEST PATCH (1) HAS 2696 ATOMS
Info: TORUS A SIZE 1 USING 0
Info: TORUS B SIZE 1 USING 0
Info: TORUS C SIZE 1 USING 0
Info: TORUS MINIMAL MESH SIZE IS 1 BY 1 BY 1
Info: Placed 100% of base nodes on same physical node as patch
Info: Startup phase 6 took 0.000663057 s, 1.23005 MB of memory in use
Info: PME using 1 and 1 processors for FFT and reciprocal sum.
Info: PME GRID LOCATIONS: 0
Info: PME TRANS LOCATIONS: 0
Info: PME USING 1 GRID NODES AND 1 TRANS NODES
Info: Optimizing 4 FFT steps.  1... 2... 3... 4...   Done.
Info: Startup phase 7 took 0.000317142 s, 1.23005 MB of memory in use
Info: Startup phase 8 took 9.175e-06 s, 1.23005 MB of memory in use
Info: Startup phase 9 took 1.0065e-05 s, 1.23005 MB of memory in use
Info: Startup phase 10 took 1.2231e-05 s, 1.23005 MB of memory in use
Info: Startup phase 11 took 1.0384e-05 s, 1.23005 MB of memory in use
LDB: Central LB being created...
Info: Startup phase 12 took 1.6864e-05 s, 1.23005 MB of memory in use
Info: CREATING 49 COMPUTE OBJECTS
Info: Startup phase 13 took 6.6986e-05 s, 1.23005 MB of memory in use
Info: Startup phase 14 took 8.058e-06 s, 1.23005 MB of memory in use
Info: Startup phase 15 took 1.0979e-05 s, 1.23005 MB of memory in use
Info: Finished startup at 0.035901 s, 1.23005 MB of memory in use

ETITLE:      TS           BOND          ANGLE          DIHED          IMPRP               ELECT            VDW       BOUNDARY           MISC        KINETIC               TOTAL           TEMP      POTENTIAL         TOTAL3        TEMPAVG            PRESSURE      GPRESSURE         VOLUME       PRESSAVG      GPRESSAVG

ENERGY:       0      1901.1493       475.6053         0.0000         0.0000        -251089.6161      4462.3440       978.4904     -1327.2229      4709.8469        -239889.4031       295.7268   -244599.2501   -239826.2140       295.7268           2539.0247      -119.8969     56227.8601      2539.0247      -119.8969

OPENING EXTENDED SYSTEM TRAJECTORY FILE
LDB: ============= START OF LOAD BALANCING ============== 0.313545
LDB: ============== END OF LOAD BALANCING =============== 0.31357
LDB: =============== DONE WITH MIGRATION ================ 0.313585
LDB: ============= START OF LOAD BALANCING ============== 1.11816
LDB: ============== END OF LOAD BALANCING =============== 1.1182
LDB: =============== DONE WITH MIGRATION ================ 1.11823
Info: Initial time: 1 CPUs 0.0108453 s/step 0.125524 days/ns 1.23005 MB memory
TIMING: 100  CPU: 1.12972, 0.0108438/step  Wall: 1.13004, 0.010847/step, 0.00271174 hours remaining, 1.230055 MB of memory in use.
PERFORMANCE: 100  averaging 7.96537 ns/day, 0.010847 sec/step with standard deviation 0
ENERGY:     100      1985.6417       545.7458         0.0000         0.0000        -250306.1746      4734.1280      1037.9748     -3183.9059      5220.7969        -239965.7933       327.8089   -245186.5902   -239903.7116       320.1942           4203.6883      2598.7931     56227.8601      2117.9690      2115.7490

WRITING EXTENDED SYSTEM TO RESTART FILE AT STEP 100
OPENING COORDINATE DCD FILE
WRITING COORDINATES TO DCD FILE run0.dcd AT STEP 100
WRITING COORDINATES TO RESTART FILE AT STEP 100
FINISHED WRITING RESTART COORDINATES
The last position output (seq=100) takes 0.000 seconds, 1.230 MB of memory in use
WRITING VELOCITIES TO RESTART FILE AT STEP 100
FINISHED WRITING RESTART VELOCITIES
The last velocity output (seq=100) takes 0.000 seconds, 1.230 MB of memory in use
LDB: ============= START OF LOAD BALANCING ============== 1.32574
LDB: ============== END OF LOAD BALANCING =============== 1.32576
LDB: =============== DONE WITH MIGRATION ================ 1.32578
LDB: ============= START OF LOAD BALANCING ============== 2.13756
LDB: ============== END OF LOAD BALANCING =============== 2.13759
LDB: =============== DONE WITH MIGRATION ================ 2.13761
Info: Initial time: 1 CPUs 0.0101888 s/step 0.117926 days/ns 1.23005 MB memory
TIMING: 200  CPU: 2.14848, 0.0101876/step  Wall: 2.14907, 0.0101903/step, 0.00226451 hours remaining, 1.230055 MB of memory in use.
PERFORMANCE: 200  averaging 8.21399 ns/day, 0.0105186 sec/step with standard deviation 0.000464314
ENERGY:     200      2003.3660       542.2399         0.0000         0.0000        -249977.2914      4921.2289      1085.1012     -4019.9656      5434.9152        -240010.4057       341.2532   -245445.3210   -239949.4135       336.6118           5739.7637      4166.5899     56227.8601      3610.1926      3621.4651

WRITING EXTENDED SYSTEM TO RESTART FILE AT STEP 200
WRITING COORDINATES TO DCD FILE run0.dcd AT STEP 200
WRITING COORDINATES TO RESTART FILE AT STEP 200
FINISHED WRITING RESTART COORDINATES
The last position output (seq=200) takes 0.000 seconds, 1.230 MB of memory in use
WRITING VELOCITIES TO RESTART FILE AT STEP 200
FINISHED WRITING RESTART VELOCITIES
The last velocity output (seq=200) takes 0.000 seconds, 1.230 MB of memory in use
LDB: ============= START OF LOAD BALANCING ============== 3.15171
LDB: ============== END OF LOAD BALANCING =============== 3.15174
LDB: =============== DONE WITH MIGRATION ================ 3.15176
Info: Initial time: 1 CPUs 0.0101418 s/step 0.117382 days/ns 1.23005 MB memory
TIMING: 300  CPU: 3.16249, 0.0101401/step  Wall: 3.16335, 0.0101428/step, 0.00197222 hours remaining, 1.230055 MB of memory in use.
PERFORMANCE: 300  averaging 8.31299 ns/day, 0.0103934 sec/step with standard deviation 0.000393531
ENERGY:     300      2091.8475       543.4684         0.0000         0.0000        -249996.8522      5080.0573      1152.7888     -4610.2135      5653.8902        -240085.0136       355.0024   -245738.9038   -240023.1079       349.0126           7325.9554      5222.4253     56227.8601      5081.2554      5075.7936

WRITING EXTENDED SYSTEM TO RESTART FILE AT STEP 300
WRITING COORDINATES TO DCD FILE run0.dcd AT STEP 300
WRITING COORDINATES TO RESTART FILE AT STEP 300
FINISHED WRITING RESTART COORDINATES
The last position output (seq=300) takes 0.000 seconds, 1.230 MB of memory in use
WRITING VELOCITIES TO RESTART FILE AT STEP 300
FINISHED WRITING RESTART VELOCITIES
The last velocity output (seq=300) takes 0.000 seconds, 1.230 MB of memory in use
LDB: ============= START OF LOAD BALANCING ============== 4.16737
LDB: ============== END OF LOAD BALANCING =============== 4.16741
LDB: =============== DONE WITH MIGRATION ================ 4.16744
Info: Benchmark time: 1 CPUs 0.0101568 s/step 0.117556 days/ns 1.23005 MB memory
TIMING: 400  CPU: 4.17799, 0.010155/step  Wall: 4.17916, 0.0101581/step, 0.00169301 hours remaining, 1.230055 MB of memory in use.
PERFORMANCE: 400  averaging 8.36031 ns/day, 0.0103345 sec/step with standard deviation 0.000342177
ENERGY:     400      2031.1640       568.9033         0.0000         0.0000        -249814.5353      5403.0691      1080.3880     -5230.3646      5867.6974        -240093.6782       368.4272   -245961.3756   -240031.9091       361.6362           8996.2340      6443.6039     56227.8601      5782.4766      5773.3374

WRITING EXTENDED SYSTEM TO RESTART FILE AT STEP 400
WRITING COORDINATES TO DCD FILE run0.dcd AT STEP 400
WRITING COORDINATES TO RESTART FILE AT STEP 400
FINISHED WRITING RESTART COORDINATES
The last position output (seq=400) takes 0.000 seconds, 1.230 MB of memory in use
WRITING VELOCITIES TO RESTART FILE AT STEP 400
FINISHED WRITING RESTART VELOCITIES
The last velocity output (seq=400) takes 0.000 seconds, 1.230 MB of memory in use
Info: Benchmark time: 1 CPUs 0.0101806 s/step 0.117831 days/ns 1.23005 MB memory
TIMING: 500  CPU: 5.19581, 0.0101781/step  Wall: 5.19728, 0.0101812/step, 0.00141406 hours remaining, 1.230055 MB of memory in use.
PERFORMANCE: 500  averaging 8.38519 ns/day, 0.0103039 sec/step with standard deviation 0.000304167
ENERGY:     500      2093.6972       553.8758         0.0000         0.0000        -249539.5935      5180.0149      1085.9313     -5511.3314      5982.7203        -240154.6853       375.6494   -246137.4056   -240094.2367       369.7746           8049.1669      6358.5311     56227.8601      6289.2361      6282.1561

WRITING EXTENDED SYSTEM TO RESTART FILE AT STEP 500
WRITING COORDINATES TO DCD FILE run0.dcd AT STEP 500
WRITING COORDINATES TO RESTART FILE AT STEP 500
FINISHED WRITING RESTART COORDINATES
The last position output (seq=500) takes 0.000 seconds, 1.230 MB of memory in use
WRITING VELOCITIES TO RESTART FILE AT STEP 500
FINISHED WRITING RESTART VELOCITIES
The last velocity output (seq=500) takes 0.000 seconds, 1.230 MB of memory in use
Info: Benchmark time: 1 CPUs 0.010205 s/step 0.118113 days/ns 1.23005 MB memory
TIMING: 600  CPU: 6.21397, 0.0101817/step  Wall: 6.21784, 0.0102056/step, 0.00113396 hours remaining, 1.230055 MB of memory in use.
PERFORMANCE: 600  averaging 8.39854 ns/day, 0.0102875 sec/step with standard deviation 0.000274997
ENERGY:     600      2089.4692       591.5593         0.0000         0.0000        -249642.9499      5333.9631      1179.0465     -5788.5845      6053.0544        -240184.4419       380.0656   -246237.4963   -240118.6169       378.5304           9318.1053      8110.3112     56227.8601      7251.0716      7265.2070

WRITING EXTENDED SYSTEM TO RESTART FILE AT STEP 600
WRITING COORDINATES TO DCD FILE run0.dcd AT STEP 600
WRITING COORDINATES TO RESTART FILE AT STEP 600
FINISHED WRITING RESTART COORDINATES
The last position output (seq=600) takes 0.000 seconds, 1.230 MB of memory in use
WRITING VELOCITIES TO RESTART FILE AT STEP 600
FINISHED WRITING RESTART VELOCITIES
Info: Benchmark time: 1 CPUs 0.0102136 s/step 0.118213 days/ns 1.23005 MB memory
TIMING: 700  CPU: 7.23507, 0.0102109/step  Wall: 7.23926, 0.0102142/step, 0.000851182 hours remaining, 1.230055 MB of memory in use.
PERFORMANCE: 700  averaging 8.4071 ns/day, 0.010277 sec/step with standard deviation 0.000252562
ENERGY:     700      2080.6859       588.9541         0.0000         0.0000        -249409.3281      5261.7580      1129.1784     -6126.2306      6257.7668        -240217.2156       392.9193   -246474.9823   -240156.0516       386.7048           9225.0721      7324.8520     56227.8601      7972.2171      7977.3771

WRITING EXTENDED SYSTEM TO RESTART FILE AT STEP 700
WRITING COORDINATES TO DCD FILE run0.dcd AT STEP 700
WRITING COORDINATES TO RESTART FILE AT STEP 700
FINISHED WRITING RESTART COORDINATES
The last position output (seq=700) takes 0.000 seconds, 1.230 MB of memory in use
WRITING VELOCITIES TO RESTART FILE AT STEP 700
FINISHED WRITING RESTART VELOCITIES
Info: Benchmark time: 1 CPUs 0.010249 s/step 0.118623 days/ns 1.23005 MB memory
TIMING: 800  CPU: 8.25969, 0.0102462/step  Wall: 8.26422, 0.0102496/step, 0.000569422 hours remaining, 1.230055 MB of memory in use.
PERFORMANCE: 800  averaging 8.40991 ns/day, 0.0102736 sec/step with standard deviation 0.000234027
ENERGY:     800      2042.9298       569.2209         0.0000         0.0000        -249134.9841      5153.1975      1098.6956     -6411.6194      6445.1043        -240237.4554       404.6820   -246682.5597   -240179.5065       396.2706           9174.1404      6557.6483     56227.8601      7087.3605      7073.0707

WRITING EXTENDED SYSTEM TO RESTART FILE AT STEP 800
WRITING COORDINATES TO DCD FILE run0.dcd AT STEP 800
WRITING COORDINATES TO RESTART FILE AT STEP 800
FINISHED WRITING RESTART COORDINATES
The last position output (seq=800) takes 0.000 seconds, 1.230 MB of memory in use
WRITING VELOCITIES TO RESTART FILE AT STEP 800
FINISHED WRITING RESTART VELOCITIES
Info: Benchmark time: 1 CPUs 0.0102711 s/step 0.118878 days/ns 1.23005 MB memory
TIMING: 900  CPU: 9.28654, 0.0102685/step  Wall: 9.29137, 0.0102715/step, 0.00028532 hours remaining, 1.230055 MB of memory in use.
PERFORMANCE: 900  averaging 8.41009 ns/day, 0.0102734 sec/step with standard deviation 0.000218914
ENERGY:     900      2171.5638       579.4569         0.0000         0.0000        -249419.8807      5537.2518      1157.1953     -6729.1715      6398.3634        -240305.2211       401.7472   -246703.5844   -240247.2981       403.3562          10323.0736      8951.4888     56227.8601      8042.5654      8046.7702

WRITING EXTENDED SYSTEM TO RESTART FILE AT STEP 900
WRITING COORDINATES TO DCD FILE run0.dcd AT STEP 900
WRITING COORDINATES TO RESTART FILE AT STEP 900
FINISHED WRITING RESTART COORDINATES
The last position output (seq=900) takes 0.000 seconds, 1.230 MB of memory in use
WRITING VELOCITIES TO RESTART FILE AT STEP 900
FINISHED WRITING RESTART VELOCITIES
TIMING: 1000  CPU: 10.3121, 0.010256/step  Wall: 10.3175, 0.0102615/step, 0 hours remaining, 1.230055 MB of memory in use.
PERFORMANCE: 1000  averaging 8.41107 ns/day, 0.0102722 sec/step with standard deviation 0.000206428
ETITLE:      TS           BOND          ANGLE          DIHED          IMPRP               ELECT            VDW       BOUNDARY           MISC        KINETIC               TOTAL           TEMP      POTENTIAL         TOTAL3        TEMPAVG            PRESSURE      GPRESSURE         VOLUME       PRESSAVG      GPRESSAVG

ENERGY:    1000      2047.9960       565.3235         0.0000         0.0000        -248827.1317      5076.2893      1115.6879     -6985.7190      6533.7669        -240473.7872       410.2491   -247007.5541   -240412.5920       404.8667           9683.4323      7871.0493     56227.8601      8759.4817      8761.3969

WRITING EXTENDED SYSTEM TO RESTART FILE AT STEP 1000
WRITING COORDINATES TO DCD FILE run0.dcd AT STEP 1000
WRITING COORDINATES TO RESTART FILE AT STEP 1000
FINISHED WRITING RESTART COORDINATES
The last position output (seq=1000) takes 0.000 seconds, 1.230 MB of memory in use
WRITING VELOCITIES TO RESTART FILE AT STEP 1000
FINISHED WRITING RESTART VELOCITIES
WRITING EXTENDED SYSTEM TO OUTPUT FILE AT STEP 1000
CLOSING EXTENDED SYSTEM TRAJECTORY FILE
WRITING COORDINATES TO OUTPUT FILE AT STEP 1000
CLOSING COORDINATE DCD FILE run0.dcd
WRITING VELOCITIES TO OUTPUT FILE AT STEP 1000
====================================================

WallClock: 10.358022  CPUTime: 10.347013  Memory: 1.230055 MB
[Partition 0][Node 0] End of program
