Charm++> No provisioning arguments specified. Running with a single PE.
         Use +auto-provision to fully subscribe resources or +p1 to silence this message.
Charm++: standalone mode (not using charmrun)
Charm++> Running in Multicore mode: 1 threads (PEs)
Charm++> Using recursive bisection (scheme 3) for topology aware partitions
Converse/Charm++ Commit ID: 
CharmLB> Load balancer assumes all CPUs are same.
Charm++> Running on 1 hosts (1 sockets x 6 cores x 2 PUs = 12-way SMP)
Charm++> cpu topology info is gathered in 0.003 seconds.
CharmLB> Load balancing instrumentation for communication is off.
Info: NAMD 3.0.1 for Linux-x86_64-multicore
Info: 
Info: Please visit http://www.ks.uiuc.edu/Research/namd/
Info: for updates, documentation, and support information.
Info: 
Info: Please cite Phillips et al., J. Chem. Phys. 153:044130 (2020) doi:10.1063/5.0014475
Info: in all publications reporting results obtained with NAMD.
Info: 
Info: Based on Charm++/Converse 80000 for multicore-linux-x86_64-gcc
Info: Built Mon Oct 14 11:11:06 CDT 2024 by dhardy on athine.ks.uiuc.edu
Info: 1 NAMD  3.0.1  Linux-x86_64-multicore  1    pc1b-02  convidat
Info: Running on 1 processors, 1 nodes, 1 physical nodes.
Info: CPU topology information available.
Info: Charm++/Converse parallel runtime startup completed at 0.00554 s
CkLoopLib is used in SMP with simple dynamic scheduling (converse-level notification)
Info: 25.8086 MB of memory in use based on /proc/self/stat
Info: Configuration file is run0.namd
Info: Working in the current directory /home/samba/homes/convidat/Desktop/bionano-tutorial-files/4_current/4.2
TCL: Suspending until startup complete.
Warning: Option "1-4scaling" has been deprecated. Instead use "oneFourScaling".
Info: EXTENDED SYSTEM FILE   eq2.xsc
Warning: The Langevin gamma parameters differ over the particles,
Warning: requiring extra work per step to constrain rigid bonds.
Info: SIMULATION PARAMETERS:
Info: TIMESTEP               1
Info: NUMBER OF STEPS        1000
Info: STEPS PER CYCLE        20
Info: PERIODIC CELL BASIS 1  33.1925 19.16 0
Info: PERIODIC CELL BASIS 2  0 38.3199 0
Info: PERIODIC CELL BASIS 3  0 0 44.2066
Info: PERIODIC CELL CENTER   0 0 0
Info: WRAPPING ALL CLUSTERS AROUND PERIODIC BOUNDARIES ON OUTPUT.
Info: WRAPPING TO IMAGE NEAREST TO PERIODIC CELL CENTER.
Info: LOAD BALANCER  Centralized
Info: LOAD BALANCING STRATEGY  New Load Balancers -- DEFAULT
Info: LDB PERIOD             4000 steps
Info: FIRST LDB TIMESTEP     100
Info: LAST LDB TIMESTEP     -1
Info: LDB BACKGROUND SCALING 1
Info: HOM BACKGROUND SCALING 1
Info: PME BACKGROUND SCALING 1
Info: MIN ATOMS PER PATCH    40
Info: EMPTY PATCH LOAD       40 ATOMS
Info: VELOCITY FILE          eq2.vel
Info: CENTER OF MASS MOVING INITIALLY? NO
Info: DIELECTRIC             1
Info: EXCLUDE                SCALED ONE-FOUR
Info: 1-4 ELECTROSTATICS SCALED BY 1
Info: MODIFIED 1-4 VDW PARAMETERS WILL BE USED
Info: DCD FILENAME           run0.dcd
Info: DCD FREQUENCY          100
Info: DCD FIRST STEP         100
Info: DCD FILE WILL CONTAIN UNIT CELL DATA
Info: XST FILENAME           run0.xst
Info: XST FREQUENCY          100
Info: NO VELOCITY DCD OUTPUT
Info: NO FORCE DCD OUTPUT
Info: OUTPUT FILENAME        run0
Info: BINARY OUTPUT FILES WILL BE USED
Info: RESTART FILENAME       run0.restart
Info: RESTART FREQUENCY      100
Info: BINARY RESTART FILES WILL BE USED
Info: SWITCHING ACTIVE
Info: SWITCHING ON           10
Info: SWITCHING OFF          12
Info: PAIRLIST DISTANCE      12
Info: PAIRLIST SHRINK RATE   0.01
Info: PAIRLIST GROW RATE     0.01
Info: PAIRLIST TRIGGER       0.3
Info: PAIRLISTS PER CYCLE    2
Info: PAIRLISTS ENABLED
Info: MARGIN                 3
Info: HYDROGEN GROUP CUTOFF  2.5
Info: PATCH DIMENSION        17.5
Info: ENERGY OUTPUT STEPS    100
Info: ENERGY EVALUATION STEPS    100
Info: OUTPUT ENERGY PRECISION 4
Info: CROSSTERM ENERGY INCLUDED IN DIHEDRAL
Info: TIMING OUTPUT STEPS    100
Info: HARMONIC CONSTRAINTS ACTIVE
Info: HARMONIC CONS EXP      2
Info: ELECTRIC FIELD ACTIVE
Info: E-FIELD VECTOR         (0, 0, 0)
Info: E-FIELD FREQUENCY IS (1/ps) 0
Info: E-FIELD PHASE IS     (deg)  0
Info: LANGEVIN DYNAMICS ACTIVE
Info: LANGEVIN TEMPERATURE   295
Info: LANGEVIN USING BBK INTEGRATOR
Info: LANGEVIN DAMPING COEFFICIENTS DETERMINED FROM FILES
Info: LANGEVIN DAMPING FILE:  siliconRest_1.0.pdb
Info: LANGEVIN DAMPING COLUMN:  B
Info: PARTICLE MESH EWALD (PME) ACTIVE
Info: PME TOLERANCE               1e-06
Info: PME EWALD COEFFICIENT       0.257952
Info: PME INTERPOLATION ORDER     4
Info: PME GRID DIMENSIONS         48 48 64
Info: PME MAXIMUM GRID SPACING    1.5
Info: Attempting to read FFTW data from FFTW_NAMD_3.0.1_Linux-x86_64-multicore.txt
Info: Optimizing 6 FFT steps.  1... 2... 3... 4... 5... 6...   Done.
Info: Writing FFTW data to FFTW_NAMD_3.0.1_Linux-x86_64-multicore.txt
Info: FULL ELECTROSTATIC EVALUATION FREQUENCY      4
Info: USING VERLET I (r-RESPA) MTS SCHEME.
Info: C1 SPLITTING OF LONG RANGE ELECTROSTATICS
Info: PLACING ATOMS IN PATCHES BY HYDROGEN GROUPS
Info: NONBONDED FORCES EVALUATED EVERY 2 STEPS
Info: RANDOM NUMBER SEED     1750853861
Info: USE HYDROGEN BONDS?    NO
Info: COORDINATE PDB         poro_ion.pdb
Info: STRUCTURE FILE         poro_ion.psf
Info: PARAMETER file: CHARMM format! 
Info: PARAMETERS             cornell.prm
Info: PARAMETERS             par_silicon_ions_NEW5.inp
Info: USING ARITHMETIC MEAN TO COMBINE L-J SIGMA PARAMETERS
Info: BINARY COORDINATES     eq2.coor
Info: SUMMARY OF PARAMETERS:
Info: 96 BONDS
Info: 229 ANGLES
Info: 81 DIHEDRAL
Info: 31 IMPROPER
Info: 0 CROSSTERM
Info: 62 VDW
Info: 0 VDW_PAIRS
Info: 0 NBTHOLE_PAIRS
Info: TIME FOR READING PSF FILE: 0.00830682
Info: Reading pdb file poro_ion.pdb
Info: TIME FOR READING PDB FILE: 0.00333101
Info: 
Info: ****************************
Info: STRUCTURE SUMMARY:
Info: 5343 ATOMS
Info: 5136 BONDS
Info: 7949 ANGLES
Info: 0 DIHEDRALS
Info: 0 IMPROPERS
Info: 0 CROSSTERMS
Info: 0 EXCLUSIONS
Info: 1814 CONSTRAINTS
Info: 16029 DEGREES OF FREEDOM
Info: 3121 HYDROGEN GROUPS
Info: 3 ATOMS IN LARGEST HYDROGEN GROUP
Info: 3121 MIGRATION GROUPS
Info: 3 ATOMS IN LARGEST MIGRATION GROUP
Info: TOTAL MASS = 63654.5 amu
Info: TOTAL CHARGE = 7.89165e-05 e
Info: MASS DENSITY = 1.87991 g/cm^3
Info: ATOM DENSITY = 0.0950241 atoms/A^3
Info: *****************************
Info: Reading from binary file eq2.coor
Info: 
Info: Entering startup at 0.0320687 s, 1.34112 MB of memory in use
Info: Startup phase 0 took 2.0572e-05 s, 1.34112 MB of memory in use
Info: ADDED 26745 IMPLICIT EXCLUSIONS
Info: Startup phase 1 took 0.00322836 s, 1.34112 MB of memory in use
Info: NONBONDED TABLE R-SQUARED SPACING: 0.0625
Info: NONBONDED TABLE SIZE: 769 POINTS
Info: INCONSISTENCY IN FAST TABLE ENERGY VS FORCE: 0.000325096 AT 11.9556
Info: INCONSISTENCY IN SCOR TABLE ENERGY VS FORCE: 0.000324844 AT 11.9556
Info: INCONSISTENCY IN VDWA TABLE ENERGY VS FORCE: 0.0040507 AT 0.251946
Info: INCONSISTENCY IN VDWB TABLE ENERGY VS FORCE: 0.00150189 AT 0.251946
Info: Startup phase 2 took 0.000201111 s, 1.34112 MB of memory in use
Info: Startup phase 3 took 8.906e-06 s, 1.34112 MB of memory in use
Info: Startup phase 4 took 1.1188e-05 s, 1.34112 MB of memory in use
Info: Startup phase 5 took 6.718e-06 s, 1.34112 MB of memory in use
Info: PATCH GRID IS 1 (PERIODIC) BY 1 (PERIODIC) BY 2 (PERIODIC)
Info: PATCH GRID IS 1-AWAY BY 1-AWAY BY 1-AWAY
Info: Reading from binary file eq2.vel
Info: REMOVING COM VELOCITY -0.0246025 -0.00230318 -0.0647211
Info: LARGEST PATCH (1) HAS 2696 ATOMS
Info: TORUS A SIZE 1 USING 0
Info: TORUS B SIZE 1 USING 0
Info: TORUS C SIZE 1 USING 0
Info: TORUS MINIMAL MESH SIZE IS 1 BY 1 BY 1
Info: Placed 100% of base nodes on same physical node as patch
Info: Startup phase 6 took 0.000547786 s, 1.34112 MB of memory in use
Info: PME using 1 and 1 processors for FFT and reciprocal sum.
Info: PME GRID LOCATIONS: 0
Info: PME TRANS LOCATIONS: 0
Info: PME USING 1 GRID NODES AND 1 TRANS NODES
Info: Optimizing 4 FFT steps.  1... 2... 3... 4...   Done.
Info: Startup phase 7 took 0.000308327 s, 1.34112 MB of memory in use
Info: Startup phase 8 took 7.762e-06 s, 1.34112 MB of memory in use
Info: Startup phase 9 took 6.847e-06 s, 1.34112 MB of memory in use
Info: Startup phase 10 took 9.41e-06 s, 1.34112 MB of memory in use
Info: Startup phase 11 took 7.482e-06 s, 1.34112 MB of memory in use
LDB: Central LB being created...
Info: Startup phase 12 took 1.2858e-05 s, 1.34112 MB of memory in use
Info: CREATING 49 COMPUTE OBJECTS
Info: Startup phase 13 took 6.3931e-05 s, 1.34112 MB of memory in use
Info: Startup phase 14 took 7.017e-06 s, 1.34112 MB of memory in use
Info: Startup phase 15 took 7.119e-06 s, 1.34112 MB of memory in use
Info: Finished startup at 0.0365241 s, 1.34112 MB of memory in use

ETITLE:      TS           BOND          ANGLE          DIHED          IMPRP               ELECT            VDW       BOUNDARY           MISC        KINETIC               TOTAL           TEMP      POTENTIAL         TOTAL3        TEMPAVG            PRESSURE      GPRESSURE         VOLUME       PRESSAVG      GPRESSAVG

ENERGY:       0      1901.1493       475.6053         0.0000         0.0000        -251089.6161      4462.3440       978.4904         0.0000      4709.8469        -238562.1803       295.7268   -243272.0272   -238499.7976       295.7268           1990.1964      -542.7201     56227.8601      1990.1964      -542.7201

OPENING EXTENDED SYSTEM TRAJECTORY FILE
LDB: ============= START OF LOAD BALANCING ============== 0.314401
LDB: ============== END OF LOAD BALANCING =============== 0.314421
LDB: =============== DONE WITH MIGRATION ================ 0.314433
LDB: ============= START OF LOAD BALANCING ============== 1.11805
LDB: ============== END OF LOAD BALANCING =============== 1.11809
LDB: =============== DONE WITH MIGRATION ================ 1.11811
Info: Initial time: 1 CPUs 0.0108459 s/step 0.125532 days/ns 1.34112 MB memory
TIMING: 100  CPU: 1.12997, 0.0108537/step  Wall: 1.13027, 0.0108479/step, 0.00271196 hours remaining, 1.341120 MB of memory in use.
PERFORMANCE: 100  averaging 7.96471 ns/day, 0.0108479 sec/step with standard deviation 0
ENERGY:     100      1871.3676       507.3480         0.0000         0.0000        -250956.9325      4450.0789       956.7399         0.0000      4591.3065        -238580.0917       288.2838   -243171.3982   -238519.5054       294.0739           2110.1057       248.1575     56227.8601      -133.2234      -131.9879

WRITING EXTENDED SYSTEM TO RESTART FILE AT STEP 100
OPENING COORDINATE DCD FILE
WRITING COORDINATES TO DCD FILE run0.dcd AT STEP 100
WRITING COORDINATES TO RESTART FILE AT STEP 100
FINISHED WRITING RESTART COORDINATES
The last position output (seq=100) takes 0.000 seconds, 1.341 MB of memory in use
WRITING VELOCITIES TO RESTART FILE AT STEP 100
FINISHED WRITING RESTART VELOCITIES
The last velocity output (seq=100) takes 0.000 seconds, 1.341 MB of memory in use
LDB: ============= START OF LOAD BALANCING ============== 1.34302
LDB: ============== END OF LOAD BALANCING =============== 1.34305
LDB: =============== DONE WITH MIGRATION ================ 1.34307
LDB: ============= START OF LOAD BALANCING ============== 2.19231
LDB: ============== END OF LOAD BALANCING =============== 2.19235
LDB: =============== DONE WITH MIGRATION ================ 2.19239
Info: Initial time: 1 CPUs 0.0107503 s/step 0.124425 days/ns 1.34112 MB memory
TIMING: 200  CPU: 2.20489, 0.0107492/step  Wall: 2.2055, 0.0107523/step, 0.0023894 hours remaining, 1.341120 MB of memory in use.
PERFORMANCE: 200  averaging 7.99995 ns/day, 0.0108001 sec/step with standard deviation 6.75785e-05
ENERGY:     200      1900.9527       497.3683         0.0000         0.0000        -251053.5338      4445.5133      1006.7710         0.0000      4632.3499        -238570.5786       290.8609   -243202.9285   -238512.4561       293.8724           1392.5986      -643.3064     56227.8601      -235.0449      -229.2967

WRITING EXTENDED SYSTEM TO RESTART FILE AT STEP 200
WRITING COORDINATES TO DCD FILE run0.dcd AT STEP 200
WRITING COORDINATES TO RESTART FILE AT STEP 200
FINISHED WRITING RESTART COORDINATES
The last position output (seq=200) takes 0.000 seconds, 1.341 MB of memory in use
WRITING VELOCITIES TO RESTART FILE AT STEP 200
FINISHED WRITING RESTART VELOCITIES
The last velocity output (seq=200) takes 0.000 seconds, 1.341 MB of memory in use
LDB: ============= START OF LOAD BALANCING ============== 3.26691
LDB: ============== END OF LOAD BALANCING =============== 3.26695
LDB: =============== DONE WITH MIGRATION ================ 3.26698
Info: Initial time: 1 CPUs 0.0107686 s/step 0.124637 days/ns 1.34112 MB memory
TIMING: 300  CPU: 3.2816, 0.0107671/step  Wall: 3.28249, 0.0107699/step, 0.00209415 hours remaining, 1.341120 MB of memory in use.
PERFORMANCE: 300  averaging 8.0074 ns/day, 0.01079 sec/step with standard deviation 5.08547e-05
ENERGY:     300      1868.0837       481.8401         0.0000         0.0000        -251109.5090      4372.6675      1009.9111         0.0000      4756.4646        -238620.5420       298.6539   -243377.0066   -238554.7924       294.2326           1326.2839      -840.4313     56227.8601      -833.2970      -838.7061

WRITING EXTENDED SYSTEM TO RESTART FILE AT STEP 300
WRITING COORDINATES TO DCD FILE run0.dcd AT STEP 300
WRITING COORDINATES TO RESTART FILE AT STEP 300
FINISHED WRITING RESTART COORDINATES
The last position output (seq=300) takes 0.000 seconds, 1.341 MB of memory in use
WRITING VELOCITIES TO RESTART FILE AT STEP 300
FINISHED WRITING RESTART VELOCITIES
The last velocity output (seq=300) takes 0.000 seconds, 1.341 MB of memory in use
LDB: ============= START OF LOAD BALANCING ============== 4.30186
LDB: ============== END OF LOAD BALANCING =============== 4.3019
LDB: =============== DONE WITH MIGRATION ================ 4.30194
Info: Benchmark time: 1 CPUs 0.0102971 s/step 0.11918 days/ns 1.34112 MB memory
TIMING: 400  CPU: 4.31107, 0.0102947/step  Wall: 4.31233, 0.0102984/step, 0.0017164 hours remaining, 1.341120 MB of memory in use.
PERFORMANCE: 400  averaging 8.09966 ns/day, 0.0106671 sec/step with standard deviation 0.000249303
ENERGY:     400      1891.5966       500.9655         0.0000         0.0000        -251391.3198      4662.8037      1009.6119         0.0000      4734.0029        -238592.3392       297.2436   -243326.3421   -238527.4095       296.5989           2255.1307       665.8544     56227.8601      -377.8973      -368.7405

WRITING EXTENDED SYSTEM TO RESTART FILE AT STEP 400
WRITING COORDINATES TO DCD FILE run0.dcd AT STEP 400
WRITING COORDINATES TO RESTART FILE AT STEP 400
FINISHED WRITING RESTART COORDINATES
The last position output (seq=400) takes 0.000 seconds, 1.341 MB of memory in use
WRITING VELOCITIES TO RESTART FILE AT STEP 400
FINISHED WRITING RESTART VELOCITIES
The last velocity output (seq=400) takes 0.000 seconds, 1.341 MB of memory in use
Info: Benchmark time: 1 CPUs 0.010139 s/step 0.11735 days/ns 1.34112 MB memory
TIMING: 500  CPU: 5.32463, 0.0101355/step  Wall: 5.32629, 0.0101396/step, 0.00140827 hours remaining, 1.341120 MB of memory in use.
PERFORMANCE: 500  averaging 8.18058 ns/day, 0.0105616 sec/step with standard deviation 0.000319805
ENERGY:     500      1880.5456       500.7552         0.0000         0.0000        -251126.4873      4451.0772       979.2298         0.0000      4703.1718        -238611.7076       295.3077   -243314.8794   -238543.6106       293.7760           1515.0254      -494.6098     56227.8601       296.2259       300.4344

WRITING EXTENDED SYSTEM TO RESTART FILE AT STEP 500
WRITING COORDINATES TO DCD FILE run0.dcd AT STEP 500
WRITING COORDINATES TO RESTART FILE AT STEP 500
FINISHED WRITING RESTART COORDINATES
The last position output (seq=500) takes 0.000 seconds, 1.341 MB of memory in use
WRITING VELOCITIES TO RESTART FILE AT STEP 500
FINISHED WRITING RESTART VELOCITIES
The last velocity output (seq=500) takes 0.000 seconds, 1.341 MB of memory in use
Info: Benchmark time: 1 CPUs 0.0101136 s/step 0.117056 days/ns 1.34112 MB memory
TIMING: 600  CPU: 6.33562, 0.01011/step  Wall: 6.33771, 0.0101142/step, 0.0011238 hours remaining, 1.341120 MB of memory in use.
PERFORMANCE: 600  averaging 8.23874 ns/day, 0.010487 sec/step with standard deviation 0.000339387
ENERGY:     600      1885.3048       522.8782         0.0000         0.0000        -251218.7096      4527.9879       984.8573         0.0000      4712.6879        -238584.9935       295.9052   -243297.6813   -238524.8769       294.0708           2721.4073      -126.0170     56227.8601      -348.4550      -356.2805

WRITING EXTENDED SYSTEM TO RESTART FILE AT STEP 600
WRITING COORDINATES TO DCD FILE run0.dcd AT STEP 600
WRITING COORDINATES TO RESTART FILE AT STEP 600
FINISHED WRITING RESTART COORDINATES
The last position output (seq=600) takes 0.000 seconds, 1.341 MB of memory in use
WRITING VELOCITIES TO RESTART FILE AT STEP 600
FINISHED WRITING RESTART VELOCITIES
Info: Benchmark time: 1 CPUs 0.0105072 s/step 0.121611 days/ns 1.34112 MB memory
TIMING: 700  CPU: 7.38529, 0.0104966/step  Wall: 7.38848, 0.0105077/step, 0.000875644 hours remaining, 1.341120 MB of memory in use.
PERFORMANCE: 700  averaging 8.23642 ns/day, 0.01049 sec/step with standard deviation 0.000309916
ENERGY:     700      1898.7325       532.6186         0.0000         0.0000        -251302.1596      4563.9737       995.3496         0.0000      4707.5105        -238603.9748       295.5801   -243311.4853   -238543.5786       294.5526           2378.4324       191.3799     56227.8601       327.4930       316.7348

WRITING EXTENDED SYSTEM TO RESTART FILE AT STEP 700
WRITING COORDINATES TO DCD FILE run0.dcd AT STEP 700
WRITING COORDINATES TO RESTART FILE AT STEP 700
FINISHED WRITING RESTART COORDINATES
The last position output (seq=700) takes 0.000 seconds, 1.341 MB of memory in use
WRITING VELOCITIES TO RESTART FILE AT STEP 700
FINISHED WRITING RESTART VELOCITIES
Info: Benchmark time: 1 CPUs 0.0102674 s/step 0.118836 days/ns 1.34112 MB memory
TIMING: 800  CPU: 8.4118, 0.0102652/step  Wall: 8.41528, 0.010268/step, 0.000570444 hours remaining, 1.341120 MB of memory in use.
PERFORMANCE: 800  averaging 8.25827 ns/day, 0.0104622 sec/step with standard deviation 0.000297468
ENERGY:     800      1898.5754       499.8571         0.0000         0.0000        -251292.6618      4622.4286       980.3274         0.0000      4678.8297        -238612.6436       293.7793   -243291.4733   -238550.5190       295.8362           1924.2876       253.9315     56227.8601      -100.4714       -85.2960

WRITING EXTENDED SYSTEM TO RESTART FILE AT STEP 800
WRITING COORDINATES TO DCD FILE run0.dcd AT STEP 800
WRITING COORDINATES TO RESTART FILE AT STEP 800
FINISHED WRITING RESTART COORDINATES
The last position output (seq=800) takes 0.000 seconds, 1.341 MB of memory in use
WRITING VELOCITIES TO RESTART FILE AT STEP 800
FINISHED WRITING RESTART VELOCITIES
Info: Benchmark time: 1 CPUs 0.0103854 s/step 0.120202 days/ns 1.34112 MB memory
TIMING: 900  CPU: 9.45013, 0.0103832/step  Wall: 9.45388, 0.0103861/step, 0.000288502 hours remaining, 1.341120 MB of memory in use.
PERFORMANCE: 900  averaging 8.26496 ns/day, 0.0104538 sec/step with standard deviation 0.000279412
ENERGY:     900      1831.1822       503.0925         0.0000         0.0000        -251075.0272      4458.6143       990.0506         0.0000      4672.7390        -238619.3485       293.3969   -243292.0875   -238559.1554       293.6215           2453.5782        75.0448     56227.8601        60.9835        63.8663

WRITING EXTENDED SYSTEM TO RESTART FILE AT STEP 900
WRITING COORDINATES TO DCD FILE run0.dcd AT STEP 900
WRITING COORDINATES TO RESTART FILE AT STEP 900
FINISHED WRITING RESTART COORDINATES
The last position output (seq=900) takes 0.000 seconds, 1.341 MB of memory in use
WRITING VELOCITIES TO RESTART FILE AT STEP 900
FINISHED WRITING RESTART VELOCITIES
TIMING: 1000  CPU: 10.4685, 0.0101842/step  Wall: 10.4728, 0.0101896/step, 0 hours remaining, 1.341120 MB of memory in use.
PERFORMANCE: 1000  averaging 8.28589 ns/day, 0.0104274 sec/step with standard deviation 0.000276358
ETITLE:      TS           BOND          ANGLE          DIHED          IMPRP               ELECT            VDW       BOUNDARY           MISC        KINETIC               TOTAL           TEMP      POTENTIAL         TOTAL3        TEMPAVG            PRESSURE      GPRESSURE         VOLUME       PRESSAVG      GPRESSAVG

ENERGY:    1000      1851.9438       511.1510         0.0000         0.0000        -251061.9906      4449.7692       957.7129         0.0000      4714.8857        -238576.5279       296.0432   -243291.4136   -238519.0820       293.5518           2011.7325     -1232.4246     56227.8601      -319.1699      -330.6928

WRITING EXTENDED SYSTEM TO RESTART FILE AT STEP 1000
WRITING COORDINATES TO DCD FILE run0.dcd AT STEP 1000
WRITING COORDINATES TO RESTART FILE AT STEP 1000
FINISHED WRITING RESTART COORDINATES
The last position output (seq=1000) takes 0.000 seconds, 1.341 MB of memory in use
WRITING VELOCITIES TO RESTART FILE AT STEP 1000
FINISHED WRITING RESTART VELOCITIES
WRITING EXTENDED SYSTEM TO OUTPUT FILE AT STEP 1000
CLOSING EXTENDED SYSTEM TRAJECTORY FILE
WRITING COORDINATES TO OUTPUT FILE AT STEP 1000
CLOSING COORDINATE DCD FILE run0.dcd
WRITING VELOCITIES TO OUTPUT FILE AT STEP 1000
====================================================

WallClock: 10.513170  CPUTime: 10.502680  Memory: 1.341120 MB
[Partition 0][Node 0] End of program
