Charm++> No provisioning arguments specified. Running with a single PE.
         Use +auto-provision to fully subscribe resources or +p1 to silence this message.
Charm++: standalone mode (not using charmrun)
Charm++> Running in Multicore mode: 1 threads (PEs)
Charm++> Using recursive bisection (scheme 3) for topology aware partitions
Converse/Charm++ Commit ID: 
CharmLB> Load balancer assumes all CPUs are same.
Charm++> Running on 1 hosts (1 sockets x 6 cores x 2 PUs = 12-way SMP)
Charm++> cpu topology info is gathered in 0.003 seconds.
CharmLB> Load balancing instrumentation for communication is off.
Info: NAMD 3.0.1 for Linux-x86_64-multicore
Info: 
Info: Please visit http://www.ks.uiuc.edu/Research/namd/
Info: for updates, documentation, and support information.
Info: 
Info: Please cite Phillips et al., J. Chem. Phys. 153:044130 (2020) doi:10.1063/5.0014475
Info: in all publications reporting results obtained with NAMD.
Info: 
Info: Based on Charm++/Converse 80000 for multicore-linux-x86_64-gcc
Info: Built Mon Oct 14 11:11:06 CDT 2024 by dhardy on athine.ks.uiuc.edu
Info: 1 NAMD  3.0.1  Linux-x86_64-multicore  1    pc1b-02  convidat
Info: Running on 1 processors, 1 nodes, 1 physical nodes.
Info: CPU topology information available.
Info: Charm++/Converse parallel runtime startup completed at 0.00512429 s
CkLoopLib is used in SMP with simple dynamic scheduling (converse-level notification)
Info: 25.8086 MB of memory in use based on /proc/self/stat
Info: Configuration file is run0.namd
Info: Working in the current directory /home/samba/homes/convidat/Desktop/bionano-tutorial-files/4_current/4.2
TCL: Suspending until startup complete.
Warning: Option "1-4scaling" has been deprecated. Instead use "oneFourScaling".
Info: EXTENDED SYSTEM FILE   eq2.xsc
Warning: The Langevin gamma parameters differ over the particles,
Warning: requiring extra work per step to constrain rigid bonds.
Info: SIMULATION PARAMETERS:
Info: TIMESTEP               1
Info: NUMBER OF STEPS        1000
Info: STEPS PER CYCLE        20
Info: PERIODIC CELL BASIS 1  33.1925 19.16 0
Info: PERIODIC CELL BASIS 2  0 38.3199 0
Info: PERIODIC CELL BASIS 3  0 0 44.2066
Info: PERIODIC CELL CENTER   0 0 0
Info: WRAPPING ALL CLUSTERS AROUND PERIODIC BOUNDARIES ON OUTPUT.
Info: WRAPPING TO IMAGE NEAREST TO PERIODIC CELL CENTER.
Info: LOAD BALANCER  Centralized
Info: LOAD BALANCING STRATEGY  New Load Balancers -- DEFAULT
Info: LDB PERIOD             4000 steps
Info: FIRST LDB TIMESTEP     100
Info: LAST LDB TIMESTEP     -1
Info: LDB BACKGROUND SCALING 1
Info: HOM BACKGROUND SCALING 1
Info: PME BACKGROUND SCALING 1
Info: MIN ATOMS PER PATCH    40
Info: EMPTY PATCH LOAD       40 ATOMS
Info: VELOCITY FILE          eq2.vel
Info: CENTER OF MASS MOVING INITIALLY? NO
Info: DIELECTRIC             1
Info: EXCLUDE                SCALED ONE-FOUR
Info: 1-4 ELECTROSTATICS SCALED BY 1
Info: MODIFIED 1-4 VDW PARAMETERS WILL BE USED
Info: DCD FILENAME           run0.dcd
Info: DCD FREQUENCY          100
Info: DCD FIRST STEP         100
Info: DCD FILE WILL CONTAIN UNIT CELL DATA
Info: XST FILENAME           run0.xst
Info: XST FREQUENCY          100
Info: NO VELOCITY DCD OUTPUT
Info: NO FORCE DCD OUTPUT
Info: OUTPUT FILENAME        run0
Info: BINARY OUTPUT FILES WILL BE USED
Info: RESTART FILENAME       run0.restart
Info: RESTART FREQUENCY      100
Info: BINARY RESTART FILES WILL BE USED
Info: SWITCHING ACTIVE
Info: SWITCHING ON           10
Info: SWITCHING OFF          12
Info: PAIRLIST DISTANCE      12
Info: PAIRLIST SHRINK RATE   0.01
Info: PAIRLIST GROW RATE     0.01
Info: PAIRLIST TRIGGER       0.3
Info: PAIRLISTS PER CYCLE    2
Info: PAIRLISTS ENABLED
Info: MARGIN                 3
Info: HYDROGEN GROUP CUTOFF  2.5
Info: PATCH DIMENSION        17.5
Info: ENERGY OUTPUT STEPS    100
Info: ENERGY EVALUATION STEPS    100
Info: OUTPUT ENERGY PRECISION 4
Info: CROSSTERM ENERGY INCLUDED IN DIHEDRAL
Info: TIMING OUTPUT STEPS    100
Info: HARMONIC CONSTRAINTS ACTIVE
Info: HARMONIC CONS EXP      2
Info: ELECTRIC FIELD ACTIVE
Info: E-FIELD VECTOR         (0, 0, 4.173)
Info: E-FIELD FREQUENCY IS (1/ps) 0
Info: E-FIELD PHASE IS     (deg)  0
Info: LANGEVIN DYNAMICS ACTIVE
Info: LANGEVIN TEMPERATURE   295
Info: LANGEVIN USING BBK INTEGRATOR
Info: LANGEVIN DAMPING COEFFICIENTS DETERMINED FROM FILES
Info: LANGEVIN DAMPING FILE:  siliconRest_1.0.pdb
Info: LANGEVIN DAMPING COLUMN:  B
Info: PARTICLE MESH EWALD (PME) ACTIVE
Info: PME TOLERANCE               1e-06
Info: PME EWALD COEFFICIENT       0.257952
Info: PME INTERPOLATION ORDER     4
Info: PME GRID DIMENSIONS         48 48 64
Info: PME MAXIMUM GRID SPACING    1.5
Info: Attempting to read FFTW data from FFTW_NAMD_3.0.1_Linux-x86_64-multicore.txt
Info: Optimizing 6 FFT steps.  1... 2... 3... 4... 5... 6...   Done.
Info: Writing FFTW data to FFTW_NAMD_3.0.1_Linux-x86_64-multicore.txt
Info: FULL ELECTROSTATIC EVALUATION FREQUENCY      4
Info: USING VERLET I (r-RESPA) MTS SCHEME.
Info: C1 SPLITTING OF LONG RANGE ELECTROSTATICS
Info: PLACING ATOMS IN PATCHES BY HYDROGEN GROUPS
Info: NONBONDED FORCES EVALUATED EVERY 2 STEPS
Info: RANDOM NUMBER SEED     1750853332
Info: USE HYDROGEN BONDS?    NO
Info: COORDINATE PDB         poro_ion.pdb
Info: STRUCTURE FILE         poro_ion.psf
Info: PARAMETER file: CHARMM format! 
Info: PARAMETERS             cornell.prm
Info: PARAMETERS             par_silicon_ions_NEW5.inp
Info: USING ARITHMETIC MEAN TO COMBINE L-J SIGMA PARAMETERS
Info: BINARY COORDINATES     eq2.coor
Info: SUMMARY OF PARAMETERS:
Info: 96 BONDS
Info: 229 ANGLES
Info: 81 DIHEDRAL
Info: 31 IMPROPER
Info: 0 CROSSTERM
Info: 62 VDW
Info: 0 VDW_PAIRS
Info: 0 NBTHOLE_PAIRS
Info: TIME FOR READING PSF FILE: 0.00893796
Info: Reading pdb file poro_ion.pdb
Info: TIME FOR READING PDB FILE: 0.00336247
Info: 
Info: ****************************
Info: STRUCTURE SUMMARY:
Info: 5343 ATOMS
Info: 5136 BONDS
Info: 7949 ANGLES
Info: 0 DIHEDRALS
Info: 0 IMPROPERS
Info: 0 CROSSTERMS
Info: 0 EXCLUSIONS
Info: 1814 CONSTRAINTS
Info: 16029 DEGREES OF FREEDOM
Info: 3121 HYDROGEN GROUPS
Info: 3 ATOMS IN LARGEST HYDROGEN GROUP
Info: 3121 MIGRATION GROUPS
Info: 3 ATOMS IN LARGEST MIGRATION GROUP
Info: TOTAL MASS = 63654.5 amu
Info: TOTAL CHARGE = 7.89165e-05 e
Info: MASS DENSITY = 1.87991 g/cm^3
Info: ATOM DENSITY = 0.0950241 atoms/A^3
Info: *****************************
Info: Reading from binary file eq2.coor
Info: 
Info: Entering startup at 0.0329344 s, 1.29072 MB of memory in use
Info: Startup phase 0 took 2.0877e-05 s, 1.29072 MB of memory in use
Info: ADDED 26745 IMPLICIT EXCLUSIONS
Info: Startup phase 1 took 0.00328858 s, 1.29072 MB of memory in use
Info: NONBONDED TABLE R-SQUARED SPACING: 0.0625
Info: NONBONDED TABLE SIZE: 769 POINTS
Info: INCONSISTENCY IN FAST TABLE ENERGY VS FORCE: 0.000325096 AT 11.9556
Info: INCONSISTENCY IN SCOR TABLE ENERGY VS FORCE: 0.000324844 AT 11.9556
Info: INCONSISTENCY IN VDWA TABLE ENERGY VS FORCE: 0.0040507 AT 0.251946
Info: INCONSISTENCY IN VDWB TABLE ENERGY VS FORCE: 0.00150189 AT 0.251946
Info: Startup phase 2 took 0.000203246 s, 1.29072 MB of memory in use
Info: Startup phase 3 took 8.533e-06 s, 1.29072 MB of memory in use
Info: Startup phase 4 took 1.2237e-05 s, 1.29072 MB of memory in use
Info: Startup phase 5 took 6.56e-06 s, 1.29072 MB of memory in use
Info: PATCH GRID IS 1 (PERIODIC) BY 1 (PERIODIC) BY 2 (PERIODIC)
Info: PATCH GRID IS 1-AWAY BY 1-AWAY BY 1-AWAY
Info: Reading from binary file eq2.vel
Info: REMOVING COM VELOCITY -0.0246025 -0.00230318 -0.0647211
Info: LARGEST PATCH (1) HAS 2696 ATOMS
Info: TORUS A SIZE 1 USING 0
Info: TORUS B SIZE 1 USING 0
Info: TORUS C SIZE 1 USING 0
Info: TORUS MINIMAL MESH SIZE IS 1 BY 1 BY 1
Info: Placed 100% of base nodes on same physical node as patch
Info: Startup phase 6 took 0.000642895 s, 1.29072 MB of memory in use
Info: PME using 1 and 1 processors for FFT and reciprocal sum.
Info: PME GRID LOCATIONS: 0
Info: PME TRANS LOCATIONS: 0
Info: PME USING 1 GRID NODES AND 1 TRANS NODES
Info: Optimizing 4 FFT steps.  1... 2... 3... 4...   Done.
Info: Startup phase 7 took 0.000310684 s, 1.29072 MB of memory in use
Info: Startup phase 8 took 9.656e-06 s, 1.29072 MB of memory in use
Info: Startup phase 9 took 7.05e-06 s, 1.29072 MB of memory in use
Info: Startup phase 10 took 8.785e-06 s, 1.29072 MB of memory in use
Info: Startup phase 11 took 7.468e-06 s, 1.29072 MB of memory in use
LDB: Central LB being created...
Info: Startup phase 12 took 1.2993e-05 s, 1.29072 MB of memory in use
Info: CREATING 49 COMPUTE OBJECTS
Info: Startup phase 13 took 6.4959e-05 s, 1.29072 MB of memory in use
Info: Startup phase 14 took 6.948e-06 s, 1.29072 MB of memory in use
Info: Startup phase 15 took 7.342e-06 s, 1.29072 MB of memory in use
Info: Finished startup at 0.0375532 s, 1.29072 MB of memory in use

ETITLE:      TS           BOND          ANGLE          DIHED          IMPRP               ELECT            VDW       BOUNDARY           MISC        KINETIC               TOTAL           TEMP      POTENTIAL         TOTAL3        TEMPAVG            PRESSURE      GPRESSURE         VOLUME       PRESSAVG      GPRESSAVG

ENERGY:       0      1901.1493       475.6053         0.0000         0.0000        -251089.6161      4462.3440       978.4904      -758.3871      4709.8469        -239320.5674       295.7268   -244030.4143   -239257.8327       295.7268           2303.5328      -301.1412     56227.8601      2303.5328      -301.1412

OPENING EXTENDED SYSTEM TRAJECTORY FILE
LDB: ============= START OF LOAD BALANCING ============== 0.317143
LDB: ============== END OF LOAD BALANCING =============== 0.317165
LDB: =============== DONE WITH MIGRATION ================ 0.31719
LDB: ============= START OF LOAD BALANCING ============== 1.10994
LDB: ============== END OF LOAD BALANCING =============== 1.10997
LDB: =============== DONE WITH MIGRATION ================ 1.11002
Info: Initial time: 1 CPUs 0.0107233 s/step 0.124112 days/ns 1.29072 MB memory
TIMING: 100  CPU: 1.11876, 0.0107291/step  Wall: 1.11902, 0.0107251/step, 0.00268128 hours remaining, 1.290720 MB of memory in use.
PERFORMANCE: 100  averaging 8.05586 ns/day, 0.0107251 sec/step with standard deviation 0
ENERGY:     100      1908.2497       520.1269         0.0000         0.0000        -250827.8145      4583.0500       982.4370     -1336.5303      4789.3255        -239381.1558       300.7172   -244170.4813   -239320.4986       302.4185           3017.9951      1249.0864     56227.8601       961.0475       961.1446

WRITING EXTENDED SYSTEM TO RESTART FILE AT STEP 100
OPENING COORDINATE DCD FILE
WRITING COORDINATES TO DCD FILE run0.dcd AT STEP 100
WRITING COORDINATES TO RESTART FILE AT STEP 100
FINISHED WRITING RESTART COORDINATES
The last position output (seq=100) takes 0.000 seconds, 1.291 MB of memory in use
WRITING VELOCITIES TO RESTART FILE AT STEP 100
FINISHED WRITING RESTART VELOCITIES
The last velocity output (seq=100) takes 0.000 seconds, 1.291 MB of memory in use
LDB: ============= START OF LOAD BALANCING ============== 1.31325
LDB: ============== END OF LOAD BALANCING =============== 1.31327
LDB: =============== DONE WITH MIGRATION ================ 1.31329
LDB: ============= START OF LOAD BALANCING ============== 2.10893
LDB: ============== END OF LOAD BALANCING =============== 2.10898
LDB: =============== DONE WITH MIGRATION ================ 2.109
Info: Initial time: 1 CPUs 0.00999835 s/step 0.115722 days/ns 1.29072 MB memory
TIMING: 200  CPU: 2.11849, 0.00999725/step  Wall: 2.11902, 0.00999998/step, 0.00222222 hours remaining, 1.290720 MB of memory in use.
PERFORMANCE: 200  averaging 8.33772 ns/day, 0.0103625 sec/step with standard deviation 0.000512739
ENERGY:     200      1925.1504       515.7560         0.0000         0.0000        -250748.0992      4572.6767      1059.8662     -1580.0773      4847.4265        -239407.3007       304.3653   -244254.7271   -239343.6043       305.2477           2685.1976       697.1407     56227.8601      1049.9441      1057.0112

WRITING EXTENDED SYSTEM TO RESTART FILE AT STEP 200
WRITING COORDINATES TO DCD FILE run0.dcd AT STEP 200
WRITING COORDINATES TO RESTART FILE AT STEP 200
FINISHED WRITING RESTART COORDINATES
The last position output (seq=200) takes 0.000 seconds, 1.291 MB of memory in use
WRITING VELOCITIES TO RESTART FILE AT STEP 200
FINISHED WRITING RESTART VELOCITIES
The last velocity output (seq=200) takes 0.000 seconds, 1.291 MB of memory in use
LDB: ============= START OF LOAD BALANCING ============== 3.10917
LDB: ============== END OF LOAD BALANCING =============== 3.1092
LDB: =============== DONE WITH MIGRATION ================ 3.10924
Info: Initial time: 1 CPUs 0.00999204 s/step 0.115649 days/ns 1.29072 MB memory
TIMING: 300  CPU: 3.11757, 0.00999082/step  Wall: 3.11834, 0.00999325/step, 0.00194313 hours remaining, 1.290720 MB of memory in use.
PERFORMANCE: 300  averaging 8.43795 ns/day, 0.0102394 sec/step with standard deviation 0.000420606
ENERGY:     300      1925.7612       493.3615         0.0000         0.0000        -250811.5680      4742.6647      1027.3054     -1753.2679      5003.3391        -239372.4039       314.1549   -244375.7430   -239313.2025       310.8743           4328.6716      1992.4427     56227.8601       925.5797       919.0396

WRITING EXTENDED SYSTEM TO RESTART FILE AT STEP 300
WRITING COORDINATES TO DCD FILE run0.dcd AT STEP 300
WRITING COORDINATES TO RESTART FILE AT STEP 300
FINISHED WRITING RESTART COORDINATES
The last position output (seq=300) takes 0.000 seconds, 1.291 MB of memory in use
WRITING VELOCITIES TO RESTART FILE AT STEP 300
FINISHED WRITING RESTART VELOCITIES
The last velocity output (seq=300) takes 0.000 seconds, 1.291 MB of memory in use
LDB: ============= START OF LOAD BALANCING ============== 4.11003
LDB: ============== END OF LOAD BALANCING =============== 4.11006
LDB: =============== DONE WITH MIGRATION ================ 4.1101
Info: Benchmark time: 1 CPUs 0.0100095 s/step 0.115851 days/ns 1.29072 MB memory
TIMING: 400  CPU: 4.11837, 0.010008/step  Wall: 4.11942, 0.0100107/step, 0.00166846 hours remaining, 1.290720 MB of memory in use.
PERFORMANCE: 400  averaging 8.48533 ns/day, 0.0101823 sec/step with standard deviation 0.000361961
ENERGY:     400      1925.0507       504.4523         0.0000         0.0000        -250547.3024      4628.3044      1008.8681     -1911.6543      4985.4617        -239406.8196       313.0324   -244392.2813   -239345.9956       312.0064           4432.5646      2399.6389     56227.8601      2766.1309      2767.0834

WRITING EXTENDED SYSTEM TO RESTART FILE AT STEP 400
WRITING COORDINATES TO DCD FILE run0.dcd AT STEP 400
WRITING COORDINATES TO RESTART FILE AT STEP 400
FINISHED WRITING RESTART COORDINATES
The last position output (seq=400) takes 0.000 seconds, 1.291 MB of memory in use
WRITING VELOCITIES TO RESTART FILE AT STEP 400
FINISHED WRITING RESTART VELOCITIES
The last velocity output (seq=400) takes 0.000 seconds, 1.291 MB of memory in use
Info: Benchmark time: 1 CPUs 0.0100059 s/step 0.115809 days/ns 1.29072 MB memory
TIMING: 500  CPU: 5.11876, 0.0100039/step  Wall: 5.12006, 0.0100064/step, 0.00138978 hours remaining, 1.290720 MB of memory in use.
PERFORMANCE: 500  averaging 8.51475 ns/day, 0.0101471 sec/step with standard deviation 0.000323183
ENERGY:     500      1947.7466       532.7757         0.0000         0.0000        -250285.2452      4450.9342      1004.0438     -2005.8198      4950.7224        -239404.8424       310.8512   -244355.5648   -239341.9800       311.9401           2585.0881       687.3521     56227.8601      1786.8684      1793.7919

WRITING EXTENDED SYSTEM TO RESTART FILE AT STEP 500
WRITING COORDINATES TO DCD FILE run0.dcd AT STEP 500
WRITING COORDINATES TO RESTART FILE AT STEP 500
FINISHED WRITING RESTART COORDINATES
The last position output (seq=500) takes 0.000 seconds, 1.291 MB of memory in use
WRITING VELOCITIES TO RESTART FILE AT STEP 500
FINISHED WRITING RESTART VELOCITIES
The last velocity output (seq=500) takes 0.000 seconds, 1.291 MB of memory in use
Info: Benchmark time: 1 CPUs 0.0100241 s/step 0.116019 days/ns 1.29072 MB memory
TIMING: 600  CPU: 6.12095, 0.0100219/step  Wall: 6.12253, 0.0100247/step, 0.00111385 hours remaining, 1.290720 MB of memory in use.
PERFORMANCE: 600  averaging 8.5319 ns/day, 0.0101267 sec/step with standard deviation 0.000293353
ENERGY:     600      1895.8794       535.5427         0.0000         0.0000        -250575.0427      4750.5066      1043.1252     -2075.1795      4986.6526        -239438.5157       313.1072   -244425.1683   -239380.5106       312.5655           4864.8670      2182.0845     56227.8601      1353.9709      1348.0326

WRITING EXTENDED SYSTEM TO RESTART FILE AT STEP 600
WRITING COORDINATES TO DCD FILE run0.dcd AT STEP 600
WRITING COORDINATES TO RESTART FILE AT STEP 600
FINISHED WRITING RESTART COORDINATES
The last position output (seq=600) takes 0.000 seconds, 1.291 MB of memory in use
WRITING VELOCITIES TO RESTART FILE AT STEP 600
FINISHED WRITING RESTART VELOCITIES
Info: Benchmark time: 1 CPUs 0.0100315 s/step 0.116106 days/ns 1.29072 MB memory
TIMING: 700  CPU: 7.12386, 0.0100291/step  Wall: 7.12574, 0.0100321/step, 0.000836011 hours remaining, 1.290720 MB of memory in use.
PERFORMANCE: 700  averaging 8.5433 ns/day, 0.0101132 sec/step with standard deviation 0.000270168
ENERGY:     700      1923.0959       512.9606         0.0000         0.0000        -250499.4847      4804.5923      1008.5816     -2192.8974      4987.8674        -239455.2843       313.1835   -244443.1517   -239396.0889       314.9524           4981.8856      2444.1593     56227.8601      2155.1267      2148.2832

WRITING EXTENDED SYSTEM TO RESTART FILE AT STEP 700
WRITING COORDINATES TO DCD FILE run0.dcd AT STEP 700
WRITING COORDINATES TO RESTART FILE AT STEP 700
FINISHED WRITING RESTART COORDINATES
The last position output (seq=700) takes 0.000 seconds, 1.291 MB of memory in use
WRITING VELOCITIES TO RESTART FILE AT STEP 700
FINISHED WRITING RESTART VELOCITIES
Info: Benchmark time: 1 CPUs 0.0101149 s/step 0.11707 days/ns 1.29072 MB memory
TIMING: 800  CPU: 8.13296, 0.010091/step  Wall: 8.13729, 0.0101155/step, 0.000561972 hours remaining, 1.290720 MB of memory in use.
PERFORMANCE: 800  averaging 8.54306 ns/day, 0.0101135 sec/step with standard deviation 0.000250128
ENERGY:     800      1907.2006       541.4601         0.0000         0.0000        -250489.2112      4717.2778      1048.7942     -2262.4364      5062.4876        -239474.4272       317.8688   -244536.9148   -239412.9539       316.0028           4674.1070      2587.7935     56227.8601      2198.0557      2197.1813

WRITING EXTENDED SYSTEM TO RESTART FILE AT STEP 800
WRITING COORDINATES TO DCD FILE run0.dcd AT STEP 800
WRITING COORDINATES TO RESTART FILE AT STEP 800
FINISHED WRITING RESTART COORDINATES
The last position output (seq=800) takes 0.000 seconds, 1.291 MB of memory in use
WRITING VELOCITIES TO RESTART FILE AT STEP 800
FINISHED WRITING RESTART VELOCITIES
Info: Benchmark time: 1 CPUs 0.0100752 s/step 0.116611 days/ns 1.29072 MB memory
TIMING: 900  CPU: 9.14025, 0.0100729/step  Wall: 9.14487, 0.0100758/step, 0.000279884 hours remaining, 1.290720 MB of memory in use.
PERFORMANCE: 900  averaging 8.54659 ns/day, 0.0101093 sec/step with standard deviation 0.00023431
ENERGY:     900      1959.2171       533.3188         0.0000         0.0000        -250474.7565      4712.4185      1043.7809     -2334.4706      5047.5722        -239512.9195       316.9323   -244560.4917   -239450.0032       317.6407           4013.9812      2095.2307     56227.8601      2261.5075      2261.1084

WRITING EXTENDED SYSTEM TO RESTART FILE AT STEP 900
WRITING COORDINATES TO DCD FILE run0.dcd AT STEP 900
WRITING COORDINATES TO RESTART FILE AT STEP 900
FINISHED WRITING RESTART COORDINATES
The last position output (seq=900) takes 0.000 seconds, 1.291 MB of memory in use
WRITING VELOCITIES TO RESTART FILE AT STEP 900
FINISHED WRITING RESTART VELOCITIES
TIMING: 1000  CPU: 10.1479, 0.010077/step  Wall: 10.1529, 0.0100801/step, 0 hours remaining, 1.290720 MB of memory in use.
PERFORMANCE: 1000  averaging 8.54906 ns/day, 0.0101064 sec/step with standard deviation 0.000221103
ETITLE:      TS           BOND          ANGLE          DIHED          IMPRP               ELECT            VDW       BOUNDARY           MISC        KINETIC               TOTAL           TEMP      POTENTIAL         TOTAL3        TEMPAVG            PRESSURE      GPRESSURE         VOLUME       PRESSAVG      GPRESSAVG

ENERGY:    1000      1985.7333       529.3932         0.0000         0.0000        -250408.9053      4631.0793      1084.4000     -2387.7463      5046.0888        -239519.9570       316.8392   -244566.0458   -239456.5458       315.6299           3676.6177      2106.1435     56227.8601      2374.6894      2383.1095

WRITING EXTENDED SYSTEM TO RESTART FILE AT STEP 1000
WRITING COORDINATES TO DCD FILE run0.dcd AT STEP 1000
WRITING COORDINATES TO RESTART FILE AT STEP 1000
FINISHED WRITING RESTART COORDINATES
The last position output (seq=1000) takes 0.000 seconds, 1.291 MB of memory in use
WRITING VELOCITIES TO RESTART FILE AT STEP 1000
FINISHED WRITING RESTART VELOCITIES
WRITING EXTENDED SYSTEM TO OUTPUT FILE AT STEP 1000
CLOSING EXTENDED SYSTEM TRAJECTORY FILE
WRITING COORDINATES TO OUTPUT FILE AT STEP 1000
CLOSING COORDINATE DCD FILE run0.dcd
WRITING VELOCITIES TO OUTPUT FILE AT STEP 1000
====================================================

WallClock: 10.193186  CPUTime: 10.183870  Memory: 1.290720 MB
[Partition 0][Node 0] End of program
