Charm++> No provisioning arguments specified. Running with a single PE.
         Use +auto-provision to fully subscribe resources or +p1 to silence this message.
Charm++: standalone mode (not using charmrun)
Charm++> Running in Multicore mode: 1 threads (PEs)
Charm++> Using recursive bisection (scheme 3) for topology aware partitions
Converse/Charm++ Commit ID: 
CharmLB> Load balancer assumes all CPUs are same.
Charm++> Running on 1 hosts (1 sockets x 6 cores x 2 PUs = 12-way SMP)
Charm++> cpu topology info is gathered in 0.004 seconds.
CharmLB> Load balancing instrumentation for communication is off.
Info: NAMD 3.0.1 for Linux-x86_64-multicore
Info: 
Info: Please visit http://www.ks.uiuc.edu/Research/namd/
Info: for updates, documentation, and support information.
Info: 
Info: Please cite Phillips et al., J. Chem. Phys. 153:044130 (2020) doi:10.1063/5.0014475
Info: in all publications reporting results obtained with NAMD.
Info: 
Info: Based on Charm++/Converse 80000 for multicore-linux-x86_64-gcc
Info: Built Mon Oct 14 11:11:06 CDT 2024 by dhardy on athine.ks.uiuc.edu
Info: 1 NAMD  3.0.1  Linux-x86_64-multicore  1    pc1b-02  convidat
Info: Running on 1 processors, 1 nodes, 1 physical nodes.
Info: CPU topology information available.
Info: Charm++/Converse parallel runtime startup completed at 0.0168654 s
CkLoopLib is used in SMP with simple dynamic scheduling (converse-level notification)
Info: 25.8086 MB of memory in use based on /proc/self/stat
Info: Configuration file is eq0.namd
Info: Working in the current directory /home/samba/homes/convidat/Desktop/bionano-tutorial-files/4_current/4.2
TCL: Suspending until startup complete.
Warning: Option "1-4scaling" has been deprecated. Instead use "oneFourScaling".
Info: SIMULATION PARAMETERS:
Info: TIMESTEP               1
Info: NUMBER OF STEPS        201
Info: STEPS PER CYCLE        20
Info: PERIODIC CELL BASIS 1  34.1775 19.7324 0
Info: PERIODIC CELL BASIS 2  0 39.4648 0
Info: PERIODIC CELL BASIS 3  0 0 51
Info: PERIODIC CELL CENTER   0 0 0
Info: WRAPPING ALL CLUSTERS AROUND PERIODIC BOUNDARIES ON OUTPUT.
Info: WRAPPING TO IMAGE NEAREST TO PERIODIC CELL CENTER.
Info: LOAD BALANCER  Centralized
Info: LOAD BALANCING STRATEGY  New Load Balancers -- DEFAULT
Info: LDB PERIOD             4000 steps
Info: FIRST LDB TIMESTEP     100
Info: LAST LDB TIMESTEP     -1
Info: LDB BACKGROUND SCALING 1
Info: HOM BACKGROUND SCALING 1
Info: PME BACKGROUND SCALING 1
Info: MIN ATOMS PER PATCH    40
Info: EMPTY PATCH LOAD       40 ATOMS
Info: INITIAL TEMPERATURE    0
Info: CENTER OF MASS MOVING INITIALLY? NO
Info: DIELECTRIC             1
Info: EXCLUDE                SCALED ONE-FOUR
Info: 1-4 ELECTROSTATICS SCALED BY 1
Info: MODIFIED 1-4 VDW PARAMETERS WILL BE USED
Info: DCD FILENAME           eq0.dcd
Info: DCD FREQUENCY          100
Info: DCD FIRST STEP         100
Info: DCD FILE WILL CONTAIN UNIT CELL DATA
Info: XST FILENAME           eq0.xst
Info: XST FREQUENCY          100
Info: NO VELOCITY DCD OUTPUT
Info: NO FORCE DCD OUTPUT
Info: OUTPUT FILENAME        eq0
Info: BINARY OUTPUT FILES WILL BE USED
Info: RESTART FILENAME       eq0.restart
Info: RESTART FREQUENCY      100
Info: BINARY RESTART FILES WILL BE USED
Info: SWITCHING ACTIVE
Info: SWITCHING ON           10
Info: SWITCHING OFF          12
Info: PAIRLIST DISTANCE      12
Info: PAIRLIST SHRINK RATE   0.01
Info: PAIRLIST GROW RATE     0.01
Info: PAIRLIST TRIGGER       0.3
Info: PAIRLISTS PER CYCLE    2
Info: PAIRLISTS ENABLED
Info: MARGIN                 3
Info: HYDROGEN GROUP CUTOFF  2.5
Info: PATCH DIMENSION        17.5
Info: ENERGY OUTPUT STEPS    100
Info: ENERGY EVALUATION STEPS    100
Info: OUTPUT ENERGY PRECISION 4
Info: CROSSTERM ENERGY INCLUDED IN DIHEDRAL
Info: TIMING OUTPUT STEPS    100
Info: HARMONIC CONSTRAINTS ACTIVE
Info: HARMONIC CONS EXP      2
Info: CONJUGATE GRADIENT MINIMIZATION ACTIVE
Info: LINE MINIMIZATION GOAL = 0.001
Info: BABY STEP SIZE = 0.01
Info: TINY STEP SIZE = 1e-06
Info: PARTICLE MESH EWALD (PME) ACTIVE
Info: PME TOLERANCE               1e-06
Info: PME EWALD COEFFICIENT       0.257952
Info: PME INTERPOLATION ORDER     4
Info: PME GRID DIMENSIONS         48 48 64
Info: PME MAXIMUM GRID SPACING    1.5
Info: Attempting to read FFTW data from FFTW_NAMD_3.0.1_Linux-x86_64-multicore.txt
Info: Optimizing 6 FFT steps.  1... 2... 3... 4... 5... 6...   Done.
Info: Writing FFTW data to FFTW_NAMD_3.0.1_Linux-x86_64-multicore.txt
Info: FULL ELECTROSTATIC EVALUATION FREQUENCY      4
Info: USING VERLET I (r-RESPA) MTS SCHEME.
Info: C1 SPLITTING OF LONG RANGE ELECTROSTATICS
Info: PLACING ATOMS IN PATCHES BY HYDROGEN GROUPS
Info: NONBONDED FORCES EVALUATED EVERY 2 STEPS
Info: RANDOM NUMBER SEED     1750849167
Info: USE HYDROGEN BONDS?    NO
Info: COORDINATE PDB         poro_ion.pdb
Info: STRUCTURE FILE         poro_ion.psf
Info: PARAMETER file: CHARMM format! 
Info: PARAMETERS             cornell.prm
Info: PARAMETERS             par_silicon_ions_NEW5.inp
Info: USING ARITHMETIC MEAN TO COMBINE L-J SIGMA PARAMETERS
Info: SUMMARY OF PARAMETERS:
Info: 96 BONDS
Info: 229 ANGLES
Info: 81 DIHEDRAL
Info: 31 IMPROPER
Info: 0 CROSSTERM
Info: 62 VDW
Info: 0 VDW_PAIRS
Info: 0 NBTHOLE_PAIRS
Info: TIME FOR READING PSF FILE: 0.00704831
Info: Reading pdb file poro_ion.pdb
Info: TIME FOR READING PDB FILE: 0.00294952
Info: 
Info: ****************************
Info: STRUCTURE SUMMARY:
Info: 5343 ATOMS
Info: 5136 BONDS
Info: 7949 ANGLES
Info: 0 DIHEDRALS
Info: 0 IMPROPERS
Info: 0 CROSSTERMS
Info: 0 EXCLUSIONS
Info: 1814 CONSTRAINTS
Info: 16029 DEGREES OF FREEDOM
Info: 3121 HYDROGEN GROUPS
Info: 3 ATOMS IN LARGEST HYDROGEN GROUP
Info: 3121 MIGRATION GROUPS
Info: 3 ATOMS IN LARGEST MIGRATION GROUP
Info: TOTAL MASS = 63654.5 amu
Info: TOTAL CHARGE = 7.89165e-05 e
Info: MASS DENSITY = 1.53663 g/cm^3
Info: ATOM DENSITY = 0.0776721 atoms/A^3
Info: *****************************
Info: 
Info: Entering startup at 18.9118 s, 0.893422 MB of memory in use
Info: Startup phase 0 took 2.3986e-05 s, 0.893422 MB of memory in use
Info: ADDED 26745 IMPLICIT EXCLUSIONS
Info: Startup phase 1 took 0.00315134 s, 0.893422 MB of memory in use
Info: NONBONDED TABLE R-SQUARED SPACING: 0.0625
Info: NONBONDED TABLE SIZE: 769 POINTS
Info: INCONSISTENCY IN FAST TABLE ENERGY VS FORCE: 0.000325096 AT 11.9556
Info: INCONSISTENCY IN SCOR TABLE ENERGY VS FORCE: 0.000324844 AT 11.9556
Info: INCONSISTENCY IN VDWA TABLE ENERGY VS FORCE: 0.0040507 AT 0.251946
Info: INCONSISTENCY IN VDWB TABLE ENERGY VS FORCE: 0.00150189 AT 0.251946
Info: Startup phase 2 took 0.000672202 s, 0.893422 MB of memory in use
Info: Startup phase 3 took 2.0616e-05 s, 0.893422 MB of memory in use
Info: Startup phase 4 took 1.3205e-05 s, 0.893422 MB of memory in use
Info: Startup phase 5 took 1.9539e-05 s, 0.893422 MB of memory in use
Info: PATCH GRID IS 1 (PERIODIC) BY 1 (PERIODIC) BY 2 (PERIODIC)
Info: PATCH GRID IS 1-AWAY BY 1-AWAY BY 1-AWAY
Info: REMOVING COM VELOCITY 0 0 0
Info: LARGEST PATCH (0) HAS 2706 ATOMS
Info: TORUS A SIZE 1 USING 0
Info: TORUS B SIZE 1 USING 0
Info: TORUS C SIZE 1 USING 0
Info: TORUS MINIMAL MESH SIZE IS 1 BY 1 BY 1
Info: Placed 100% of base nodes on same physical node as patch
Info: Startup phase 6 took 0.00112138 s, 0.893422 MB of memory in use
Info: PME using 1 and 1 processors for FFT and reciprocal sum.
Info: PME GRID LOCATIONS: 0
Info: PME TRANS LOCATIONS: 0
Info: PME USING 1 GRID NODES AND 1 TRANS NODES
Info: Optimizing 4 FFT steps.  1... 2... 3... 4...   Done.
Info: Startup phase 7 took 0.000336366 s, 0.893422 MB of memory in use
Info: Startup phase 8 took 9.918e-06 s, 0.893422 MB of memory in use
Info: Startup phase 9 took 7.139e-06 s, 0.893422 MB of memory in use
Info: Startup phase 10 took 7.796e-06 s, 0.893422 MB of memory in use
Info: Startup phase 11 took 1.3309e-05 s, 0.893422 MB of memory in use
LDB: Central LB being created...
Info: Startup phase 12 took 1.4162e-05 s, 0.893422 MB of memory in use
Info: CREATING 47 COMPUTE OBJECTS
Info: Startup phase 13 took 0.000793258 s, 0.893422 MB of memory in use
Info: Startup phase 14 took 2.5532e-05 s, 0.893422 MB of memory in use
Info: Startup phase 15 took 9.18e-06 s, 0.893422 MB of memory in use
Info: Finished startup at 18.9181 s, 0.893422 MB of memory in use

ETITLE:      TS           BOND          ANGLE          DIHED          IMPRP               ELECT            VDW       BOUNDARY           MISC        KINETIC               TOTAL           TEMP      POTENTIAL         TOTAL3        TEMPAVG            PRESSURE      GPRESSURE         VOLUME       PRESSAVG      GPRESSAVG

ENERGY:       0      1373.6734       431.0234         0.0000         0.0000        -224522.0764 99999999999.9999         0.0000         0.0000         0.0000      99999999999.9999         0.0000 99999999999.9999 99999999999.9999         0.0000      99999999999.9999 99999999999.9999     68789.1793 99999999999.9999 99999999999.9999

OPENING EXTENDED SYSTEM TRAJECTORY FILE
MINIMIZER SLOWLY MOVING 226 ATOMS WITH BAD CONTACTS DOWNHILL
ENERGY:       1      1373.6734       431.0234         0.0000         0.0000        -224287.3252 606573205.8577         0.0000         0.0000         0.0000      606350723.2293         0.0000 606350723.2293 606350723.2293         0.0000      2451376197.1676 2516742127.9984     68789.1793 2451376197.1676 2516742127.9984

MINIMIZER SLOWLY MOVING 190 ATOMS WITH BAD CONTACTS DOWNHILL
ENERGY:       2      1373.6734       431.0234         0.0000         0.0000        -223603.1495  15518376.2635         0.0000         0.0000         0.0000       15296577.8109         0.0000  15296577.8109  15296577.8109         0.0000       62703435.5400  63901438.8162     68789.1793  62703435.5400  63901438.8162

MINIMIZER SLOWLY MOVING 148 ATOMS WITH BAD CONTACTS DOWNHILL
ENERGY:       3      1373.6734       431.0234         0.0000         0.0000        -222955.1029   1098531.4108         0.0000         0.0000         0.0000         877381.0047         0.0000    877381.0047    877381.0047         0.0000        4419061.6377   4476954.8564     68789.1793   4419061.6377   4476954.8564

MINIMIZER SLOWLY MOVING 113 ATOMS WITH BAD CONTACTS DOWNHILL
ENERGY:       4      1373.6734       431.0234         0.0000         0.0000        -222530.3709    189900.6458         0.0000         0.0000         0.0000         -30825.0283         0.0000    -30825.0283    -30825.0283         0.0000         744159.7040    748159.4735     68789.1793    744159.7040    748159.4735

MINIMIZER SLOWLY MOVING 77 ATOMS WITH BAD CONTACTS DOWNHILL
ENERGY:       5      1373.6734       431.0234         0.0000         0.0000        -222423.3287     82156.8119         0.0000         0.0000         0.0000        -138461.8200         0.0000   -138461.8200   -138461.8200         0.0000         307716.3457    307030.7652     68789.1793    307716.3457    307030.7652

MINIMIZER SLOWLY MOVING 37 ATOMS WITH BAD CONTACTS DOWNHILL
ENERGY:       6      1373.6734       431.0234         0.0000         0.0000        -222410.2779     63643.0113         0.0000         0.0000         0.0000        -156962.5698         0.0000   -156962.5698   -156962.5698         0.0000         232573.7264    231588.1144     68789.1793    232573.7264    231588.1144

MINIMIZER SLOWLY MOVING 11 ATOMS WITH BAD CONTACTS DOWNHILL
ENERGY:       7      1373.6734       431.0234         0.0000         0.0000        -222379.5390     60033.8071         0.0000         0.0000         0.0000        -160541.0351         0.0000   -160541.0351   -160541.0351         0.0000         217902.6603    216667.7095     68789.1793    217902.6603    216667.7095

MINIMIZER SLOWLY MOVING 2 ATOMS WITH BAD CONTACTS DOWNHILL
ENERGY:       8      1373.6734       431.0234         0.0000         0.0000        -222375.6945     59652.9440         0.0000         0.0000         0.0000        -160918.0537         0.0000   -160918.0537   -160918.0537         0.0000         216349.9736    215099.2199     68789.1793    216349.9736    215099.2199

MINIMIZER STARTING CONJUGATE GRADIENT ALGORITHM
LINE MINIMIZER REDUCING GRADIENT FROM 6.25445e+08 TO 625445
ENERGY:       9      1236.6072       407.0672         0.0000         0.0000        -222532.0540     40769.9253         0.0244         0.0000         0.0000        -180118.4299         0.0000   -180118.4299   -180118.4299         0.0000         139471.6774    137523.4181     68789.1793    139471.6774    137523.4181

ETITLE:      TS           BOND          ANGLE          DIHED          IMPRP               ELECT            VDW       BOUNDARY           MISC        KINETIC               TOTAL           TEMP      POTENTIAL         TOTAL3        TEMPAVG            PRESSURE      GPRESSURE         VOLUME       PRESSAVG      GPRESSAVG

ENERGY:      10      1121.1310       386.6183         0.0000         0.0000        -222675.0058     31290.8082         0.0975         0.0000         0.0000        -189876.3508         0.0000   -189876.3508   -189876.3508         0.0000         100859.0197     98237.6844     68789.1793    100859.0197     98237.6844

ENERGY:      11      1027.2010       369.6969         0.0000         0.0000        -222812.0262     27112.7048         0.2193         0.0000         0.0000        -194302.2042         0.0000   -194302.2042   -194302.2042         0.0000          83890.5446     80878.2829     68789.1793     83890.5446     80878.2829

ENERGY:      12       954.7719       356.3231         0.0000         0.0000        -222950.3192     27049.4425         0.3899         0.0000         0.0000        -194589.3919         0.0000   -194589.3919   -194589.3919         0.0000          83723.0624     80545.4198     68789.1793     83723.0624     80545.4198

ENERGY:      13       903.7967       346.5179         0.0000         0.0000        -223091.5332     32179.2061         0.6092         0.0000         0.0000        -189661.4033         0.0000   -189661.4033   -189661.4033         0.0000         104694.4467    101655.3487     68789.1793    104694.4467    101655.3487

LINE MINIMIZER BRACKET: DX 4.28215e-05 4.28215e-05 DU -287.188 4927.99 DUDX -5.45344e+07 4.47748e+07 2.02828e+08 
ENERGY:      14       983.6297       361.7016         0.0000         0.0000        -222889.8618     26560.6445         0.3097         0.0000         0.0000        -194983.5763         0.0000   -194983.5763   -194983.5763         0.0000          81690.1329     78552.9190     68789.1793     81690.1329     78552.9190

LINE MINIMIZER BRACKET: DX 2.42e-05 1.86215e-05 DU -681.372 394.184 DUDX -5.45344e+07 -1.23747e+06 4.47748e+07 
ENERGY:      15       980.5612       361.1334         0.0000         0.0000        -222895.8828     26571.9947         0.3173         0.0000         0.0000        -194981.8760         0.0000   -194981.8760   -194981.8760         0.0000          81740.4731     78596.8626     68789.1793     81740.4731     78596.8626

LINE MINIMIZER BRACKET: DX 2.42e-05 1.86215e-06 DU -681.372 1.70022 DUDX -5.45344e+07 -1.23747e+06 3.07104e+06 
ENERGY:      16       982.7427       361.5374         0.0000         0.0000        -222891.5940     26563.0930         0.3119         0.0000         0.0000        -194983.9089         0.0000   -194983.9089   -194983.9089         0.0000          81701.3023     78562.1978     68789.1793     81701.3023     78562.1978

LINE MINIMIZER BRACKET: DX 5.3577e-07 1.32638e-06 DU -0.332667 2.03289 DUDX -1.23747e+06 -2768.05 3.07104e+06 
MINIMIZER RESTARTING CONJUGATE GRADIENT ALGORITHM
LINE MINIMIZER REDUCING GRADIENT FROM 3.46101e+08 TO 346101
ENERGY:      17       967.4581       358.8143         0.0000         0.0000        -222926.7860     23949.4595         0.3489         0.0000         0.0000        -197650.7052         0.0000   -197650.7052   -197650.7052         0.0000          71102.8525     67484.0140     68789.1793     71102.8525     67484.0140

ENERGY:      18       953.1711       356.3025         0.0000         0.0000        -222964.6806     22700.7675         0.3881         0.0000         0.0000        -198954.0514         0.0000   -198954.0514   -198954.0514         0.0000          66048.4474     62212.8776     68789.1793     66048.4474     62212.8776

ENERGY:      19       939.8810       354.0022         0.0000         0.0000        -223005.0403     22001.7501         0.4297         0.0000         0.0000        -199708.9774         0.0000   -199708.9774   -199708.9774         0.0000          63232.5684     59223.0528     68789.1793     63232.5684     59223.0528

LDB: ============= START OF LOAD BALANCING ============== 19.4328
LDB: ============== END OF LOAD BALANCING =============== 19.4328
LDB: =============== DONE WITH MIGRATION ================ 19.4328
MINIMIZER RESTARTING CONJUGATE GRADIENT ALGORITHM DUE TO POOR PROGRESS
LINE MINIMIZER REDUCING GRADIENT FROM 4.77697e+07 TO 47769.7
ETITLE:      TS           BOND          ANGLE          DIHED          IMPRP               ELECT            VDW       BOUNDARY           MISC        KINETIC               TOTAL           TEMP      POTENTIAL         TOTAL3        TEMPAVG            PRESSURE      GPRESSURE         VOLUME       PRESSAVG      GPRESSAVG

ENERGY:      20       873.5322       341.6530         0.0000         0.0000        -223301.2493     19258.6612         0.7736         0.0000         0.0000        -202826.6294         0.0000   -202826.6294   -202826.6294         0.0000          52257.4521     47690.4536     68789.1793     52257.4521     47690.4536

ENERGY:      21       850.9083       339.1088         0.0000         0.0000        -223594.1447     17449.1502         1.2244         0.0000         0.0000        -204953.7530         0.0000   -204953.7530   -204953.7530         0.0000          45050.9308     39937.7373     68789.1793     45050.9308     39937.7373

ENERGY:      22       871.8294       346.4299         0.0000         0.0000        -223883.3438     16326.8825         1.7823         0.0000         0.0000        -206336.4197         0.0000   -206336.4197   -206336.4197         0.0000          40609.6501     35014.9788     68789.1793     40609.6501     35014.9788

MINIMIZER RESTARTING CONJUGATE GRADIENT ALGORITHM DUE TO POOR PROGRESS
LINE MINIMIZER REDUCING GRADIENT FROM 2.46812e+07 TO 24681.2
ENERGY:      23       855.7709       344.8491         0.0000         0.0000        -224055.5481     15290.2182         2.2138         0.0000         0.0000        -207562.4962         0.0000   -207562.4962   -207562.4962         0.0000          36407.1762     30446.6327     68789.1793     36407.1762     30446.6327

ENERGY:      24       856.0306       347.3422         0.0000         0.0000        -224228.6271     14588.6549         2.6951         0.0000         0.0000        -208433.9043         0.0000   -208433.9043   -208433.9043         0.0000          33548.8122     27297.4621     68789.1793     33548.8122     27297.4621

MINIMIZER RESTARTING CONJUGATE GRADIENT ALGORITHM DUE TO POOR PROGRESS
LINE MINIMIZER REDUCING GRADIENT FROM 1.21117e+07 TO 12111.7
ENERGY:      25       893.6529       363.6963         0.0000         0.0000        -224938.8287     12839.9871         4.8029         0.0000         0.0000        -210836.6895         0.0000   -210836.6895   -210836.6895         0.0000          26303.7899     19217.7127     68789.1793     26303.7899     19217.7127

ENERGY:      26      1106.8258       429.3181         0.0000         0.0000        -225632.3077     11502.3077         7.5444         0.0000         0.0000        -212586.3117         0.0000   -212586.3117   -212586.3117         0.0000          20443.0030     12892.9572     68789.1793     20443.0030     12892.9572

MINIMIZER RESTARTING CONJUGATE GRADIENT ALGORITHM DUE TO POOR PROGRESS
LINE MINIMIZER REDUCING GRADIENT FROM 7.32057e+06 TO 7320.57
ENERGY:      27       959.6368       415.1664         0.0000         0.0000        -226056.2051     10850.4436         9.8204         0.0000         0.0000        -213821.1378         0.0000   -213821.1378   -213821.1378         0.0000          17664.6525      9752.2965     68789.1793     17664.6525      9752.2965

ENERGY:      28       887.7867       415.6749         0.0000         0.0000        -226476.1069     10408.4505        12.4136         0.0000         0.0000        -214751.7812         0.0000   -214751.7812   -214751.7812         0.0000          15610.3089      7492.2944     68789.1793     15610.3089      7492.2944

MINIMIZER RESTARTING CONJUGATE GRADIENT ALGORITHM DUE TO POOR PROGRESS
LINE MINIMIZER REDUCING GRADIENT FROM 5.69455e+06 TO 5694.55
ENERGY:      29       864.7701       420.7120         0.0000         0.0000        -226778.0497      9971.6528        14.3275         0.0000         0.0000        -215506.5873         0.0000   -215506.5873   -215506.5873         0.0000          13626.2567      5352.7470     68789.1793     13626.2567      5352.7470

ETITLE:      TS           BOND          ANGLE          DIHED          IMPRP               ELECT            VDW       BOUNDARY           MISC        KINETIC               TOTAL           TEMP      POTENTIAL         TOTAL3        TEMPAVG            PRESSURE      GPRESSURE         VOLUME       PRESSAVG      GPRESSAVG

ENERGY:      30       852.7694       429.2580         0.0000         0.0000        -227076.7676      9650.2517        16.3870         0.0000         0.0000        -216128.1015         0.0000   -216128.1015   -216128.1015         0.0000          12072.0944      3707.7653     68789.1793     12072.0944      3707.7653

MINIMIZER RESTARTING CONJUGATE GRADIENT ALGORITHM DUE TO POOR PROGRESS
LINE MINIMIZER REDUCING GRADIENT FROM 3.96278e+06 TO 3962.78
ENERGY:      31       817.4903       441.0818         0.0000         0.0000        -227877.6421      8864.9273        22.7459         0.0000         0.0000        -217731.3967         0.0000   -217731.3967   -217731.3967         0.0000           8250.6122      -320.6919     68789.1793      8250.6122      -320.6919

ENERGY:      32       839.5851       472.4661         0.0000         0.0000        -228659.0998      8249.9930        30.2023         0.0000         0.0000        -219066.8533         0.0000   -219066.8533   -219066.8533         0.0000           4815.3403     -3590.1876     68789.1793      4815.3403     -3590.1876

MINIMIZER RESTARTING CONJUGATE GRADIENT ALGORITHM DUE TO POOR PROGRESS
LINE MINIMIZER REDUCING GRADIENT FROM 3.78659e+06 TO 3786.59
ENERGY:      33       821.6692       470.7318         0.0000         0.0000        -228842.0639      8043.9998        32.1927         0.0000         0.0000        -219473.4705         0.0000   -219473.4705   -219473.4705         0.0000           3989.2546     -4623.1808     68789.1793      3989.2546     -4623.1808

ENERGY:      34       810.5359       470.6668         0.0000         0.0000        -229023.3090      7890.5412        34.2517         0.0000         0.0000        -219817.3135         0.0000   -219817.3135   -219817.3135         0.0000           3357.7630     -5423.4371     68789.1793      3357.7630     -5423.4371

MINIMIZER RESTARTING CONJUGATE GRADIENT ALGORITHM DUE TO POOR PROGRESS
LINE MINIMIZER REDUCING GRADIENT FROM 2.5508e+06 TO 2550.8
ENERGY:      35       754.0556       466.0185         0.0000         0.0000        -229587.6150      7481.1011        41.0334         0.0000         0.0000        -220845.4063         0.0000   -220845.4063   -220845.4063         0.0000           1525.3222     -7602.2215     68789.1793      1525.3222     -7602.2215

ENERGY:      36       767.5848       469.6491         0.0000         0.0000        -230143.5904      7114.8721        48.4752         0.0000         0.0000        -221743.0092         0.0000   -221743.0092   -221743.0092         0.0000           -339.6289     -9582.6117     68789.1793      -339.6289     -9582.6117

MINIMIZER RESTARTING CONJUGATE GRADIENT ALGORITHM DUE TO POOR PROGRESS
LINE MINIMIZER REDUCING GRADIENT FROM 2.16494e+06 TO 2164.94
ENERGY:      37       757.7230       467.9478         0.0000         0.0000        -230432.7626      6913.6155        52.5123         0.0000         0.0000        -222240.9640         0.0000   -222240.9640   -222240.9640         0.0000          -1292.5413    -10642.7391     68789.1793     -1292.5413    -10642.7391

ENERGY:      38       758.8018       468.2606         0.0000         0.0000        -230719.4889      6738.7985        56.7272         0.0000         0.0000        -222696.9009         0.0000   -222696.9009   -222696.9009         0.0000          -2189.7466    -11589.3073     68789.1793     -2189.7466    -11589.3073

MINIMIZER RESTARTING CONJUGATE GRADIENT ALGORITHM DUE TO POOR PROGRESS
LINE MINIMIZER REDUCING GRADIENT FROM 1.76816e+06 TO 1768.16
ENERGY:      39       718.9317       458.5173         0.0000         0.0000        -231207.7951      6454.7716        64.5969         0.0000         0.0000        -223510.9775         0.0000   -223510.9775   -223510.9775         0.0000          -3598.9602    -13147.7458     68789.1793     -3598.9602    -13147.7458

ETITLE:      TS           BOND          ANGLE          DIHED          IMPRP               ELECT            VDW       BOUNDARY           MISC        KINETIC               TOTAL           TEMP      POTENTIAL         TOTAL3        TEMPAVG            PRESSURE      GPRESSURE         VOLUME       PRESSAVG      GPRESSAVG

ENERGY:      40       745.0568       458.7906         0.0000         0.0000        -231688.6208      6202.9806        73.0332         0.0000         0.0000        -224208.7596         0.0000   -224208.7596   -224208.7596         0.0000          -5069.9359    -14556.9350     68789.1793     -5069.9359    -14556.9350

MINIMIZER RESTARTING CONJUGATE GRADIENT ALGORITHM DUE TO POOR PROGRESS
LINE MINIMIZER REDUCING GRADIENT FROM 1.60697e+06 TO 1606.97
ENERGY:      41       728.1515       453.6542         0.0000         0.0000        -231932.0832      6072.5869        77.3222         0.0000         0.0000        -224600.3684         0.0000   -224600.3684   -224600.3684         0.0000          -5648.9435    -15276.6191     68789.1793     -5648.9435    -15276.6191

ENERGY:      42       729.2918       451.8133         0.0000         0.0000        -232173.4741      5958.0226        81.7510         0.0000         0.0000        -224952.5954         0.0000   -224952.5954   -224952.5954         0.0000          -6213.0725    -15925.8908     68789.1793     -6213.0725    -15925.8908

MINIMIZER RESTARTING CONJUGATE GRADIENT ALGORITHM DUE TO POOR PROGRESS
LINE MINIMIZER REDUCING GRADIENT FROM 1.37529e+06 TO 1375.29
ENERGY:      43       720.3193       444.9539         0.0000         0.0000        -232450.5056      5821.8579        87.1091         0.0000         0.0000        -225376.2653         0.0000   -225376.2653   -225376.2653         0.0000          -6912.1171    -16697.0198     68789.1793     -6912.1171    -16697.0198

ENERGY:      44       728.4212       442.6325         0.0000         0.0000        -232724.6177      5706.4706        92.6638         0.0000         0.0000        -225754.4295         0.0000   -225754.4295   -225754.4295         0.0000          -7591.0467    -17375.6425     68789.1793     -7591.0467    -17375.6425

MINIMIZER RESTARTING CONJUGATE GRADIENT ALGORITHM DUE TO POOR PROGRESS
LINE MINIMIZER REDUCING GRADIENT FROM 1.28958e+06 TO 1289.58
ENERGY:      45       698.3827       434.0413         0.0000         0.0000        -233057.2447      5557.8811        99.5145         0.0000         0.0000        -226267.4251         0.0000   -226267.4251   -226267.4251         0.0000          -8269.5579    -18213.9660     68789.1793     -8269.5579    -18213.9660

ENERGY:      46       769.9900       442.4266         0.0000         0.0000        -233384.5242      5454.5032       106.6520         0.0000         0.0000        -226610.9524         0.0000   -226610.9524   -226610.9524         0.0000          -8922.0001    -18851.9481     68789.1793     -8922.0001    -18851.9481

ENERGY:      47       944.4754       468.3861         0.0000         0.0000        -233706.5315      5399.0601       114.0762         0.0000         0.0000        -226780.5336         0.0000   -226780.5336   -226780.5336         0.0000          -9538.0418    -19275.3552     68789.1793     -9538.0418    -19275.3552

ENERGY:      48      1220.7766       516.5910         0.0000         0.0000        -234023.2940      5406.4945       121.7874         0.0000         0.0000        -226757.6446         0.0000   -226757.6446   -226757.6446         0.0000         -10056.6969    -19415.4527     68789.1793    -10056.6969    -19415.4527

LINE MINIMIZER BRACKET: DX 0.000464981 0.000464981 DU -169.581 22.889 DUDX -555638 -167447 280431 
ENERGY:      49      1039.3901       483.8292         0.0000         0.0000        -233829.5578      5393.1958       117.0219         0.0000         0.0000        -226796.1208         0.0000   -226796.1208   -226796.1208         0.0000          -9755.3271    -19369.0069     68789.1793     -9755.3271    -19369.0069

LINE MINIMIZER BRACKET: DX 0.000179671 0.00028531 DU -15.5872 38.4762 DUDX -167447 -4311.37 280431 
ETITLE:      TS           BOND          ANGLE          DIHED          IMPRP               ELECT            VDW       BOUNDARY           MISC        KINETIC               TOTAL           TEMP      POTENTIAL         TOTAL3        TEMPAVG            PRESSURE      GPRESSURE         VOLUME       PRESSAVG      GPRESSAVG

ENERGY:      50      1055.8539       486.6097         0.0000         0.0000        -233849.0232      5393.2018       117.4936         0.0000         0.0000        -226795.8642         0.0000   -226795.8642   -226795.8642         0.0000          -9788.1943    -19379.6513     68789.1793     -9788.1943    -19379.6513

LINE MINIMIZER BRACKET: DX 0.000179671 2.8531e-05 DU -15.5872 0.256541 DUDX -167447 -4311.37 22569.1 
ENERGY:      51      1042.0323       484.2733         0.0000         0.0000        -233832.7137      5393.1784       117.0982         0.0000         0.0000        -226796.1315         0.0000   -226796.1315   -226796.1315         0.0000          -9760.6888    -19370.8165     68789.1793     -9760.6888    -19370.8165

LINE MINIMIZER BRACKET: DX 4.62329e-06 2.39077e-05 DU -0.010713 0.267254 DUDX -4311.37 24.056 22569.1 
MINIMIZER RESTARTING CONJUGATE GRADIENT ALGORITHM
LINE MINIMIZER REDUCING GRADIENT FROM 4.85645e+06 TO 4856.45
ENERGY:      52      1011.5060       477.2654         0.0000         0.0000        -233882.3269      5252.0151       118.6639         0.0000         0.0000        -227022.8765         0.0000   -227022.8765   -227022.8765         0.0000         -10274.2879    -19996.5741     68789.1793    -10274.2879    -19996.5741

ENERGY:      53       990.4614       471.1687         0.0000         0.0000        -233933.5638      5182.1355       120.2425         0.0000         0.0000        -227169.5556         0.0000   -227169.5556   -227169.5556         0.0000         -10505.4342    -20324.9498     68789.1793    -10505.4342    -20324.9498

ENERGY:      54       978.8070       466.0388         0.0000         0.0000        -233986.1103      5153.2323       121.8340         0.0000         0.0000        -227266.1982         0.0000   -227266.1982   -227266.1982         0.0000         -10577.8029    -20488.5338     68789.1793    -10577.8029    -20488.5338

MINIMIZER RESTARTING CONJUGATE GRADIENT ALGORITHM DUE TO POOR PROGRESS
LINE MINIMIZER REDUCING GRADIENT FROM 2.40036e+06 TO 2400.36
ENERGY:      55       963.8377       463.4552         0.0000         0.0000        -234070.0946      5132.6035       123.9264         0.0000         0.0000        -227386.2718         0.0000   -227386.2718   -227386.2718         0.0000         -10686.5247    -20643.0845     68789.1793    -10686.5247    -20643.0845

ENERGY:      56       957.1152       461.3470         0.0000         0.0000        -234153.8718      5132.3579       126.0412         0.0000         0.0000        -227477.0106         0.0000   -227477.0106   -227477.0106         0.0000         -10723.3086    -20722.5778     68789.1793    -10723.3086    -20722.5778

ENERGY:      57       958.6984       459.6815         0.0000         0.0000        -234237.7586      5165.1299       128.1782         0.0000         0.0000        -227526.0707         0.0000   -227526.0707   -227526.0707         0.0000         -10636.8252    -20684.7229     68789.1793    -10636.8252    -20684.7229

ENERGY:      58       968.6230       458.4366         0.0000         0.0000        -234322.2086      5256.0035       130.3374         0.0000         0.0000        -227508.8080         0.0000   -227508.8080   -227508.8080         0.0000         -10325.1704    -20445.4244     68789.1793    -10325.1704    -20445.4244

LINE MINIMIZER BRACKET: DX 0.000157475 0.000157475 DU -49.0601 17.2627 DUDX -461720 -136522 405648 
ENERGY:      59       960.6139       459.2948         0.0000         0.0000        -234261.0985      5182.9808       128.7747         0.0000         0.0000        -227529.4344         0.0000   -227529.4344   -227529.4344         0.0000         -10579.1702    -20643.6618     68789.1793    -10579.1702    -20643.6618

LINE MINIMIZER BRACKET: DX 4.3671e-05 0.000113804 DU -3.36364 20.6264 DUDX -136522 -14586.2 405648 
ETITLE:      TS           BOND          ANGLE          DIHED          IMPRP               ELECT            VDW       BOUNDARY           MISC        KINETIC               TOTAL           TEMP      POTENTIAL         TOTAL3        TEMPAVG            PRESSURE      GPRESSURE         VOLUME       PRESSAVG      GPRESSAVG

ENERGY:      60       961.2185       459.1993         0.0000         0.0000        -234267.1891      5188.4373       128.9305         0.0000         0.0000        -227529.4035         0.0000   -227529.4035   -227529.4035         0.0000         -10561.0018    -20630.1696     68789.1793    -10561.0018    -20630.1696

LINE MINIMIZER BRACKET: DX 4.3671e-05 1.13804e-05 DU -3.36364 0.0308681 DUDX -136522 -14586.2 20241.6 
ENERGY:      61       960.8635       459.2542         0.0000         0.0000        -234263.6664      5185.2381       128.8404         0.0000         0.0000        -227529.4702         0.0000   -227529.4702   -227529.4702         0.0000         -10571.6901    -20638.1330     68789.1793    -10571.6901    -20638.1330

LINE MINIMIZER BRACKET: DX 4.79796e-06 6.58239e-06 DU -0.0358192 0.0666873 DUDX -14586.2 -72.5028 20241.6 
LINE MINIMIZER REDUCING GRADIENT FROM 2.10963e+06 TO 2109.63
ENERGY:      62       962.3508       458.2137         0.0000         0.0000        -234346.8373      5155.7526       131.0535         0.0000         0.0000        -227639.4667         0.0000   -227639.4667   -227639.4667         0.0000         -10735.1796    -20801.8661     68789.1793    -10735.1796    -20801.8661

ENERGY:      63       964.9410       457.4544         0.0000         0.0000        -234429.7014      5134.4604       133.2901         0.0000         0.0000        -227739.5554         0.0000   -227739.5554   -227739.5554         0.0000         -10872.5061    -20931.7638     68789.1793    -10872.5061    -20931.7638

MINIMIZER RESTARTING CONJUGATE GRADIENT ALGORITHM DUE TO POOR PROGRESS
LINE MINIMIZER REDUCING GRADIENT FROM 1.92237e+06 TO 1922.37
ENERGY:      64       858.7664       446.1589         0.0000         0.0000        -234520.2521      5038.7625       135.7493         0.0000         0.0000        -228040.8150         0.0000   -228040.8150   -228040.8150         0.0000         -11260.9667    -21349.5146     68789.1793    -11260.9667    -21349.5146

ENERGY:      65       799.0536       443.1562         0.0000         0.0000        -234610.6202      4978.2868       138.2371         0.0000         0.0000        -228251.8865         0.0000   -228251.8865   -228251.8865         0.0000         -11552.2603    -21633.0691     68789.1793    -11552.2603    -21633.0691

ENERGY:      66       787.0728       445.5361         0.0000         0.0000        -234700.8021      4942.9885       140.7536         0.0000         0.0000        -228384.4511         0.0000   -228384.4511   -228384.4511         0.0000         -11787.6783    -21816.8788     68789.1793    -11787.6783    -21816.8788

MINIMIZER RESTARTING CONJUGATE GRADIENT ALGORITHM DUE TO POOR PROGRESS
LINE MINIMIZER REDUCING GRADIENT FROM 1.70629e+06 TO 1706.29
ENERGY:      67       764.4842       431.6191         0.0000         0.0000        -234785.1265      4887.5912       142.8182         0.0000         0.0000        -228558.6138         0.0000   -228558.6138   -228558.6138         0.0000         -12021.5120    -22125.2639     68789.1793    -12021.5120    -22125.2639

ENERGY:      68       752.9265       420.9533         0.0000         0.0000        -234869.2491      4873.2898       144.9023         0.0000         0.0000        -228677.1771         0.0000   -228677.1771   -228677.1771         0.0000         -12102.1996    -22261.5499     68789.1793    -12102.1996    -22261.5499

ENERGY:      69       752.3257       413.4622         0.0000         0.0000        -234953.2385      4887.0890       147.0057         0.0000         0.0000        -228753.3558         0.0000   -228753.3558   -228753.3558         0.0000         -12082.9695    -22286.0182     68789.1793    -12082.9695    -22286.0182

MINIMIZER RESTARTING CONJUGATE GRADIENT ALGORITHM DUE TO POOR PROGRESS
LINE MINIMIZER REDUCING GRADIENT FROM 1.25285e+06 TO 1252.85
ETITLE:      TS           BOND          ANGLE          DIHED          IMPRP               ELECT            VDW       BOUNDARY           MISC        KINETIC               TOTAL           TEMP      POTENTIAL         TOTAL3        TEMPAVG            PRESSURE      GPRESSURE         VOLUME       PRESSAVG      GPRESSAVG

ENERGY:      70       717.3992       412.3496         0.0000         0.0000        -235044.1095      4793.2129       149.4919         0.0000         0.0000        -228971.6559         0.0000   -228971.6559   -228971.6559         0.0000         -12448.5131    -22685.5066     68789.1793    -12448.5131    -22685.5066

ENERGY:      71       700.9662       412.3430         0.0000         0.0000        -235135.9939      4736.4313       152.0051         0.0000         0.0000        -229134.2482         0.0000   -229134.2482   -229134.2482         0.0000         -12685.4702    -22959.1374     68789.1793    -12685.4702    -22959.1374

MINIMIZER RESTARTING CONJUGATE GRADIENT ALGORITHM DUE TO POOR PROGRESS
LINE MINIMIZER REDUCING GRADIENT FROM 767736 TO 767.736
ENERGY:      72       694.5464       406.1895         0.0000         0.0000        -235291.7116      4691.2763       156.4386         0.0000         0.0000        -229343.2609         0.0000   -229343.2609   -229343.2609         0.0000         -12950.9229    -23261.5263     68789.1793    -12950.9229    -23261.5263

ENERGY:      73       693.0655       401.4025         0.0000         0.0000        -235446.8506      4657.2558       160.9555         0.0000         0.0000        -229534.1714         0.0000   -229534.1714   -229534.1714         0.0000         -13199.7127    -23524.5194     68789.1793    -13199.7127    -23524.5194

MINIMIZER RESTARTING CONJUGATE GRADIENT ALGORITHM DUE TO POOR PROGRESS
LINE MINIMIZER REDUCING GRADIENT FROM 675885 TO 675.885
ENERGY:      74       669.4227       389.9300         0.0000         0.0000        -235649.1866      4575.1241       166.9773         0.0000         0.0000        -229847.7326         0.0000   -229847.7326   -229847.7326         0.0000         -13549.9320    -23981.2568     68789.1793    -13549.9320    -23981.2568

ENERGY:      75       683.8577       384.4509         0.0000         0.0000        -235851.3863      4505.0238       173.1459         0.0000         0.0000        -230104.9079         0.0000   -230104.9079   -230104.9079         0.0000         -13927.7713    -24393.0519     68789.1793    -13927.7713    -24393.0519

MINIMIZER RESTARTING CONJUGATE GRADIENT ALGORITHM DUE TO POOR PROGRESS
LINE MINIMIZER REDUCING GRADIENT FROM 642185 TO 642.185
ENERGY:      76       661.4168       375.2959         0.0000         0.0000        -236050.5939      4440.2197       179.2231         0.0000         0.0000        -230394.4385         0.0000   -230394.4385   -230394.4385         0.0000         -14236.7751    -24783.1209     68789.1793    -14236.7751    -24783.1209

ENERGY:      77       720.5186       380.6324         0.0000         0.0000        -236249.3535      4383.3865       185.4425         0.0000         0.0000        -230579.3736         0.0000   -230579.3736   -230579.3736         0.0000         -14623.6750    -25138.4626     68789.1793    -14623.6750    -25138.4626

ENERGY:      78       848.7411       412.2383         0.0000         0.0000        -236447.2999      4334.1337       191.8040         0.0000         0.0000        -230660.3829         0.0000   -230660.3829   -230660.3829         0.0000         -15085.8905    -25459.8506     68789.1793    -15085.8905    -25459.8506

ENERGY:      79      1026.3408       490.4319         0.0000         0.0000        -236644.1031      4292.5800       198.3076         0.0000         0.0000        -230636.4428         0.0000   -230636.4428   -230636.4428         0.0000         -15616.1605    -25745.7011     68789.1793    -15616.1605    -25745.7011

LINE MINIMIZER BRACKET: DX 0.000533648 0.000533648 DU -81.0092 23.9401 DUDX -249485 -53204.8 132449 
ETITLE:      TS           BOND          ANGLE          DIHED          IMPRP               ELECT            VDW       BOUNDARY           MISC        KINETIC               TOTAL           TEMP      POTENTIAL         TOTAL3        TEMPAVG            PRESSURE      GPRESSURE         VOLUME       PRESSAVG      GPRESSAVG

ENERGY:      80       893.1063       427.9069         0.0000         0.0000        -236500.8120      4322.0857       193.5542         0.0000         0.0000        -230664.1590         0.0000   -230664.1590   -230664.1590         0.0000         -15223.4298    -25541.0088     68789.1793    -15223.4298    -25541.0088

LINE MINIMIZER BRACKET: DX 0.000144763 0.000388885 DU -3.77615 27.7163 DUDX -53204.8 1060.24 132449 
ENERGY:      81       888.5175       426.1685         0.0000         0.0000        -236495.4651      4323.2649       193.3787         0.0000         0.0000        -230664.1355         0.0000   -230664.1355   -230664.1355         0.0000         -15209.4559    -25533.0132     68789.1793    -15209.4559    -25533.0132

LINE MINIMIZER BRACKET: DX 1.44763e-05 0.000388885 DU -0.0235165 27.7163 DUDX -4373.96 1060.24 132449 
ENERGY:      82       892.1976       427.5605         0.0000         0.0000        -236499.7566      4322.3181       193.5195         0.0000         0.0000        -230664.1609         0.0000   -230664.1609   -230664.1609         0.0000         -15220.6678    -25539.4331     68789.1793    -15220.6678    -25539.4331

LINE MINIMIZER BRACKET: DX 1.16178e-05 2.85846e-06 DU -0.025418 0.0019015 DUDX -4373.96 -12.7152 1060.24 
LINE MINIMIZER REDUCING GRADIENT FROM 1.93967e+06 TO 1939.67
ENERGY:      83       817.7818       415.8734         0.0000         0.0000        -236685.0646      4255.3634       200.0838         0.0000         0.0000        -230995.9622         0.0000   -230995.9622   -230995.9622         0.0000         -15474.0227    -25928.9625     68789.1793    -15474.0227    -25928.9625

ENERGY:      84       771.9342       406.8551         0.0000         0.0000        -236868.8474      4198.4182       206.7950         0.0000         0.0000        -231284.8448         0.0000   -231284.8448   -231284.8448         0.0000         -15752.0955    -26275.5343     68789.1793    -15752.0955    -26275.5343

MINIMIZER RESTARTING CONJUGATE GRADIENT ALGORITHM DUE TO POOR PROGRESS
LINE MINIMIZER REDUCING GRADIENT FROM 1.18472e+06 TO 1184.72
ENERGY:      85       754.3054       403.1116         0.0000         0.0000        -236909.1018      4183.0044       208.3341         0.0000         0.0000        -231360.3462         0.0000   -231360.3462   -231360.3462         0.0000         -15714.2458    -26363.5664     68789.1793    -15714.2458    -26363.5664

ENERGY:      86       742.3998       399.9935         0.0000         0.0000        -236949.6273      4171.6872       209.8816         0.0000         0.0000        -231425.6651         0.0000   -231425.6651   -231425.6651         0.0000         -15666.4847    -26435.7629     68789.1793    -15666.4847    -26435.7629

MINIMIZER RESTARTING CONJUGATE GRADIENT ALGORITHM DUE TO POOR PROGRESS
LINE MINIMIZER REDUCING GRADIENT FROM 991015 TO 991.015
ENERGY:      87       739.2861       398.4838         0.0000         0.0000        -236998.5007      4162.9727       211.6002         0.0000         0.0000        -231486.1580         0.0000   -231486.1580   -231486.1580         0.0000         -15688.0385    -26506.0418     68789.1793    -15688.0385    -26506.0418

ENERGY:      88       737.0557       397.1228         0.0000         0.0000        -237047.7955      4160.2444       213.3290         0.0000         0.0000        -231540.0435         0.0000   -231540.0435   -231540.0435         0.0000         -15688.7957    -26553.2912     68789.1793    -15688.7957    -26553.2912

MINIMIZER RESTARTING CONJUGATE GRADIENT ALGORITHM DUE TO POOR PROGRESS
LINE MINIMIZER REDUCING GRADIENT FROM 873093 TO 873.093
ENERGY:      89       679.7588       363.3716         0.0000         0.0000        -237105.6510      4156.7128       215.3326         0.0000         0.0000        -231690.4752         0.0000   -231690.4752   -231690.4752         0.0000         -15755.1042    -26613.6588     68789.1793    -15755.1042    -26613.6588

ETITLE:      TS           BOND          ANGLE          DIHED          IMPRP               ELECT            VDW       BOUNDARY           MISC        KINETIC               TOTAL           TEMP      POTENTIAL         TOTAL3        TEMPAVG            PRESSURE      GPRESSURE         VOLUME       PRESSAVG      GPRESSAVG

ENERGY:      90       650.7243       350.6523         0.0000         0.0000        -237164.1578      4158.7194       217.3501         0.0000         0.0000        -231786.7117         0.0000   -231786.7117   -231786.7117         0.0000         -15832.8806    -26651.3034     68789.1793    -15832.8806    -26651.3034

ENERGY:      91       659.3430       348.4473         0.0000         0.0000        -237223.4240      4167.4555       219.3813         0.0000         0.0000        -231828.7969         0.0000   -231828.7969   -231828.7969         0.0000         -15920.4767    -26661.3492     68789.1793    -15920.4767    -26661.3492

ENERGY:      92       711.4157       351.7346         0.0000         0.0000        -237283.5768      4184.4400       221.4264         0.0000         0.0000        -231814.5600         0.0000   -231814.5600   -231814.5600         0.0000         -16013.7803    -26637.5586     68789.1793    -16013.7803    -26637.5586

LINE MINIMIZER BRACKET: DX 0.000204706 0.000204706 DU -42.0851 14.2368 DUDX -339072 -70268.4 211889 
ENERGY:      93       668.1607       348.8886         0.0000         0.0000        -237238.4526      4170.8809       219.8939         0.0000         0.0000        -231830.6285         0.0000   -231830.6285   -231830.6285         0.0000         -15943.6030    -26658.8403     68789.1793    -15943.6030    -26658.8403

LINE MINIMIZER BRACKET: DX 5.14403e-05 0.000153266 DU -1.83163 16.0685 DUDX -70268.4 -765.367 211889 
LINE MINIMIZER REDUCING GRADIENT FROM 908070 TO 908.07
ENERGY:      94       679.2910       346.4276         0.0000         0.0000        -237356.7918      4081.6884       224.6061         0.0000         0.0000        -232024.7787         0.0000   -232024.7787   -232024.7787         0.0000         -16416.3009    -27100.1222     68789.1793    -16416.3009    -27100.1222

ENERGY:      95       695.0458       344.4195         0.0000         0.0000        -237476.2849      4020.5881       229.3917         0.0000         0.0000        -232186.8399         0.0000   -232186.8399   -232186.8399         0.0000         -16800.3878    -27427.5546     68789.1793    -16800.3878    -27427.5546

MINIMIZER RESTARTING CONJUGATE GRADIENT ALGORITHM DUE TO POOR PROGRESS
LINE MINIMIZER REDUCING GRADIENT FROM 590644 TO 590.644
ENERGY:      96       689.7710       342.1362         0.0000         0.0000        -237530.6024      3992.5461       231.6910         0.0000         0.0000        -232274.4581         0.0000   -232274.4581   -232274.4581         0.0000         -16905.6627    -27573.5598     68789.1793    -16905.6627    -27573.5598

ENERGY:      97       686.1508       340.0554         0.0000         0.0000        -237585.4533      3968.6017       234.0077         0.0000         0.0000        -232356.6377         0.0000   -232356.6377   -232356.6377         0.0000         -17000.9240    -27704.4263     68789.1793    -17000.9240    -27704.4263

MINIMIZER RESTARTING CONJUGATE GRADIENT ALGORITHM DUE TO POOR PROGRESS
LINE MINIMIZER REDUCING GRADIENT FROM 519223 TO 519.223
ENERGY:      98       685.0960       338.5293         0.0000         0.0000        -237653.0808      3944.8034       236.7150         0.0000         0.0000        -232447.9371         0.0000   -232447.9371   -232447.9371         0.0000         -17129.1773    -27846.5344     68789.1793    -17129.1773    -27846.5344

ENERGY:      99       684.3710       337.1128         0.0000         0.0000        -237721.0629      3924.2293       239.4460         0.0000         0.0000        -232535.9038         0.0000   -232535.9038   -232535.9038         0.0000         -17252.0187    -27976.9601     68789.1793    -17252.0187    -27976.9601

LDB: ============= START OF LOAD BALANCING ============== 20.8635
LDB: ============== END OF LOAD BALANCING =============== 20.8635
LDB: =============== DONE WITH MIGRATION ================ 20.8635
MINIMIZER RESTARTING CONJUGATE GRADIENT ALGORITHM DUE TO POOR PROGRESS
LINE MINIMIZER REDUCING GRADIENT FROM 476512 TO 476.512
Info: Initial time: 1 CPUs 0.0194668 s/step 0.22531 days/ns 0.893422 MB memory
TIMING: 100  CPU: 1.98231, 0.0194704/step  Wall: 1.98412, 0.0194681/step, 0.000546188 hours remaining, 0.893422 MB of memory in use.
PERFORMANCE: 100  averaging 4.43803 ns/day, 0.0194681 sec/step with standard deviation 0
ETITLE:      TS           BOND          ANGLE          DIHED          IMPRP               ELECT            VDW       BOUNDARY           MISC        KINETIC               TOTAL           TEMP      POTENTIAL         TOTAL3        TEMPAVG            PRESSURE      GPRESSURE         VOLUME       PRESSAVG      GPRESSAVG

ENERGY:     100       683.3184       335.2278         0.0000         0.0000        -237799.3785      3903.7999       242.5753         0.0000         0.0000        -232634.4572         0.0000   -232634.4572   -232634.4572         0.0000         -17367.7619    -28114.9394     68789.1793    -17367.7619    -28114.9394

WRITING EXTENDED SYSTEM TO RESTART FILE AT STEP 100
OPENING COORDINATE DCD FILE
WRITING COORDINATES TO DCD FILE eq0.dcd AT STEP 100
WRITING COORDINATES TO RESTART FILE AT STEP 100
FINISHED WRITING RESTART COORDINATES
The last position output (seq=100) takes 0.000 seconds, 0.893 MB of memory in use
WRITING VELOCITIES TO RESTART FILE AT STEP 100
FINISHED WRITING RESTART VELOCITIES
The last velocity output (seq=100) takes 0.000 seconds, 0.893 MB of memory in use
ENERGY:     101       682.7294       333.4750         0.0000         0.0000        -237878.0409      3887.4934       245.7359         0.0000         0.0000        -232728.6072         0.0000   -232728.6072   -232728.6072         0.0000         -17477.1240    -28238.6973     68789.1793    -17477.1240    -28238.6973

MINIMIZER RESTARTING CONJUGATE GRADIENT ALGORITHM DUE TO POOR PROGRESS
LINE MINIMIZER REDUCING GRADIENT FROM 429988 TO 429.988
ENERGY:     102       644.9823       331.6900         0.0000         0.0000        -237957.8519      3871.2005       248.8667         0.0000         0.0000        -232861.1124         0.0000   -232861.1124   -232861.1124         0.0000         -17477.7886    -28353.9281     68789.1793    -17477.7886    -28353.9281

ENERGY:     103       643.3420       333.3651         0.0000         0.0000        -238037.9819      3857.6291       252.0282         0.0000         0.0000        -232951.6176         0.0000   -232951.6176   -232951.6176         0.0000         -17505.4911    -28459.1887     68789.1793    -17505.4911    -28459.1887

ENERGY:     104       675.5409       340.4531         0.0000         0.0000        -238118.3933      3847.4667       255.2204         0.0000         0.0000        -232999.7121         0.0000   -232999.7121   -232999.7121         0.0000         -17556.6103    -28551.5827     68789.1793    -17556.6103    -28551.5827

ENERGY:     105       738.1379       356.7187         0.0000         0.0000        -238199.0538      3841.7021       258.4434         0.0000         0.0000        -233004.0517         0.0000   -233004.0517   -233004.0517         0.0000         -17626.0100    -28626.9957     68789.1793    -17626.0100    -28626.9957

ENERGY:     106       824.2280       390.1812         0.0000         0.0000        -238279.9039      3841.7404       261.6972         0.0000         0.0000        -232962.0571         0.0000   -232962.0571   -232962.0571         0.0000         -17705.4959    -28679.3321     68789.1793    -17705.4959    -28679.3321

LINE MINIMIZER BRACKET: DX 0.000357005 0.000357005 DU -4.33955 41.9946 DUDX -74390 51484.5 181910 
ENERGY:     107       709.4695       348.6538         0.0000         0.0000        -238166.4000      3843.4253       257.1360         0.0000         0.0000        -233007.7153         0.0000   -233007.7153   -233007.7153         0.0000         -17596.1641    -28598.8705     68789.1793    -17596.1641    -28598.8705

LINE MINIMIZER BRACKET: DX 0.000212597 0.000144408 DU -8.00317 3.66361 DUDX -74390 -461.799 51484.5 
ENERGY:     108       712.1417       349.3569         0.0000         0.0000        -238169.6631      3843.2135       257.2665         0.0000         0.0000        -233007.6843         0.0000   -233007.6843   -233007.6843         0.0000         -17599.0500    -28601.8349     68789.1793    -17599.0500    -28601.8349

LINE MINIMIZER BRACKET: DX 0.000212597 1.44408e-05 DU -8.00317 0.0309246 DUDX -74390 -461.799 4660.78 
ENERGY:     109       709.7347       348.7232         0.0000         0.0000        -238166.7263      3843.4037       257.1491         0.0000         0.0000        -233007.7156         0.0000   -233007.7156   -233007.7156         0.0000         -17596.4518    -28599.1684     68789.1793    -17596.4518    -28599.1684

LINE MINIMIZER BRACKET: DX 1.44408e-06 1.29967e-05 DU -0.000314831 0.0312394 DUDX -461.799 49.8054 4660.78 
LINE MINIMIZER REDUCING GRADIENT FROM 1.07695e+06 TO 1076.95
ETITLE:      TS           BOND          ANGLE          DIHED          IMPRP               ELECT            VDW       BOUNDARY           MISC        KINETIC               TOTAL           TEMP      POTENTIAL         TOTAL3        TEMPAVG            PRESSURE      GPRESSURE         VOLUME       PRESSAVG      GPRESSAVG

ENERGY:     110       708.8393       346.1562         0.0000         0.0000        -238285.8436      3782.0913       262.0837         0.0000         0.0000        -233186.6732         0.0000   -233186.6732   -233186.6732         0.0000         -17915.8574    -28918.0792     68789.1793    -17915.8574    -28918.0792

ENERGY:     111       708.8079       343.8816         0.0000         0.0000        -238404.7543      3741.2914       267.0902         0.0000         0.0000        -233343.6832         0.0000   -233343.6832   -233343.6832         0.0000         -18175.1838    -29160.1017     68789.1793    -18175.1838    -29160.1017

MINIMIZER RESTARTING CONJUGATE GRADIENT ALGORITHM DUE TO POOR PROGRESS
LINE MINIMIZER REDUCING GRADIENT FROM 723526 TO 723.526
ENERGY:     112       705.0164       342.2790         0.0000         0.0000        -238440.4360      3728.6335       268.6139         0.0000         0.0000        -233395.8932         0.0000   -233395.8932   -233395.8932         0.0000         -18188.8073    -29235.2793     68789.1793    -18188.8073    -29235.2793

ENERGY:     113       702.2836       340.8670         0.0000         0.0000        -238476.3819      3718.1512       270.1447         0.0000         0.0000        -233444.9355         0.0000   -233444.9355   -233444.9355         0.0000         -18196.6080    -29302.3230     68789.1793    -18196.6080    -29302.3230

MINIMIZER RESTARTING CONJUGATE GRADIENT ALGORITHM DUE TO POOR PROGRESS
LINE MINIMIZER REDUCING GRADIENT FROM 667221 TO 667.221
ENERGY:     114       701.5443       340.0640         0.0000         0.0000        -238516.4732      3709.5168       271.7680         0.0000         0.0000        -233493.5802         0.0000   -233493.5802   -233493.5802         0.0000         -18240.7140    -29366.4288     68789.1793    -18240.7140    -29366.4288

ENERGY:     115       700.9893       339.3115         0.0000         0.0000        -238556.9146      3703.8420       273.3992         0.0000         0.0000        -233539.3726         0.0000   -233539.3726   -233539.3726         0.0000         -18275.4334    -29419.2246     68789.1793    -18275.4334    -29419.2246

MINIMIZER RESTARTING CONJUGATE GRADIENT ALGORITHM DUE TO POOR PROGRESS
LINE MINIMIZER REDUCING GRADIENT FROM 615876 TO 615.876
ENERGY:     116       700.7446       338.5722         0.0000         0.0000        -238601.5702      3700.1875       275.1888         0.0000         0.0000        -233586.8772         0.0000   -233586.8772   -233586.8772         0.0000         -18309.9685    -29467.6229     68789.1793    -18309.9685    -29467.6229

ENERGY:     117       700.6883       337.8784         0.0000         0.0000        -238646.6916      3701.1031       276.9879         0.0000         0.0000        -233630.0339         0.0000   -233630.0339   -233630.0339         0.0000         -18329.1758    -29498.4869     68789.1793    -18329.1758    -29498.4869

MINIMIZER RESTARTING CONJUGATE GRADIENT ALGORITHM DUE TO POOR PROGRESS
LINE MINIMIZER REDUCING GRADIENT FROM 552960 TO 552.96
ENERGY:     118       650.8581       322.0523         0.0000         0.0000        -238691.9964      3700.7498       278.8629         0.0000         0.0000        -233739.4734         0.0000   -233739.4734   -233739.4734         0.0000         -18384.9868    -29536.0825     68789.1793    -18384.9868    -29536.0825

ENERGY:     119       632.8874       316.4937         0.0000         0.0000        -238737.7383      3703.8232       280.7483         0.0000         0.0000        -233803.7858         0.0000   -233803.7858   -233803.7858         0.0000         -18458.2446    -29559.5406     68789.1793    -18458.2446    -29559.5406

LDB: ============= START OF LOAD BALANCING ============== 21.2199
LDB: ============== END OF LOAD BALANCING =============== 21.2199
LDB: =============== DONE WITH MIGRATION ================ 21.2199
ETITLE:      TS           BOND          ANGLE          DIHED          IMPRP               ELECT            VDW       BOUNDARY           MISC        KINETIC               TOTAL           TEMP      POTENTIAL         TOTAL3        TEMPAVG            PRESSURE      GPRESSURE         VOLUME       PRESSAVG      GPRESSAVG

ENERGY:     120       650.6269       316.7427         0.0000         0.0000        -238783.9869      3710.9880       282.6440         0.0000         0.0000        -233822.9853         0.0000   -233822.9853   -233822.9853         0.0000         -18547.6638    -29566.2347     68789.1793    -18547.6638    -29566.2347

ENERGY:     121       706.5798       320.5870         0.0000         0.0000        -238830.7872      3723.0189       284.5501         0.0000         0.0000        -233796.0515         0.0000   -233796.0515   -233796.0515         0.0000         -18650.8629    -29552.8653     68789.1793    -18650.8629    -29552.8653

LINE MINIMIZER BRACKET: DX 0.000239747 0.000239747 DU -19.1996 26.9339 DUDX -174650 15252.4 210438 
ENERGY:     122       647.1690       316.5287         0.0000         0.0000        -238779.3391      3710.0661       282.4540         0.0000         0.0000        -233823.1213         0.0000   -233823.1213   -233823.1213         0.0000         -18538.0622    -29566.4154     68789.1793    -18538.0622    -29566.4154

LINE MINIMIZER BRACKET: DX 0.000215773 2.39747e-05 DU -19.3356 0.136004 DUDX -174650 -3947.85 15252.4 
ENERGY:     123       647.8474       316.5696         0.0000         0.0000        -238780.2924      3710.2513       282.4930         0.0000         0.0000        -233823.1312         0.0000   -233823.1312   -233823.1312         0.0000         -18540.0224    -29566.3959     68789.1793    -18540.0224    -29566.3959

LINE MINIMIZER BRACKET: DX 4.91904e-06 1.90557e-05 DU -0.00981685 0.145821 DUDX -3947.85 -12.9196 15252.4 
LINE MINIMIZER REDUCING GRADIENT FROM 557279 TO 557.279
ENERGY:     124       658.3975       314.0374         0.0000         0.0000        -238917.8992      3629.6274       288.8250         0.0000         0.0000        -234027.0120         0.0000   -234027.0120   -234027.0120         0.0000         -19005.5547    -29989.9087     68789.1793    -19005.5547    -29989.9087

ENERGY:     125       675.0666       312.1020         0.0000         0.0000        -239055.9489      3575.2808       295.2710         0.0000         0.0000        -234198.2286         0.0000   -234198.2286   -234198.2286         0.0000         -19408.5012    -30305.2284     68789.1793    -19408.5012    -30305.2284

MINIMIZER RESTARTING CONJUGATE GRADIENT ALGORITHM DUE TO POOR PROGRESS
LINE MINIMIZER REDUCING GRADIENT FROM 407476 TO 407.476
ENERGY:     126       669.4745       309.6185         0.0000         0.0000        -239098.2299      3556.1711       297.4967         0.0000         0.0000        -234265.4690         0.0000   -234265.4690   -234265.4690         0.0000         -19429.3536    -30404.7057     68789.1793    -19429.3536    -30404.7057

ENERGY:     127       666.0022       307.3116         0.0000         0.0000        -239141.1090      3539.0545       299.7366         0.0000         0.0000        -234329.0041         0.0000   -234329.0041   -234329.0041         0.0000         -19448.9199    -30497.7354     68789.1793    -19448.9199    -30497.7354

MINIMIZER RESTARTING CONJUGATE GRADIENT ALGORITHM DUE TO POOR PROGRESS
LINE MINIMIZER REDUCING GRADIENT FROM 377217 TO 377.217
ENERGY:     128       666.2591       306.7614         0.0000         0.0000        -239193.5622      3522.9837       302.1297         0.0000         0.0000        -234395.4284         0.0000   -234395.4284   -234395.4284         0.0000         -19566.5160    -30598.5658     68789.1793    -19566.5160    -30598.5658

ENERGY:     129       666.9018       306.2745         0.0000         0.0000        -239246.3664      3508.7955       304.5389         0.0000         0.0000        -234459.8557         0.0000   -234459.8557   -234459.8557         0.0000         -19682.5698    -30692.7934     68789.1793    -19682.5698    -30692.7934

MINIMIZER RESTARTING CONJUGATE GRADIENT ALGORITHM DUE TO POOR PROGRESS
LINE MINIMIZER REDUCING GRADIENT FROM 357192 TO 357.192
ETITLE:      TS           BOND          ANGLE          DIHED          IMPRP               ELECT            VDW       BOUNDARY           MISC        KINETIC               TOTAL           TEMP      POTENTIAL         TOTAL3        TEMPAVG            PRESSURE      GPRESSURE         VOLUME       PRESSAVG      GPRESSAVG

ENERGY:     130       665.5232       304.7214         0.0000         0.0000        -239300.6644      3494.7956       307.1174         0.0000         0.0000        -234528.5068         0.0000   -234528.5068   -234528.5068         0.0000         -19743.6814    -30786.4551     68789.1793    -19743.6814    -30786.4551

ENERGY:     131       664.7617       303.2364         0.0000         0.0000        -239355.4599      3482.8457       309.7146         0.0000         0.0000        -234594.9015         0.0000   -234594.9015   -234594.9015         0.0000         -19803.8679    -30873.8051     68789.1793    -19803.8679    -30873.8051

MINIMIZER RESTARTING CONJUGATE GRADIENT ALGORITHM DUE TO POOR PROGRESS
LINE MINIMIZER REDUCING GRADIENT FROM 334434 TO 334.434
ENERGY:     132       628.6308       302.6195         0.0000         0.0000        -239413.7603      3472.9598       312.3358         0.0000         0.0000        -234697.2144         0.0000   -234697.2144   -234697.2144         0.0000         -19771.1214    -30948.2611     68789.1793    -19771.1214    -30948.2611

ENERGY:     133       633.9245       306.8887         0.0000         0.0000        -239472.3880      3466.2489       314.9761         0.0000         0.0000        -234750.3498         0.0000   -234750.3498   -234750.3498         0.0000         -19765.3087    -31010.9962     68789.1793    -19765.3087    -31010.9962

ENERGY:     134       676.3526       319.4396         0.0000         0.0000        -239531.2881      3464.3626       317.6356         0.0000         0.0000        -234753.4976         0.0000   -234753.4976   -234753.4976         0.0000         -19778.2092    -31055.1117     68789.1793    -19778.2092    -31055.1117

ENERGY:     135       748.5566       346.2167         0.0000         0.0000        -239590.4239      3470.1968       320.3142         0.0000         0.0000        -234705.1396         0.0000   -234705.1396   -234705.1396         0.0000         -19795.5723    -31068.6734     68789.1793    -19795.5723    -31068.6734

LINE MINIMIZER BRACKET: DX 0.000379367 0.000379367 DU -3.1478 48.358 DUDX -74790.3 59046.1 194374 
ENERGY:     136       653.5435       312.6073         0.0000         0.0000        -239505.4364      3464.4474       316.4673         0.0000         0.0000        -234758.3709         0.0000   -234758.3709   -234758.3709         0.0000         -19770.9807    -31038.6811     68789.1793    -19770.9807    -31038.6811

LINE MINIMIZER BRACKET: DX 0.000213055 0.000166312 DU -8.02106 4.87326 DUDX -74790.3 -274.244 59046.1 
LINE MINIMIZER REDUCING GRADIENT FROM 488661 TO 488.661
ENERGY:     137       664.2325       299.5834         0.0000         0.0000        -239723.8006      3402.2154       326.6413         0.0000         0.0000        -235031.1279         0.0000   -235031.1279   -235031.1279         0.0000         -20192.9551    -31436.5353     68789.1793    -20192.9551    -31436.5353

ENERGY:     138       682.9725       298.2802         0.0000         0.0000        -239940.8964      3351.1595       337.0906         0.0000         0.0000        -235271.3936         0.0000   -235271.3936   -235271.3936         0.0000         -20692.4990    -31787.7143     68789.1793    -20692.4990    -31787.7143

MINIMIZER RESTARTING CONJUGATE GRADIENT ALGORITHM DUE TO POOR PROGRESS
LINE MINIMIZER REDUCING GRADIENT FROM 412473 TO 412.473
ENERGY:     139       663.3303       291.2491         0.0000         0.0000        -239978.1606      3339.1203       339.2931         0.0000         0.0000        -235345.1678         0.0000   -235345.1678   -235345.1678         0.0000         -20491.6888    -31855.4109     68789.1793    -20491.6888    -31855.4109

ETITLE:      TS           BOND          ANGLE          DIHED          IMPRP               ELECT            VDW       BOUNDARY           MISC        KINETIC               TOTAL           TEMP      POTENTIAL         TOTAL3        TEMPAVG            PRESSURE      GPRESSURE         VOLUME       PRESSAVG      GPRESSAVG

ENERGY:     140       662.0078       288.8520         0.0000         0.0000        -240015.6366      3328.3521       341.5089         0.0000         0.0000        -235394.9159         0.0000   -235394.9159   -235394.9159         0.0000         -20307.6625    -31918.0680     68789.1793    -20307.6625    -31918.0680

ENERGY:     141       675.3296       293.9938         0.0000         0.0000        -240053.3006      3318.9903       343.7378         0.0000         0.0000        -235421.2491         0.0000   -235421.2491   -235421.2491         0.0000         -20138.6034    -31975.0776     68789.1793    -20138.6034    -31975.0776

ENERGY:     142       698.5845       310.9196         0.0000         0.0000        -240091.1222      3311.3895       345.9800         0.0000         0.0000        -235424.2486         0.0000   -235424.2486   -235424.2486         0.0000         -19981.4470    -32024.8817     68789.1793    -19981.4470    -32024.8817

ENERGY:     143       726.0400       345.1697         0.0000         0.0000        -240129.0645      3306.2739       348.2353         0.0000         0.0000        -235403.3456         0.0000   -235403.3456   -235403.3456         0.0000         -19831.2436    -32064.3254     68789.1793    -19831.2436    -32064.3254

LINE MINIMIZER BRACKET: DX 0.000356665 0.000356665 DU -2.99951 20.903 DUDX -41231.5 24706.7 92916.8 
ENERGY:     144       689.0919       302.8989         0.0000         0.0000        -240076.9970      3313.9835       345.1421         0.0000         0.0000        -235425.8807         0.0000   -235425.8807   -235425.8807         0.0000         -20038.9386    -32007.2983     68789.1793    -20038.9386    -32007.2983

LINE MINIMIZER BRACKET: DX 0.00022362 0.000133045 DU -4.63163 1.63212 DUDX -41231.5 -96.7332 24706.7 
LINE MINIMIZER REDUCING GRADIENT FROM 617187 TO 617.187
ENERGY:     145       682.5961       300.0730         0.0000         0.0000        -240126.4303      3306.4511       347.4137         0.0000         0.0000        -235489.8964         0.0000   -235489.8964   -235489.8964         0.0000         -20141.7520    -32072.2840     68789.1793    -20141.7520    -32072.2840

ENERGY:     146       676.9178       297.5835         0.0000         0.0000        -240176.0641      3302.7040       349.6990         0.0000         0.0000        -235549.1598         0.0000   -235549.1598   -235549.1598         0.0000         -20235.0687    -32121.7945     68789.1793    -20235.0687    -32121.7945

MINIMIZER RESTARTING CONJUGATE GRADIENT ALGORITHM DUE TO POOR PROGRESS
LINE MINIMIZER REDUCING GRADIENT FROM 481484 TO 481.484
ENERGY:     147       647.8600       301.9144         0.0000         0.0000        -240227.6207      3299.0762       351.5341         0.0000         0.0000        -235627.2360         0.0000   -235627.2360   -235627.2360         0.0000         -20583.8657    -32183.2407     68789.1793    -20583.8657    -32183.2407

ENERGY:     148       649.4560       307.5547         0.0000         0.0000        -240279.2357      3297.2311       353.3782         0.0000         0.0000        -235671.6155         0.0000   -235671.6155   -235671.6155         0.0000         -20951.2541    -32236.8119     68789.1793    -20951.2541    -32236.8119

ENERGY:     149       682.6741       314.0547         0.0000         0.0000        -240330.9096      3296.9227       355.2314         0.0000         0.0000        -235682.0266         0.0000   -235682.0266   -235682.0266         0.0000         -21338.6879    -32283.4455     68789.1793    -21338.6879    -32283.4455

ETITLE:      TS           BOND          ANGLE          DIHED          IMPRP               ELECT            VDW       BOUNDARY           MISC        KINETIC               TOTAL           TEMP      POTENTIAL         TOTAL3        TEMPAVG            PRESSURE      GPRESSURE         VOLUME       PRESSAVG      GPRESSAVG

ENERGY:     150       748.1554       321.2302         0.0000         0.0000        -240382.6375      3298.1396       357.0937         0.0000         0.0000        -235658.0186         0.0000   -235658.0186   -235658.0186         0.0000         -21746.4412    -32323.0268     68789.1793    -21746.4412    -32323.0268

LINE MINIMIZER BRACKET: DX 0.000313226 0.000313226 DU -10.411 24.008 DUDX -87678.2 21442.3 132109 
ENERGY:     151       673.6351       312.7236         0.0000         0.0000        -240320.7726      3296.8649       354.8674         0.0000         0.0000        -235682.6816         0.0000   -235682.6816   -235682.6816         0.0000         -21261.1115    -32274.8361     68789.1793    -21261.1115    -32274.8361

LINE MINIMIZER BRACKET: DX 0.000251812 6.1414e-05 DU -11.0661 0.655084 DUDX -87678.2 -69.8338 21442.3 
LINE MINIMIZER REDUCING GRADIENT FROM 509316 TO 509.316
ENERGY:     152       674.4107       309.3165         0.0000         0.0000        -240358.5510      3283.6323       356.7635         0.0000         0.0000        -235734.4282         0.0000   -235734.4282   -235734.4282         0.0000         -21345.7446    -32356.5645     68789.1793    -21345.7446    -32356.5645

ENERGY:     153       675.8193       306.7775         0.0000         0.0000        -240396.2462      3272.4210       358.6691         0.0000         0.0000        -235782.5593         0.0000   -235782.5593   -235782.5593         0.0000         -21427.4976    -32429.3269     68789.1793    -21427.4976    -32429.3269

MINIMIZER RESTARTING CONJUGATE GRADIENT ALGORITHM DUE TO POOR PROGRESS
LINE MINIMIZER REDUCING GRADIENT FROM 430348 TO 430.348
ENERGY:     154       660.9845       301.2267         0.0000         0.0000        -240418.4951      3257.9612       360.6103         0.0000         0.0000        -235837.7124         0.0000   -235837.7124   -235837.7124         0.0000         -21179.0589    -32491.9411     68789.1793    -21179.0589    -32491.9411

ENERGY:     155       652.7572       296.5387         0.0000         0.0000        -240441.0702      3245.7718       362.5615         0.0000         0.0000        -235883.4410         0.0000   -235883.4410   -235883.4410         0.0000         -20931.1051    -32545.3601     68789.1793    -20931.1051    -32545.3601

MINIMIZER RESTARTING CONJUGATE GRADIENT ALGORITHM DUE TO POOR PROGRESS
LINE MINIMIZER REDUCING GRADIENT FROM 387256 TO 387.256
ENERGY:     156       640.7056       295.0049         0.0000         0.0000        -240482.6818      3236.7542       364.4830         0.0000         0.0000        -235945.7341         0.0000   -235945.7341   -235945.7341         0.0000         -21088.9419    -32613.8144     68789.1793    -21088.9419    -32613.8144

ENERGY:     157       650.1715       298.1097         0.0000         0.0000        -240524.4081      3228.5694       366.4144         0.0000         0.0000        -235981.1431         0.0000   -235981.1431   -235981.1431         0.0000         -21266.4204    -32678.7235     68789.1793    -21266.4204    -32678.7235

ENERGY:     158       677.7915       308.5807         0.0000         0.0000        -240566.2360      3220.9402       368.3555         0.0000         0.0000        -235990.5681         0.0000   -235990.5681   -235990.5681         0.0000         -21463.4841    -32741.2229     68789.1793    -21463.4841    -32741.2229

ENERGY:     159       719.1390       330.3919         0.0000         0.0000        -240608.1737      3213.7125       370.3065         0.0000         0.0000        -235974.6238         0.0000   -235974.6238   -235974.6238         0.0000         -21679.3276    -32802.0155     68789.1793    -21679.3276    -32802.0155

LINE MINIMIZER BRACKET: DX 0.000346114 0.000346114 DU -9.42504 15.9443 DUDX -64408.2 9658.93 82140 
ETITLE:      TS           BOND          ANGLE          DIHED          IMPRP               ELECT            VDW       BOUNDARY           MISC        KINETIC               TOTAL           TEMP      POTENTIAL         TOTAL3        TEMPAVG            PRESSURE      GPRESSURE         VOLUME       PRESSAVG      GPRESSAVG

ENERGY:     160       673.2872       306.6636         0.0000         0.0000        -240560.7536      3221.9138       368.1008         0.0000         0.0000        -235990.7881         0.0000   -235990.7881   -235990.7881         0.0000         -21436.5880    -32733.1451     68789.1793    -21436.5880    -32733.1451

LINE MINIMIZER BRACKET: DX 0.000300803 4.53117e-05 DU -9.64501 0.219966 DUDX -64408.2 50.3573 9658.93 
LINE MINIMIZER REDUCING GRADIENT FROM 464033 TO 464.033
ENERGY:     161       670.7259       304.9714         0.0000         0.0000        -240597.0772      3214.5481       370.0019         0.0000         0.0000        -236036.8298         0.0000   -236036.8298   -236036.8298         0.0000         -21479.1536    -32787.6581     68789.1793    -21479.1536    -32787.6581

ENERGY:     162       668.4310       303.3250         0.0000         0.0000        -240633.3743      3206.9472       371.9125         0.0000         0.0000        -236082.7585         0.0000   -236082.7585   -236082.7585         0.0000         -21527.1180    -32843.0875     68789.1793    -21527.1180    -32843.0875

MINIMIZER RESTARTING CONJUGATE GRADIENT ALGORITHM DUE TO POOR PROGRESS
LINE MINIMIZER REDUCING GRADIENT FROM 433236 TO 433.236
ENERGY:     163       660.1527       299.4570         0.0000         0.0000        -240659.2623      3200.1711       373.6904         0.0000         0.0000        -236125.7912         0.0000   -236125.7912   -236125.7912         0.0000         -21343.1808    -32881.7404     68789.1793    -21343.1808    -32881.7404

ENERGY:     164       655.2867       296.0203         0.0000         0.0000        -240685.1493      3194.1989       375.4767         0.0000         0.0000        -236164.1667         0.0000   -236164.1667   -236164.1667         0.0000         -21162.3473    -32916.7607     68789.1793    -21162.3473    -32916.7607

MINIMIZER RESTARTING CONJUGATE GRADIENT ALGORITHM DUE TO POOR PROGRESS
LINE MINIMIZER REDUCING GRADIENT FROM 416195 TO 416.195
ENERGY:     165       656.9435       296.8864         0.0000         0.0000        -240724.5842      3190.4064       377.2108         0.0000         0.0000        -236203.1372         0.0000   -236203.1372   -236203.1372         0.0000         -21314.5604    -32962.5223     68789.1793    -21314.5604    -32962.5223

ENERGY:     166       660.3388       297.9420         0.0000         0.0000        -240764.1456      3187.5473       378.9528         0.0000         0.0000        -236239.3647         0.0000   -236239.3647   -236239.3647         0.0000         -21467.6382    -33004.3950     68789.1793    -21467.6382    -33004.3950

MINIMIZER RESTARTING CONJUGATE GRADIENT ALGORITHM DUE TO POOR PROGRESS
LINE MINIMIZER REDUCING GRADIENT FROM 397849 TO 397.849
ENERGY:     167       658.4866       296.5563         0.0000         0.0000        -240795.7611      3184.4002       380.6843         0.0000         0.0000        -236275.6337         0.0000   -236275.6337   -236275.6337         0.0000         -21431.2109    -33037.0710     68789.1793    -21431.2109    -33037.0710

ENERGY:     168       657.3365       295.2517         0.0000         0.0000        -240827.4357      3182.8554       382.4236         0.0000         0.0000        -236309.5684         0.0000   -236309.5684   -236309.5684         0.0000         -21392.1747    -33062.9673     68789.1793    -21392.1747    -33062.9673

MINIMIZER RESTARTING CONJUGATE GRADIENT ALGORITHM DUE TO POOR PROGRESS
LINE MINIMIZER REDUCING GRADIENT FROM 380312 TO 380.312
ENERGY:     169       641.5245       288.8480         0.0000         0.0000        -240867.0862      3180.7641       384.1829         0.0000         0.0000        -236371.7667         0.0000   -236371.7667   -236371.7667         0.0000         -21511.2437    -33100.6164     68789.1793    -21511.2437    -33100.6164

ETITLE:      TS           BOND          ANGLE          DIHED          IMPRP               ELECT            VDW       BOUNDARY           MISC        KINETIC               TOTAL           TEMP      POTENTIAL         TOTAL3        TEMPAVG            PRESSURE      GPRESSURE         VOLUME       PRESSAVG      GPRESSAVG

ENERGY:     170       647.2871       288.7915         0.0000         0.0000        -240906.8740      3179.5283       385.9504         0.0000         0.0000        -236405.3167         0.0000   -236405.3167   -236405.3167         0.0000         -21649.9547    -33134.4307     68789.1793    -21649.9547    -33134.4307

ENERGY:     171       678.2129       292.3712         0.0000         0.0000        -240946.7818      3179.2714       387.7259         0.0000         0.0000        -236409.2004         0.0000   -236409.2004   -236409.2004         0.0000         -21809.0282    -33163.8823     68789.1793    -21809.0282    -33163.8823

ENERGY:     172       736.8567       297.9735         0.0000         0.0000        -240986.7810      3180.1085       389.5097         0.0000         0.0000        -236382.3325         0.0000   -236382.3325   -236382.3325         0.0000         -21988.8296    -33188.4427     68789.1793    -21988.8296    -33188.4427

LINE MINIMIZER BRACKET: DX 0.00034496 0.00034496 DU -3.88372 26.8679 DUDX -54791.4 32790.9 123491 
ENERGY:     173       663.5822       290.7342         0.0000         0.0000        -240931.9160      3179.2452       387.0641         0.0000         0.0000        -236411.2904         0.0000   -236411.2904   -236411.2904         0.0000         -21747.4146    -33153.4665     68789.1793    -21747.4146    -33153.4665

LINE MINIMIZER BRACKET: DX 0.000216564 0.000128396 DU -5.97367 2.08995 DUDX -54791.4 -178.306 32790.9 
LINE MINIMIZER REDUCING GRADIENT FROM 412047 TO 412.047
ENERGY:     174       663.7465       290.2181         0.0000         0.0000        -240966.3508      3169.0593       388.8616         0.0000         0.0000        -236454.4653         0.0000   -236454.4653   -236454.4653         0.0000         -21811.0632    -33219.5609     68789.1793    -21811.0632    -33219.5609

ENERGY:     175       664.3173       289.8503         0.0000         0.0000        -241000.8748      3160.5247       390.6675         0.0000         0.0000        -236495.5149         0.0000   -236495.5149   -236495.5149         0.0000         -21872.5114    -33278.7897     68789.1793    -21872.5114    -33278.7897

MINIMIZER RESTARTING CONJUGATE GRADIENT ALGORITHM DUE TO POOR PROGRESS
LINE MINIMIZER REDUCING GRADIENT FROM 364606 TO 364.606
ENERGY:     176       660.5862       287.8846         0.0000         0.0000        -241031.3497      3148.8782       392.5145         0.0000         0.0000        -236541.4863         0.0000   -236541.4863   -236541.4863         0.0000         -21869.9026    -33345.6274     68789.1793    -21869.9026    -33345.6274

ENERGY:     177       658.8208       286.0897         0.0000         0.0000        -241061.8681      3139.6920       394.3704         0.0000         0.0000        -236582.8952         0.0000   -236582.8952   -236582.8952         0.0000         -21862.8811    -33402.0380     68789.1793    -21862.8811    -33402.0380

MINIMIZER RESTARTING CONJUGATE GRADIENT ALGORITHM DUE TO POOR PROGRESS
LINE MINIMIZER REDUCING GRADIENT FROM 335573 TO 335.573
ENERGY:     178       640.5241       284.2206         0.0000         0.0000        -241095.7850      3133.7489       396.2746         0.0000         0.0000        -236641.0168         0.0000   -236641.0168   -236641.0168         0.0000         -21858.2282    -33448.4676     68789.1793    -21858.2282    -33448.4676

ENERGY:     179       649.1742       287.9748         0.0000         0.0000        -241129.7011      3129.5716       398.1883         0.0000         0.0000        -236664.7922         0.0000   -236664.7922   -236664.7922         0.0000         -21873.9137    -33486.9366     68789.1793    -21873.9137    -33486.9366

ETITLE:      TS           BOND          ANGLE          DIHED          IMPRP               ELECT            VDW       BOUNDARY           MISC        KINETIC               TOTAL           TEMP      POTENTIAL         TOTAL3        TEMPAVG            PRESSURE      GPRESSURE         VOLUME       PRESSAVG      GPRESSAVG

ENERGY:     180       679.9999       301.3425         0.0000         0.0000        -241163.5738      3127.2813       400.1116         0.0000         0.0000        -236654.8385         0.0000   -236654.8385   -236654.8385         0.0000         -21907.8414    -33516.8492     68789.1793    -21907.8414    -33516.8492

LINE MINIMIZER BRACKET: DX 0.000393903 0.000393903 DU -23.7754 9.95363 DUDX -103560 -17425.6 68005 
ENERGY:     181       653.8483       289.7554         0.0000         0.0000        -241136.6166      3128.9426       398.5800         0.0000         0.0000        -236665.4903         0.0000   -236665.4903   -236665.4903         0.0000         -21879.4386    -33493.7618     68789.1793    -21879.4386    -33493.7618

LINE MINIMIZER BRACKET: DX 8.03845e-05 0.000313519 DU -0.698133 10.6518 DUDX -17425.6 3.68164 68005 
LINE MINIMIZER REDUCING GRADIENT FROM 332181 TO 332.181
ENERGY:     182       652.9962       288.0568         0.0000         0.0000        -241173.6442      3127.0099       400.5693         0.0000         0.0000        -236705.0120         0.0000   -236705.0120   -236705.0120         0.0000         -21902.8357    -33526.2134     68789.1793    -21902.8357    -33526.2134

ENERGY:     183       652.4242       286.4740         0.0000         0.0000        -241210.4936      3126.6919       402.5688         0.0000         0.0000        -236742.3346         0.0000   -236742.3346   -236742.3346         0.0000         -21924.8419    -33551.3280     68789.1793    -21924.8419    -33551.3280

MINIMIZER RESTARTING CONJUGATE GRADIENT ALGORITHM DUE TO POOR PROGRESS
LINE MINIMIZER REDUCING GRADIENT FROM 305886 TO 305.886
ENERGY:     184       616.9681       268.0895         0.0000         0.0000        -241252.1927      3125.8753       404.6901         0.0000         0.0000        -236836.5697         0.0000   -236836.5697   -236836.5697         0.0000         -22026.6901    -33582.8301     68789.1793    -22026.6901    -33582.8301

ENERGY:     185       651.6390       269.4649         0.0000         0.0000        -241293.9375      3127.2345       406.8231         0.0000         0.0000        -236838.7759         0.0000   -236838.7759   -236838.7759         0.0000         -22188.2634    -33603.5896     68789.1793    -22188.2634    -33603.5896

ENERGY:     186       770.3129       280.1292         0.0000         0.0000        -241335.6753      3131.7048       408.9679         0.0000         0.0000        -236744.5605         0.0000   -236744.5605   -236744.5605         0.0000         -22410.3910    -33609.0425     68789.1793    -22410.3910    -33609.0425

LINE MINIMIZER BRACKET: DX 0.000455185 0.000455185 DU -2.20623 94.2154 DUDX -107279 99248.3 316596 
ENERGY:     187       625.3458       267.1684         0.0000         0.0000        -241274.0328      3126.2642       405.8048         0.0000         0.0000        -236849.4496         0.0000   -236849.4496   -236849.4496         0.0000         -22103.6406    -33595.2674     68789.1793    -22103.6406    -33595.2674

LINE MINIMIZER BRACKET: DX 0.00023819 0.000216995 DU -12.8799 10.6736 DUDX -107279 -457.15 99248.3 
ENERGY:     188       627.1484       267.2827         0.0000         0.0000        -241276.0224      3126.3330       405.9065         0.0000         0.0000        -236849.3519         0.0000   -236849.3519   -236849.3519         0.0000         -22111.4753    -33596.2345     68789.1793    -22111.4753    -33596.2345

LINE MINIMIZER BRACKET: DX 0.00023819 2.16995e-05 DU -12.8799 0.0976743 DUDX -107279 -457.15 9405.96 
ENERGY:     189       625.5180       267.1785         0.0000         0.0000        -241274.2316      3126.2708       405.8150         0.0000         0.0000        -236849.4492         0.0000   -236849.4492   -236849.4492         0.0000         -22104.4169    -33595.3645     68789.1793    -22104.4169    -33595.3645

LINE MINIMIZER BRACKET: DX 0.00023819 2.16995e-06 DU -12.8799 0.000334961 DUDX -107279 -457.15 528.109 
LINE MINIMIZER REDUCING GRADIENT FROM 193421 TO 193.421
ETITLE:      TS           BOND          ANGLE          DIHED          IMPRP               ELECT            VDW       BOUNDARY           MISC        KINETIC               TOTAL           TEMP      POTENTIAL         TOTAL3        TEMPAVG            PRESSURE      GPRESSURE         VOLUME       PRESSAVG      GPRESSAVG

ENERGY:     190       634.1937       267.0069         0.0000         0.0000        -241435.3850      3077.3700       414.2172         0.0000         0.0000        -237042.5972         0.0000   -237042.5972   -237042.5972         0.0000         -22471.1408    -33921.2759     68789.1793    -22471.1408    -33921.2759

ENERGY:     191       654.2718       269.8796         0.0000         0.0000        -241596.0373      3046.4520       422.7992         0.0000         0.0000        -237202.6346         0.0000   -237202.6346   -237202.6346         0.0000         -22868.5244    -34167.3824     68789.1793    -22868.5244    -34167.3824

MINIMIZER RESTARTING CONJUGATE GRADIENT ALGORITHM DUE TO POOR PROGRESS
LINE MINIMIZER REDUCING GRADIENT FROM 262719 TO 262.719
ENERGY:     192       617.7030       262.9680         0.0000         0.0000        -241619.9598      3036.7391       424.7150         0.0000         0.0000        -237277.8345         0.0000   -237277.8345   -237277.8345         0.0000         -22637.8248    -34219.2709     68789.1793    -22637.8248    -34219.2709

ENERGY:     193       652.2722       265.4050         0.0000         0.0000        -241643.7429      3031.4092       426.6404         0.0000         0.0000        -237268.0160         0.0000   -237268.0160   -237268.0160         0.0000         -22452.1526    -34251.3058     68789.1793    -22452.1526    -34251.3058

LINE MINIMIZER BRACKET: DX 0.000453126 0.000453126 DU -75.1999 9.81852 DUDX -262719 -70809.7 113025 
ENERGY:     194       622.8864       262.5861         0.0000         0.0000        -241629.0778      3034.2276       425.4510         0.0000         0.0000        -237283.9267         0.0000   -237283.9267   -237283.9267         0.0000         -22561.3430    -34233.6669     68789.1793    -22561.3430    -34233.6669

LINE MINIMIZER BRACKET: DX 0.000173478 0.000279649 DU -6.09219 15.9107 DUDX -70809.7 375.501 113025 
ENERGY:     195       621.9086       262.5571         0.0000         0.0000        -241628.1667      3034.4517       425.3774         0.0000         0.0000        -237283.8719         0.0000   -237283.8719   -237283.8719         0.0000         -22568.6891    -34232.3490     68789.1793    -22568.6891    -34232.3490

LINE MINIMIZER BRACKET: DX 1.73478e-05 0.000279649 DU -0.0547651 15.9107 DUDX -6694.53 375.501 113025 
ENERGY:     196       622.7840       262.5825         0.0000         0.0000        -241628.9865      3034.2498       425.4437         0.0000         0.0000        -237283.9265         0.0000   -237283.9265   -237283.9265         0.0000         -22562.0738    -34233.5355     68789.1793    -22562.0738    -34233.5355

LINE MINIMIZER BRACKET: DX 1.73478e-06 0.000279649 DU -0.000171425 15.9107 DUDX -330.998 375.501 113025 
LINE MINIMIZER REDUCING GRADIENT FROM 149093 TO 149.093
ENERGY:     197       626.0531       260.0919         0.0000         0.0000        -241791.4372      3006.2070       434.4420         0.0000         0.0000        -237464.6433         0.0000   -237464.6433   -237464.6433         0.0000         -22677.9026    -34468.8237     68789.1793    -22677.9026    -34468.8237

ENERGY:     198       659.0033       263.5543         0.0000         0.0000        -241954.3875      2983.8639       443.6479         0.0000         0.0000        -237604.3181         0.0000   -237604.3181   -237604.3181         0.0000         -22899.3875    -34680.4194     68789.1793    -22899.3875    -34680.4194

MINIMIZER RESTARTING CONJUGATE GRADIENT ALGORITHM DUE TO POOR PROGRESS
LINE MINIMIZER REDUCING GRADIENT FROM 306237 TO 306.237
ENERGY:     199       617.1817       259.6933         0.0000         0.0000        -241990.4316      2980.0619       445.3441         0.0000         0.0000        -237688.1505         0.0000   -237688.1505   -237688.1505         0.0000         -23028.8811    -34723.2853     68789.1793    -23028.8811    -34723.2853

LDB: ============= START OF LOAD BALANCING ============== 22.6539
LDB: ============== END OF LOAD BALANCING =============== 22.6539
LDB: =============== DONE WITH MIGRATION ================ 22.6539
Info: Initial time: 1 CPUs 0.0179085 s/step 0.207274 days/ns 0.893422 MB memory
TIMING: 200  CPU: 3.77281, 0.017905/step  Wall: 3.77509, 0.0179097/step, 4.97492e-06 hours remaining, 0.893422 MB of memory in use.
PERFORMANCE: 200  averaging 4.62306 ns/day, 0.0186889 sec/step with standard deviation 0.00110194
ETITLE:      TS           BOND          ANGLE          DIHED          IMPRP               ELECT            VDW       BOUNDARY           MISC        KINETIC               TOTAL           TEMP      POTENTIAL         TOTAL3        TEMPAVG            PRESSURE      GPRESSURE         VOLUME       PRESSAVG      GPRESSAVG

ENERGY:     200       666.2346       266.9363         0.0000         0.0000        -242026.4266      2982.0815       447.0480         0.0000         0.0000        -237664.1262         0.0000   -237664.1262   -237664.1262         0.0000         -23211.0567    -34739.7286     68789.1793    -23211.0567    -34739.7286

WRITING EXTENDED SYSTEM TO RESTART FILE AT STEP 200
LINE MINIMIZER BRACKET: DX 0.000446809 0.000446809 DU -83.8324 24.0243 DUDX -306237 -68089.4 177062 
WRITING COORDINATES TO DCD FILE eq0.dcd AT STEP 200
WRITING COORDINATES TO RESTART FILE AT STEP 200
FINISHED WRITING RESTART COORDINATES
The last position output (seq=200) takes 0.000 seconds, 0.893 MB of memory in use
WRITING VELOCITIES TO RESTART FILE AT STEP 200
FINISHED WRITING RESTART VELOCITIES
The last velocity output (seq=200) takes 0.000 seconds, 0.893 MB of memory in use
ENERGY:     201       617.1817       259.6933         0.0000         0.0000        -241990.4316      2980.0619       445.3441         0.0000         0.0000        -237688.1505         0.0000   -237688.1505   -237688.1505         0.0000         -23028.8811    -34723.2853     68789.1793    -23028.8811    -34723.2853

WRITING EXTENDED SYSTEM TO OUTPUT FILE AT STEP 201
CLOSING EXTENDED SYSTEM TRAJECTORY FILE
WRITING COORDINATES TO OUTPUT FILE AT STEP 201
CLOSING COORDINATE DCD FILE eq0.dcd
The last position output (seq=-2) takes 0.004 seconds, 0.893 MB of memory in use
WRITING VELOCITIES TO OUTPUT FILE AT STEP 201
The last velocity output (seq=-2) takes 0.000 seconds, 0.893 MB of memory in use
====================================================

WallClock: 22.711727  CPUTime: 22.682825  Memory: 0.893422 MB
[Partition 0][Node 0] End of program
