Charm++> No provisioning arguments specified. Running with a single PE.
         Use +auto-provision to fully subscribe resources or +p1 to silence this message.
Charm++: standalone mode (not using charmrun)
Charm++> Running in Multicore mode: 1 threads (PEs)
Charm++> Using recursive bisection (scheme 3) for topology aware partitions
Converse/Charm++ Commit ID: 
CharmLB> Load balancer assumes all CPUs are same.
Charm++> Running on 1 hosts (1 sockets x 6 cores x 2 PUs = 12-way SMP)
Charm++> cpu topology info is gathered in 0.003 seconds.
CharmLB> Load balancing instrumentation for communication is off.
Info: NAMD 3.0.1 for Linux-x86_64-multicore
Info: 
Info: Please visit http://www.ks.uiuc.edu/Research/namd/
Info: for updates, documentation, and support information.
Info: 
Info: Please cite Phillips et al., J. Chem. Phys. 153:044130 (2020) doi:10.1063/5.0014475
Info: in all publications reporting results obtained with NAMD.
Info: 
Info: Based on Charm++/Converse 80000 for multicore-linux-x86_64-gcc
Info: Built Mon Oct 14 11:11:06 CDT 2024 by dhardy on athine.ks.uiuc.edu
Info: 1 NAMD  3.0.1  Linux-x86_64-multicore  1    pc1c-01  convidat
Info: Running on 1 processors, 1 nodes, 1 physical nodes.
Info: CPU topology information available.
Info: Charm++/Converse parallel runtime startup completed at 0.00614325 s
CkLoopLib is used in SMP with simple dynamic scheduling (converse-level notification)
Info: 25.8086 MB of memory in use based on /proc/self/stat
Info: Configuration file is run0.namd
Info: Working in the current directory /home/samba/homes/convidat/Desktop/Simulacion-nanoporos-main/3_current/run0
TCL: Suspending until startup complete.
Warning: Option "1-4scaling" has been deprecated. Instead use "oneFourScaling".
Info: EXTENDED SYSTEM FILE   ../sample.xsc
Warning: The Langevin gamma parameters differ over the particles,
Warning: requiring extra work per step to constrain rigid bonds.
Info: SIMULATION PARAMETERS:
Info: TIMESTEP               1
Info: NUMBER OF STEPS        1000
Info: STEPS PER CYCLE        20
Info: PERIODIC CELL BASIS 1  33.2881 19.1965 0
Info: PERIODIC CELL BASIS 2  0 38.3931 0
Info: PERIODIC CELL BASIS 3  0 0 44.7598
Info: PERIODIC CELL CENTER   0 0 0
Info: WRAPPING ALL CLUSTERS AROUND PERIODIC BOUNDARIES ON OUTPUT.
Info: WRAPPING TO IMAGE NEAREST TO PERIODIC CELL CENTER.
Info: LOAD BALANCER  Centralized
Info: LOAD BALANCING STRATEGY  New Load Balancers -- DEFAULT
Info: LDB PERIOD             4000 steps
Info: FIRST LDB TIMESTEP     100
Info: LAST LDB TIMESTEP     -1
Info: LDB BACKGROUND SCALING 1
Info: HOM BACKGROUND SCALING 1
Info: PME BACKGROUND SCALING 1
Info: MIN ATOMS PER PATCH    40
Info: EMPTY PATCH LOAD       40 ATOMS
Info: VELOCITY FILE          ../sample.vel
Info: CENTER OF MASS MOVING INITIALLY? NO
Info: DIELECTRIC             1
Info: EXCLUDE                SCALED ONE-FOUR
Info: 1-4 ELECTROSTATICS SCALED BY 1
Info: MODIFIED 1-4 VDW PARAMETERS WILL BE USED
Info: DCD FILENAME           run0.dcd
Info: DCD FREQUENCY          100
Info: DCD FIRST STEP         100
Info: DCD FILE WILL CONTAIN UNIT CELL DATA
Info: XST FILENAME           run0.xst
Info: XST FREQUENCY          100
Info: NO VELOCITY DCD OUTPUT
Info: NO FORCE DCD OUTPUT
Info: OUTPUT FILENAME        run0
Info: BINARY OUTPUT FILES WILL BE USED
Info: RESTART FILENAME       run0.restart
Info: RESTART FREQUENCY      100
Info: BINARY RESTART FILES WILL BE USED
Info: SWITCHING ACTIVE
Info: SWITCHING ON           10
Info: SWITCHING OFF          12
Info: PAIRLIST DISTANCE      12
Info: PAIRLIST SHRINK RATE   0.01
Info: PAIRLIST GROW RATE     0.01
Info: PAIRLIST TRIGGER       0.3
Info: PAIRLISTS PER CYCLE    2
Info: PAIRLISTS ENABLED
Info: MARGIN                 3
Info: HYDROGEN GROUP CUTOFF  2.5
Info: PATCH DIMENSION        17.5
Info: ENERGY OUTPUT STEPS    100
Info: ENERGY EVALUATION STEPS    100
Info: OUTPUT ENERGY PRECISION 4
Info: CROSSTERM ENERGY INCLUDED IN DIHEDRAL
Info: TIMING OUTPUT STEPS    100
Info: HARMONIC CONSTRAINTS ACTIVE
Info: HARMONIC CONS EXP      2
Info: ELECTRIC FIELD ACTIVE
Info: E-FIELD VECTOR         (0, 0, 10.3)
Info: E-FIELD FREQUENCY IS (1/ps) 0
Info: E-FIELD PHASE IS     (deg)  0
Info: LANGEVIN DYNAMICS ACTIVE
Info: LANGEVIN TEMPERATURE   295
Info: LANGEVIN USING BBK INTEGRATOR
Info: LANGEVIN DAMPING COEFFICIENTS DETERMINED FROM FILES
Info: LANGEVIN DAMPING FILE:  ../sample1.0.pdb
Info: LANGEVIN DAMPING COLUMN:  B
Info: PARTICLE MESH EWALD (PME) ACTIVE
Info: PME TOLERANCE               1e-06
Info: PME EWALD COEFFICIENT       0.257952
Info: PME INTERPOLATION ORDER     4
Info: PME GRID DIMENSIONS         48 48 64
Info: PME MAXIMUM GRID SPACING    1.5
Info: Attempting to read FFTW data from FFTW_NAMD_3.0.1_Linux-x86_64-multicore.txt
Info: Optimizing 6 FFT steps.  1... 2... 3... 4... 5... 6...   Done.
Info: Writing FFTW data to FFTW_NAMD_3.0.1_Linux-x86_64-multicore.txt
Info: FULL ELECTROSTATIC EVALUATION FREQUENCY      4
Info: USING VERLET I (r-RESPA) MTS SCHEME.
Info: C1 SPLITTING OF LONG RANGE ELECTROSTATICS
Info: PLACING ATOMS IN PATCHES BY HYDROGEN GROUPS
Info: NONBONDED FORCES EVALUATED EVERY 2 STEPS
Info: RANDOM NUMBER SEED     1750345287
Info: USE HYDROGEN BONDS?    NO
Info: COORDINATE PDB         ../sample.pdb
Info: STRUCTURE FILE         ../sample.psf
Info: PARAMETER file: CHARMM format! 
Info: PARAMETERS             ../parametros/cornell.prm
Info: PARAMETERS             ../parametros/par_silicon_ions_NEW5.inp
Info: USING ARITHMETIC MEAN TO COMBINE L-J SIGMA PARAMETERS
Info: BINARY COORDINATES     ../sample.coor
Info: SUMMARY OF PARAMETERS:
Info: 96 BONDS
Info: 229 ANGLES
Info: 81 DIHEDRAL
Info: 31 IMPROPER
Info: 0 CROSSTERM
Info: 62 VDW
Info: 0 VDW_PAIRS
Info: 0 NBTHOLE_PAIRS
Info: TIME FOR READING PSF FILE: 0.00625014
Info: Reading pdb file ../sample.pdb
Info: TIME FOR READING PDB FILE: 0.00306903
Info: 
Info: ****************************
Info: STRUCTURE SUMMARY:
Info: 5545 ATOMS
Info: 5274 BONDS
Info: 7833 ANGLES
Info: 0 DIHEDRALS
Info: 0 IMPROPERS
Info: 0 CROSSTERMS
Info: 0 EXCLUSIONS
Info: 1758 CONSTRAINTS
Info: 16635 DEGREES OF FREEDOM
Info: 3087 HYDROGEN GROUPS
Info: 3 ATOMS IN LARGEST HYDROGEN GROUP
Info: 3087 MIGRATION GROUPS
Info: 3 ATOMS IN LARGEST MIGRATION GROUP
Info: TOTAL MASS = 60995.4 amu
Info: TOTAL CHARGE = -0.00015521 e
Info: MASS DENSITY = 1.77062 g/cm^3
Info: ATOM DENSITY = 0.0969329 atoms/A^3
Info: *****************************
Info: Reading from binary file ../sample.coor
Info: 
Info: Entering startup at 18.8414 s, 1.08347 MB of memory in use
Info: Startup phase 0 took 2.7459e-05 s, 1.08347 MB of memory in use
Info: ADDED 26253 IMPLICIT EXCLUSIONS
Info: Startup phase 1 took 0.00309523 s, 1.08347 MB of memory in use
Info: NONBONDED TABLE R-SQUARED SPACING: 0.0625
Info: NONBONDED TABLE SIZE: 769 POINTS
Info: INCONSISTENCY IN FAST TABLE ENERGY VS FORCE: 0.000325096 AT 11.9556
Info: INCONSISTENCY IN SCOR TABLE ENERGY VS FORCE: 0.000324844 AT 11.9556
Info: INCONSISTENCY IN VDWA TABLE ENERGY VS FORCE: 0.0040507 AT 0.251946
Info: INCONSISTENCY IN VDWB TABLE ENERGY VS FORCE: 0.00150189 AT 0.251946
Info: Startup phase 2 took 0.000295994 s, 1.08347 MB of memory in use
Info: Startup phase 3 took 8.017e-06 s, 1.08347 MB of memory in use
Info: Startup phase 4 took 1.1562e-05 s, 1.08347 MB of memory in use
Info: Startup phase 5 took 5.424e-06 s, 1.08347 MB of memory in use
Info: PATCH GRID IS 1 (PERIODIC) BY 1 (PERIODIC) BY 2 (PERIODIC)
Info: PATCH GRID IS 1-AWAY BY 1-AWAY BY 1-AWAY
Info: Reading from binary file ../sample.vel
Info: REMOVING COM VELOCITY 0.0693648 0.00729871 -0.00942431
Info: LARGEST PATCH (1) HAS 2775 ATOMS
Info: TORUS A SIZE 1 USING 0
Info: TORUS B SIZE 1 USING 0
Info: TORUS C SIZE 1 USING 0
Info: TORUS MINIMAL MESH SIZE IS 1 BY 1 BY 1
Info: Placed 100% of base nodes on same physical node as patch
Info: Startup phase 6 took 0.000529598 s, 1.08347 MB of memory in use
Info: PME using 1 and 1 processors for FFT and reciprocal sum.
Info: PME GRID LOCATIONS: 0
Info: PME TRANS LOCATIONS: 0
Info: PME USING 1 GRID NODES AND 1 TRANS NODES
Info: Optimizing 4 FFT steps.  1... 2... 3... 4...   Done.
Info: Startup phase 7 took 0.000297742 s, 1.08347 MB of memory in use
Info: Startup phase 8 took 7.835e-06 s, 1.08347 MB of memory in use
Info: Startup phase 9 took 9.607e-06 s, 1.08347 MB of memory in use
Info: Startup phase 10 took 5.126e-06 s, 1.08347 MB of memory in use
Info: Startup phase 11 took 6.064e-06 s, 1.08347 MB of memory in use
LDB: Central LB being created...
Info: Startup phase 12 took 1.2888e-05 s, 1.08347 MB of memory in use
Info: CREATING 49 COMPUTE OBJECTS
Info: Startup phase 13 took 6.9877e-05 s, 1.08347 MB of memory in use
Info: Startup phase 14 took 5.846e-06 s, 1.08347 MB of memory in use
Info: Startup phase 15 took 6.25e-06 s, 1.08347 MB of memory in use
Info: Finished startup at 18.8458 s, 1.08347 MB of memory in use

ETITLE:      TS           BOND          ANGLE          DIHED          IMPRP               ELECT            VDW       BOUNDARY           MISC        KINETIC               TOTAL           TEMP      POTENTIAL         TOTAL3        TEMPAVG            PRESSURE      GPRESSURE         VOLUME       PRESSAVG      GPRESSAVG

ENERGY:       0      1930.2729       593.7770         0.0000         0.0000        -232615.8824      3857.7170       994.5127      -485.2326      4831.2738        -220893.5616       292.3003   -225724.8354   -220826.9234       292.3003           -716.9114     -2634.5266     57204.5172      -716.9114     -2634.5266

OPENING EXTENDED SYSTEM TRAJECTORY FILE
LDB: ============= START OF LOAD BALANCING ============== 19.132
LDB: ============== END OF LOAD BALANCING =============== 19.132
LDB: =============== DONE WITH MIGRATION ================ 19.132
LDB: ============= START OF LOAD BALANCING ============== 19.9563
LDB: ============== END OF LOAD BALANCING =============== 19.9563
LDB: =============== DONE WITH MIGRATION ================ 19.9563
Info: Initial time: 1 CPUs 0.0111371 s/step 0.128901 days/ns 1.08347 MB memory
TIMING: 100  CPU: 1.15939, 0.0111371/step  Wall: 1.15966, 0.0111384/step, 0.0027846 hours remaining, 1.083468 MB of memory in use.
PERFORMANCE: 100  averaging 7.75695 ns/day, 0.0111384 sec/step with standard deviation 0
ENERGY:     100      2159.3530       597.6114         0.0000         0.0000        -231027.8544      4623.0913      1122.6309     -4722.8613      6191.6982        -221056.3311       374.6083   -227248.0292   -220987.5369       348.1977           5005.1117      3340.0547     57204.5172      2015.4387      2015.4506

WRITING EXTENDED SYSTEM TO RESTART FILE AT STEP 100
OPENING COORDINATE DCD FILE
WRITING COORDINATES TO DCD FILE run0.dcd AT STEP 100
WRITING COORDINATES TO RESTART FILE AT STEP 100
FINISHED WRITING RESTART COORDINATES
The last position output (seq=100) takes 0.000 seconds, 1.083 MB of memory in use
WRITING VELOCITIES TO RESTART FILE AT STEP 100
FINISHED WRITING RESTART VELOCITIES
The last velocity output (seq=100) takes 0.000 seconds, 1.083 MB of memory in use
LDB: ============= START OF LOAD BALANCING ============== 20.1721
LDB: ============== END OF LOAD BALANCING =============== 20.1721
LDB: =============== DONE WITH MIGRATION ================ 20.1721
LDB: ============= START OF LOAD BALANCING ============== 21.0103
LDB: ============== END OF LOAD BALANCING =============== 21.0103
LDB: =============== DONE WITH MIGRATION ================ 21.0104
Info: Initial time: 1 CPUs 0.0105403 s/step 0.121994 days/ns 1.08347 MB memory
TIMING: 200  CPU: 2.21325, 0.0105386/step  Wall: 2.2138, 0.0105414/step, 0.00234254 hours remaining, 1.083468 MB of memory in use.
PERFORMANCE: 200  averaging 7.97055 ns/day, 0.0108399 sec/step with standard deviation 0.000422125
ENERGY:     200      2190.8154       646.1034         0.0000         0.0000        -230466.4050      4863.4044      1162.1727     -6405.3736      6805.0407        -221204.2420       411.7165   -228009.2827   -221134.0108       395.0725           8082.2174      5820.3186     57204.5172      4367.2568      4355.8230

WRITING EXTENDED SYSTEM TO RESTART FILE AT STEP 200
WRITING COORDINATES TO DCD FILE run0.dcd AT STEP 200
WRITING COORDINATES TO RESTART FILE AT STEP 200
FINISHED WRITING RESTART COORDINATES
The last position output (seq=200) takes 0.000 seconds, 1.083 MB of memory in use
WRITING VELOCITIES TO RESTART FILE AT STEP 200
FINISHED WRITING RESTART VELOCITIES
The last velocity output (seq=200) takes 0.000 seconds, 1.083 MB of memory in use
LDB: ============= START OF LOAD BALANCING ============== 22.0884
LDB: ============== END OF LOAD BALANCING =============== 22.0885
LDB: =============== DONE WITH MIGRATION ================ 22.0885
Info: Initial time: 1 CPUs 0.0107933 s/step 0.124923 days/ns 1.08347 MB memory
TIMING: 300  CPU: 3.29237, 0.0107912/step  Wall: 3.29323, 0.0107942/step, 0.00209888 hours remaining, 1.083468 MB of memory in use.
PERFORMANCE: 300  averaging 7.98176 ns/day, 0.0108247 sec/step with standard deviation 0.00029965
ENERGY:     300      2349.3323       701.4599         0.0000         0.0000        -230218.0790      4967.4788      1259.3132     -7439.6904      7119.2839        -221260.9014       430.7288   -228380.1853   -221191.0205       422.0419           9081.5738      7356.7834     57204.5172      6963.5634      6957.8418

WRITING EXTENDED SYSTEM TO RESTART FILE AT STEP 300
WRITING COORDINATES TO DCD FILE run0.dcd AT STEP 300
WRITING COORDINATES TO RESTART FILE AT STEP 300
FINISHED WRITING RESTART COORDINATES
The last position output (seq=300) takes 0.000 seconds, 1.083 MB of memory in use
WRITING VELOCITIES TO RESTART FILE AT STEP 300
FINISHED WRITING RESTART VELOCITIES
The last velocity output (seq=300) takes 0.000 seconds, 1.083 MB of memory in use
LDB: ============= START OF LOAD BALANCING ============== 23.1633
LDB: ============== END OF LOAD BALANCING =============== 23.1633
LDB: =============== DONE WITH MIGRATION ================ 23.1633
Info: Benchmark time: 1 CPUs 0.0107419 s/step 0.124328 days/ns 1.08347 MB memory
TIMING: 400  CPU: 4.36635, 0.0107398/step  Wall: 4.36751, 0.0107428/step, 0.00179046 hours remaining, 1.083468 MB of memory in use.
PERFORMANCE: 400  averaging 7.99688 ns/day, 0.0108042 sec/step with standard deviation 0.000248066
ENERGY:     400      2469.8054       673.9767         0.0000         0.0000        -230048.6990      5181.0989      1264.9170     -8260.0316      7366.1189        -221352.8137       445.6627   -228718.9326   -221286.0977       435.9501          10385.0034      8920.8461     57204.5172      8583.6682      8584.1122

WRITING EXTENDED SYSTEM TO RESTART FILE AT STEP 400
WRITING COORDINATES TO DCD FILE run0.dcd AT STEP 400
WRITING COORDINATES TO RESTART FILE AT STEP 400
FINISHED WRITING RESTART COORDINATES
The last position output (seq=400) takes 0.000 seconds, 1.083 MB of memory in use
WRITING VELOCITIES TO RESTART FILE AT STEP 400
FINISHED WRITING RESTART VELOCITIES
The last velocity output (seq=400) takes 0.000 seconds, 1.083 MB of memory in use
Info: Benchmark time: 1 CPUs 0.0106993 s/step 0.123835 days/ns 1.08347 MB memory
TIMING: 500  CPU: 5.43603, 0.0106968/step  Wall: 5.43749, 0.0106999/step, 0.00148609 hours remaining, 1.083468 MB of memory in use.
PERFORMANCE: 500  averaging 8.01236 ns/day, 0.0107833 sec/step with standard deviation 0.00021984
ENERGY:     500      2447.5797       670.7907         0.0000         0.0000        -229916.7266      5224.0770      1282.2479     -8712.9342      7542.7750        -221462.1906       456.3507   -229004.9656   -221397.2845       450.1041          10671.5578      9157.0370     57204.5172      9249.4396      9259.4921

WRITING EXTENDED SYSTEM TO RESTART FILE AT STEP 500
WRITING COORDINATES TO DCD FILE run0.dcd AT STEP 500
WRITING COORDINATES TO RESTART FILE AT STEP 500
FINISHED WRITING RESTART COORDINATES
The last position output (seq=500) takes 0.000 seconds, 1.083 MB of memory in use
WRITING VELOCITIES TO RESTART FILE AT STEP 500
FINISHED WRITING RESTART VELOCITIES
The last velocity output (seq=500) takes 0.000 seconds, 1.083 MB of memory in use
Info: Benchmark time: 1 CPUs 0.0106898 s/step 0.123724 days/ns 1.08347 MB memory
TIMING: 600  CPU: 6.50476, 0.0106873/step  Wall: 6.50652, 0.0106903/step, 0.00118781 hours remaining, 1.083468 MB of memory in use.
PERFORMANCE: 600  averaging 8.0239 ns/day, 0.0107678 sec/step with standard deviation 0.000200265
ENERGY:     600      2562.1507       656.0309         0.0000         0.0000        -229608.6811      5280.0582      1360.9572     -9307.7420      7455.6085        -221601.6176       451.0770   -229057.2261   -221542.1836       455.0982          11943.9035      9818.5129     57204.5172      9506.8381      9501.4524

WRITING EXTENDED SYSTEM TO RESTART FILE AT STEP 600
WRITING COORDINATES TO DCD FILE run0.dcd AT STEP 600
WRITING COORDINATES TO RESTART FILE AT STEP 600
FINISHED WRITING RESTART COORDINATES
The last position output (seq=600) takes 0.000 seconds, 1.083 MB of memory in use
WRITING VELOCITIES TO RESTART FILE AT STEP 600
FINISHED WRITING RESTART VELOCITIES
Info: Benchmark time: 1 CPUs 0.0106719 s/step 0.123517 days/ns 1.08347 MB memory
TIMING: 700  CPU: 7.57172, 0.0106696/step  Wall: 7.57376, 0.0106724/step, 0.000889367 hours remaining, 1.083468 MB of memory in use.
PERFORMANCE: 700  averaging 8.03407 ns/day, 0.0107542 sec/step with standard deviation 0.00018634
ENERGY:     700      2647.4327       621.4091         0.0000         0.0000        -229723.4169      5439.5286      1375.4036     -9758.4388      7680.3043        -221717.7773       464.6715   -229398.0816   -221663.3238       463.3727          13922.9312     11099.3250     57204.5172     10817.1030     10800.9073

WRITING EXTENDED SYSTEM TO RESTART FILE AT STEP 700
WRITING COORDINATES TO DCD FILE run0.dcd AT STEP 700
WRITING COORDINATES TO RESTART FILE AT STEP 700
FINISHED WRITING RESTART COORDINATES
The last position output (seq=700) takes 0.000 seconds, 1.083 MB of memory in use
WRITING VELOCITIES TO RESTART FILE AT STEP 700
FINISHED WRITING RESTART VELOCITIES
Info: Benchmark time: 1 CPUs 0.0106859 s/step 0.12368 days/ns 1.08347 MB memory
TIMING: 800  CPU: 8.64006, 0.0106834/step  Wall: 8.6424, 0.0106864/step, 0.000593689 hours remaining, 1.083468 MB of memory in use.
PERFORMANCE: 800  averaging 8.0404 ns/day, 0.0107457 sec/step with standard deviation 0.000174175
ENERGY:     800      2617.0458       630.3267         0.0000         0.0000        -229572.6152      5473.6610      1398.1182    -10121.1315      7742.6936        -221831.9015       468.4461   -229574.5951   -221769.2771       466.9518          13605.0912     12025.6377     57204.5172     11330.3841     11326.5788

WRITING EXTENDED SYSTEM TO RESTART FILE AT STEP 800
WRITING COORDINATES TO DCD FILE run0.dcd AT STEP 800
WRITING COORDINATES TO RESTART FILE AT STEP 800
FINISHED WRITING RESTART COORDINATES
The last position output (seq=800) takes 0.000 seconds, 1.083 MB of memory in use
WRITING VELOCITIES TO RESTART FILE AT STEP 800
FINISHED WRITING RESTART VELOCITIES
Info: Benchmark time: 1 CPUs 0.0107062 s/step 0.123914 days/ns 1.08347 MB memory
TIMING: 900  CPU: 9.71043, 0.0107037/step  Wall: 9.71307, 0.0107066/step, 0.000297407 hours remaining, 1.083468 MB of memory in use.
PERFORMANCE: 900  averaging 8.04366 ns/day, 0.0107414 sec/step with standard deviation 0.000163446
ENERGY:     900      2668.8974       708.6172         0.0000         0.0000        -229580.4533      5543.7775      1342.6937    -10468.9867      7839.8579        -221945.5964       474.3247   -229785.4543   -221876.9382       473.5708          12581.7370     12062.2573     57204.5172     12617.0964     12633.1320

WRITING EXTENDED SYSTEM TO RESTART FILE AT STEP 900
WRITING COORDINATES TO DCD FILE run0.dcd AT STEP 900
WRITING COORDINATES TO RESTART FILE AT STEP 900
FINISHED WRITING RESTART COORDINATES
The last position output (seq=900) takes 0.000 seconds, 1.083 MB of memory in use
WRITING VELOCITIES TO RESTART FILE AT STEP 900
FINISHED WRITING RESTART VELOCITIES
TIMING: 1000  CPU: 10.7757, 0.0106531/step  Wall: 10.7795, 0.0106647/step, 0 hours remaining, 1.083468 MB of memory in use.
PERFORMANCE: 1000  averaging 8.04941 ns/day, 0.0107337 sec/step with standard deviation 0.000155997
ETITLE:      TS           BOND          ANGLE          DIHED          IMPRP               ELECT            VDW       BOUNDARY           MISC        KINETIC               TOTAL           TEMP      POTENTIAL         TOTAL3        TEMPAVG            PRESSURE      GPRESSURE         VOLUME       PRESSAVG      GPRESSAVG

ENERGY:    1000      2731.9539       734.3641         0.0000         0.0000        -229576.4790      5583.5501      1394.2511    -10881.2071      7965.0057        -222048.5612       481.8964   -230013.5668   -221982.7433       476.4685          13793.3520     12792.8024     57204.5172     12747.7153     12761.0519

WRITING EXTENDED SYSTEM TO RESTART FILE AT STEP 1000
WRITING COORDINATES TO DCD FILE run0.dcd AT STEP 1000
WRITING COORDINATES TO RESTART FILE AT STEP 1000
FINISHED WRITING RESTART COORDINATES
The last position output (seq=1000) takes 0.000 seconds, 1.083 MB of memory in use
WRITING VELOCITIES TO RESTART FILE AT STEP 1000
FINISHED WRITING RESTART VELOCITIES
WRITING EXTENDED SYSTEM TO OUTPUT FILE AT STEP 1000
CLOSING EXTENDED SYSTEM TRAJECTORY FILE
WRITING COORDINATES TO OUTPUT FILE AT STEP 1000
CLOSING COORDINATE DCD FILE run0.dcd
WRITING VELOCITIES TO OUTPUT FILE AT STEP 1000
====================================================

WallClock: 29.628012  CPUTime: 29.613937  Memory: 1.083468 MB
[Partition 0][Node 0] End of program
