Charm++> No provisioning arguments specified. Running with a single PE.
         Use +auto-provision to fully subscribe resources or +p1 to silence this message.
Charm++: standalone mode (not using charmrun)
Charm++> Running in Multicore mode: 1 threads (PEs)
Charm++> Using recursive bisection (scheme 3) for topology aware partitions
Converse/Charm++ Commit ID: 
CharmLB> Load balancer assumes all CPUs are same.
Charm++> Running on 1 hosts (1 sockets x 6 cores x 2 PUs = 12-way SMP)
Charm++> cpu topology info is gathered in 0.003 seconds.
CharmLB> Load balancing instrumentation for communication is off.
Info: NAMD 3.0.1 for Linux-x86_64-multicore
Info: 
Info: Please visit http://www.ks.uiuc.edu/Research/namd/
Info: for updates, documentation, and support information.
Info: 
Info: Please cite Phillips et al., J. Chem. Phys. 153:044130 (2020) doi:10.1063/5.0014475
Info: in all publications reporting results obtained with NAMD.
Info: 
Info: Based on Charm++/Converse 80000 for multicore-linux-x86_64-gcc
Info: Built Mon Oct 14 11:11:06 CDT 2024 by dhardy on athine.ks.uiuc.edu
Info: 1 NAMD  3.0.1  Linux-x86_64-multicore  1    pc1b-02  convidat
Info: Running on 1 processors, 1 nodes, 1 physical nodes.
Info: CPU topology information available.
Info: Charm++/Converse parallel runtime startup completed at 0.00544487 s
CkLoopLib is used in SMP with simple dynamic scheduling (converse-level notification)
Info: 25.8086 MB of memory in use based on /proc/self/stat
Info: Configuration file is eq0.namd
Info: Working in the current directory /home/samba/homes/convidat/Desktop/bionano-tutorial-files/4_current/4.1
TCL: Suspending until startup complete.
Warning: Option "1-4scaling" has been deprecated. Instead use "oneFourScaling".
Info: SIMULATION PARAMETERS:
Info: TIMESTEP               1
Info: NUMBER OF STEPS        201
Info: STEPS PER CYCLE        20
Info: PERIODIC CELL BASIS 1  34.1775 19.7324 0
Info: PERIODIC CELL BASIS 2  0 39.4648 0
Info: PERIODIC CELL BASIS 3  0 0 81
Info: PERIODIC CELL CENTER   0 0 0
Info: WRAPPING ALL CLUSTERS AROUND PERIODIC BOUNDARIES ON OUTPUT.
Info: WRAPPING TO IMAGE NEAREST TO PERIODIC CELL CENTER.
Info: LOAD BALANCER  Centralized
Info: LOAD BALANCING STRATEGY  New Load Balancers -- DEFAULT
Info: LDB PERIOD             4000 steps
Info: FIRST LDB TIMESTEP     100
Info: LAST LDB TIMESTEP     -1
Info: LDB BACKGROUND SCALING 1
Info: HOM BACKGROUND SCALING 1
Info: PME BACKGROUND SCALING 1
Info: MIN ATOMS PER PATCH    40
Info: EMPTY PATCH LOAD       40 ATOMS
Info: INITIAL TEMPERATURE    0
Info: CENTER OF MASS MOVING INITIALLY? NO
Info: DIELECTRIC             1
Info: EXCLUDE                SCALED ONE-FOUR
Info: 1-4 ELECTROSTATICS SCALED BY 1
Info: MODIFIED 1-4 VDW PARAMETERS WILL BE USED
Info: DCD FILENAME           eq0.dcd
Info: DCD FREQUENCY          100
Info: DCD FIRST STEP         100
Info: DCD FILE WILL CONTAIN UNIT CELL DATA
Info: XST FILENAME           eq0.xst
Info: XST FREQUENCY          100
Info: NO VELOCITY DCD OUTPUT
Info: NO FORCE DCD OUTPUT
Info: OUTPUT FILENAME        eq0
Info: BINARY OUTPUT FILES WILL BE USED
Info: RESTART FILENAME       eq0.restart
Info: RESTART FREQUENCY      100
Info: BINARY RESTART FILES WILL BE USED
Info: SWITCHING ACTIVE
Info: SWITCHING ON           10
Info: SWITCHING OFF          12
Info: PAIRLIST DISTANCE      12
Info: PAIRLIST SHRINK RATE   0.01
Info: PAIRLIST GROW RATE     0.01
Info: PAIRLIST TRIGGER       0.3
Info: PAIRLISTS PER CYCLE    2
Info: PAIRLISTS ENABLED
Info: MARGIN                 3
Info: HYDROGEN GROUP CUTOFF  2.5
Info: PATCH DIMENSION        17.5
Info: ENERGY OUTPUT STEPS    100
Info: ENERGY EVALUATION STEPS    100
Info: OUTPUT ENERGY PRECISION 4
Info: CROSSTERM ENERGY INCLUDED IN DIHEDRAL
Info: TIMING OUTPUT STEPS    100
Info: HARMONIC CONSTRAINTS ACTIVE
Info: HARMONIC CONS EXP      2
Info: CONJUGATE GRADIENT MINIMIZATION ACTIVE
Info: LINE MINIMIZATION GOAL = 0.001
Info: BABY STEP SIZE = 0.01
Info: TINY STEP SIZE = 1e-06
Info: PARTICLE MESH EWALD (PME) ACTIVE
Info: PME TOLERANCE               1e-06
Info: PME EWALD COEFFICIENT       0.257952
Info: PME INTERPOLATION ORDER     4
Info: PME GRID DIMENSIONS         48 48 64
Info: PME MAXIMUM GRID SPACING    1.5
Info: Attempting to read FFTW data from FFTW_NAMD_3.0.1_Linux-x86_64-multicore.txt
Info: Optimizing 6 FFT steps.  1... 2... 3... 4... 5... 6...   Done.
Info: Writing FFTW data to FFTW_NAMD_3.0.1_Linux-x86_64-multicore.txt
Info: FULL ELECTROSTATIC EVALUATION FREQUENCY      4
Info: USING VERLET I (r-RESPA) MTS SCHEME.
Info: C1 SPLITTING OF LONG RANGE ELECTROSTATICS
Info: PLACING ATOMS IN PATCHES BY HYDROGEN GROUPS
Info: NONBONDED FORCES EVALUATED EVERY 2 STEPS
Info: RANDOM NUMBER SEED     1750854776
Info: USE HYDROGEN BONDS?    NO
Info: COORDINATE PDB         div_ion.pdb
Info: STRUCTURE FILE         div_ion.psf
Info: PARAMETER file: CHARMM format! 
Info: PARAMETERS             cornell.prm
Info: PARAMETERS             par_silicon_ions_NEW5.inp
Info: USING ARITHMETIC MEAN TO COMBINE L-J SIGMA PARAMETERS
Info: SUMMARY OF PARAMETERS:
Info: 96 BONDS
Info: 229 ANGLES
Info: 81 DIHEDRAL
Info: 31 IMPROPER
Info: 0 CROSSTERM
Info: 62 VDW
Info: 0 VDW_PAIRS
Info: 0 NBTHOLE_PAIRS
Info: TIME FOR READING PSF FILE: 0.0128665
Info: Reading pdb file div_ion.pdb
Info: TIME FOR READING PDB FILE: 0.00495327
Info: 
Info: ****************************
Info: STRUCTURE SUMMARY:
Info: 8924 ATOMS
Info: 10998 BONDS
Info: 22143 ANGLES
Info: 0 DIHEDRALS
Info: 0 IMPROPERS
Info: 0 CROSSTERMS
Info: 0 EXCLUSIONS
Info: 5258 CONSTRAINTS
Info: 26772 DEGREES OF FREEDOM
Info: 6616 HYDROGEN GROUPS
Info: 3 ATOMS IN LARGEST HYDROGEN GROUP
Info: 6616 MIGRATION GROUPS
Info: 3 ATOMS IN LARGEST MIGRATION GROUP
Info: TOTAL MASS = 133790 amu
Info: TOTAL CHARGE = 0.000170469 e
Info: MASS DENSITY = 2.03351 g/cm^3
Info: ATOM DENSITY = 0.0816817 atoms/A^3
Info: *****************************
Info: 
Info: Entering startup at 18.9336 s, 1.42847 MB of memory in use
Info: Startup phase 0 took 2.6181e-05 s, 1.42847 MB of memory in use
Info: ADDED 76031 IMPLICIT EXCLUSIONS
Info: Startup phase 1 took 0.00741803 s, 1.42847 MB of memory in use
Info: NONBONDED TABLE R-SQUARED SPACING: 0.0625
Info: NONBONDED TABLE SIZE: 769 POINTS
Info: INCONSISTENCY IN FAST TABLE ENERGY VS FORCE: 0.000325096 AT 11.9556
Info: INCONSISTENCY IN SCOR TABLE ENERGY VS FORCE: 0.000324844 AT 11.9556
Info: INCONSISTENCY IN VDWA TABLE ENERGY VS FORCE: 0.0040507 AT 0.251946
Info: INCONSISTENCY IN VDWB TABLE ENERGY VS FORCE: 0.00150189 AT 0.251946
Info: Startup phase 2 took 0.000133575 s, 1.42847 MB of memory in use
Info: Startup phase 3 took 8.638e-06 s, 1.42847 MB of memory in use
Info: Startup phase 4 took 1.3598e-05 s, 1.42847 MB of memory in use
Info: Startup phase 5 took 9.743e-06 s, 1.42847 MB of memory in use
Info: PATCH GRID IS 1 (PERIODIC) BY 1 (PERIODIC) BY 4 (PERIODIC)
Info: PATCH GRID IS 1-AWAY BY 1-AWAY BY 1-AWAY
Info: REMOVING COM VELOCITY 0 0 0
Info: LARGEST PATCH (1) HAS 2482 ATOMS
Info: TORUS A SIZE 1 USING 0
Info: TORUS B SIZE 1 USING 0
Info: TORUS C SIZE 1 USING 0
Info: TORUS MINIMAL MESH SIZE IS 1 BY 1 BY 1
Info: Placed 100% of base nodes on same physical node as patch
Info: Startup phase 6 took 0.00128459 s, 1.42847 MB of memory in use
Info: PME using 1 and 1 processors for FFT and reciprocal sum.
Info: PME GRID LOCATIONS: 0
Info: PME TRANS LOCATIONS: 0
Info: PME USING 1 GRID NODES AND 1 TRANS NODES
Info: Optimizing 4 FFT steps.  1... 2... 3... 4...   Done.
Info: Startup phase 7 took 0.000305848 s, 1.42847 MB of memory in use
Info: Startup phase 8 took 8.873e-06 s, 1.42847 MB of memory in use
Info: Startup phase 9 took 7.275e-06 s, 1.42847 MB of memory in use
Info: Startup phase 10 took 6.448e-06 s, 1.42847 MB of memory in use
Info: Startup phase 11 took 7.318e-06 s, 1.42847 MB of memory in use
LDB: Central LB being created...
Info: Startup phase 12 took 1.5014e-05 s, 1.42847 MB of memory in use
Info: CREATING 89 COMPUTE OBJECTS
Info: Startup phase 13 took 9.0499e-05 s, 1.42847 MB of memory in use
Info: Startup phase 14 took 8.811e-06 s, 1.42847 MB of memory in use
Info: Startup phase 15 took 1.1424e-05 s, 1.42847 MB of memory in use
Info: Finished startup at 18.9429 s, 1.42847 MB of memory in use

ETITLE:      TS           BOND          ANGLE          DIHED          IMPRP               ELECT            VDW       BOUNDARY           MISC        KINETIC               TOTAL           TEMP      POTENTIAL         TOTAL3        TEMPAVG            PRESSURE      GPRESSURE         VOLUME       PRESSAVG      GPRESSAVG

ENERGY:       0      1664.4151       426.2431         0.0000         0.0000        -664084.9202 99999999999.9999         0.0000         0.0000         0.0000      99999999999.9999         0.0000 99999999999.9999 99999999999.9999         0.0000      99999999999.9999 99999999999.9999    109253.4025 99999999999.9999 99999999999.9999

OPENING EXTENDED SYSTEM TRAJECTORY FILE
MINIMIZER SLOWLY MOVING 166 ATOMS WITH BAD CONTACTS DOWNHILL
ENERGY:       1      1664.4151       426.2431         0.0000         0.0000        -664447.8501 99999999999.9999         0.0000         0.0000         0.0000      99999999999.9999         0.0000 99999999999.9999 99999999999.9999         0.0000      99999999999.9999 99999999999.9999    109253.4025 99999999999.9999 99999999999.9999

MINIMIZER SLOWLY MOVING 141 ATOMS WITH BAD CONTACTS DOWNHILL
ENERGY:       2      1664.4151       426.2431         0.0000         0.0000        -664883.6695 1013644067.0398         0.0000         0.0000         0.0000      1012981274.0285         0.0000 1012981274.0285 1012981274.0285         0.0000      2579253863.0467 2624531058.3756    109253.4025 2579253863.0467 2624531058.3756

MINIMIZER SLOWLY MOVING 111 ATOMS WITH BAD CONTACTS DOWNHILL
ENERGY:       3      1664.4151       426.2431         0.0000         0.0000        -665408.3152  33731441.6460         0.0000         0.0000         0.0000       33068123.9890         0.0000  33068123.9890  33068123.9890         0.0000       85794425.8907  87894738.4868    109253.4025  85794425.8907  87894738.4868

MINIMIZER SLOWLY MOVING 81 ATOMS WITH BAD CONTACTS DOWNHILL
ENERGY:       4      1664.4151       426.2431         0.0000         0.0000        -665737.3983   2511749.9028         0.0000         0.0000         0.0000        1848103.1627         0.0000   1848103.1627   1848103.1627         0.0000        6347316.6715   6501472.5029    109253.4025   6347316.6715   6501472.5029

MINIMIZER SLOWLY MOVING 51 ATOMS WITH BAD CONTACTS DOWNHILL
ENERGY:       5      1664.4151       426.2431         0.0000         0.0000        -665807.3384    337045.7299         0.0000         0.0000         0.0000        -326670.9503         0.0000   -326670.9503   -326670.9503         0.0000         811753.7246    828157.3686    109253.4025    811753.7246    828157.3686

MINIMIZER SLOWLY MOVING 24 ATOMS WITH BAD CONTACTS DOWNHILL
ENERGY:       6      1664.4151       426.2431         0.0000         0.0000        -665765.5112     91781.9455         0.0000         0.0000         0.0000        -571892.9075         0.0000   -571892.9075   -571892.9075         0.0000         187103.4281    188936.2172    109253.4025    187103.4281    188936.2172

MINIMIZER SLOWLY MOVING 12 ATOMS WITH BAD CONTACTS DOWNHILL
ENERGY:       7      1664.4151       426.2431         0.0000         0.0000        -665755.7258     54199.9031         0.0000         0.0000         0.0000        -609465.1644         0.0000   -609465.1644   -609465.1644         0.0000          91292.6933     91088.2987    109253.4025     91292.6933     91088.2987

MINIMIZER SLOWLY MOVING 4 ATOMS WITH BAD CONTACTS DOWNHILL
ENERGY:       8      1664.4151       426.2431         0.0000         0.0000        -665745.0973     47510.3106         0.0000         0.0000         0.0000        -616144.1285         0.0000   -616144.1285   -616144.1285         0.0000          74218.2578     73646.4333    109253.4025     74218.2578     73646.4333

MINIMIZER SLOWLY MOVING 5 ATOMS WITH BAD CONTACTS DOWNHILL
ENERGY:       9      1664.4151       426.2431         0.0000         0.0000        -665743.3827     45945.6097         0.0000         0.0000         0.0000        -617707.1148         0.0000   -617707.1148   -617707.1148         0.0000          70211.9734     69546.0056    109253.4025     70211.9734     69546.0056

MINIMIZER SLOWLY MOVING 2 ATOMS WITH BAD CONTACTS DOWNHILL
ETITLE:      TS           BOND          ANGLE          DIHED          IMPRP               ELECT            VDW       BOUNDARY           MISC        KINETIC               TOTAL           TEMP      POTENTIAL         TOTAL3        TEMPAVG            PRESSURE      GPRESSURE         VOLUME       PRESSAVG      GPRESSAVG

ENERGY:      10      1664.4151       426.2431         0.0000         0.0000        -665749.1764     45521.3512         0.0000         0.0000         0.0000        -618137.1670         0.0000   -618137.1670   -618137.1670         0.0000          69118.8277     68494.2281    109253.4025     69118.8277     68494.2281

MINIMIZER STARTING CONJUGATE GRADIENT ALGORITHM
LINE MINIMIZER REDUCING GRADIENT FROM 4.55341e+08 TO 455341
ENERGY:      11      1500.4174       401.8637         0.0000         0.0000        -665922.3166     32044.5584         0.0699         0.0000         0.0000        -631975.4072         0.0000   -631975.4072   -631975.4072         0.0000          34726.3004     33765.9768    109253.4025     34726.3004     33765.9768

ENERGY:      12      1361.0726       381.0449         0.0000         0.0000        -666110.2845     25140.5133         0.2797         0.0000         0.0000        -639227.3739         0.0000   -639227.3739   -639227.3739         0.0000          17183.8037     15840.4188    109253.4025     17183.8037     15840.4188

ENERGY:      13      1246.3161       363.8058         0.0000         0.0000        -666304.6136     21864.1809         0.6293         0.0000         0.0000        -642829.6815         0.0000   -642829.6815   -642829.6815         0.0000           8959.7129      7210.9566    109253.4025      8959.7129      7210.9566

ENERGY:      14      1156.0813       350.1658         0.0000         0.0000        -666500.3550     21131.9694         1.1188         0.0000         0.0000        -643861.0196         0.0000   -643861.0196   -643861.0196         0.0000           7274.8970      5111.3102    109253.4025      7274.8970      5111.3102

ENERGY:      15      1090.2999       340.1445         0.0000         0.0000        -666693.7902     22848.6590         1.7482         0.0000         0.0000        -642412.9387         0.0000   -642412.9387   -642412.9387         0.0000          11874.5254      9306.0752    109253.4025     11874.5254      9306.0752

LINE MINIMIZER BRACKET: DX 4.20692e-05 4.20692e-05 DU -1031.34 1448.08 DUDX -5.30711e+07 3.72641e+06 6.79812e+07 
ENERGY:      16      1164.0032       351.3673         0.0000         0.0000        -666480.8237     21099.7208         1.0636         0.0000         0.0000        -643864.6688         0.0000   -643864.6688   -643864.6688         0.0000           7172.5077      5050.4541    109253.4025      7172.5077      5050.4541

LINE MINIMIZER BRACKET: DX 3.78623e-05 4.20692e-06 DU -1034.99 3.64916 DUDX -5.30711e+07 -1.9787e+06 3.72641e+06 
ENERGY:      17      1161.2217       350.9455         0.0000         0.0000        -666487.6152     21108.2456         1.0826         0.0000         0.0000        -643866.1197         0.0000   -643866.1197   -643866.1197         0.0000           7201.1381      5064.6420    109253.4025      7201.1381      5064.6420

LINE MINIMIZER BRACKET: DX 1.46239e-06 2.74454e-06 DU -1.45093 5.10009 DUDX -1.9787e+06 -2997.03 3.72641e+06 
MINIMIZER RESTARTING CONJUGATE GRADIENT ALGORITHM
LINE MINIMIZER REDUCING GRADIENT FROM 3.5588e+08 TO 355880
ENERGY:      18      1148.5275       348.0259         0.0000         0.0000        -666516.8494     19219.9395         1.1601         0.0000         0.0000        -645799.1963         0.0000   -645799.1963   -645799.1963         0.0000           2399.1437       267.0749    109253.4025      2399.1437       267.0749

ENERGY:      19      1136.4019       345.2245         0.0000         0.0000        -666547.6630     18377.5478         1.2410         0.0000         0.0000        -646687.2478         0.0000   -646687.2478   -646687.2478         0.0000            269.7003     -1903.4375    109253.4025       269.7003     -1903.4375

LDB: ============= START OF LOAD BALANCING ============== 19.8631
LDB: ============== END OF LOAD BALANCING =============== 19.8631
LDB: =============== DONE WITH MIGRATION ================ 19.8631
ETITLE:      TS           BOND          ANGLE          DIHED          IMPRP               ELECT            VDW       BOUNDARY           MISC        KINETIC               TOTAL           TEMP      POTENTIAL         TOTAL3        TEMPAVG            PRESSURE      GPRESSURE         VOLUME       PRESSAVG      GPRESSAVG

ENERGY:      20      1124.8446       342.5416         0.0000         0.0000        -666579.5917     17852.8842         1.3252         0.0000         0.0000        -647257.9961         0.0000   -647257.9961   -647257.9961         0.0000          -1045.5848     -3271.9484    109253.4025     -1045.5848     -3271.9484

MINIMIZER RESTARTING CONJUGATE GRADIENT ALGORITHM DUE TO POOR PROGRESS
LINE MINIMIZER REDUCING GRADIENT FROM 4.70476e+07 TO 47047.6
ENERGY:      21      1041.6102       322.2676         0.0000         0.0000        -666937.7713     15118.7574         2.3426         0.0000         0.0000        -650452.7936         0.0000   -650452.7936   -650452.7936         0.0000          -7783.4475    -10577.0454    109253.4025     -7783.4475    -10577.0454

ENERGY:      22      1009.3183       313.1313         0.0000         0.0000        -667293.4121     13512.6469         3.6913         0.0000         0.0000        -652454.6243         0.0000   -652454.6243   -652454.6243         0.0000         -11651.5486    -14975.0876    109253.4025    -11651.5486    -14975.0876

ENERGY:      23      1027.6665       315.1443         0.0000         0.0000        -667646.4108     12634.9218         5.3711         0.0000         0.0000        -653663.3071         0.0000   -653663.3071   -653663.3071         0.0000         -13675.1046    -17487.6417    109253.4025    -13675.1046    -17487.6417

MINIMIZER RESTARTING CONJUGATE GRADIENT ALGORITHM DUE TO POOR PROGRESS
LINE MINIMIZER REDUCING GRADIENT FROM 2.50818e+07 TO 25081.8
ENERGY:      24      1014.7796       310.7017         0.0000         0.0000        -667969.7470     11292.2159         7.0221         0.0000         0.0000        -655345.0277         0.0000   -655345.0277   -655345.0277         0.0000         -17135.7027    -21207.4341    109253.4025    -17135.7027    -21207.4341

ENERGY:      25      1025.0513       313.4347         0.0000         0.0000        -668292.0039     10509.5914         8.9107         0.0000         0.0000        -656435.0158         0.0000   -656435.0158   -656435.0158         0.0000         -19176.5899    -23457.8724    109253.4025    -19176.5899    -23457.8724

ENERGY:      26      1058.4941       323.2900         0.0000         0.0000        -668612.2308     10087.5027        11.0369         0.0000         0.0000        -657131.9072         0.0000   -657131.9072   -657131.9072         0.0000         -20309.4332    -24772.4562    109253.4025    -20309.4332    -24772.4562

MINIMIZER RESTARTING CONJUGATE GRADIENT ALGORITHM DUE TO POOR PROGRESS
LINE MINIMIZER REDUCING GRADIENT FROM 1.26467e+07 TO 12646.7
ENERGY:      27      1054.4635       324.9190         0.0000         0.0000        -669072.4135      9101.8183        14.3416         0.0000         0.0000        -658576.8712         0.0000   -658576.8712   -658576.8712         0.0000         -22965.0443    -27642.2575    109253.4025    -22965.0443    -27642.2575

ENERGY:      28      1080.9085       335.8634         0.0000         0.0000        -669525.7395      8434.9879        18.1019         0.0000         0.0000        -659655.8778         0.0000   -659655.8778   -659655.8778         0.0000         -24837.6254    -29682.1261    109253.4025    -24837.6254    -29682.1261

MINIMIZER RESTARTING CONJUGATE GRADIENT ALGORITHM DUE TO POOR PROGRESS
LINE MINIMIZER REDUCING GRADIENT FROM 7.35137e+06 TO 7351.37
ENERGY:      29      1060.2992       350.5085         0.0000         0.0000        -670308.2619      7425.7234        25.7534         0.0000         0.0000        -661445.9774         0.0000   -661445.9774   -661445.9774         0.0000         -27717.0564    -32799.1641    109253.4025    -27717.0564    -32799.1641

ETITLE:      TS           BOND          ANGLE          DIHED          IMPRP               ELECT            VDW       BOUNDARY           MISC        KINETIC               TOTAL           TEMP      POTENTIAL         TOTAL3        TEMPAVG            PRESSURE      GPRESSURE         VOLUME       PRESSAVG      GPRESSAVG

ENERGY:      30      1112.2582       382.6238         0.0000         0.0000        -671078.3727      6608.4088        34.8109         0.0000         0.0000        -662940.2711         0.0000   -662940.2711   -662940.2711         0.0000         -30220.0534    -35400.8745    109253.4025    -30220.0534    -35400.8745

MINIMIZER RESTARTING CONJUGATE GRADIENT ALGORITHM DUE TO POOR PROGRESS
LINE MINIMIZER REDUCING GRADIENT FROM 5.49792e+06 TO 5497.92
ENERGY:      31      1031.7224       384.5263         0.0000         0.0000        -671720.7972      5922.3568        43.9920         0.0000         0.0000        -664338.1996         0.0000   -664338.1996   -664338.1996         0.0000         -32187.6478    -37552.7483    109253.4025    -32187.6478    -37552.7483

ENERGY:      32      1013.3409       398.6266         0.0000         0.0000        -672353.0629      5411.8552        54.3007         0.0000         0.0000        -665474.9396         0.0000   -665474.9396   -665474.9396         0.0000         -33799.3878    -39234.2489    109253.4025    -33799.3878    -39234.2489

MINIMIZER RESTARTING CONJUGATE GRADIENT ALGORITHM DUE TO POOR PROGRESS
LINE MINIMIZER REDUCING GRADIENT FROM 4.82466e+06 TO 4824.66
ENERGY:      33       986.6599       404.0102         0.0000         0.0000        -672931.9994      4840.4480        64.2679         0.0000         0.0000        -666636.6134         0.0000   -666636.6134   -666636.6134         0.0000         -35440.7873    -41034.9817    109253.4025    -35440.7873    -41034.9817

ENERGY:      34      1004.1658       415.9653         0.0000         0.0000        -673506.9344      4491.2441        75.1241         0.0000         0.0000        -667520.4350         0.0000   -667520.4350   -667520.4350         0.0000         -36586.0756    -42259.0459    109253.4025    -36586.0756    -42259.0459

MINIMIZER RESTARTING CONJUGATE GRADIENT ALGORITHM DUE TO POOR PROGRESS
LINE MINIMIZER REDUCING GRADIENT FROM 4.07188e+06 TO 4071.88
ENERGY:      35       985.8768       422.0983         0.0000         0.0000        -673985.6221      4026.3662        84.7842         0.0000         0.0000        -668466.4967         0.0000   -668466.4967   -668466.4967         0.0000         -37948.3723    -43711.1318    109253.4025    -37948.3723    -43711.1318

ENERGY:      36      1012.2452       436.0332         0.0000         0.0000        -674460.7345      3733.5192        95.0696         0.0000         0.0000        -669183.8673         0.0000   -669183.8673   -669183.8673         0.0000         -38934.3072    -44712.6191    109253.4025    -38934.3072    -44712.6191

MINIMIZER RESTARTING CONJUGATE GRADIENT ALGORITHM DUE TO POOR PROGRESS
LINE MINIMIZER REDUCING GRADIENT FROM 3.55165e+06 TO 3551.65
ENERGY:      37       973.1713       429.4868         0.0000         0.0000        -674802.2324      3462.0952       102.6431         0.0000         0.0000        -669834.8359         0.0000   -669834.8359   -669834.8359         0.0000         -39735.8775    -45576.7056    109253.4025    -39735.8775    -45576.7056

ENERGY:      38       971.3950       429.2304         0.0000         0.0000        -675143.7354      3273.7021       110.5310         0.0000         0.0000        -670358.8769         0.0000   -670358.8769   -670358.8769         0.0000         -40365.3950    -46230.4256    109253.4025    -40365.3950    -46230.4256

MINIMIZER RESTARTING CONJUGATE GRADIENT ALGORITHM DUE TO POOR PROGRESS
LINE MINIMIZER REDUCING GRADIENT FROM 2.64612e+06 TO 2646.12
ENERGY:      39       957.3963       433.7482         0.0000         0.0000        -675857.5525      2843.2038       128.0045         0.0000         0.0000        -671495.1996         0.0000   -671495.1996   -671495.1996         0.0000         -41682.6926    -47688.2168    109253.4025    -41682.6926    -47688.2168

ETITLE:      TS           BOND          ANGLE          DIHED          IMPRP               ELECT            VDW       BOUNDARY           MISC        KINETIC               TOTAL           TEMP      POTENTIAL         TOTAL3        TEMPAVG            PRESSURE      GPRESSURE         VOLUME       PRESSAVG      GPRESSAVG

ENERGY:      40      1069.3393       458.4838         0.0000         0.0000        -676560.0297      2536.8728       146.8726         0.0000         0.0000        -672348.4612         0.0000   -672348.4612   -672348.4612         0.0000         -42848.7607    -48805.2612    109253.4025    -42848.7607    -48805.2612

MINIMIZER RESTARTING CONJUGATE GRADIENT ALGORITHM DUE TO POOR PROGRESS
LINE MINIMIZER REDUCING GRADIENT FROM 3.44019e+06 TO 3440.19
ENERGY:      41      1032.4325       447.2145         0.0000         0.0000        -676760.0093      2363.4636       152.7718         0.0000         0.0000        -672764.1268         0.0000   -672764.1268   -672764.1268         0.0000         -43252.3723    -49330.0559    109253.4025    -43252.3723    -49330.0559

ENERGY:      42      1014.5384       437.9627         0.0000         0.0000        -676961.6452      2263.5465       158.8014         0.0000         0.0000        -673086.7962         0.0000   -673086.7962   -673086.7962         0.0000         -43485.5804    -49669.0987    109253.4025    -43485.5804    -49669.0987

MINIMIZER RESTARTING CONJUGATE GRADIENT ALGORITHM DUE TO POOR PROGRESS
LINE MINIMIZER REDUCING GRADIENT FROM 2.09963e+06 TO 2099.63
ENERGY:      43       932.6283       428.0521         0.0000         0.0000        -677496.9365      2053.8373       174.3128         0.0000         0.0000        -673908.1060         0.0000   -673908.1060   -673908.1060         0.0000         -44211.0073    -50447.8004    109253.4025    -44211.0073    -50447.8004

ENERGY:      44      1018.6467       435.3177         0.0000         0.0000        -678025.7248      1925.1131       190.6379         0.0000         0.0000        -674456.0094         0.0000   -674456.0094   -674456.0094         0.0000         -44878.1314    -51000.0457    109253.4025    -44878.1314    -51000.0457

ENERGY:      45      1274.8841       458.6584         0.0000         0.0000        -678547.9109      1947.6547       207.7768         0.0000         0.0000        -674658.9369         0.0000   -674658.9369   -674658.9369         0.0000         -45307.7020    -51125.3212    109253.4025    -45307.7020    -51125.3212

ENERGY:      46      1703.0994       498.3393         0.0000         0.0000        -679063.2223      2319.9130       225.7295         0.0000         0.0000        -674316.1412         0.0000   -674316.1412   -674316.1412         0.0000         -44993.0706    -50241.4952    109253.4025    -44993.0706    -50241.4952

LINE MINIMIZER BRACKET: DX 0.00045133 0.00045133 DU -202.928 342.796 DUDX -872524 39389.5 1.67284e+06 
ENERGY:      47      1241.5501       455.5994         0.0000         0.0000        -678495.9923      1934.6494       206.0263         0.0000         0.0000        -674658.1671         0.0000   -674658.1671   -674658.1671         0.0000         -45285.4863    -51143.4224    109253.4025    -45285.4863    -51143.4224

LINE MINIMIZER BRACKET: DX 4.5133e-05 0.00045133 DU -0.769862 342.796 DUDX -72299.1 39389.5 1.67284e+06 
ENERGY:      48      1263.0584       457.5726         0.0000         0.0000        -678529.8029      1942.7654       207.1651         0.0000         0.0000        -674659.2414         0.0000   -674659.2414   -674659.2414         0.0000         -45300.6710    -51132.6366    109253.4025    -45300.6710    -51132.6366

LINE MINIMIZER BRACKET: DX 2.93858e-05 1.57472e-05 DU -1.07434 0.304481 DUDX -72299.1 -283.153 39389.5 
MINIMIZER RESTARTING CONJUGATE GRADIENT ALGORITHM
LINE MINIMIZER REDUCING GRADIENT FROM 1.47773e+07 TO 14777.3
ENERGY:      49      1253.0617       456.0897         0.0000         0.0000        -678563.0573      1686.1854       208.4753         0.0000         0.0000        -674959.2452         0.0000   -674959.2452   -674959.2452         0.0000         -45950.0930    -51838.5895    109253.4025    -45950.0930    -51838.5895

ETITLE:      TS           BOND          ANGLE          DIHED          IMPRP               ELECT            VDW       BOUNDARY           MISC        KINETIC               TOTAL           TEMP      POTENTIAL         TOTAL3        TEMPAVG            PRESSURE      GPRESSURE         VOLUME       PRESSAVG      GPRESSAVG

ENERGY:      50      1244.1223       454.6870         0.0000         0.0000        -678598.3608      1598.3260       209.7903         0.0000         0.0000        -675091.4353         0.0000   -675091.4353   -675091.4353         0.0000         -46167.0934    -52090.6938    109253.4025    -46167.0934    -52090.6938

ENERGY:      51      1236.2392       453.3636         0.0000         0.0000        -678634.7133      1561.1778       211.1103         0.0000         0.0000        -675172.8224         0.0000   -675172.8224   -675172.8224         0.0000         -46253.8155    -52207.0541    109253.4025    -46253.8155    -52207.0541

MINIMIZER RESTARTING CONJUGATE GRADIENT ALGORITHM DUE TO POOR PROGRESS
LINE MINIMIZER REDUCING GRADIENT FROM 3.05314e+06 TO 3053.14
ENERGY:      52      1215.4576       448.3359         0.0000         0.0000        -678795.2967      1479.9748       216.6752         0.0000         0.0000        -675434.8534         0.0000   -675434.8534   -675434.8534         0.0000         -46449.1601    -52497.5266    109253.4025    -46449.1601    -52497.5266

ENERGY:      53      1204.2955       444.0658         0.0000         0.0000        -678957.3545      1426.5276       222.3257         0.0000         0.0000        -675660.1399         0.0000   -675660.1399   -675660.1399         0.0000         -46585.0414    -52717.6743    109253.4025    -46585.0414    -52717.6743

MINIMIZER RESTARTING CONJUGATE GRADIENT ALGORITHM DUE TO POOR PROGRESS
LINE MINIMIZER REDUCING GRADIENT FROM 2.37008e+06 TO 2370.08
ENERGY:      54      1141.0987       435.5129         0.0000         0.0000        -679164.1755      1374.3119       229.5977         0.0000         0.0000        -675983.6542         0.0000   -675983.6542   -675983.6542         0.0000         -46718.2991    -52943.9492    109253.4025    -46718.2991    -52943.9492

ENERGY:      55      1120.5326       430.1447         0.0000         0.0000        -679370.8895      1343.4509       237.0089         0.0000         0.0000        -676239.7525         0.0000   -676239.7525   -676239.7525         0.0000         -46829.7447    -53115.5438    109253.4025    -46829.7447    -53115.5438

MINIMIZER RESTARTING CONJUGATE GRADIENT ALGORITHM DUE TO POOR PROGRESS
LINE MINIMIZER REDUCING GRADIENT FROM 1.83817e+06 TO 1838.17
ENERGY:      56      1000.1233       417.6607         0.0000         0.0000        -679564.1156      1259.4683       244.5449         0.0000         0.0000        -676642.3184         0.0000   -676642.3184   -676642.3184         0.0000         -46983.3588    -53400.6653    109253.4025    -46983.3588    -53400.6653

ENERGY:      57       955.7408       409.4642         0.0000         0.0000        -679757.4315      1186.2577       252.2224         0.0000         0.0000        -676953.7463         0.0000   -676953.7463   -676953.7463         0.0000         -47160.3201    -53656.0958    109253.4025    -47160.3201    -53656.0958

MINIMIZER RESTARTING CONJUGATE GRADIENT ALGORITHM DUE TO POOR PROGRESS
LINE MINIMIZER REDUCING GRADIENT FROM 1.22885e+06 TO 1228.85
ENERGY:      58       961.8784       409.2667         0.0000         0.0000        -680217.2616       971.9444       270.1895         0.0000         0.0000        -677603.9826         0.0000   -677603.9826   -677603.9826         0.0000         -47850.4698    -54368.0215    109253.4025    -47850.4698    -54368.0215

ENERGY:      59      1006.8676       417.0715         0.0000         0.0000        -680673.1858       821.9133       288.9024         0.0000         0.0000        -678138.4310         0.0000   -678138.4310   -678138.4310         0.0000         -48473.1946    -54910.6648    109253.4025    -48473.1946    -54910.6648

MINIMIZER RESTARTING CONJUGATE GRADIENT ALGORITHM DUE TO POOR PROGRESS
LINE MINIMIZER REDUCING GRADIENT FROM 1.47863e+06 TO 1478.63
ETITLE:      TS           BOND          ANGLE          DIHED          IMPRP               ELECT            VDW       BOUNDARY           MISC        KINETIC               TOTAL           TEMP      POTENTIAL         TOTAL3        TEMPAVG            PRESSURE      GPRESSURE         VOLUME       PRESSAVG      GPRESSAVG

ENERGY:      60       973.3091       407.7543         0.0000         0.0000        -680892.1332       748.5386       297.9624         0.0000         0.0000        -678464.5687         0.0000   -678464.5687   -678464.5687         0.0000         -48600.9037    -55182.5991    109253.4025    -48600.9037    -55182.5991

ENERGY:      61       984.6348       403.5634         0.0000         0.0000        -681111.5058       727.8049       307.1966         0.0000         0.0000        -678688.3061         0.0000   -678688.3061   -678688.3061         0.0000         -48633.8110    -55320.0712    109253.4025    -48633.8110    -55320.0712

ENERGY:      62      1040.7697       404.5527         0.0000         0.0000        -681331.1729       775.9782       316.6050         0.0000         0.0000        -678793.2673         0.0000   -678793.2673   -678793.2673         0.0000         -48530.2205    -55281.7922    109253.4025    -48530.2205    -55281.7922

ENERGY:      63      1141.4879       410.7747         0.0000         0.0000        -681551.0911       942.0264       326.1875         0.0000         0.0000        -678730.6146         0.0000   -678730.6146   -678730.6146         0.0000         -48164.7487    -54943.7522    109253.4025    -48164.7487    -54943.7522

LINE MINIMIZER BRACKET: DX 0.000313625 0.000313625 DU -104.961 62.6527 DUDX -539626 -105157 560622 
ENERGY:      64      1054.9666       405.2504         0.0000         0.0000        -681369.0773       794.1388       318.2448         0.0000         0.0000        -678796.4766         0.0000   -678796.4766   -678796.4766         0.0000         -48491.1748    -55250.1252    109253.4025    -48491.1748    -55250.1252

LINE MINIMIZER BRACKET: DX 5.40783e-05 0.000259546 DU -3.2093 65.862 DUDX -105157 -12210.7 560622 
ENERGY:      65      1062.2509       405.6407         0.0000         0.0000        -681387.2713       804.1599       319.0337         0.0000         0.0000        -678796.1861         0.0000   -678796.1861   -678796.1861         0.0000         -48469.5061    -55231.6010    109253.4025    -48469.5061    -55231.6010

LINE MINIMIZER BRACKET: DX 5.40783e-05 2.59546e-05 DU -3.2093 0.290521 DUDX -105157 -12210.7 35009.3 
ENERGY:      66      1056.8374       405.3488         0.0000         0.0000        -681373.8226       796.6680       318.4505         0.0000         0.0000        -678796.5179         0.0000   -678796.5179   -678796.5179         0.0000         -48485.7112    -55245.5067    109253.4025    -48485.7112    -55245.5067

LINE MINIMIZER BRACKET: DX 6.77069e-06 1.91839e-05 DU -0.0412854 0.331806 DUDX -12210.7 -64.1064 35009.3 
LINE MINIMIZER REDUCING GRADIENT FROM 3.09325e+06 TO 3093.25
ENERGY:      67      1054.4516       403.1980         0.0000         0.0000        -681649.9891       645.2928       331.1090         0.0000         0.0000        -679215.9377         0.0000   -679215.9377   -679215.9377         0.0000         -48967.5573    -55719.3938    109253.4025    -48967.5573    -55719.3938

ENERGY:      68      1061.5387       403.0143         0.0000         0.0000        -681926.0837       559.1092       344.0723         0.0000         0.0000        -679558.3492         0.0000   -679558.3492   -679558.3492         0.0000         -49318.1202    -56030.2566    109253.4025    -49318.1202    -56030.2566

MINIMIZER RESTARTING CONJUGATE GRADIENT ALGORITHM DUE TO POOR PROGRESS
LINE MINIMIZER REDUCING GRADIENT FROM 1.65526e+06 TO 1655.26
ENERGY:      69      1002.7731       399.2770         0.0000         0.0000        -682058.8176       456.1483       350.4009         0.0000         0.0000        -679850.2183         0.0000   -679850.2183   -679850.2183         0.0000         -49583.4157    -56339.5955    109253.4025    -49583.4157    -56339.5955

ETITLE:      TS           BOND          ANGLE          DIHED          IMPRP               ELECT            VDW       BOUNDARY           MISC        KINETIC               TOTAL           TEMP      POTENTIAL         TOTAL3        TEMPAVG            PRESSURE      GPRESSURE         VOLUME       PRESSAVG      GPRESSAVG

ENERGY:      70       997.5440       400.3898         0.0000         0.0000        -682191.5591       391.1867       356.8045         0.0000         0.0000        -680045.6341         0.0000   -680045.6341   -680045.6341         0.0000         -49786.1767    -56551.5420    109253.4025    -49786.1767    -56551.5420

ENERGY:      71      1046.2825       406.0463         0.0000         0.0000        -682324.3160       349.3230       363.2832         0.0000         0.0000        -680159.3810         0.0000   -680159.3810   -680159.3810         0.0000         -49964.8114    -56703.0029    109253.4025    -49964.8114    -56703.0029

ENERGY:      72      1149.1543       416.0788         0.0000         0.0000        -682457.0583       324.8701       369.8370         0.0000         0.0000        -680197.1181         0.0000   -680197.1181   -680197.1181         0.0000         -50134.1164    -56808.0678    109253.4025    -50134.1164    -56808.0678

ENERGY:      73      1305.9903       430.5061         0.0000         0.0000        -682589.7318       317.0682       376.4659         0.0000         0.0000        -680159.7012         0.0000   -680159.7012   -680159.7012         0.0000         -50296.1441    -56868.2305    109253.4025    -50296.1441    -56868.2305

LINE MINIMIZER BRACKET: DX 0.000236822 0.000236822 DU -37.7371 37.4169 DUDX -317865 -1342.05 319319 
ENERGY:      74      1162.4158       417.3213         0.0000         0.0000        -682470.3331       323.3204       370.4965         0.0000         0.0000        -680196.7790         0.0000   -680196.7790   -680196.7790         0.0000         -50150.7123    -56816.1800    109253.4025    -50150.7123    -56816.1800

LINE MINIMIZER BRACKET: DX 0.000236822 2.36822e-05 DU -37.7371 0.339107 DUDX -317865 -1342.05 30304.1 
ENERGY:      75      1150.4561       416.2011         0.0000         0.0000        -682458.3861       324.7078       369.9029         0.0000         0.0000        -680197.1182         0.0000   -680197.1182   -680197.1182         0.0000         -50135.7800    -56808.9000    109253.4025    -50135.7800    -56808.9000

LINE MINIMIZER BRACKET: DX 2.36822e-06 2.1314e-05 DU -0.000118565 0.339225 DUDX -1342.05 1820.39 30304.1 
LINE MINIMIZER REDUCING GRADIENT FROM 2.02931e+06 TO 2029.31
ENERGY:      76      1107.5364       404.9443         0.0000         0.0000        -682660.3070       267.4681       379.9477         0.0000         0.0000        -680500.4105         0.0000   -680500.4105   -680500.4105         0.0000         -50310.4784    -57017.4877    109253.4025    -50310.4784    -57017.4877

ENERGY:      77      1080.1056       395.3965         0.0000         0.0000        -682861.3049       221.2837       390.1666         0.0000         0.0000        -680774.3526         0.0000   -680774.3526   -680774.3526         0.0000         -50483.8004    -57196.2397    109253.4025    -50483.8004    -57196.2397

MINIMIZER RESTARTING CONJUGATE GRADIENT ALGORITHM DUE TO POOR PROGRESS
LINE MINIMIZER REDUCING GRADIENT FROM 1.426e+06 TO 1426
ENERGY:      78      1013.2166       375.6043         0.0000         0.0000        -683015.3643       163.0693       398.2365         0.0000         0.0000        -681065.2376         0.0000   -681065.2376   -681065.2376         0.0000         -50544.4377    -57394.8793    109253.4025    -50544.4377    -57394.8793

ENERGY:      79      1022.8173       362.1626         0.0000         0.0000        -683168.7155       129.7954       406.4172         0.0000         0.0000        -681247.5229         0.0000   -681247.5229   -681247.5229         0.0000         -50592.0454    -57526.2644    109253.4025    -50592.0454    -57526.2644

ETITLE:      TS           BOND          ANGLE          DIHED          IMPRP               ELECT            VDW       BOUNDARY           MISC        KINETIC               TOTAL           TEMP      POTENTIAL         TOTAL3        TEMPAVG            PRESSURE      GPRESSURE         VOLUME       PRESSAVG      GPRESSAVG

ENERGY:      80      1108.4004       355.4038         0.0000         0.0000        -683321.4791       123.1867       414.7089         0.0000         0.0000        -681319.7794         0.0000   -681319.7794   -681319.7794         0.0000         -50622.1125    -57585.8289    109253.4025    -50622.1125    -57585.8289

ENERGY:      81      1268.7628       355.9888         0.0000         0.0000        -683473.7667       151.0622       423.1115         0.0000         0.0000        -681274.8414         0.0000   -681274.8414   -681274.8414         0.0000         -50614.3078    -57552.9421    109253.4025    -50614.3078    -57552.9421

LINE MINIMIZER BRACKET: DX 0.000320367 0.000320367 DU -72.2565 44.938 DUDX -399262 -48254.3 337043 
ENERGY:      82      1124.7837       355.0506         0.0000         0.0000        -683340.9928       124.5797       415.7781         0.0000         0.0000        -681320.8006         0.0000   -681320.8006   -681320.8006         0.0000         -50623.8763    -57587.4398    109253.4025    -50623.8763    -57587.4398

LINE MINIMIZER BRACKET: DX 4.10002e-05 0.000279367 DU -1.02127 45.9593 DUDX -48254.3 -1460.27 337043 
ENERGY:      83      1136.6474       354.8795         0.0000         0.0000        -683354.2851       125.8581       416.5076         0.0000         0.0000        -681320.3924         0.0000   -681320.3924   -681320.3924         0.0000         -50624.7083    -57587.6551    109253.4025    -50624.7083    -57587.6551

LINE MINIMIZER BRACKET: DX 4.10002e-05 2.79367e-05 DU -1.02127 0.408207 DUDX -48254.3 -1460.27 30764.1 
ENERGY:      84      1125.9446       355.0310         0.0000         0.0000        -683342.3217       124.6954       415.8510         0.0000         0.0000        -681320.7998         0.0000   -681320.7998   -681320.7998         0.0000         -50623.9703    -57587.4908    109253.4025    -50623.9703    -57587.4908

LINE MINIMIZER BRACKET: DX 4.10002e-05 2.79367e-06 DU -1.02127 0.000826992 DUDX -48254.3 -1460.27 1749.57 
LINE MINIMIZER REDUCING GRADIENT FROM 1.79111e+06 TO 1791.11
ENERGY:      85      1100.1675       353.8121         0.0000         0.0000        -683534.9463        90.1112       425.5056         0.0000         0.0000        -681565.3499         0.0000   -681565.3499   -681565.3499         0.0000         -50780.3074    -57748.2076    109253.4025    -50780.3074    -57748.2076

ENERGY:      86      1083.6123       354.0881         0.0000         0.0000        -683727.0209        67.7980       435.3080         0.0000         0.0000        -681786.2144         0.0000   -681786.2144   -681786.2144         0.0000         -50926.6504    -57875.7788    109253.4025    -50926.6504    -57875.7788

MINIMIZER RESTARTING CONJUGATE GRADIENT ALGORITHM DUE TO POOR PROGRESS
LINE MINIMIZER REDUCING GRADIENT FROM 1.32324e+06 TO 1323.24
ENERGY:      87       997.0350       355.4280         0.0000         0.0000        -683904.1772        -2.7405       444.5191         0.0000         0.0000        -682109.9356         0.0000   -682109.9356   -682109.9356         0.0000         -51179.9505    -58125.1577    109253.4025    -51179.9505    -58125.1577

ENERGY:      88      1059.4099       365.3685         0.0000         0.0000        -684082.3407       -45.5202       453.8633         0.0000         0.0000        -682249.2190         0.0000   -682249.2190   -682249.2190         0.0000         -51448.9663    -58301.5572    109253.4025    -51448.9663    -58301.5572

ENERGY:      89      1271.5434       383.1903         0.0000         0.0000        -684261.1360       -68.8465       463.3408         0.0000         0.0000        -682211.9079         0.0000   -682211.9079   -682211.9079         0.0000         -51755.3124    -58425.4054    109253.4025    -51755.3124    -58425.4054

LINE MINIMIZER BRACKET: DX 0.000387698 0.000387698 DU -139.283 37.3111 DUDX -592275 -129446 320607 
ETITLE:      TS           BOND          ANGLE          DIHED          IMPRP               ELECT            VDW       BOUNDARY           MISC        KINETIC               TOTAL           TEMP      POTENTIAL         TOTAL3        TEMPAVG            PRESSURE      GPRESSURE         VOLUME       PRESSAVG      GPRESSAVG

ENERGY:      90      1104.9183       369.6978         0.0000         0.0000        -684133.5754       -53.9898       456.5677         0.0000         0.0000        -682256.3814         0.0000   -682256.3814   -682256.3814         0.0000         -51532.4743    -58341.9646    109253.4025    -51532.4743    -58341.9646

LINE MINIMIZER BRACKET: DX 0.000111186 0.000276512 DU -7.16235 44.4735 DUDX -129446 478.641 320607 
LINE MINIMIZER REDUCING GRADIENT FROM 1.34702e+06 TO 1347.02
ENERGY:      91      1088.0314       364.2451         0.0000         0.0000        -684314.4486       -88.5726       466.6360         0.0000         0.0000        -682484.1087         0.0000   -682484.1087   -682484.1087         0.0000         -51678.8620    -58493.7825    109253.4025    -51678.8620    -58493.7825

ENERGY:      92      1078.3608       360.1285         0.0000         0.0000        -684494.5639      -106.7488       476.8554         0.0000         0.0000        -682685.9679         0.0000   -682685.9679   -682685.9679         0.0000         -51804.1109    -58602.2512    109253.4025    -51804.1109    -58602.2512

MINIMIZER RESTARTING CONJUGATE GRADIENT ALGORITHM DUE TO POOR PROGRESS
LINE MINIMIZER REDUCING GRADIENT FROM 1.05119e+06 TO 1051.19
ENERGY:      93       960.6236       344.3047         0.0000         0.0000        -684638.2107      -163.5280       486.5318         0.0000         0.0000        -683010.2787         0.0000   -683010.2787   -683010.2787         0.0000         -51777.3097    -58776.3522    109253.4025    -51777.3097    -58776.3522

ENERGY:      94      1052.4614       341.6785         0.0000         0.0000        -684782.6098      -194.2069       496.3457         0.0000         0.0000        -683086.3312         0.0000   -683086.3312   -683086.3312         0.0000         -51804.8417    -58881.0394    109253.4025    -51804.8417    -58881.0394

ENERGY:      95      1349.3665       354.3705         0.0000         0.0000        -684927.9334      -203.0928       506.2974         0.0000         0.0000        -682920.9918         0.0000   -682920.9918   -682920.9918         0.0000         -51896.8399    -58926.0459    109253.4025    -51896.8399    -58926.0459

LINE MINIMIZER BRACKET: DX 0.000430092 0.000430092 DU -76.0524 165.339 DUDX -461824 105573 662222 
ENERGY:      96      1019.5330       341.0938         0.0000         0.0000        -684755.5528      -190.1774       494.5008         0.0000         0.0000        -683090.6026         0.0000   -683090.6026   -683090.6026         0.0000         -51794.8856    -58866.0979    109253.4025    -51794.8856    -58866.0979

LINE MINIMIZER BRACKET: DX 0.000349699 8.03929e-05 DU -80.3238 4.27136 DUDX -461824 609.926 105573 
LINE MINIMIZER REDUCING GRADIENT FROM 958972 TO 958.972
ENERGY:      97      1004.1442       338.3351         0.0000         0.0000        -685023.6231      -251.5361       510.5702         0.0000         0.0000        -683422.1097         0.0000   -683422.1097   -683422.1097         0.0000         -51985.5005    -59105.8221    109253.4025    -51985.5005    -59105.8221

ENERGY:      98      1023.8200       337.9994         0.0000         0.0000        -685291.0476      -304.6111       527.0016         0.0000         0.0000        -683706.8376         0.0000   -683706.8376   -683706.8376         0.0000         -52216.2055    -59322.3301    109253.4025    -52216.2055    -59322.3301

MINIMIZER RESTARTING CONJUGATE GRADIENT ALGORITHM DUE TO POOR PROGRESS
LINE MINIMIZER REDUCING GRADIENT FROM 882214 TO 882.214
ENERGY:      99       950.9764       338.9418         0.0000         0.0000        -685469.2752      -341.1427       537.4675         0.0000         0.0000        -683983.0323         0.0000   -683983.0323   -683983.0323         0.0000         -52387.3604    -59477.8227    109253.4025    -52387.3604    -59477.8227

LDB: ============= START OF LOAD BALANCING ============== 22.313
LDB: ============== END OF LOAD BALANCING =============== 22.313
LDB: =============== DONE WITH MIGRATION ================ 22.3131
Info: Initial time: 1 CPUs 0.0337247 s/step 0.390332 days/ns 1.42847 MB memory
TIMING: 100  CPU: 3.43961, 0.0337256/step  Wall: 3.4405, 0.033726/step, 0.000946203 hours remaining, 1.428466 MB of memory in use.
PERFORMANCE: 100  averaging 2.56182 ns/day, 0.033726 sec/step with standard deviation 0
ETITLE:      TS           BOND          ANGLE          DIHED          IMPRP               ELECT            VDW       BOUNDARY           MISC        KINETIC               TOTAL           TEMP      POTENTIAL         TOTAL3        TEMPAVG            PRESSURE      GPRESSURE         VOLUME       PRESSAVG      GPRESSAVG

ENERGY:     100      1155.5460       355.0162         0.0000         0.0000        -685646.9704      -350.9539       548.0837         0.0000         0.0000        -683939.2784         0.0000   -683939.2784   -683939.2784         0.0000         -52640.1893    -59560.6409    109253.4025    -52640.1893    -59560.6409

WRITING EXTENDED SYSTEM TO RESTART FILE AT STEP 100
LINE MINIMIZER BRACKET: DX 0.000497802 0.000497802 DU -276.195 43.7539 DUDX -882214 -231824 407966 
OPENING COORDINATE DCD FILE
WRITING COORDINATES TO DCD FILE eq0.dcd AT STEP 100
WRITING COORDINATES TO RESTART FILE AT STEP 100
FINISHED WRITING RESTART COORDINATES
The last position output (seq=100) takes 0.000 seconds, 1.428 MB of memory in use
WRITING VELOCITIES TO RESTART FILE AT STEP 100
FINISHED WRITING RESTART VELOCITIES
The last velocity output (seq=100) takes 0.000 seconds, 1.428 MB of memory in use
ENERGY:     101       993.1701       342.9800         0.0000         0.0000        -685533.7541      -347.6343       541.2990         0.0000         0.0000        -684003.9393         0.0000   -684003.9393   -684003.9393         0.0000         -52469.1850    -59515.9089    109253.4025    -52469.1850    -59515.9089

LINE MINIMIZER BRACKET: DX 0.000180475 0.000317327 DU -20.907 64.6609 DUDX -231824 -18.5945 407966 
LINE MINIMIZER REDUCING GRADIENT FROM 711641 TO 711.641
ENERGY:     102      1015.0727       338.3164         0.0000         0.0000        -685927.8615      -427.1429       566.3822         0.0000         0.0000        -684435.2330         0.0000   -684435.2330   -684435.2330         0.0000         -52817.1958    -59849.5722    109253.4025    -52817.1958    -59849.5722

ENERGY:     103      1066.4469       341.4870         0.0000         0.0000        -686318.6318      -482.4201       592.2891         0.0000         0.0000        -684800.8289         0.0000   -684800.8289   -684800.8289         0.0000         -53213.6319    -60115.3966    109253.4025    -53213.6319    -60115.3966

MINIMIZER RESTARTING CONJUGATE GRADIENT ALGORITHM DUE TO POOR PROGRESS
LINE MINIMIZER REDUCING GRADIENT FROM 875856 TO 875.856
ENERGY:     104       948.9190       323.7640         0.0000         0.0000        -686424.4735      -506.1237       601.1929         0.0000         0.0000        -685056.7213         0.0000   -685056.7213   -685056.7213         0.0000         -52997.7843    -60189.0478    109253.4025    -52997.7843    -60189.0478

ENERGY:     105      1098.1615       327.1017         0.0000         0.0000        -686532.1554      -513.6243       610.1983         0.0000         0.0000        -685010.3182         0.0000   -685010.3182   -685010.3182         0.0000         -52884.7393    -60219.4409    109253.4025    -52884.7393    -60219.4409

LINE MINIMIZER BRACKET: DX 0.00046557 0.00046557 DU -255.892 46.4031 DUDX -875856 -224457 423785 
ENERGY:     106       970.6019       322.4282         0.0000         0.0000        -686461.5514      -510.5818       604.2996         0.0000         0.0000        -685074.8035         0.0000   -685074.8035   -685074.8035         0.0000         -52947.1163    -60204.5757    109253.4025    -52947.1163    -60204.5757

LINE MINIMIZER BRACKET: DX 0.000161203 0.000304367 DU -18.0823 64.4853 DUDX -224457 26.6236 423785 
LINE MINIMIZER REDUCING GRADIENT FROM 488108 TO 488.108
ENERGY:     107       980.9863       317.3142         0.0000         0.0000        -687055.2516      -588.5293       646.3240         0.0000         0.0000        -685699.1564         0.0000   -685699.1564   -685699.1564         0.0000         -53272.1926    -60579.6444    109253.4025    -53272.1926    -60579.6444

ENERGY:     108      1059.7122       322.9439         0.0000         0.0000        -687644.6630      -637.2453       690.4784         0.0000         0.0000        -686208.7737         0.0000   -686208.7737   -686208.7737         0.0000         -53801.3015    -60873.3829    109253.4025    -53801.3015    -60873.3829

MINIMIZER RESTARTING CONJUGATE GRADIENT ALGORITHM DUE TO POOR PROGRESS
LINE MINIMIZER REDUCING GRADIENT FROM 948122 TO 948.122
ENERGY:     109       994.0894       311.0614         0.0000         0.0000        -687702.5916      -656.1173       695.0487         0.0000         0.0000        -686358.5093         0.0000   -686358.5093   -686358.5093         0.0000         -53698.7636    -60937.3179    109253.4025    -53698.7636    -60937.3179

ETITLE:      TS           BOND          ANGLE          DIHED          IMPRP               ELECT            VDW       BOUNDARY           MISC        KINETIC               TOTAL           TEMP      POTENTIAL         TOTAL3        TEMPAVG            PRESSURE      GPRESSURE         VOLUME       PRESSAVG      GPRESSAVG

ENERGY:     110       992.7703       308.8405         0.0000         0.0000        -687761.6481      -656.0579       699.6441         0.0000         0.0000        -686416.4511         0.0000   -686416.4511   -686416.4511         0.0000         -53583.4567    -60952.7090    109253.4025    -53583.4567    -60952.7090

ENERGY:     111      1056.3076       315.8464         0.0000         0.0000        -687821.5685      -640.8818       704.2646         0.0000         0.0000        -686386.0317         0.0000   -686386.0317   -686386.0317         0.0000         -53465.3870    -60928.6008    109253.4025    -53465.3870    -60928.6008

LINE MINIMIZER BRACKET: DX 0.000279817 0.000279817 DU -57.9417 30.4193 DUDX -365556 -50237.4 270990 
ENERGY:     112       998.4850       309.3409         0.0000         0.0000        -687771.0646      -654.7076       700.3726         0.0000         0.0000        -686417.5736         0.0000   -686417.5736   -686417.5736         0.0000         -53565.0823    -60951.6500    109253.4025    -53565.0823    -60951.6500

LINE MINIMIZER BRACKET: DX 4.42195e-05 0.000235598 DU -1.12258 31.5419 DUDX -50237.4 -622.52 270990 
LINE MINIMIZER REDUCING GRADIENT FROM 450767 TO 450.767
ENERGY:     113       998.3133       307.3830         0.0000         0.0000        -687874.4953      -655.8217       708.3586         0.0000         0.0000        -686516.2621         0.0000   -686516.2621   -686516.2621         0.0000         -53577.0661    -60984.5975    109253.4025    -53577.0661    -60984.5975

ENERGY:     114       999.7421       306.0933         0.0000         0.0000        -687977.8327      -651.8190       716.4199         0.0000         0.0000        -686607.3965         0.0000   -686607.3965   -686607.3965         0.0000         -53585.4433    -61003.9399    109253.4025    -53585.4433    -61003.9399

MINIMIZER RESTARTING CONJUGATE GRADIENT ALGORITHM DUE TO POOR PROGRESS
LINE MINIMIZER REDUCING GRADIENT FROM 443198 TO 443.198
ENERGY:     115       951.4432       305.2982         0.0000         0.0000        -688094.8429      -673.3028       725.4259         0.0000         0.0000        -686785.9784         0.0000   -686785.9784   -686785.9784         0.0000         -53804.0482    -61097.0684    109253.4025    -53804.0482    -61097.0684

ENERGY:     116      1025.1012       316.2681         0.0000         0.0000        -688213.2878      -681.3854       734.5267         0.0000         0.0000        -686818.7772         0.0000   -686818.7772   -686818.7772         0.0000         -54062.2367    -61155.8191    109253.4025    -54062.2367    -61155.8191

ENERGY:     117      1218.3153       339.4649         0.0000         0.0000        -688333.1949      -677.7973       743.7224         0.0000         0.0000        -686709.4896         0.0000   -686709.4896   -686709.4896         0.0000         -54363.9423    -61185.0459    109253.4025    -54363.9423    -61185.0459

LINE MINIMIZER BRACKET: DX 0.000571944 0.000571944 DU -32.7988 109.288 DUDX -183318 67556.2 314218 
ENERGY:     118       993.2773       312.1206         0.0000         0.0000        -688181.1106      -680.3727       732.0562         0.0000         0.0000        -686824.0293         0.0000   -686824.0293   -686824.0293         0.0000         -53988.1433    -61142.8989    109253.4025    -53988.1433    -61142.8989

LINE MINIMIZER BRACKET: DX 0.00041727 0.000154674 DU -38.0508 5.25201 DUDX -183318 299.82 67556.2 
LINE MINIMIZER REDUCING GRADIENT FROM 527522 TO 527.522
ENERGY:     119       986.7695       308.1644         0.0000         0.0000        -688428.2706      -719.5503       751.5645         0.0000         0.0000        -687101.3224         0.0000   -687101.3224   -687101.3224         0.0000         -54167.8541    -61326.4787    109253.4025    -54167.8541    -61326.4787

LDB: ============= START OF LOAD BALANCING ============== 22.9161
LDB: ============== END OF LOAD BALANCING =============== 22.9161
LDB: =============== DONE WITH MIGRATION ================ 22.9161
ETITLE:      TS           BOND          ANGLE          DIHED          IMPRP               ELECT            VDW       BOUNDARY           MISC        KINETIC               TOTAL           TEMP      POTENTIAL         TOTAL3        TEMPAVG            PRESSURE      GPRESSURE         VOLUME       PRESSAVG      GPRESSAVG

ENERGY:     120       997.9450       309.4654         0.0000         0.0000        -688675.0414      -745.7578       771.5017         0.0000         0.0000        -687341.8870         0.0000   -687341.8870   -687341.8870         0.0000         -54379.2543    -61474.5884    109253.4025    -54379.2543    -61474.5884

MINIMIZER RESTARTING CONJUGATE GRADIENT ALGORITHM DUE TO POOR PROGRESS
LINE MINIMIZER REDUCING GRADIENT FROM 393594 TO 393.594
ENERGY:     121       946.5187       298.1920         0.0000         0.0000        -688750.5576      -758.9513       779.2325         0.0000         0.0000        -687485.5657         0.0000   -687485.5657   -687485.5657         0.0000         -54095.8785    -61524.0644    109253.4025    -54095.8785    -61524.0644

ENERGY:     122      1012.3567       301.0747         0.0000         0.0000        -688827.0190      -768.9248       787.0311         0.0000         0.0000        -687495.4814         0.0000   -687495.4814   -687495.4814         0.0000         -53874.8158    -61565.7757    109253.4025    -53874.8158    -61565.7757

ENERGY:     123      1188.7062       319.8957         0.0000         0.0000        -688904.3886      -774.4368       794.8976         0.0000         0.0000        -687375.3259         0.0000   -687375.3259   -687375.3259         0.0000         -53711.3880    -61596.2374    109253.4025    -53711.3880    -61596.2374

LINE MINIMIZER BRACKET: DX 0.000537234 0.000537234 DU -9.9157 120.155 DUDX -142047 103924 341812 
ENERGY:     124       970.4353       298.0266         0.0000         0.0000        -688794.4419      -765.1382       783.7116         0.0000         0.0000        -687507.4066         0.0000   -687507.4066   -687507.4066         0.0000         -53961.2905    -61549.1730    109253.4025    -53961.2905    -61549.1730

LINE MINIMIZER BRACKET: DX 0.000309129 0.000228106 DU -21.8409 11.9252 DUDX -142047 336.615 103924 
LINE MINIMIZER REDUCING GRADIENT FROM 387728 TO 387.728
ENERGY:     125       965.9147       295.5743         0.0000         0.0000        -689029.3575      -780.5310       802.1149         0.0000         0.0000        -687746.2845         0.0000   -687746.2845   -687746.2845         0.0000         -54061.2614    -61662.2180    109253.4025    -54061.2614    -61662.2180

MINIMIZER RESTARTING CONJUGATE GRADIENT ALGORITHM DUE TO POOR PROGRESS
LINE MINIMIZER REDUCING GRADIENT FROM 324870 TO 324.87
ENERGY:     126       967.4809       300.1533         0.0000         0.0000        -689182.3981      -779.7066       812.3778         0.0000         0.0000        -687882.0927         0.0000   -687882.0927   -687882.0927         0.0000         -54453.6240    -61716.8202    109253.4025    -54453.6240    -61716.8202

ENERGY:     127      1154.8259       329.3401         0.0000         0.0000        -689336.7945      -770.7144       822.7580         0.0000         0.0000        -687800.5850         0.0000   -687800.5850   -687800.5850         0.0000         -54934.4182    -61750.1800    109253.4025    -54934.4182    -61750.1800

LINE MINIMIZER BRACKET: DX 0.00074883 0.00074883 DU -135.808 81.5078 DUDX -324870 -37188.9 255951 
ENERGY:     128       980.9702       302.5097         0.0000         0.0000        -689201.9811      -779.0646       813.6930         0.0000         0.0000        -687883.8727         0.0000   -687883.8727   -687883.8727         0.0000         -54510.0403    -61722.3818    109253.4025    -54510.0403    -61722.3818

LINE MINIMIZER BRACKET: DX 9.5347e-05 0.000653483 DU -1.78001 83.2878 DUDX -37188.9 -219.075 255951 
LINE MINIMIZER REDUCING GRADIENT FROM 332720 TO 332.72
ENERGY:     129       991.7660       299.6431         0.0000         0.0000        -689662.7097      -803.5098       852.7102         0.0000         0.0000        -688322.1002         0.0000   -688322.1002   -688322.1002         0.0000         -54833.2831    -61936.4080    109253.4025    -54833.2831    -61936.4080

ETITLE:      TS           BOND          ANGLE          DIHED          IMPRP               ELECT            VDW       BOUNDARY           MISC        KINETIC               TOTAL           TEMP      POTENTIAL         TOTAL3        TEMPAVG            PRESSURE      GPRESSURE         VOLUME       PRESSAVG      GPRESSAVG

ENERGY:     130      1029.7411       303.9251         0.0000         0.0000        -690122.6821      -809.5388       893.3462         0.0000         0.0000        -688705.2085         0.0000   -688705.2085   -688705.2085         0.0000         -55319.3867    -62101.4123    109253.4025    -55319.3867    -62101.4123

MINIMIZER RESTARTING CONJUGATE GRADIENT ALGORITHM DUE TO POOR PROGRESS
LINE MINIMIZER REDUCING GRADIENT FROM 400829 TO 400.829
ENERGY:     131       958.0315       273.4410         0.0000         0.0000        -690134.5492      -821.8344       902.7100         0.0000         0.0000        -688822.2012         0.0000   -688822.2012   -688822.2012         0.0000         -54073.9523    -62088.6796    109253.4025    -54073.9523    -62088.6796

ENERGY:     132      1225.3988       313.2854         0.0000         0.0000        -690152.1242      -826.1124       912.1708         0.0000         0.0000        -688527.3816         0.0000   -688527.3816   -688527.3816         0.0000         -53007.0640    -62060.5832    109253.4025    -53007.0640    -62060.5832

LINE MINIMIZER BRACKET: DX 0.000808571 0.000808571 DU -116.993 294.82 DUDX -400829 110554 618256 
ENERGY:     133       944.5895       274.2236         0.0000         0.0000        -690131.4938      -819.8972       900.6739         0.0000         0.0000        -688831.9041         0.0000   -688831.9041   -688831.9041         0.0000         -54328.5890    -62092.8604    109253.4025    -54328.5890    -62092.8604

LINE MINIMIZER BRACKET: DX 0.000633463 0.000175108 DU -126.696 9.7029 DUDX -400829 218.965 110554 
LINE MINIMIZER REDUCING GRADIENT FROM 183293 TO 183.293
ENERGY:     134       940.6283       280.4364         0.0000         0.0000        -690509.3588      -829.5106       935.1812         0.0000         0.0000        -689182.6235         0.0000   -689182.6235   -689182.6235         0.0000         -54455.5830    -62242.9058    109253.4025    -54455.5830    -62242.9058

ENERGY:     135       964.2140       292.8307         0.0000         0.0000        -690887.5425      -828.0526       970.9606         0.0000         0.0000        -689487.5898         0.0000   -689487.5898   -689487.5898         0.0000         -54728.3832    -62364.6401    109253.4025    -54728.3832    -62364.6401

MINIMIZER RESTARTING CONJUGATE GRADIENT ALGORITHM DUE TO POOR PROGRESS
LINE MINIMIZER REDUCING GRADIENT FROM 246464 TO 246.464
ENERGY:     136       954.1082       286.3477         0.0000         0.0000        -690966.9210      -829.5182       977.6115         0.0000         0.0000        -689578.3718         0.0000   -689578.3718   -689578.3718         0.0000         -54810.1965    -62409.4199    109253.4025    -54810.1965    -62409.4199

ENERGY:     137      1068.5614       297.1536         0.0000         0.0000        -691046.9382      -826.3220       984.3107         0.0000         0.0000        -689523.2345         0.0000   -689523.2345   -689523.2345         0.0000         -54950.4743    -62442.3305    109253.4025    -54950.4743    -62442.3305

LINE MINIMIZER BRACKET: DX 0.000665326 0.000665326 DU -90.7821 55.1373 DUDX -246464 -26639.7 192227 
ENERGY:     138       961.4301       286.6968         0.0000         0.0000        -690976.6195      -829.3773       978.4237         0.0000         0.0000        -689579.4461         0.0000   -689579.4461   -689579.4461         0.0000         -54824.1367    -62414.0510    109253.4025    -54824.1367    -62414.0510

LINE MINIMIZER BRACKET: DX 8.09227e-05 0.000584403 DU -1.07432 56.2116 DUDX -26639.7 28.0481 192227 
LINE MINIMIZER REDUCING GRADIENT FROM 189531 TO 189.531
ENERGY:     139       971.1173       271.0071         0.0000         0.0000        -691188.3558      -835.5946       999.3883         0.0000         0.0000        -689782.4377         0.0000   -689782.4377   -689782.4377         0.0000         -55011.8773    -62513.6711    109253.4025    -55011.8773    -62513.6711

ETITLE:      TS           BOND          ANGLE          DIHED          IMPRP               ELECT            VDW       BOUNDARY           MISC        KINETIC               TOTAL           TEMP      POTENTIAL         TOTAL3        TEMPAVG            PRESSURE      GPRESSURE         VOLUME       PRESSAVG      GPRESSAVG

ENERGY:     140       996.3737       273.3131         0.0000         0.0000        -691400.9893      -830.8710      1020.8226         0.0000         0.0000        -689941.3509         0.0000   -689941.3509   -689941.3509         0.0000         -55248.7626    -62584.5948    109253.4025    -55248.7626    -62584.5948

MINIMIZER RESTARTING CONJUGATE GRADIENT ALGORITHM DUE TO POOR PROGRESS
LINE MINIMIZER REDUCING GRADIENT FROM 223294 TO 223.294
ENERGY:     141       964.6864       263.0422         0.0000         0.0000        -691460.2096      -834.0271      1028.5743         0.0000         0.0000        -690037.9338         0.0000   -690037.9338   -690037.9338         0.0000         -54872.1414    -62593.0227    109253.4025    -54872.1414    -62593.0227

ENERGY:     142      1076.3076       290.1339         0.0000         0.0000        -691523.0235      -829.2382      1036.3910         0.0000         0.0000        -689949.4292         0.0000   -689949.4292   -689949.4292         0.0000         -54567.9701    -62584.1290    109253.4025    -54567.9701    -62584.1290

LINE MINIMIZER BRACKET: DX 0.000849754 0.000849754 DU -96.5829 88.5046 DUDX -223294 -4481.97 212663 
ENERGY:     143       969.4351       264.0474         0.0000         0.0000        -691466.3268      -833.8977      1029.3531         0.0000         0.0000        -690037.3889         0.0000   -690037.3889   -690037.3889         0.0000         -54838.4466    -62592.8866    109253.4025    -54838.4466    -62592.8866

LINE MINIMIZER BRACKET: DX 0.000849754 8.49754e-05 DU -96.5829 0.544944 DUDX -223294 -4481.97 17277.2 
ENERGY:     144       965.5461       263.2185         0.0000         0.0000        -691461.4656      -834.0068      1028.7345         0.0000         0.0000        -690037.9734         0.0000   -690037.9734   -690037.9734         0.0000         -54865.1539    -62593.0109    109253.4025    -54865.1539    -62593.0109

LINE MINIMIZER BRACKET: DX 1.74786e-05 6.74967e-05 DU -0.0395873 0.584531 DUDX -4481.97 -5.03918 17277.2 
LINE MINIMIZER REDUCING GRADIENT FROM 191033 TO 191.033
ENERGY:     145       952.8362       269.8872         0.0000         0.0000        -691576.4854      -832.9023      1039.3768         0.0000         0.0000        -690147.2874         0.0000   -690147.2874   -690147.2874         0.0000         -54864.6120    -62632.4440    109253.4025    -54864.6120    -62632.4440

ENERGY:     146       950.9697       285.3053         0.0000         0.0000        -691691.7573      -829.5645      1050.1397         0.0000         0.0000        -690234.9071         0.0000   -690234.9071   -690234.9071         0.0000         -54883.6577    -62665.9264    109253.4025    -54883.6577    -62665.9264

MINIMIZER RESTARTING CONJUGATE GRADIENT ALGORITHM DUE TO POOR PROGRESS
LINE MINIMIZER REDUCING GRADIENT FROM 134110 TO 134.11
ENERGY:     147       978.8254       277.1648         0.0000         0.0000        -691808.8993      -828.0836      1060.0368         0.0000         0.0000        -690320.9558         0.0000   -690320.9558   -690320.9558         0.0000         -55191.6748    -62725.0178    109253.4025    -55191.6748    -62725.0178

ENERGY:     148      1115.7996       296.1552         0.0000         0.0000        -691929.6772      -824.2988      1070.0385         0.0000         0.0000        -690271.9826         0.0000   -690271.9826   -690271.9826         0.0000         -55569.9226    -62782.4226    109253.4025    -55569.9226    -62782.4226

LINE MINIMIZER BRACKET: DX 0.00114368 0.00114368 DU -86.0488 48.9732 DUDX -134110 -16303.8 102021 
ENERGY:     149       991.2045       278.1771         0.0000         0.0000        -691825.3369      -827.6966      1061.4096         0.0000         0.0000        -690322.2423         0.0000   -690322.2423   -690322.2423         0.0000         -55239.6452    -62733.0312    109253.4025    -55239.6452    -62733.0312

LINE MINIMIZER BRACKET: DX 0.000157687 0.000985996 DU -1.28648 50.2597 DUDX -16303.8 -23.3896 102021 
LINE MINIMIZER REDUCING GRADIENT FROM 232432 TO 232.432
ETITLE:      TS           BOND          ANGLE          DIHED          IMPRP               ELECT            VDW       BOUNDARY           MISC        KINETIC               TOTAL           TEMP      POTENTIAL         TOTAL3        TEMPAVG            PRESSURE      GPRESSURE         VOLUME       PRESSAVG      GPRESSAVG

ENERGY:     150       978.7082       263.9010         0.0000         0.0000        -691987.2322      -824.9728      1078.9004         0.0000         0.0000        -690490.6954         0.0000   -690490.6954   -690490.6954         0.0000         -55278.4854    -62787.9033    109253.4025    -55278.4854    -62787.9033

ENERGY:     151       986.4651       264.4371         0.0000         0.0000        -692150.2771      -817.0746      1096.7106         0.0000         0.0000        -690619.7389         0.0000   -690619.7389   -690619.7389         0.0000         -55363.0241    -62830.2444    109253.4025    -55363.0241    -62830.2444

MINIMIZER RESTARTING CONJUGATE GRADIENT ALGORITHM DUE TO POOR PROGRESS
LINE MINIMIZER REDUCING GRADIENT FROM 130818 TO 130.818
ENERGY:     152       964.9931       253.9836         0.0000         0.0000        -692200.3331      -818.0215      1102.7674         0.0000         0.0000        -690696.6105         0.0000   -690696.6105   -690696.6105         0.0000         -55114.1706    -62841.5686    109253.4025    -55114.1706    -62841.5686

ENERGY:     153       968.0783       257.6600         0.0000         0.0000        -692250.1236      -813.4976      1108.8634         0.0000         0.0000        -690729.0195         0.0000   -690729.0195   -690729.0195         0.0000         -54875.8643    -62837.7374    109253.4025    -54875.8643    -62837.7374

ENERGY:     154       991.1128       277.9122         0.0000         0.0000        -692299.6898      -804.3812      1114.9986         0.0000         0.0000        -690720.0474         0.0000   -690720.0474   -690720.0474         0.0000         -54649.3723    -62820.9950    109253.4025    -54649.3723    -62820.9950

LINE MINIMIZER BRACKET: DX 0.000767362 0.000767362 DU -32.409 8.97207 DUDX -70447.4 -14680.9 37493.7 
ENERGY:     155       972.6790       261.5376         0.0000         0.0000        -692263.9379      -811.4059      1110.5671         0.0000         0.0000        -690730.5601         0.0000   -690730.5601   -690730.5601         0.0000         -54811.6276    -62834.3255    109253.4025    -54811.6276    -62834.3255

LINE MINIMIZER BRACKET: DX 0.000213581 0.000553781 DU -1.54068 10.5128 DUDX -14680.9 176.075 37493.7 
ENERGY:     156       972.1523       261.0904         0.0000         0.0000        -692262.5576      -811.6307      1110.3966         0.0000         0.0000        -690730.5489         0.0000   -690730.5489   -690730.5489         0.0000         -54818.0123    -62834.7132    109253.4025    -54818.0123    -62834.7132

LINE MINIMIZER BRACKET: DX 2.13581e-05 0.000553781 DU -0.011253 10.5128 DUDX -1297.59 176.075 37493.7 
ENERGY:     157       972.6122       261.4808         0.0000         0.0000        -692263.7645      -811.4342      1110.5457         0.0000         0.0000        -690730.5600         0.0000   -690730.5600   -690730.5600         0.0000         -54812.4246    -62834.3725    109253.4025    -54812.4246    -62834.3725

LINE MINIMIZER BRACKET: DX 2.67491e-06 0.000553781 DU -0.000167589 10.5128 DUDX -8.34159 176.075 37493.7 
LINE MINIMIZER REDUCING GRADIENT FROM 274376 TO 274.376
ENERGY:     158       951.3247       275.1764         0.0000         0.0000        -692361.2770      -809.8100      1118.9628         0.0000         0.0000        -690825.6232         0.0000   -690825.6232   -690825.6232         0.0000         -54952.0531    -62874.7173    109253.4025    -54952.0531    -62874.7173

ENERGY:     159       962.7900       296.4984         0.0000         0.0000        -692458.8779      -805.5574      1127.4540         0.0000         0.0000        -690877.6928         0.0000   -690877.6928   -690877.6928         0.0000         -55113.1674    -62907.8537    109253.4025    -55113.1674    -62907.8537

ETITLE:      TS           BOND          ANGLE          DIHED          IMPRP               ELECT            VDW       BOUNDARY           MISC        KINETIC               TOTAL           TEMP      POTENTIAL         TOTAL3        TEMPAVG            PRESSURE      GPRESSURE         VOLUME       PRESSAVG      GPRESSAVG

ENERGY:     160      1003.3238       327.5986         0.0000         0.0000        -692556.6119      -798.7752      1136.0193         0.0000         0.0000        -690888.4453         0.0000   -690888.4453   -690888.4453         0.0000         -55295.2927    -62934.2218    109253.4025    -55295.2927    -62934.2218

ENERGY:     161      1068.3361       371.0301         0.0000         0.0000        -692654.4918      -789.4669      1144.6588         0.0000         0.0000        -690859.9338         0.0000   -690859.9338   -690859.9338         0.0000         -55497.4177    -62953.8517    109253.4025    -55497.4177    -62953.8517

LINE MINIMIZER BRACKET: DX 0.000426583 0.000426583 DU -10.7525 28.5115 DUDX -72931.3 21702.3 110871 
ENERGY:     162       991.5922       319.4029         0.0000         0.0000        -692533.9924      -800.5674      1134.0313         0.0000         0.0000        -690889.5334         0.0000   -690889.5334   -690889.5334         0.0000         -55251.3496    -62928.7264    109253.4025    -55251.3496    -62928.7264

LINE MINIMIZER BRACKET: DX 0.000327903 9.86796e-05 DU -11.8406 1.08813 DUDX -72931.3 245.921 21702.3 
LINE MINIMIZER REDUCING GRADIENT FROM 245744 TO 245.744
ENERGY:     163       983.6080       323.5452         0.0000         0.0000        -692826.4237      -781.9563      1164.1593         0.0000         0.0000        -691137.0675         0.0000   -691137.0675   -691137.0675         0.0000         -55394.9360    -63004.5700    109253.4025    -55394.9360    -63004.5700

ENERGY:     164      1040.6963       332.5397         0.0000         0.0000        -693119.7702      -751.8580      1195.1893         0.0000         0.0000        -691303.2029         0.0000   -691303.2029   -691303.2029         0.0000         -55661.7932    -63050.6575    109253.4025    -55661.7932    -63050.6575

ENERGY:     165      1165.3724       346.8224         0.0000         0.0000        -693413.9564      -708.8291      1227.1215         0.0000         0.0000        -691383.4692         0.0000   -691383.4692   -691383.4692         0.0000         -56048.5375    -63062.7574    109253.4025    -56048.5375    -63062.7574

ENERGY:     166      1361.5756       367.1791         0.0000         0.0000        -693708.9209      -650.3801      1259.9559         0.0000         0.0000        -691370.5904         0.0000   -691370.5904   -691370.5904         0.0000         -56549.5357    -63033.9170    109253.4025    -56549.5357    -63033.9170

LINE MINIMIZER BRACKET: DX 0.00116989 0.00116989 DU -80.2663 12.8787 DUDX -106161 -30065.3 53473.6 
ENERGY:     167      1228.6330       353.5161         0.0000         0.0000        -693521.8241      -689.3951      1239.0340         0.0000         0.0000        -691390.0361         0.0000   -691390.0361   -691390.0361         0.0000         -56219.0285    -63057.4216    109253.4025    -56219.0285    -63057.4216

LINE MINIMIZER BRACKET: DX 0.000428171 0.000741723 DU -6.56695 19.4457 DUDX -30065.3 -485.382 53473.6 
ENERGY:     168      1240.5812       354.7616         0.0000         0.0000        -693540.5183      -685.8083      1241.1098         0.0000         0.0000        -691389.8740         0.0000   -691389.8740   -691389.8740         0.0000         -56250.0851    -63055.9018    109253.4025    -56250.0851    -63055.9018

LINE MINIMIZER BRACKET: DX 0.000428171 7.41723e-05 DU -6.56695 0.162098 DUDX -30065.3 -485.382 4748.92 
ENERGY:     169      1229.8145       353.6395         0.0000         0.0000        -693523.6947      -689.0394      1239.2414         0.0000         0.0000        -691390.0387         0.0000   -691390.0387   -691390.0387         0.0000         -56222.1207    -63057.2845    109253.4025    -56222.1207    -63057.2845

LINE MINIMIZER BRACKET: DX 7.41723e-06 6.6755e-05 DU -0.00255645 0.164654 DUDX -485.382 36.5134 4748.92 
LINE MINIMIZER REDUCING GRADIENT FROM 1.39836e+06 TO 1398.36
ETITLE:      TS           BOND          ANGLE          DIHED          IMPRP               ELECT            VDW       BOUNDARY           MISC        KINETIC               TOTAL           TEMP      POTENTIAL         TOTAL3        TEMPAVG            PRESSURE      GPRESSURE         VOLUME       PRESSAVG      GPRESSAVG

ENERGY:     170      1116.9721       324.2102         0.0000         0.0000        -693603.9292      -700.1301      1253.5451         0.0000         0.0000        -691609.3319         0.0000   -691609.3319   -691609.3319         0.0000         -55818.1709    -63100.9330    109253.4025    -55818.1709    -63100.9330

ENERGY:     171      1093.9061       305.9147         0.0000         0.0000        -693683.7908      -691.8244      1268.0254         0.0000         0.0000        -691707.7691         0.0000   -691707.7691   -691707.7691         0.0000         -55432.3261    -63091.2646    109253.4025    -55432.3261    -63091.2646

ENERGY:     172      1160.1086       298.3896         0.0000         0.0000        -693763.1952      -665.9652      1282.6822         0.0000         0.0000        -691687.9800         0.0000   -691687.9800   -691687.9800         0.0000         -55069.2772    -63033.5935    109253.4025    -55069.2772    -63033.5935

LINE MINIMIZER BRACKET: DX 0.000298288 0.000298288 DU -98.4371 19.789 DUDX -529769 -131758 265803 
ENERGY:     173      1106.0473       302.2258         0.0000         0.0000        -693710.2531      -685.2213      1272.8800         0.0000         0.0000        -691714.3214         0.0000   -691714.3214   -691714.3214         0.0000         -55309.1923    -63077.5211    109253.4025    -55309.1923    -63077.5211

LINE MINIMIZER BRACKET: DX 9.9197e-05 0.000199091 DU -6.55233 26.3413 DUDX -131758 -331.085 265803 
LINE MINIMIZER REDUCING GRADIENT FROM 657013 TO 657.013
ENERGY:     174      1094.7785       298.9422         0.0000         0.0000        -693752.5398      -673.8031      1279.1663         0.0000         0.0000        -691753.4559         0.0000   -691753.4559   -691753.4559         0.0000         -55201.2144    -63065.0698    109253.4025    -55201.2144    -63065.0698

ENERGY:     175      1085.5634       295.9828         0.0000         0.0000        -693795.4428      -653.7243      1285.4874         0.0000         0.0000        -691782.1334         0.0000   -691782.1334   -691782.1334         0.0000         -55076.1290    -63030.8217    109253.4025    -55076.1290    -63030.8217

ENERGY:     176      1078.3678       293.3440         0.0000         0.0000        -693839.0184      -622.3667      1291.8434         0.0000         0.0000        -691797.8299         0.0000   -691797.8299   -691797.8299         0.0000         -54927.2618    -62968.5724    109253.4025    -54927.2618    -62968.5724

ENERGY:     177      1073.1595       291.0221         0.0000         0.0000        -693883.3330      -574.8284      1298.2342         0.0000         0.0000        -691795.7456         0.0000   -691795.7456   -691795.7456         0.0000         -54742.0962    -62866.4814    109253.4025    -54742.0962    -62866.4814

LINE MINIMIZER BRACKET: DX 0.000222177 0.000222177 DU -15.6965 2.08429 DUDX -102526 -35326.4 60110.7 
ENERGY:     178      1076.0743       292.3889         0.0000         0.0000        -693856.4387      -605.8884      1294.3642         0.0000         0.0000        -691799.4997         0.0000   -691799.4997   -691799.4997         0.0000         -54859.4087    -62933.9171    109253.4025    -54859.4087    -62933.9171

LINE MINIMIZER BRACKET: DX 8.77784e-05 0.000134399 DU -1.6698 3.75409 DUDX -35326.4 -1867.82 60110.7 
ENERGY:     179      1075.7505       292.2471         0.0000         0.0000        -693859.1145      -603.1197      1294.7506         0.0000         0.0000        -691799.4861         0.0000   -691799.4861   -691799.4861         0.0000         -54848.4522    -62927.9974    109253.4025    -54848.4522    -62927.9974

LINE MINIMIZER BRACKET: DX 8.77784e-05 1.34399e-05 DU -1.6698 0.0135589 DUDX -35326.4 -1867.82 3700.15 
ETITLE:      TS           BOND          ANGLE          DIHED          IMPRP               ELECT            VDW       BOUNDARY           MISC        KINETIC               TOTAL           TEMP      POTENTIAL         TOTAL3        TEMPAVG            PRESSURE      GPRESSURE         VOLUME       PRESSAVG      GPRESSAVG

ENERGY:     180      1075.9684       292.3428         0.0000         0.0000        -693857.3072      -604.9971      1294.4896         0.0000         0.0000        -691799.5036         0.0000   -691799.5036   -691799.5036         0.0000         -54855.8690    -62932.0139    109253.4025    -54855.8690    -62932.0139

LINE MINIMIZER BRACKET: DX 4.36325e-06 9.07664e-06 DU -0.00388419 0.0174431 DUDX -1867.82 -74.0941 3700.15 
LINE MINIMIZER REDUCING GRADIENT FROM 483747 TO 483.747
ENERGY:     181      1074.5137       294.1844         0.0000         0.0000        -693910.7239      -573.8236      1299.9741         0.0000         0.0000        -691815.8754         0.0000   -691815.8754   -691815.8754         0.0000         -54894.5304    -62884.2582    109253.4025    -54894.5304    -62884.2582

ENERGY:     182      1081.5923       296.9675         0.0000         0.0000        -693964.3226      -533.3678      1305.4861         0.0000         0.0000        -691813.6446         0.0000   -691813.6446   -691813.6446         0.0000         -54917.1005    -62813.9399    109253.4025    -54917.1005    -62813.9399

LINE MINIMIZER BRACKET: DX 0.000210081 0.000210081 DU -16.3718 2.23078 DUDX -483747 -35567.6 59114.5 
ENERGY:     183      1076.2270       295.1444         0.0000         0.0000        -693931.3367      -559.4822      1302.0932         0.0000         0.0000        -691817.3543         0.0000   -691817.3543   -691817.3543         0.0000         -54905.4760    -62860.1680    109253.4025    -54905.4760    -62860.1680

LINE MINIMIZER BRACKET: DX 8.08905e-05 0.00012919 DU -1.47895 3.70973 DUDX -35567.6 -735.968 59114.5 
ENERGY:     184      1076.6179       295.3106         0.0000         0.0000        -693934.6302      -557.0558      1302.4320         0.0000         0.0000        -691817.3253         0.0000   -691817.3253   -691817.3253         0.0000         -54906.9735    -62855.9833    109253.4025    -54906.9735    -62855.9833

LINE MINIMIZER BRACKET: DX 8.08905e-05 1.2919e-05 DU -1.47895 0.0289709 DUDX -35567.6 -735.968 5000.86 
ENERGY:     185      1076.2735       295.1647         0.0000         0.0000        -693931.7437      -559.1845      1302.1350         0.0000         0.0000        -691817.3549         0.0000   -691817.3549   -691817.3549         0.0000         -54905.6648    -62859.6561    109253.4025    -54905.6648    -62859.6561

LINE MINIMIZER BRACKET: DX 1.59612e-06 1.13229e-05 DU -0.000556895 0.0295278 DUDX -735.968 -29.9524 5000.86 
LINE MINIMIZER REDUCING GRADIENT FROM 443598 TO 443.598
ENERGY:     186      1088.1799       300.1542         0.0000         0.0000        -693986.6291      -541.6443      1307.2910         0.0000         0.0000        -691832.6485         0.0000   -691832.6485   -691832.6485         0.0000         -55036.6436    -62848.6443    109253.4025    -55036.6436    -62848.6443

ENERGY:     187      1107.3735       306.3818         0.0000         0.0000        -694041.6418      -518.1188      1312.4726         0.0000         0.0000        -691833.5328         0.0000   -691833.5328   -691833.5328         0.0000         -55159.4324    -62823.3459    109253.4025    -55159.4324    -62823.3459

ENERGY:     188      1133.8860       313.8565         0.0000         0.0000        -694096.8685      -487.2951      1317.6797         0.0000         0.0000        -691818.7414         0.0000   -691818.7414   -691818.7414         0.0000         -55270.7388    -62780.8906    109253.4025    -55270.7388    -62780.8906

LINE MINIMIZER BRACKET: DX 0.000178482 0.000178482 DU -0.884373 14.7915 DUDX -46323.3 37550.1 129858 
ENERGY:     189      1097.9949       303.4777         0.0000         0.0000        -694017.3233      -529.3224      1310.1806         0.0000         0.0000        -691834.9925         0.0000   -691834.9925   -691834.9925         0.0000         -55106.4009    -62836.4539    109253.4025    -55106.4009    -62836.4539

LINE MINIMIZER BRACKET: DX 9.9644e-05 7.88377e-05 DU -2.34404 1.45967 DUDX -46323.3 -374.93 37550.1 
LINE MINIMIZER REDUCING GRADIENT FROM 457058 TO 457.058
ETITLE:      TS           BOND          ANGLE          DIHED          IMPRP               ELECT            VDW       BOUNDARY           MISC        KINETIC               TOTAL           TEMP      POTENTIAL         TOTAL3        TEMPAVG            PRESSURE      GPRESSURE         VOLUME       PRESSAVG      GPRESSAVG

ENERGY:     190      1105.7314       304.1775         0.0000         0.0000        -694062.9183      -522.1984      1314.7930         0.0000         0.0000        -691860.4149         0.0000   -691860.4149   -691860.4149         0.0000         -55210.3966    -62842.8293    109253.4025    -55210.3966    -62842.8293

ENERGY:     191      1115.5832       305.5312         0.0000         0.0000        -694108.5472      -511.0164      1319.4265         0.0000         0.0000        -691879.0228         0.0000   -691879.0228   -691879.0228         0.0000         -55308.0322    -62839.1610    109253.4025    -55308.0322    -62839.1610

ENERGY:     192      1127.5934       307.5126         0.0000         0.0000        -694154.2214      -495.4460      1324.0812         0.0000         0.0000        -691890.4802         0.0000   -691890.4802   -691890.4802         0.0000         -55398.3916    -62824.5566    109253.4025    -55398.3916    -62824.5566

MINIMIZER RESTARTING CONJUGATE GRADIENT ALGORITHM DUE TO POOR PROGRESS
LINE MINIMIZER REDUCING GRADIENT FROM 522523 TO 522.523
ENERGY:     193      1066.0841       288.5369         0.0000         0.0000        -694134.3728      -524.3092      1325.7775         0.0000         0.0000        -691978.2834         0.0000   -691978.2834   -691978.2834         0.0000         -55070.7908    -62867.8779    109253.4025    -55070.7908    -62867.8779

ENERGY:     194      1057.2700       274.7777         0.0000         0.0000        -694116.1276      -533.9962      1327.4779         0.0000         0.0000        -691990.5981         0.0000   -691990.5981   -691990.5981         0.0000         -54724.8929    -62865.0137    109253.4025    -54724.8929    -62865.0137

ENERGY:     195      1101.5379       266.8581         0.0000         0.0000        -694099.1950      -533.1694      1329.1824         0.0000         0.0000        -691934.7860         0.0000   -691934.7860   -691934.7860         0.0000         -54383.0193    -62836.8571    109253.4025    -54383.0193    -62836.8571

LINE MINIMIZER BRACKET: DX 0.000375694 0.000375694 DU -12.3147 55.8122 DUDX -128237 59664.1 236522 
ENERGY:     196      1054.3311       278.6152         0.0000         0.0000        -694121.8569      -532.2984      1326.9288         0.0000         0.0000        -691994.2802         0.0000   -691994.2802   -691994.2802         0.0000         -54836.7924    -62869.3624    109253.4025    -54836.7924    -62869.3624

LINE MINIMIZER BRACKET: DX 0.000254455 0.00012124 DU -15.9968 3.6821 DUDX -128237 870.496 59664.1 
ENERGY:     197      1054.4151       279.4952         0.0000         0.0000        -694123.0769      -531.7895      1326.8136         0.0000         0.0000        -691994.1425         0.0000   -691994.1425   -691994.1425         0.0000         -54860.2939    -62869.9068    109253.4025    -54860.2939    -62869.9068

LINE MINIMIZER BRACKET: DX 2.54455e-05 0.00012124 DU -0.137688 3.6821 DUDX -11645.5 870.496 59664.1 
ENERGY:     198      1054.3286       278.7020         0.0000         0.0000        -694121.9785      -532.2500      1326.9172         0.0000         0.0000        -691994.2807         0.0000   -691994.2807   -691994.2807         0.0000         -54839.1420    -62869.4221    109253.4025    -54839.1420    -62869.4221

LINE MINIMIZER BRACKET: DX 2.29009e-05 2.54455e-06 DU -0.138144 0.000455647 DUDX -11645.5 -378.037 870.496 
LINE MINIMIZER REDUCING GRADIENT FROM 344024 TO 344.024
ENERGY:     199      1044.4743       267.7964         0.0000         0.0000        -694129.6773      -539.6422      1328.7157         0.0000         0.0000        -692028.3331         0.0000   -692028.3331   -692028.3331         0.0000         -54793.9962    -62887.7835    109253.4025    -54793.9962    -62887.7835

LDB: ============= START OF LOAD BALANCING ============== 25.2471
LDB: ============== END OF LOAD BALANCING =============== 25.2471
LDB: =============== DONE WITH MIGRATION ================ 25.2472
Info: Initial time: 1 CPUs 0.0293346 s/step 0.339521 days/ns 1.42847 MB memory
TIMING: 200  CPU: 6.37224, 0.0293263/step  Wall: 6.3741, 0.029336/step, 8.14888e-06 hours remaining, 1.428466 MB of memory in use.
PERFORMANCE: 200  averaging 2.74016 ns/day, 0.031531 sec/step with standard deviation 0.00310426
ETITLE:      TS           BOND          ANGLE          DIHED          IMPRP               ELECT            VDW       BOUNDARY           MISC        KINETIC               TOTAL           TEMP      POTENTIAL         TOTAL3        TEMPAVG            PRESSURE      GPRESSURE         VOLUME       PRESSAVG      GPRESSAVG

ENERGY:     200      1041.0018       258.9452         0.0000         0.0000        -694138.0210      -540.7719      1330.5187         0.0000         0.0000        -692048.3272         0.0000   -692048.3272   -692048.3272         0.0000         -54738.8315    -62891.4733    109253.4025    -54738.8315    -62891.4733

WRITING EXTENDED SYSTEM TO RESTART FILE AT STEP 200
WRITING COORDINATES TO DCD FILE eq0.dcd AT STEP 200
WRITING COORDINATES TO RESTART FILE AT STEP 200
FINISHED WRITING RESTART COORDINATES
The last position output (seq=200) takes 0.000 seconds, 1.428 MB of memory in use
WRITING VELOCITIES TO RESTART FILE AT STEP 200
FINISHED WRITING RESTART VELOCITIES
The last velocity output (seq=200) takes 0.000 seconds, 1.428 MB of memory in use
ENERGY:     201      1041.0018       258.9452         0.0000         0.0000        -694138.0210      -540.7719      1330.5187         0.0000         0.0000        -692048.3272         0.0000   -692048.3272   -692048.3272         0.0000         -54738.8315    -62891.4733    109253.4025    -54738.8315    -62891.4733

WRITING EXTENDED SYSTEM TO OUTPUT FILE AT STEP 201
CLOSING EXTENDED SYSTEM TRAJECTORY FILE
WRITING COORDINATES TO OUTPUT FILE AT STEP 201
CLOSING COORDINATE DCD FILE eq0.dcd
The last position output (seq=-2) takes 0.004 seconds, 1.428 MB of memory in use
WRITING VELOCITIES TO OUTPUT FILE AT STEP 201
The last velocity output (seq=-2) takes 0.000 seconds, 1.428 MB of memory in use
====================================================

WallClock: 25.345161  CPUTime: 25.332600  Memory: 1.428466 MB
[Partition 0][Node 0] End of program
