Charm++> No provisioning arguments specified. Running with a single PE.
         Use +auto-provision to fully subscribe resources or +p1 to silence this message.
Charm++: standalone mode (not using charmrun)
Charm++> Running in Multicore mode: 1 threads (PEs)
Charm++> Using recursive bisection (scheme 3) for topology aware partitions
Converse/Charm++ Commit ID: 
CharmLB> Load balancer assumes all CPUs are same.
Charm++> Running on 1 hosts (1 sockets x 6 cores x 2 PUs = 12-way SMP)
Charm++> cpu topology info is gathered in 0.003 seconds.
CharmLB> Load balancing instrumentation for communication is off.
Info: NAMD 3.0.1 for Linux-x86_64-multicore
Info: 
Info: Please visit http://www.ks.uiuc.edu/Research/namd/
Info: for updates, documentation, and support information.
Info: 
Info: Please cite Phillips et al., J. Chem. Phys. 153:044130 (2020) doi:10.1063/5.0014475
Info: in all publications reporting results obtained with NAMD.
Info: 
Info: Based on Charm++/Converse 80000 for multicore-linux-x86_64-gcc
Info: Built Mon Oct 14 11:11:06 CDT 2024 by dhardy on athine.ks.uiuc.edu
Info: 1 NAMD  3.0.1  Linux-x86_64-multicore  1    pc1b-02  convidat
Info: Running on 1 processors, 1 nodes, 1 physical nodes.
Info: CPU topology information available.
Info: Charm++/Converse parallel runtime startup completed at 0.00500411 s
CkLoopLib is used in SMP with simple dynamic scheduling (converse-level notification)
Info: 25.8086 MB of memory in use based on /proc/self/stat
Info: Configuration file is run0.namd
Info: Working in the current directory /home/samba/homes/convidat/Desktop/bionano-tutorial-files/4_current/4.1
TCL: Suspending until startup complete.
Warning: Option "1-4scaling" has been deprecated. Instead use "oneFourScaling".
Info: EXTENDED SYSTEM FILE   eq2.xsc
Warning: The Langevin gamma parameters differ over the particles,
Warning: requiring extra work per step to constrain rigid bonds.
Info: SIMULATION PARAMETERS:
Info: TIMESTEP               1
Info: NUMBER OF STEPS        1000
Info: STEPS PER CYCLE        20
Info: PERIODIC CELL BASIS 1  32.9283 18.9731 0
Info: PERIODIC CELL BASIS 2  0 37.9461 0
Info: PERIODIC CELL BASIS 3  0 0 73.7604
Info: PERIODIC CELL CENTER   0 0 0
Info: WRAPPING ALL CLUSTERS AROUND PERIODIC BOUNDARIES ON OUTPUT.
Info: WRAPPING TO IMAGE NEAREST TO PERIODIC CELL CENTER.
Info: LOAD BALANCER  Centralized
Info: LOAD BALANCING STRATEGY  New Load Balancers -- DEFAULT
Info: LDB PERIOD             4000 steps
Info: FIRST LDB TIMESTEP     100
Info: LAST LDB TIMESTEP     -1
Info: LDB BACKGROUND SCALING 1
Info: HOM BACKGROUND SCALING 1
Info: PME BACKGROUND SCALING 1
Info: MIN ATOMS PER PATCH    40
Info: EMPTY PATCH LOAD       40 ATOMS
Info: VELOCITY FILE          eq2.vel
Info: CENTER OF MASS MOVING INITIALLY? NO
Info: DIELECTRIC             1
Info: EXCLUDE                SCALED ONE-FOUR
Info: 1-4 ELECTROSTATICS SCALED BY 1
Info: MODIFIED 1-4 VDW PARAMETERS WILL BE USED
Info: DCD FILENAME           run0.dcd
Info: DCD FREQUENCY          100
Info: DCD FIRST STEP         100
Info: DCD FILE WILL CONTAIN UNIT CELL DATA
Info: XST FILENAME           run0.xst
Info: XST FREQUENCY          100
Info: NO VELOCITY DCD OUTPUT
Info: NO FORCE DCD OUTPUT
Info: OUTPUT FILENAME        run0
Info: BINARY OUTPUT FILES WILL BE USED
Info: RESTART FILENAME       run0.restart
Info: RESTART FREQUENCY      100
Info: BINARY RESTART FILES WILL BE USED
Info: SWITCHING ACTIVE
Info: SWITCHING ON           10
Info: SWITCHING OFF          12
Info: PAIRLIST DISTANCE      12
Info: PAIRLIST SHRINK RATE   0.01
Info: PAIRLIST GROW RATE     0.01
Info: PAIRLIST TRIGGER       0.3
Info: PAIRLISTS PER CYCLE    2
Info: PAIRLISTS ENABLED
Info: MARGIN                 3
Info: HYDROGEN GROUP CUTOFF  2.5
Info: PATCH DIMENSION        17.5
Info: ENERGY OUTPUT STEPS    100
Info: ENERGY EVALUATION STEPS    100
Info: OUTPUT ENERGY PRECISION 4
Info: CROSSTERM ENERGY INCLUDED IN DIHEDRAL
Info: TIMING OUTPUT STEPS    100
Info: HARMONIC CONSTRAINTS ACTIVE
Info: HARMONIC CONS EXP      2
Info: ELECTRIC FIELD ACTIVE
Info: E-FIELD VECTOR         (0, 0, 6.2528)
Info: E-FIELD FREQUENCY IS (1/ps) 0
Info: E-FIELD PHASE IS     (deg)  0
Info: LANGEVIN DYNAMICS ACTIVE
Info: LANGEVIN TEMPERATURE   295
Info: LANGEVIN USING BBK INTEGRATOR
Info: LANGEVIN DAMPING COEFFICIENTS DETERMINED FROM FILES
Info: LANGEVIN DAMPING FILE:  siliconRest_1.0.pdb
Info: LANGEVIN DAMPING COLUMN:  B
Info: PARTICLE MESH EWALD (PME) ACTIVE
Info: PME TOLERANCE               1e-06
Info: PME EWALD COEFFICIENT       0.257952
Info: PME INTERPOLATION ORDER     4
Info: PME GRID DIMENSIONS         48 48 64
Info: PME MAXIMUM GRID SPACING    1.5
Info: Attempting to read FFTW data from FFTW_NAMD_3.0.1_Linux-x86_64-multicore.txt
Info: Optimizing 6 FFT steps.  1... 2... 3... 4... 5... 6...   Done.
Info: Writing FFTW data to FFTW_NAMD_3.0.1_Linux-x86_64-multicore.txt
Info: FULL ELECTROSTATIC EVALUATION FREQUENCY      4
Info: USING VERLET I (r-RESPA) MTS SCHEME.
Info: C1 SPLITTING OF LONG RANGE ELECTROSTATICS
Info: PLACING ATOMS IN PATCHES BY HYDROGEN GROUPS
Info: NONBONDED FORCES EVALUATED EVERY 2 STEPS
Info: RANDOM NUMBER SEED     1750856922
Info: USE HYDROGEN BONDS?    NO
Info: COORDINATE PDB         div_ion.pdb
Info: STRUCTURE FILE         div_ion.psf
Info: PARAMETER file: CHARMM format! 
Info: PARAMETERS             cornell.prm
Info: PARAMETERS             par_silicon_ions_NEW5.inp
Info: USING ARITHMETIC MEAN TO COMBINE L-J SIGMA PARAMETERS
Info: BINARY COORDINATES     eq2.coor
Info: SUMMARY OF PARAMETERS:
Info: 96 BONDS
Info: 229 ANGLES
Info: 81 DIHEDRAL
Info: 31 IMPROPER
Info: 0 CROSSTERM
Info: 62 VDW
Info: 0 VDW_PAIRS
Info: 0 NBTHOLE_PAIRS
Info: TIME FOR READING PSF FILE: 0.016541
Info: Reading pdb file div_ion.pdb
Info: TIME FOR READING PDB FILE: 0.00563824
Info: 
Info: ****************************
Info: STRUCTURE SUMMARY:
Info: 8924 ATOMS
Info: 10998 BONDS
Info: 22143 ANGLES
Info: 0 DIHEDRALS
Info: 0 IMPROPERS
Info: 0 CROSSTERMS
Info: 0 EXCLUSIONS
Info: 5258 CONSTRAINTS
Info: 26772 DEGREES OF FREEDOM
Info: 6616 HYDROGEN GROUPS
Info: 3 ATOMS IN LARGEST HYDROGEN GROUP
Info: 6616 MIGRATION GROUPS
Info: 3 ATOMS IN LARGEST MIGRATION GROUP
Info: TOTAL MASS = 133790 amu
Info: TOTAL CHARGE = 0.000170469 e
Info: MASS DENSITY = 2.41058 g/cm^3
Info: ATOM DENSITY = 0.0968276 atoms/A^3
Info: *****************************
Info: Reading from binary file eq2.coor
Info: 
Info: Entering startup at 0.0472811 s, 1.63314 MB of memory in use
Info: Startup phase 0 took 1.8918e-05 s, 1.63314 MB of memory in use
Info: ADDED 76031 IMPLICIT EXCLUSIONS
Info: Startup phase 1 took 0.00778278 s, 1.63314 MB of memory in use
Info: NONBONDED TABLE R-SQUARED SPACING: 0.0625
Info: NONBONDED TABLE SIZE: 769 POINTS
Info: INCONSISTENCY IN FAST TABLE ENERGY VS FORCE: 0.000325096 AT 11.9556
Info: INCONSISTENCY IN SCOR TABLE ENERGY VS FORCE: 0.000324844 AT 11.9556
Info: INCONSISTENCY IN VDWA TABLE ENERGY VS FORCE: 0.0040507 AT 0.251946
Info: INCONSISTENCY IN VDWB TABLE ENERGY VS FORCE: 0.00150189 AT 0.251946
Info: Startup phase 2 took 0.000125364 s, 1.63314 MB of memory in use
Info: Startup phase 3 took 7.912e-06 s, 1.63314 MB of memory in use
Info: Startup phase 4 took 1.2232e-05 s, 1.63314 MB of memory in use
Info: Startup phase 5 took 6.476e-06 s, 1.63314 MB of memory in use
Info: PATCH GRID IS 1 (PERIODIC) BY 1 (PERIODIC) BY 4 (PERIODIC)
Info: PATCH GRID IS 1-AWAY BY 1-AWAY BY 1-AWAY
Info: Reading from binary file eq2.vel
Info: REMOVING COM VELOCITY -0.07932 -0.0298664 0.0191695
Info: LARGEST PATCH (1) HAS 2376 ATOMS
Info: TORUS A SIZE 1 USING 0
Info: TORUS B SIZE 1 USING 0
Info: TORUS C SIZE 1 USING 0
Info: TORUS MINIMAL MESH SIZE IS 1 BY 1 BY 1
Info: Placed 100% of base nodes on same physical node as patch
Info: Startup phase 6 took 0.000894317 s, 1.63314 MB of memory in use
Info: PME using 1 and 1 processors for FFT and reciprocal sum.
Info: PME GRID LOCATIONS: 0
Info: PME TRANS LOCATIONS: 0
Info: PME USING 1 GRID NODES AND 1 TRANS NODES
Info: Optimizing 4 FFT steps.  1... 2... 3... 4...   Done.
Info: Startup phase 7 took 0.000497277 s, 1.63314 MB of memory in use
Info: Startup phase 8 took 9.649e-06 s, 1.63314 MB of memory in use
Info: Startup phase 9 took 7.026e-06 s, 1.63314 MB of memory in use
Info: Startup phase 10 took 1.0692e-05 s, 1.63314 MB of memory in use
Info: Startup phase 11 took 7.4e-06 s, 1.63314 MB of memory in use
LDB: Central LB being created...
Info: Startup phase 12 took 1.372e-05 s, 1.63314 MB of memory in use
Info: CREATING 93 COMPUTE OBJECTS
Info: Startup phase 13 took 9.024e-05 s, 1.63314 MB of memory in use
Info: Startup phase 14 took 8.31e-06 s, 1.63314 MB of memory in use
Info: Startup phase 15 took 1.0597e-05 s, 1.63314 MB of memory in use
Info: Finished startup at 0.056784 s, 1.63314 MB of memory in use

ETITLE:      TS           BOND          ANGLE          DIHED          IMPRP               ELECT            VDW       BOUNDARY           MISC        KINETIC               TOTAL           TEMP      POTENTIAL         TOTAL3        TEMPAVG            PRESSURE      GPRESSURE         VOLUME       PRESSAVG      GPRESSAVG

ENERGY:       0      3456.4419       521.0451         0.0000         0.0000        -716236.8918     12314.0101      2997.6004       102.4547      8094.1412        -688751.1985       304.2849   -696845.3397   -688684.7197       304.2849          29542.7385     28217.4856     92163.7903     29542.7385     28217.4856

OPENING EXTENDED SYSTEM TRAJECTORY FILE
LDB: ============= START OF LOAD BALANCING ============== 0.613014
LDB: ============== END OF LOAD BALANCING =============== 0.61305
LDB: =============== DONE WITH MIGRATION ================ 0.613066
LDB: ============= START OF LOAD BALANCING ============== 2.11612
LDB: ============== END OF LOAD BALANCING =============== 2.11615
LDB: =============== DONE WITH MIGRATION ================ 2.11618
Info: Initial time: 1 CPUs 0.020653 s/step 0.23904 days/ns 1.63314 MB memory
TIMING: 100  CPU: 2.15168, 0.020657/step  Wall: 2.15227, 0.0206549/step, 0.00516372 hours remaining, 1.633138 MB of memory in use.
PERFORMANCE: 100  averaging 4.18303 ns/day, 0.0206549 sec/step with standard deviation 0
ENERGY:     100      3608.4403       529.9762         0.0000         0.0000        -713670.5770     10535.1313      2828.0744     -1598.0866      8810.7947        -688956.2466       331.2262   -697767.0413   -688884.2174       325.9991          12742.6793     11450.7103     92163.7903     21151.2458     21152.3114

WRITING EXTENDED SYSTEM TO RESTART FILE AT STEP 100
OPENING COORDINATE DCD FILE
WRITING COORDINATES TO DCD FILE run0.dcd AT STEP 100
WRITING COORDINATES TO RESTART FILE AT STEP 100
FINISHED WRITING RESTART COORDINATES
The last position output (seq=100) takes 0.000 seconds, 1.633 MB of memory in use
WRITING VELOCITIES TO RESTART FILE AT STEP 100
FINISHED WRITING RESTART VELOCITIES
The last velocity output (seq=100) takes 0.000 seconds, 1.633 MB of memory in use
LDB: ============= START OF LOAD BALANCING ============== 2.49653
LDB: ============== END OF LOAD BALANCING =============== 2.49656
LDB: =============== DONE WITH MIGRATION ================ 2.49658
LDB: ============= START OF LOAD BALANCING ============== 3.99599
LDB: ============== END OF LOAD BALANCING =============== 3.99603
LDB: =============== DONE WITH MIGRATION ================ 3.99605
Info: Initial time: 1 CPUs 0.0187944 s/step 0.217528 days/ns 1.63314 MB memory
TIMING: 200  CPU: 4.03071, 0.0187903/step  Wall: 4.03188, 0.0187961/step, 0.00417691 hours remaining, 1.633138 MB of memory in use.
PERFORMANCE: 200  averaging 4.38012 ns/day, 0.0197255 sec/step with standard deviation 0.00131435
ENERGY:     200      3607.8427       543.0354         0.0000         0.0000        -712492.2595      9591.6327      2941.5162     -2149.2946      8830.5617        -689126.9653       331.9693   -697957.5271   -689054.2337       331.4734           1849.1801       735.6391     92163.7903      5491.0775      5488.8393

WRITING EXTENDED SYSTEM TO RESTART FILE AT STEP 200
WRITING COORDINATES TO DCD FILE run0.dcd AT STEP 200
WRITING COORDINATES TO RESTART FILE AT STEP 200
FINISHED WRITING RESTART COORDINATES
The last position output (seq=200) takes 0.000 seconds, 1.633 MB of memory in use
WRITING VELOCITIES TO RESTART FILE AT STEP 200
FINISHED WRITING RESTART VELOCITIES
The last velocity output (seq=200) takes 0.000 seconds, 1.633 MB of memory in use
LDB: ============= START OF LOAD BALANCING ============== 5.8839
LDB: ============== END OF LOAD BALANCING =============== 5.88394
LDB: =============== DONE WITH MIGRATION ================ 5.88397
Info: Initial time: 1 CPUs 0.0188844 s/step 0.218569 days/ns 1.63314 MB memory
TIMING: 300  CPU: 5.9187, 0.0188799/step  Wall: 5.92044, 0.0188857/step, 0.00367221 hours remaining, 1.633138 MB of memory in use.
PERFORMANCE: 300  averaging 4.44318 ns/day, 0.0194455 sec/step with standard deviation 0.00104827
ENERGY:     300      3682.3419       549.7751         0.0000         0.0000        -712139.2370      9353.6669      3017.8913     -2353.5358      8766.2227        -689122.8749       329.5506   -697889.0976   -689054.9008       329.1149          -1917.5941     -2927.7386     92163.7903     -2300.0415     -2293.8002

WRITING EXTENDED SYSTEM TO RESTART FILE AT STEP 300
WRITING COORDINATES TO DCD FILE run0.dcd AT STEP 300
WRITING COORDINATES TO RESTART FILE AT STEP 300
FINISHED WRITING RESTART COORDINATES
The last position output (seq=300) takes 0.000 seconds, 1.633 MB of memory in use
WRITING VELOCITIES TO RESTART FILE AT STEP 300
FINISHED WRITING RESTART VELOCITIES
The last velocity output (seq=300) takes 0.000 seconds, 1.633 MB of memory in use
LDB: ============= START OF LOAD BALANCING ============== 7.79027
LDB: ============== END OF LOAD BALANCING =============== 7.79031
LDB: =============== DONE WITH MIGRATION ================ 7.79034
Info: Benchmark time: 1 CPUs 0.0190756 s/step 0.220783 days/ns 1.63314 MB memory
TIMING: 400  CPU: 7.8258, 0.019071/step  Wall: 7.82814, 0.019077/step, 0.0031795 hours remaining, 1.633138 MB of memory in use.
PERFORMANCE: 400  averaging 4.46433 ns/day, 0.0193534 sec/step with standard deviation 0.00087552
ENERGY:     400      3626.6173       517.1372         0.0000         0.0000        -712095.7138      9427.7567      2955.9433     -2541.6535      8863.7965        -689246.1162       333.2187   -698109.9127   -689179.5242       329.8306           2423.2835      1168.7904     92163.7903     -1063.3991     -1066.0389

WRITING EXTENDED SYSTEM TO RESTART FILE AT STEP 400
WRITING COORDINATES TO DCD FILE run0.dcd AT STEP 400
WRITING COORDINATES TO RESTART FILE AT STEP 400
FINISHED WRITING RESTART COORDINATES
The last position output (seq=400) takes 0.000 seconds, 1.633 MB of memory in use
WRITING VELOCITIES TO RESTART FILE AT STEP 400
FINISHED WRITING RESTART VELOCITIES
The last velocity output (seq=400) takes 0.000 seconds, 1.633 MB of memory in use
Info: Benchmark time: 1 CPUs 0.0191162 s/step 0.221252 days/ns 1.63314 MB memory
TIMING: 500  CPU: 9.73696, 0.0191116/step  Wall: 9.73983, 0.0191169/step, 0.00265513 hours remaining, 1.633138 MB of memory in use.
PERFORMANCE: 500  averaging 4.47527 ns/day, 0.0193061 sec/step with standard deviation 0.000765563
ENERGY:     500      3655.2039       519.8529         0.0000         0.0000        -712892.1492     10363.3373      2834.0526     -2675.4613      8843.6631        -689351.5007       332.4618   -698195.1638   -689290.9647       330.7840          10478.2266      8814.6591     92163.7903      5466.5567      5461.3588

WRITING EXTENDED SYSTEM TO RESTART FILE AT STEP 500
WRITING COORDINATES TO DCD FILE run0.dcd AT STEP 500
WRITING COORDINATES TO RESTART FILE AT STEP 500
FINISHED WRITING RESTART COORDINATES
The last position output (seq=500) takes 0.000 seconds, 1.633 MB of memory in use
WRITING VELOCITIES TO RESTART FILE AT STEP 500
FINISHED WRITING RESTART VELOCITIES
The last velocity output (seq=500) takes 0.000 seconds, 1.633 MB of memory in use
Info: Benchmark time: 1 CPUs 0.0190715 s/step 0.220735 days/ns 1.63314 MB memory
TIMING: 600  CPU: 11.6437, 0.0190671/step  Wall: 11.647, 0.019072/step, 0.00211912 hours remaining, 1.633138 MB of memory in use.
PERFORMANCE: 600  averaging 4.48433 ns/day, 0.0192671 sec/step with standard deviation 0.000691376
ENERGY:     600      3609.0763       542.1164         0.0000         0.0000        -713120.6180     10526.3950      2976.1760     -2843.5349      8888.8811        -689421.5081       334.1617   -698310.3892   -689356.0129       331.7458          13298.6222     12313.9140     92163.7903     11807.4501     11803.8926

WRITING EXTENDED SYSTEM TO RESTART FILE AT STEP 600
WRITING COORDINATES TO DCD FILE run0.dcd AT STEP 600
WRITING COORDINATES TO RESTART FILE AT STEP 600
FINISHED WRITING RESTART COORDINATES
The last position output (seq=600) takes 0.000 seconds, 1.633 MB of memory in use
WRITING VELOCITIES TO RESTART FILE AT STEP 600
FINISHED WRITING RESTART VELOCITIES
Info: Benchmark time: 1 CPUs 0.0189447 s/step 0.219268 days/ns 1.63314 MB memory
TIMING: 700  CPU: 13.5377, 0.0189402/step  Wall: 13.5416, 0.0189454/step, 0.00157878 hours remaining, 1.633138 MB of memory in use.
PERFORMANCE: 700  averaging 4.49505 ns/day, 0.0192211 sec/step with standard deviation 0.000642744
ENERGY:     700      3708.0907       546.6912         0.0000         0.0000        -712385.5097      9892.1695      2906.1501     -3061.4086      8880.6672        -689513.1496       333.8529   -698393.8168   -689453.7474       334.1508           8382.2479      7467.0174     92163.7903      9773.9833      9785.7442

WRITING EXTENDED SYSTEM TO RESTART FILE AT STEP 700
WRITING COORDINATES TO DCD FILE run0.dcd AT STEP 700
WRITING COORDINATES TO RESTART FILE AT STEP 700
FINISHED WRITING RESTART COORDINATES
The last position output (seq=700) takes 0.000 seconds, 1.633 MB of memory in use
WRITING VELOCITIES TO RESTART FILE AT STEP 700
FINISHED WRITING RESTART VELOCITIES
Info: Benchmark time: 1 CPUs 0.019046 s/step 0.22044 days/ns 1.63314 MB memory
TIMING: 800  CPU: 15.4418, 0.0190415/step  Wall: 15.4462, 0.0190465/step, 0.00105814 hours remaining, 1.633138 MB of memory in use.
PERFORMANCE: 800  averaging 4.50016 ns/day, 0.0191993 sec/step with standard deviation 0.000598259
ENERGY:     800      3725.7306       565.1821         0.0000         0.0000        -712374.1509     10005.5077      2967.6695     -3231.9720      8724.9859        -689617.0472       328.0003   -698342.0331   -689558.2392       332.9182           6078.6264      4461.8732     92163.7903      5499.6672      5492.5132

WRITING EXTENDED SYSTEM TO RESTART FILE AT STEP 800
WRITING COORDINATES TO DCD FILE run0.dcd AT STEP 800
WRITING COORDINATES TO RESTART FILE AT STEP 800
FINISHED WRITING RESTART COORDINATES
The last position output (seq=800) takes 0.000 seconds, 1.633 MB of memory in use
WRITING VELOCITIES TO RESTART FILE AT STEP 800
FINISHED WRITING RESTART VELOCITIES
Info: Benchmark time: 1 CPUs 0.0190618 s/step 0.220622 days/ns 1.63314 MB memory
TIMING: 900  CPU: 17.3476, 0.0190572/step  Wall: 17.3525, 0.0190624/step, 0.000529512 hours remaining, 1.633138 MB of memory in use.
PERFORMANCE: 900  averaging 4.50373 ns/day, 0.0191841 sec/step with standard deviation 0.000561477
ENERGY:     900      3691.2701       546.4727         0.0000         0.0000        -712460.7251      9968.8489      2918.6963     -3297.3577      8829.5097        -689803.2851       331.9297   -698632.7948   -689740.9340       333.7735           5593.6797      4326.9570     92163.7903      3905.8216      3902.5132

WRITING EXTENDED SYSTEM TO RESTART FILE AT STEP 900
WRITING COORDINATES TO DCD FILE run0.dcd AT STEP 900
WRITING COORDINATES TO RESTART FILE AT STEP 900
FINISHED WRITING RESTART COORDINATES
The last position output (seq=900) takes 0.000 seconds, 1.633 MB of memory in use
WRITING VELOCITIES TO RESTART FILE AT STEP 900
FINISHED WRITING RESTART VELOCITIES
TIMING: 1000  CPU: 19.2416, 0.01894/step  Wall: 19.2475, 0.0189503/step, 0 hours remaining, 1.633138 MB of memory in use.
PERFORMANCE: 1000  averaging 4.50923 ns/day, 0.0191607 sec/step with standard deviation 0.000534503
ETITLE:      TS           BOND          ANGLE          DIHED          IMPRP               ELECT            VDW       BOUNDARY           MISC        KINETIC               TOTAL           TEMP      POTENTIAL         TOTAL3        TEMPAVG            PRESSURE      GPRESSURE         VOLUME       PRESSAVG      GPRESSAVG

ENERGY:    1000      3748.6586       539.8282         0.0000         0.0000        -712413.6487     10063.3092      2905.6588     -3470.9751      8729.7314        -689897.4377       328.1787   -698627.1691   -689834.8873       331.8790           7397.7517      6272.9869     92163.7903      5420.4691      5424.3516

WRITING EXTENDED SYSTEM TO RESTART FILE AT STEP 1000
WRITING COORDINATES TO DCD FILE run0.dcd AT STEP 1000
WRITING COORDINATES TO RESTART FILE AT STEP 1000
FINISHED WRITING RESTART COORDINATES
The last position output (seq=1000) takes 0.000 seconds, 1.633 MB of memory in use
WRITING VELOCITIES TO RESTART FILE AT STEP 1000
FINISHED WRITING RESTART VELOCITIES
WRITING EXTENDED SYSTEM TO OUTPUT FILE AT STEP 1000
CLOSING EXTENDED SYSTEM TRAJECTORY FILE
WRITING COORDINATES TO OUTPUT FILE AT STEP 1000
CLOSING COORDINATE DCD FILE run0.dcd
WRITING VELOCITIES TO OUTPUT FILE AT STEP 1000
====================================================

WallClock: 19.307270  CPUTime: 19.297066  Memory: 1.633138 MB
[Partition 0][Node 0] End of program
