Charm++> No provisioning arguments specified. Running with a single PE.
         Use +auto-provision to fully subscribe resources or +p1 to silence this message.
Charm++: standalone mode (not using charmrun)
Charm++> Running in Multicore mode: 1 threads (PEs)
Charm++> Using recursive bisection (scheme 3) for topology aware partitions
Converse/Charm++ Commit ID: 
CharmLB> Load balancer assumes all CPUs are same.
Charm++> Running on 1 hosts (1 sockets x 6 cores x 2 PUs = 12-way SMP)
Charm++> cpu topology info is gathered in 0.003 seconds.
CharmLB> Load balancing instrumentation for communication is off.
Info: NAMD 3.0.1 for Linux-x86_64-multicore
Info: 
Info: Please visit http://www.ks.uiuc.edu/Research/namd/
Info: for updates, documentation, and support information.
Info: 
Info: Please cite Phillips et al., J. Chem. Phys. 153:044130 (2020) doi:10.1063/5.0014475
Info: in all publications reporting results obtained with NAMD.
Info: 
Info: Based on Charm++/Converse 80000 for multicore-linux-x86_64-gcc
Info: Built Mon Oct 14 11:11:06 CDT 2024 by dhardy on athine.ks.uiuc.edu
Info: 1 NAMD  3.0.1  Linux-x86_64-multicore  1    pc1b-02  convidat
Info: Running on 1 processors, 1 nodes, 1 physical nodes.
Info: CPU topology information available.
Info: Charm++/Converse parallel runtime startup completed at 0.00558893 s
CkLoopLib is used in SMP with simple dynamic scheduling (converse-level notification)
Info: 25.8086 MB of memory in use based on /proc/self/stat
Info: Configuration file is run0.namd
Info: Working in the current directory /home/samba/homes/convidat/Desktop/bionano-tutorial-files/4_current/4.2
TCL: Suspending until startup complete.
Warning: Option "1-4scaling" has been deprecated. Instead use "oneFourScaling".
Info: EXTENDED SYSTEM FILE   eq2.xsc
Warning: The Langevin gamma parameters differ over the particles,
Warning: requiring extra work per step to constrain rigid bonds.
Info: SIMULATION PARAMETERS:
Info: TIMESTEP               1
Info: NUMBER OF STEPS        1000
Info: STEPS PER CYCLE        20
Info: PERIODIC CELL BASIS 1  33.1925 19.16 0
Info: PERIODIC CELL BASIS 2  0 38.3199 0
Info: PERIODIC CELL BASIS 3  0 0 44.2066
Info: PERIODIC CELL CENTER   0 0 0
Info: WRAPPING ALL CLUSTERS AROUND PERIODIC BOUNDARIES ON OUTPUT.
Info: WRAPPING TO IMAGE NEAREST TO PERIODIC CELL CENTER.
Info: LOAD BALANCER  Centralized
Info: LOAD BALANCING STRATEGY  New Load Balancers -- DEFAULT
Info: LDB PERIOD             4000 steps
Info: FIRST LDB TIMESTEP     100
Info: LAST LDB TIMESTEP     -1
Info: LDB BACKGROUND SCALING 1
Info: HOM BACKGROUND SCALING 1
Info: PME BACKGROUND SCALING 1
Info: MIN ATOMS PER PATCH    40
Info: EMPTY PATCH LOAD       40 ATOMS
Info: VELOCITY FILE          eq2.vel
Info: CENTER OF MASS MOVING INITIALLY? NO
Info: DIELECTRIC             1
Info: EXCLUDE                SCALED ONE-FOUR
Info: 1-4 ELECTROSTATICS SCALED BY 1
Info: MODIFIED 1-4 VDW PARAMETERS WILL BE USED
Info: DCD FILENAME           run0.dcd
Info: DCD FREQUENCY          100
Info: DCD FIRST STEP         100
Info: DCD FILE WILL CONTAIN UNIT CELL DATA
Info: XST FILENAME           run0.xst
Info: XST FREQUENCY          100
Info: NO VELOCITY DCD OUTPUT
Info: NO FORCE DCD OUTPUT
Info: OUTPUT FILENAME        run0
Info: BINARY OUTPUT FILES WILL BE USED
Info: RESTART FILENAME       run0.restart
Info: RESTART FREQUENCY      100
Info: BINARY RESTART FILES WILL BE USED
Info: SWITCHING ACTIVE
Info: SWITCHING ON           10
Info: SWITCHING OFF          12
Info: PAIRLIST DISTANCE      12
Info: PAIRLIST SHRINK RATE   0.01
Info: PAIRLIST GROW RATE     0.01
Info: PAIRLIST TRIGGER       0.3
Info: PAIRLISTS PER CYCLE    2
Info: PAIRLISTS ENABLED
Info: MARGIN                 3
Info: HYDROGEN GROUP CUTOFF  2.5
Info: PATCH DIMENSION        17.5
Info: ENERGY OUTPUT STEPS    100
Info: ENERGY EVALUATION STEPS    100
Info: OUTPUT ENERGY PRECISION 4
Info: CROSSTERM ENERGY INCLUDED IN DIHEDRAL
Info: TIMING OUTPUT STEPS    100
Info: HARMONIC CONSTRAINTS ACTIVE
Info: HARMONIC CONS EXP      2
Info: ELECTRIC FIELD ACTIVE
Info: E-FIELD VECTOR         (0, 0, 6.259)
Info: E-FIELD FREQUENCY IS (1/ps) 0
Info: E-FIELD PHASE IS     (deg)  0
Info: LANGEVIN DYNAMICS ACTIVE
Info: LANGEVIN TEMPERATURE   295
Info: LANGEVIN USING BBK INTEGRATOR
Info: LANGEVIN DAMPING COEFFICIENTS DETERMINED FROM FILES
Info: LANGEVIN DAMPING FILE:  siliconRest_1.0.pdb
Info: LANGEVIN DAMPING COLUMN:  B
Info: PARTICLE MESH EWALD (PME) ACTIVE
Info: PME TOLERANCE               1e-06
Info: PME EWALD COEFFICIENT       0.257952
Info: PME INTERPOLATION ORDER     4
Info: PME GRID DIMENSIONS         48 48 64
Info: PME MAXIMUM GRID SPACING    1.5
Info: Attempting to read FFTW data from FFTW_NAMD_3.0.1_Linux-x86_64-multicore.txt
Info: Optimizing 6 FFT steps.  1... 2... 3... 4... 5... 6...   Done.
Info: Writing FFTW data to FFTW_NAMD_3.0.1_Linux-x86_64-multicore.txt
Info: FULL ELECTROSTATIC EVALUATION FREQUENCY      4
Info: USING VERLET I (r-RESPA) MTS SCHEME.
Info: C1 SPLITTING OF LONG RANGE ELECTROSTATICS
Info: PLACING ATOMS IN PATCHES BY HYDROGEN GROUPS
Info: NONBONDED FORCES EVALUATED EVERY 2 STEPS
Info: RANDOM NUMBER SEED     1750852881
Info: USE HYDROGEN BONDS?    NO
Info: COORDINATE PDB         poro_ion.pdb
Info: STRUCTURE FILE         poro_ion.psf
Info: PARAMETER file: CHARMM format! 
Info: PARAMETERS             cornell.prm
Info: PARAMETERS             par_silicon_ions_NEW5.inp
Info: USING ARITHMETIC MEAN TO COMBINE L-J SIGMA PARAMETERS
Info: BINARY COORDINATES     eq2.coor
Info: SUMMARY OF PARAMETERS:
Info: 96 BONDS
Info: 229 ANGLES
Info: 81 DIHEDRAL
Info: 31 IMPROPER
Info: 0 CROSSTERM
Info: 62 VDW
Info: 0 VDW_PAIRS
Info: 0 NBTHOLE_PAIRS
Info: TIME FOR READING PSF FILE: 0.0100745
Info: Reading pdb file poro_ion.pdb
Info: TIME FOR READING PDB FILE: 0.00334713
Info: 
Info: ****************************
Info: STRUCTURE SUMMARY:
Info: 5343 ATOMS
Info: 5136 BONDS
Info: 7949 ANGLES
Info: 0 DIHEDRALS
Info: 0 IMPROPERS
Info: 0 CROSSTERMS
Info: 0 EXCLUSIONS
Info: 1814 CONSTRAINTS
Info: 16029 DEGREES OF FREEDOM
Info: 3121 HYDROGEN GROUPS
Info: 3 ATOMS IN LARGEST HYDROGEN GROUP
Info: 3121 MIGRATION GROUPS
Info: 3 ATOMS IN LARGEST MIGRATION GROUP
Info: TOTAL MASS = 63654.5 amu
Info: TOTAL CHARGE = 7.89165e-05 e
Info: MASS DENSITY = 1.87991 g/cm^3
Info: ATOM DENSITY = 0.0950241 atoms/A^3
Info: *****************************
Info: Reading from binary file eq2.coor
Info: 
Info: Entering startup at 0.0360398 s, 1.24766 MB of memory in use
Info: Startup phase 0 took 1.8711e-05 s, 1.24766 MB of memory in use
Info: ADDED 26745 IMPLICIT EXCLUSIONS
Info: Startup phase 1 took 0.00348554 s, 1.24766 MB of memory in use
Info: NONBONDED TABLE R-SQUARED SPACING: 0.0625
Info: NONBONDED TABLE SIZE: 769 POINTS
Info: INCONSISTENCY IN FAST TABLE ENERGY VS FORCE: 0.000325096 AT 11.9556
Info: INCONSISTENCY IN SCOR TABLE ENERGY VS FORCE: 0.000324844 AT 11.9556
Info: INCONSISTENCY IN VDWA TABLE ENERGY VS FORCE: 0.0040507 AT 0.251946
Info: INCONSISTENCY IN VDWB TABLE ENERGY VS FORCE: 0.00150189 AT 0.251946
Info: Startup phase 2 took 0.000213438 s, 1.24766 MB of memory in use
Info: Startup phase 3 took 8.945e-06 s, 1.24766 MB of memory in use
Info: Startup phase 4 took 1.2039e-05 s, 1.24766 MB of memory in use
Info: Startup phase 5 took 6.803e-06 s, 1.24766 MB of memory in use
Info: PATCH GRID IS 1 (PERIODIC) BY 1 (PERIODIC) BY 2 (PERIODIC)
Info: PATCH GRID IS 1-AWAY BY 1-AWAY BY 1-AWAY
Info: Reading from binary file eq2.vel
Info: REMOVING COM VELOCITY -0.0246025 -0.00230318 -0.0647211
Info: LARGEST PATCH (1) HAS 2696 ATOMS
Info: TORUS A SIZE 1 USING 0
Info: TORUS B SIZE 1 USING 0
Info: TORUS C SIZE 1 USING 0
Info: TORUS MINIMAL MESH SIZE IS 1 BY 1 BY 1
Info: Placed 100% of base nodes on same physical node as patch
Info: Startup phase 6 took 0.000588491 s, 1.24766 MB of memory in use
Info: PME using 1 and 1 processors for FFT and reciprocal sum.
Info: PME GRID LOCATIONS: 0
Info: PME TRANS LOCATIONS: 0
Info: PME USING 1 GRID NODES AND 1 TRANS NODES
Info: Optimizing 4 FFT steps.  1... 2... 3... 4...   Done.
Info: Startup phase 7 took 0.000353695 s, 1.24766 MB of memory in use
Info: Startup phase 8 took 8.817e-06 s, 1.24766 MB of memory in use
Info: Startup phase 9 took 1.5597e-05 s, 1.24766 MB of memory in use
Info: Startup phase 10 took 1.8832e-05 s, 1.24766 MB of memory in use
Info: Startup phase 11 took 8.006e-06 s, 1.24766 MB of memory in use
LDB: Central LB being created...
Info: Startup phase 12 took 1.3684e-05 s, 1.24766 MB of memory in use
Info: CREATING 49 COMPUTE OBJECTS
Info: Startup phase 13 took 7.1927e-05 s, 1.24766 MB of memory in use
Info: Startup phase 14 took 6.827e-06 s, 1.24766 MB of memory in use
Info: Startup phase 15 took 1.5026e-05 s, 1.24766 MB of memory in use
Info: Finished startup at 0.0408861 s, 1.24766 MB of memory in use

ETITLE:      TS           BOND          ANGLE          DIHED          IMPRP               ELECT            VDW       BOUNDARY           MISC        KINETIC               TOTAL           TEMP      POTENTIAL         TOTAL3        TEMPAVG            PRESSURE      GPRESSURE         VOLUME       PRESSAVG      GPRESSAVG

ENERGY:       0      1901.1493       475.6053         0.0000         0.0000        -251089.6161      4462.3440       978.4904     -1137.4898      4709.8469        -239699.6701       295.7268   -244409.5170   -239636.6507       295.7268           2460.4324      -180.3546     56227.8601      2460.4324      -180.3546

OPENING EXTENDED SYSTEM TRAJECTORY FILE
LDB: ============= START OF LOAD BALANCING ============== 0.337039
LDB: ============== END OF LOAD BALANCING =============== 0.337059
LDB: =============== DONE WITH MIGRATION ================ 0.337085
LDB: ============= START OF LOAD BALANCING ============== 1.18854
LDB: ============== END OF LOAD BALANCING =============== 1.18857
LDB: =============== DONE WITH MIGRATION ================ 1.18861
Info: Initial time: 1 CPUs 0.0115118 s/step 0.133239 days/ns 1.24766 MB memory
TIMING: 100  CPU: 1.19837, 0.0115126/step  Wall: 1.19867, 0.0115135/step, 0.00287838 hours remaining, 1.247662 MB of memory in use.
PERFORMANCE: 100  averaging 7.50421 ns/day, 0.0115135 sec/step with standard deviation 0
ENERGY:     100      1954.5521       536.4112         0.0000         0.0000        -250467.2794      4649.9848      1013.2278     -2472.4563      5048.8776        -239736.6823       317.0143   -244785.5599   -239675.9807       313.2766           3775.1664      2115.7235     56227.8601      1686.6363      1685.6624

WRITING EXTENDED SYSTEM TO RESTART FILE AT STEP 100
OPENING COORDINATE DCD FILE
WRITING COORDINATES TO DCD FILE run0.dcd AT STEP 100
WRITING COORDINATES TO RESTART FILE AT STEP 100
FINISHED WRITING RESTART COORDINATES
The last position output (seq=100) takes 0.000 seconds, 1.248 MB of memory in use
WRITING VELOCITIES TO RESTART FILE AT STEP 100
FINISHED WRITING RESTART VELOCITIES
The last velocity output (seq=100) takes 0.000 seconds, 1.248 MB of memory in use
LDB: ============= START OF LOAD BALANCING ============== 1.40942
LDB: ============== END OF LOAD BALANCING =============== 1.40944
LDB: =============== DONE WITH MIGRATION ================ 1.40945
LDB: ============= START OF LOAD BALANCING ============== 2.26389
LDB: ============== END OF LOAD BALANCING =============== 2.26392
LDB: =============== DONE WITH MIGRATION ================ 2.26396
Info: Initial time: 1 CPUs 0.0107468 s/step 0.124385 days/ns 1.24766 MB memory
TIMING: 200  CPU: 2.27237, 0.01074/step  Wall: 2.2735, 0.0107483/step, 0.00238852 hours remaining, 1.247662 MB of memory in use.
PERFORMANCE: 200  averaging 7.76215 ns/day, 0.0111309 sec/step with standard deviation 0.000541069
ENERGY:     200      1991.9753       533.1276         0.0000         0.0000        -250202.1112      4675.2419      1080.9307     -3109.9787      5258.0465        -239772.7679       330.1478   -245030.8144   -239712.0693       323.7993           3764.4700      2050.0684     56227.8601      2658.9463      2668.0357

WRITING EXTENDED SYSTEM TO RESTART FILE AT STEP 200
WRITING COORDINATES TO DCD FILE run0.dcd AT STEP 200
WRITING COORDINATES TO RESTART FILE AT STEP 200
FINISHED WRITING RESTART COORDINATES
The last position output (seq=200) takes 0.000 seconds, 1.248 MB of memory in use
WRITING VELOCITIES TO RESTART FILE AT STEP 200
FINISHED WRITING RESTART VELOCITIES
The last velocity output (seq=200) takes 0.000 seconds, 1.248 MB of memory in use
LDB: ============= START OF LOAD BALANCING ============== 3.33943
LDB: ============== END OF LOAD BALANCING =============== 3.33946
LDB: =============== DONE WITH MIGRATION ================ 3.3395
Info: Initial time: 1 CPUs 0.0107562 s/step 0.124494 days/ns 1.24766 MB memory
TIMING: 300  CPU: 3.34783, 0.0107545/step  Wall: 3.34925, 0.0107574/step, 0.00209173 hours remaining, 1.247662 MB of memory in use.
PERFORMANCE: 300  averaging 7.84995 ns/day, 0.0110064 sec/step with standard deviation 0.000439176
ENERGY:     300      1998.5784       524.4552         0.0000         0.0000        -250240.4472      4923.9223      1090.5704     -3506.4512      5409.3834        -239799.9888       339.6501   -245209.3721   -239741.4089       334.8582           6267.0017      3848.1092     56227.8601      3140.3723      3133.8923

WRITING EXTENDED SYSTEM TO RESTART FILE AT STEP 300
WRITING COORDINATES TO DCD FILE run0.dcd AT STEP 300
WRITING COORDINATES TO RESTART FILE AT STEP 300
FINISHED WRITING RESTART COORDINATES
The last position output (seq=300) takes 0.000 seconds, 1.248 MB of memory in use
WRITING VELOCITIES TO RESTART FILE AT STEP 300
FINISHED WRITING RESTART VELOCITIES
The last velocity output (seq=300) takes 0.000 seconds, 1.248 MB of memory in use
LDB: ============= START OF LOAD BALANCING ============== 4.40787
LDB: ============== END OF LOAD BALANCING =============== 4.4079
LDB: =============== DONE WITH MIGRATION ================ 4.40794
Info: Benchmark time: 1 CPUs 0.0106817 s/step 0.123631 days/ns 1.24766 MB memory
TIMING: 400  CPU: 4.41487, 0.0106705/step  Wall: 4.41755, 0.010683/step, 0.0017805 hours remaining, 1.247662 MB of memory in use.
PERFORMANCE: 400  averaging 7.90805 ns/day, 0.0109256 sec/step with standard deviation 0.000393371
ENERGY:     400      1980.9833       553.5536         0.0000         0.0000        -250188.9585      5153.9041      1088.8647     -3891.9822      5446.1427        -239857.4924       341.9582   -245303.6351   -239797.3605       341.7516           8019.4978      5357.2708     56227.8601      4259.5662      4246.3358

WRITING EXTENDED SYSTEM TO RESTART FILE AT STEP 400
WRITING COORDINATES TO DCD FILE run0.dcd AT STEP 400
WRITING COORDINATES TO RESTART FILE AT STEP 400
FINISHED WRITING RESTART COORDINATES
The last position output (seq=400) takes 0.000 seconds, 1.248 MB of memory in use
WRITING VELOCITIES TO RESTART FILE AT STEP 400
FINISHED WRITING RESTART VELOCITIES
The last velocity output (seq=400) takes 0.000 seconds, 1.248 MB of memory in use
Info: Benchmark time: 1 CPUs 0.010721 s/step 0.124085 days/ns 1.24766 MB memory
TIMING: 500  CPU: 5.48672, 0.0107185/step  Wall: 5.48971, 0.0107216/step, 0.00148911 hours remaining, 1.247662 MB of memory in use.
PERFORMANCE: 500  averaging 7.93769 ns/day, 0.0108848 sec/step with standard deviation 0.000352671
ENERGY:     500      2066.5554       572.2976         0.0000         0.0000        -249976.6735      4987.8641      1062.5675     -4162.0474      5529.0009        -239920.4354       347.1608   -245449.4364   -239855.7301       345.4806           4993.0965      3889.2390     56227.8601      4410.5512      4414.6662

WRITING EXTENDED SYSTEM TO RESTART FILE AT STEP 500
WRITING COORDINATES TO DCD FILE run0.dcd AT STEP 500
WRITING COORDINATES TO RESTART FILE AT STEP 500
FINISHED WRITING RESTART COORDINATES
The last position output (seq=500) takes 0.000 seconds, 1.248 MB of memory in use
WRITING VELOCITIES TO RESTART FILE AT STEP 500
FINISHED WRITING RESTART VELOCITIES
The last velocity output (seq=500) takes 0.000 seconds, 1.248 MB of memory in use
Info: Benchmark time: 1 CPUs 0.0107383 s/step 0.124285 days/ns 1.24766 MB memory
TIMING: 600  CPU: 6.56033, 0.0107361/step  Wall: 6.56359, 0.0107388/step, 0.0011932 hours remaining, 1.247662 MB of memory in use.
PERFORMANCE: 600  averaging 7.95547 ns/day, 0.0108605 sec/step with standard deviation 0.000321016
ENERGY:     600      2069.1589       566.3638         0.0000         0.0000        -250160.2655      5288.1733      1095.1439     -4374.3543      5610.2055        -239905.5742       352.2595   -245515.7797   -239836.4042       349.0280           6887.4387      6067.4070     56227.8601      4744.6745      4764.7224

WRITING EXTENDED SYSTEM TO RESTART FILE AT STEP 600
WRITING COORDINATES TO DCD FILE run0.dcd AT STEP 600
WRITING COORDINATES TO RESTART FILE AT STEP 600
FINISHED WRITING RESTART COORDINATES
The last position output (seq=600) takes 0.000 seconds, 1.248 MB of memory in use
WRITING VELOCITIES TO RESTART FILE AT STEP 600
FINISHED WRITING RESTART VELOCITIES
Info: Benchmark time: 1 CPUs 0.0107545 s/step 0.124473 days/ns 1.24766 MB memory
TIMING: 700  CPU: 7.63553, 0.010752/step  Wall: 7.6391, 0.0107551/step, 0.00089626 hours remaining, 1.247662 MB of memory in use.
PERFORMANCE: 700  averaging 7.9665 ns/day, 0.0108454 sec/step with standard deviation 0.000295738
ENERGY:     700      2014.6051       564.8531         0.0000         0.0000        -249908.7413      5076.9198      1142.8316     -4565.4317      5762.4573        -239912.5061       361.8193   -245674.9633   -239844.1447       355.4496           7585.4789      5644.8941     56227.8601      6006.7199      6008.2302

WRITING EXTENDED SYSTEM TO RESTART FILE AT STEP 700
WRITING COORDINATES TO DCD FILE run0.dcd AT STEP 700
WRITING COORDINATES TO RESTART FILE AT STEP 700
FINISHED WRITING RESTART COORDINATES
The last position output (seq=700) takes 0.000 seconds, 1.248 MB of memory in use
WRITING VELOCITIES TO RESTART FILE AT STEP 700
FINISHED WRITING RESTART VELOCITIES
Info: Benchmark time: 1 CPUs 0.0107424 s/step 0.124334 days/ns 1.24766 MB memory
TIMING: 800  CPU: 8.70832, 0.0107279/step  Wall: 8.71341, 0.010743/step, 0.000596835 hours remaining, 1.247662 MB of memory in use.
PERFORMANCE: 800  averaging 7.97592 ns/day, 0.0108326 sec/step with standard deviation 0.000276183
ENERGY:     800      2021.3524       535.1165         0.0000         0.0000        -249742.2272      5109.1790      1091.3985     -4731.6078      5787.8051        -239928.9835       363.4108   -245716.7886   -239869.9319       360.5724           8496.9274      5883.8095     56227.8601      5974.5332      5962.8620

WRITING EXTENDED SYSTEM TO RESTART FILE AT STEP 800
WRITING COORDINATES TO DCD FILE run0.dcd AT STEP 800
WRITING COORDINATES TO RESTART FILE AT STEP 800
FINISHED WRITING RESTART COORDINATES
The last position output (seq=800) takes 0.000 seconds, 1.248 MB of memory in use
WRITING VELOCITIES TO RESTART FILE AT STEP 800
FINISHED WRITING RESTART VELOCITIES
Info: Benchmark time: 1 CPUs 0.010809 s/step 0.125104 days/ns 1.24766 MB memory
TIMING: 900  CPU: 9.78752, 0.010792/step  Wall: 9.79436, 0.0108096/step, 0.000300266 hours remaining, 1.247662 MB of memory in use.
PERFORMANCE: 900  averaging 7.9778 ns/day, 0.0108301 sec/step with standard deviation 0.000258459
ENERGY:     900      1973.7976       554.4790         0.0000         0.0000        -249536.1909      5054.1639      1089.9937     -4906.6200      5788.1955        -239982.1812       363.4353   -245770.3767   -239925.3386       362.0669           8991.1136      6358.3618     56227.8601      5569.1417      5554.1195

WRITING EXTENDED SYSTEM TO RESTART FILE AT STEP 900
WRITING COORDINATES TO DCD FILE run0.dcd AT STEP 900
WRITING COORDINATES TO RESTART FILE AT STEP 900
FINISHED WRITING RESTART COORDINATES
The last position output (seq=900) takes 0.000 seconds, 1.248 MB of memory in use
WRITING VELOCITIES TO RESTART FILE AT STEP 900
FINISHED WRITING RESTART VELOCITIES
TIMING: 1000  CPU: 10.863, 0.0107544/step  Wall: 10.8705, 0.0107609/step, 0 hours remaining, 1.247662 MB of memory in use.
PERFORMANCE: 1000  averaging 7.9829 ns/day, 0.0108231 sec/step with standard deviation 0.000244658
ETITLE:      TS           BOND          ANGLE          DIHED          IMPRP               ELECT            VDW       BOUNDARY           MISC        KINETIC               TOTAL           TEMP      POTENTIAL         TOTAL3        TEMPAVG            PRESSURE      GPRESSURE         VOLUME       PRESSAVG      GPRESSAVG

ENERGY:    1000      2048.6217       532.1170         0.0000         0.0000        -249419.2120      4997.8370      1066.7505     -5060.5291      5821.4366        -240012.9783       365.5225   -245834.4149   -239952.1127       365.7768           7358.3259      5846.2629     56227.8601      6246.2087      6249.4715

WRITING EXTENDED SYSTEM TO RESTART FILE AT STEP 1000
WRITING COORDINATES TO DCD FILE run0.dcd AT STEP 1000
WRITING COORDINATES TO RESTART FILE AT STEP 1000
FINISHED WRITING RESTART COORDINATES
The last position output (seq=1000) takes 0.000 seconds, 1.248 MB of memory in use
WRITING VELOCITIES TO RESTART FILE AT STEP 1000
FINISHED WRITING RESTART VELOCITIES
WRITING EXTENDED SYSTEM TO OUTPUT FILE AT STEP 1000
CLOSING EXTENDED SYSTEM TRAJECTORY FILE
WRITING COORDINATES TO OUTPUT FILE AT STEP 1000
CLOSING COORDINATE DCD FILE run0.dcd
WRITING VELOCITIES TO OUTPUT FILE AT STEP 1000
====================================================

WallClock: 10.915494  CPUTime: 10.901731  Memory: 1.247662 MB
[Partition 0][Node 0] End of program
