Charm++> No provisioning arguments specified. Running with a single PE.
         Use +auto-provision to fully subscribe resources or +p1 to silence this message.
Charm++: standalone mode (not using charmrun)
Charm++> Running in Multicore mode: 1 threads (PEs)
Charm++> Using recursive bisection (scheme 3) for topology aware partitions
Converse/Charm++ Commit ID: 
CharmLB> Load balancer assumes all CPUs are same.
Charm++> Running on 1 hosts (1 sockets x 6 cores x 2 PUs = 12-way SMP)
Charm++> cpu topology info is gathered in 0.003 seconds.
CharmLB> Load balancing instrumentation for communication is off.
Info: NAMD 3.0.1 for Linux-x86_64-multicore
Info: 
Info: Please visit http://www.ks.uiuc.edu/Research/namd/
Info: for updates, documentation, and support information.
Info: 
Info: Please cite Phillips et al., J. Chem. Phys. 153:044130 (2020) doi:10.1063/5.0014475
Info: in all publications reporting results obtained with NAMD.
Info: 
Info: Based on Charm++/Converse 80000 for multicore-linux-x86_64-gcc
Info: Built Mon Oct 14 11:11:06 CDT 2024 by dhardy on athine.ks.uiuc.edu
Info: 1 NAMD  3.0.1  Linux-x86_64-multicore  1    pc1b-02  convidat
Info: Running on 1 processors, 1 nodes, 1 physical nodes.
Info: CPU topology information available.
Info: Charm++/Converse parallel runtime startup completed at 0.00521649 s
CkLoopLib is used in SMP with simple dynamic scheduling (converse-level notification)
Info: 25.8086 MB of memory in use based on /proc/self/stat
Info: Configuration file is run0.namd
Info: Working in the current directory /home/samba/homes/convidat/Desktop/bionano-tutorial-files/4_current/4.2
TCL: Suspending until startup complete.
Warning: Option "1-4scaling" has been deprecated. Instead use "oneFourScaling".
Info: EXTENDED SYSTEM FILE   eq2.xsc
Warning: The Langevin gamma parameters differ over the particles,
Warning: requiring extra work per step to constrain rigid bonds.
Info: SIMULATION PARAMETERS:
Info: TIMESTEP               1
Info: NUMBER OF STEPS        1000
Info: STEPS PER CYCLE        20
Info: PERIODIC CELL BASIS 1  33.1925 19.16 0
Info: PERIODIC CELL BASIS 2  0 38.3199 0
Info: PERIODIC CELL BASIS 3  0 0 44.2066
Info: PERIODIC CELL CENTER   0 0 0
Info: WRAPPING ALL CLUSTERS AROUND PERIODIC BOUNDARIES ON OUTPUT.
Info: WRAPPING TO IMAGE NEAREST TO PERIODIC CELL CENTER.
Info: LOAD BALANCER  Centralized
Info: LOAD BALANCING STRATEGY  New Load Balancers -- DEFAULT
Info: LDB PERIOD             4000 steps
Info: FIRST LDB TIMESTEP     100
Info: LAST LDB TIMESTEP     -1
Info: LDB BACKGROUND SCALING 1
Info: HOM BACKGROUND SCALING 1
Info: PME BACKGROUND SCALING 1
Info: MIN ATOMS PER PATCH    40
Info: EMPTY PATCH LOAD       40 ATOMS
Info: VELOCITY FILE          eq2.vel
Info: CENTER OF MASS MOVING INITIALLY? NO
Info: DIELECTRIC             1
Info: EXCLUDE                SCALED ONE-FOUR
Info: 1-4 ELECTROSTATICS SCALED BY 1
Info: MODIFIED 1-4 VDW PARAMETERS WILL BE USED
Info: DCD FILENAME           run0.dcd
Info: DCD FREQUENCY          100
Info: DCD FIRST STEP         100
Info: DCD FILE WILL CONTAIN UNIT CELL DATA
Info: XST FILENAME           run0.xst
Info: XST FREQUENCY          100
Info: NO VELOCITY DCD OUTPUT
Info: NO FORCE DCD OUTPUT
Info: OUTPUT FILENAME        run0
Info: BINARY OUTPUT FILES WILL BE USED
Info: RESTART FILENAME       run0.restart
Info: RESTART FREQUENCY      100
Info: BINARY RESTART FILES WILL BE USED
Info: SWITCHING ACTIVE
Info: SWITCHING ON           10
Info: SWITCHING OFF          12
Info: PAIRLIST DISTANCE      12
Info: PAIRLIST SHRINK RATE   0.01
Info: PAIRLIST GROW RATE     0.01
Info: PAIRLIST TRIGGER       0.3
Info: PAIRLISTS PER CYCLE    2
Info: PAIRLISTS ENABLED
Info: MARGIN                 3
Info: HYDROGEN GROUP CUTOFF  2.5
Info: PATCH DIMENSION        17.5
Info: ENERGY OUTPUT STEPS    100
Info: ENERGY EVALUATION STEPS    100
Info: OUTPUT ENERGY PRECISION 4
Info: CROSSTERM ENERGY INCLUDED IN DIHEDRAL
Info: TIMING OUTPUT STEPS    100
Info: HARMONIC CONSTRAINTS ACTIVE
Info: HARMONIC CONS EXP      2
Info: ELECTRIC FIELD ACTIVE
Info: E-FIELD VECTOR         (0, 0, 2.086)
Info: E-FIELD FREQUENCY IS (1/ps) 0
Info: E-FIELD PHASE IS     (deg)  0
Info: LANGEVIN DYNAMICS ACTIVE
Info: LANGEVIN TEMPERATURE   295
Info: LANGEVIN USING BBK INTEGRATOR
Info: LANGEVIN DAMPING COEFFICIENTS DETERMINED FROM FILES
Info: LANGEVIN DAMPING FILE:  siliconRest_1.0.pdb
Info: LANGEVIN DAMPING COLUMN:  B
Info: PARTICLE MESH EWALD (PME) ACTIVE
Info: PME TOLERANCE               1e-06
Info: PME EWALD COEFFICIENT       0.257952
Info: PME INTERPOLATION ORDER     4
Info: PME GRID DIMENSIONS         48 48 64
Info: PME MAXIMUM GRID SPACING    1.5
Info: Attempting to read FFTW data from FFTW_NAMD_3.0.1_Linux-x86_64-multicore.txt
Info: Optimizing 6 FFT steps.  1... 2... 3... 4... 5... 6...   Done.
Info: Writing FFTW data to FFTW_NAMD_3.0.1_Linux-x86_64-multicore.txt
Info: FULL ELECTROSTATIC EVALUATION FREQUENCY      4
Info: USING VERLET I (r-RESPA) MTS SCHEME.
Info: C1 SPLITTING OF LONG RANGE ELECTROSTATICS
Info: PLACING ATOMS IN PATCHES BY HYDROGEN GROUPS
Info: NONBONDED FORCES EVALUATED EVERY 2 STEPS
Info: RANDOM NUMBER SEED     1750853607
Info: USE HYDROGEN BONDS?    NO
Info: COORDINATE PDB         poro_ion.pdb
Info: STRUCTURE FILE         poro_ion.psf
Info: PARAMETER file: CHARMM format! 
Info: PARAMETERS             cornell.prm
Info: PARAMETERS             par_silicon_ions_NEW5.inp
Info: USING ARITHMETIC MEAN TO COMBINE L-J SIGMA PARAMETERS
Info: BINARY COORDINATES     eq2.coor
Info: SUMMARY OF PARAMETERS:
Info: 96 BONDS
Info: 229 ANGLES
Info: 81 DIHEDRAL
Info: 31 IMPROPER
Info: 0 CROSSTERM
Info: 62 VDW
Info: 0 VDW_PAIRS
Info: 0 NBTHOLE_PAIRS
Info: TIME FOR READING PSF FILE: 0.00760549
Info: Reading pdb file poro_ion.pdb
Info: TIME FOR READING PDB FILE: 0.00309789
Info: 
Info: ****************************
Info: STRUCTURE SUMMARY:
Info: 5343 ATOMS
Info: 5136 BONDS
Info: 7949 ANGLES
Info: 0 DIHEDRALS
Info: 0 IMPROPERS
Info: 0 CROSSTERMS
Info: 0 EXCLUSIONS
Info: 1814 CONSTRAINTS
Info: 16029 DEGREES OF FREEDOM
Info: 3121 HYDROGEN GROUPS
Info: 3 ATOMS IN LARGEST HYDROGEN GROUP
Info: 3121 MIGRATION GROUPS
Info: 3 ATOMS IN LARGEST MIGRATION GROUP
Info: TOTAL MASS = 63654.5 amu
Info: TOTAL CHARGE = 7.89165e-05 e
Info: MASS DENSITY = 1.87991 g/cm^3
Info: ATOM DENSITY = 0.0950241 atoms/A^3
Info: *****************************
Info: Reading from binary file eq2.coor
Info: 
Info: Entering startup at 0.0300006 s, 1.31694 MB of memory in use
Info: Startup phase 0 took 1.7829e-05 s, 1.31694 MB of memory in use
Info: ADDED 26745 IMPLICIT EXCLUSIONS
Info: Startup phase 1 took 0.00325845 s, 1.31694 MB of memory in use
Info: NONBONDED TABLE R-SQUARED SPACING: 0.0625
Info: NONBONDED TABLE SIZE: 769 POINTS
Info: INCONSISTENCY IN FAST TABLE ENERGY VS FORCE: 0.000325096 AT 11.9556
Info: INCONSISTENCY IN SCOR TABLE ENERGY VS FORCE: 0.000324844 AT 11.9556
Info: INCONSISTENCY IN VDWA TABLE ENERGY VS FORCE: 0.0040507 AT 0.251946
Info: INCONSISTENCY IN VDWB TABLE ENERGY VS FORCE: 0.00150189 AT 0.251946
Info: Startup phase 2 took 0.000302241 s, 1.31694 MB of memory in use
Info: Startup phase 3 took 8.437e-06 s, 1.31694 MB of memory in use
Info: Startup phase 4 took 1.1021e-05 s, 1.31694 MB of memory in use
Info: Startup phase 5 took 6.168e-06 s, 1.31694 MB of memory in use
Info: PATCH GRID IS 1 (PERIODIC) BY 1 (PERIODIC) BY 2 (PERIODIC)
Info: PATCH GRID IS 1-AWAY BY 1-AWAY BY 1-AWAY
Info: Reading from binary file eq2.vel
Info: REMOVING COM VELOCITY -0.0246025 -0.00230318 -0.0647211
Info: LARGEST PATCH (1) HAS 2696 ATOMS
Info: TORUS A SIZE 1 USING 0
Info: TORUS B SIZE 1 USING 0
Info: TORUS C SIZE 1 USING 0
Info: TORUS MINIMAL MESH SIZE IS 1 BY 1 BY 1
Info: Placed 100% of base nodes on same physical node as patch
Info: Startup phase 6 took 0.000543964 s, 1.31694 MB of memory in use
Info: PME using 1 and 1 processors for FFT and reciprocal sum.
Info: PME GRID LOCATIONS: 0
Info: PME TRANS LOCATIONS: 0
Info: PME USING 1 GRID NODES AND 1 TRANS NODES
Info: Optimizing 4 FFT steps.  1... 2... 3... 4...   Done.
Info: Startup phase 7 took 0.000303416 s, 1.31694 MB of memory in use
Info: Startup phase 8 took 7.452e-06 s, 1.31694 MB of memory in use
Info: Startup phase 9 took 6.211e-06 s, 1.31694 MB of memory in use
Info: Startup phase 10 took 8.963e-06 s, 1.31694 MB of memory in use
Info: Startup phase 11 took 6.933e-06 s, 1.31694 MB of memory in use
LDB: Central LB being created...
Info: Startup phase 12 took 1.2194e-05 s, 1.31694 MB of memory in use
Info: CREATING 49 COMPUTE OBJECTS
Info: Startup phase 13 took 6.1697e-05 s, 1.31694 MB of memory in use
Info: Startup phase 14 took 6.861e-06 s, 1.31694 MB of memory in use
Info: Startup phase 15 took 6.814e-06 s, 1.31694 MB of memory in use
Info: Finished startup at 0.0345693 s, 1.31694 MB of memory in use

ETITLE:      TS           BOND          ANGLE          DIHED          IMPRP               ELECT            VDW       BOUNDARY           MISC        KINETIC               TOTAL           TEMP      POTENTIAL         TOTAL3        TEMPAVG            PRESSURE      GPRESSURE         VOLUME       PRESSAVG      GPRESSAVG

ENERGY:       0      1901.1493       475.6053         0.0000         0.0000        -251089.6161      4462.3440       978.4904      -379.1027      4709.8469        -238941.2829       295.7268   -243651.1299   -238878.7606       295.7268           2146.7374      -421.9683     56227.8601      2146.7374      -421.9683

OPENING EXTENDED SYSTEM TRAJECTORY FILE
LDB: ============= START OF LOAD BALANCING ============== 0.312932
LDB: ============== END OF LOAD BALANCING =============== 0.312955
LDB: =============== DONE WITH MIGRATION ================ 0.312967
LDB: ============= START OF LOAD BALANCING ============== 1.11387
LDB: ============== END OF LOAD BALANCING =============== 1.11391
LDB: =============== DONE WITH MIGRATION ================ 1.11395
Info: Initial time: 1 CPUs 0.0108204 s/step 0.125236 days/ns 1.31694 MB memory
TIMING: 100  CPU: 1.1275, 0.0108222/step  Wall: 1.12783, 0.0108223/step, 0.00270558 hours remaining, 1.316936 MB of memory in use.
PERFORMANCE: 100  averaging 7.98351 ns/day, 0.0108223 sec/step with standard deviation 0
ENERGY:     100      1915.7224       510.9880         0.0000         0.0000        -250864.8977      4408.6594       982.2134      -524.8457      4664.2351        -238907.9251       292.8629   -243572.1602   -238846.7133       297.4537           1593.2366      -239.6094     56227.8601      -183.6175      -183.1612

WRITING EXTENDED SYSTEM TO RESTART FILE AT STEP 100
OPENING COORDINATE DCD FILE
WRITING COORDINATES TO DCD FILE run0.dcd AT STEP 100
WRITING COORDINATES TO RESTART FILE AT STEP 100
FINISHED WRITING RESTART COORDINATES
The last position output (seq=100) takes 0.000 seconds, 1.317 MB of memory in use
WRITING VELOCITIES TO RESTART FILE AT STEP 100
FINISHED WRITING RESTART VELOCITIES
The last velocity output (seq=100) takes 0.000 seconds, 1.317 MB of memory in use
LDB: ============= START OF LOAD BALANCING ============== 1.3296
LDB: ============== END OF LOAD BALANCING =============== 1.32964
LDB: =============== DONE WITH MIGRATION ================ 1.32966
LDB: ============= START OF LOAD BALANCING ============== 2.14523
LDB: ============== END OF LOAD BALANCING =============== 2.14526
LDB: =============== DONE WITH MIGRATION ================ 2.14529
Info: Initial time: 1 CPUs 0.0102964 s/step 0.119172 days/ns 1.31694 MB memory
TIMING: 200  CPU: 2.15702, 0.0102951/step  Wall: 2.15765, 0.0102982/step, 0.00228848 hours remaining, 1.316936 MB of memory in use.
PERFORMANCE: 200  averaging 8.18163 ns/day, 0.0105602 sec/step with standard deviation 0.000370616
ENERGY:     200      1897.4062       506.4423         0.0000         0.0000        -250955.4272      4484.3479       994.8186      -593.7359      4765.3736        -238900.7745       299.2133   -243666.1481   -238839.1411       298.4915           1709.2669      -234.9652     56227.8601      -328.1594      -320.2919

WRITING EXTENDED SYSTEM TO RESTART FILE AT STEP 200
WRITING COORDINATES TO DCD FILE run0.dcd AT STEP 200
WRITING COORDINATES TO RESTART FILE AT STEP 200
FINISHED WRITING RESTART COORDINATES
The last position output (seq=200) takes 0.000 seconds, 1.317 MB of memory in use
WRITING VELOCITIES TO RESTART FILE AT STEP 200
FINISHED WRITING RESTART VELOCITIES
The last velocity output (seq=200) takes 0.000 seconds, 1.317 MB of memory in use
LDB: ============= START OF LOAD BALANCING ============== 3.16659
LDB: ============== END OF LOAD BALANCING =============== 3.16662
LDB: =============== DONE WITH MIGRATION ================ 3.16665
Info: Initial time: 1 CPUs 0.0102098 s/step 0.118169 days/ns 1.31694 MB memory
TIMING: 300  CPU: 3.17761, 0.0102059/step  Wall: 3.17874, 0.0102109/step, 0.00198544 hours remaining, 1.316936 MB of memory in use.
PERFORMANCE: 300  averaging 8.27287 ns/day, 0.0104438 sec/step with standard deviation 0.000330708
ENERGY:     300      1893.8228       486.8567         0.0000         0.0000        -251042.3532      4551.7781      1005.4786      -618.8064      4789.8338        -238933.3895       300.7491   -243723.2234   -238869.8860       300.1468           2519.2292       689.2767     56227.8601        11.6613        11.4655

WRITING EXTENDED SYSTEM TO RESTART FILE AT STEP 300
WRITING COORDINATES TO DCD FILE run0.dcd AT STEP 300
WRITING COORDINATES TO RESTART FILE AT STEP 300
FINISHED WRITING RESTART COORDINATES
The last position output (seq=300) takes 0.000 seconds, 1.317 MB of memory in use
WRITING VELOCITIES TO RESTART FILE AT STEP 300
FINISHED WRITING RESTART VELOCITIES
The last velocity output (seq=300) takes 0.000 seconds, 1.317 MB of memory in use
LDB: ============= START OF LOAD BALANCING ============== 4.23596
LDB: ============== END OF LOAD BALANCING =============== 4.236
LDB: =============== DONE WITH MIGRATION ================ 4.23604
Info: Benchmark time: 1 CPUs 0.0106954 s/step 0.123789 days/ns 1.31694 MB memory
TIMING: 400  CPU: 4.24667, 0.0106907/step  Wall: 4.24841, 0.0106967/step, 0.00178278 hours remaining, 1.316936 MB of memory in use.
PERFORMANCE: 400  averaging 8.22308 ns/day, 0.010507 sec/step with standard deviation 0.000298166
ENERGY:     400      1875.1449       497.0455         0.0000         0.0000        -250995.1856      4545.5443      1009.0881      -664.2009      4781.9242        -238950.6396       300.2525   -243732.5638   -238889.3221       300.1268           2750.9030       564.9188     56227.8601       559.5811       561.0912

WRITING EXTENDED SYSTEM TO RESTART FILE AT STEP 400
WRITING COORDINATES TO DCD FILE run0.dcd AT STEP 400
WRITING COORDINATES TO RESTART FILE AT STEP 400
FINISHED WRITING RESTART COORDINATES
The last position output (seq=400) takes 0.000 seconds, 1.317 MB of memory in use
WRITING VELOCITIES TO RESTART FILE AT STEP 400
FINISHED WRITING RESTART VELOCITIES
The last velocity output (seq=400) takes 0.000 seconds, 1.317 MB of memory in use
Info: Benchmark time: 1 CPUs 0.0108098 s/step 0.125113 days/ns 1.31694 MB memory
TIMING: 500  CPU: 5.327, 0.0108033/step  Wall: 5.32945, 0.0108104/step, 0.00150144 hours remaining, 1.316936 MB of memory in use.
PERFORMANCE: 500  averaging 8.17587 ns/day, 0.0105677 sec/step with standard deviation 0.000291694
ENERGY:     500      1893.0766       524.1729         0.0000         0.0000        -251143.1061      4696.2061      1009.0832      -676.6519      4745.8231        -238951.3961       297.9858   -243697.2192   -238884.7654       298.7192           3271.7900      1359.0470     56227.8601       731.4621       731.0580

WRITING EXTENDED SYSTEM TO RESTART FILE AT STEP 500
WRITING COORDINATES TO DCD FILE run0.dcd AT STEP 500
WRITING COORDINATES TO RESTART FILE AT STEP 500
FINISHED WRITING RESTART COORDINATES
The last position output (seq=500) takes 0.000 seconds, 1.317 MB of memory in use
WRITING VELOCITIES TO RESTART FILE AT STEP 500
FINISHED WRITING RESTART VELOCITIES
The last velocity output (seq=500) takes 0.000 seconds, 1.317 MB of memory in use
Info: Benchmark time: 1 CPUs 0.0105675 s/step 0.122309 days/ns 1.31694 MB memory
TIMING: 600  CPU: 6.38153, 0.0105453/step  Wall: 6.38626, 0.0105681/step, 0.00117424 hours remaining, 1.316936 MB of memory in use.
PERFORMANCE: 600  averaging 8.17581 ns/day, 0.0105678 sec/step with standard deviation 0.000260899
ENERGY:     600      1872.0661       514.3542         0.0000         0.0000        -250968.2492      4505.0746      1006.5443      -690.3592      4811.0991        -238949.4701       302.0844   -243760.5691   -238888.6480       297.9863           2843.5158       292.9360     56227.8601       644.5017       643.9672

WRITING EXTENDED SYSTEM TO RESTART FILE AT STEP 600
WRITING COORDINATES TO DCD FILE run0.dcd AT STEP 600
WRITING COORDINATES TO RESTART FILE AT STEP 600
FINISHED WRITING RESTART COORDINATES
The last position output (seq=600) takes 0.000 seconds, 1.317 MB of memory in use
WRITING VELOCITIES TO RESTART FILE AT STEP 600
FINISHED WRITING RESTART VELOCITIES
Info: Benchmark time: 1 CPUs 0.0101021 s/step 0.116923 days/ns 1.31694 MB memory
TIMING: 700  CPU: 7.39149, 0.0100996/step  Wall: 7.39653, 0.0101027/step, 0.000841894 hours remaining, 1.316936 MB of memory in use.
PERFORMANCE: 700  averaging 8.22753 ns/day, 0.0105013 sec/step with standard deviation 0.000296002
ENERGY:     700      1925.7049       511.4119         0.0000         0.0000        -250890.1413      4512.1635      1003.0579      -725.2852      4735.2198        -238927.8684       297.3200   -243663.0882   -238866.6400       300.4484           2763.9608       140.9181     56227.8601        85.9426        73.8442

WRITING EXTENDED SYSTEM TO RESTART FILE AT STEP 700
WRITING COORDINATES TO DCD FILE run0.dcd AT STEP 700
WRITING COORDINATES TO RESTART FILE AT STEP 700
FINISHED WRITING RESTART COORDINATES
The last position output (seq=700) takes 0.000 seconds, 1.317 MB of memory in use
WRITING VELOCITIES TO RESTART FILE AT STEP 700
FINISHED WRITING RESTART VELOCITIES
Info: Benchmark time: 1 CPUs 0.0104173 s/step 0.120571 days/ns 1.31694 MB memory
TIMING: 800  CPU: 8.43301, 0.0104151/step  Wall: 8.43832, 0.0104179/step, 0.000578772 hours remaining, 1.316936 MB of memory in use.
PERFORMANCE: 800  averaging 8.23571 ns/day, 0.0104909 sec/step with standard deviation 0.000275627
ENERGY:     800      1880.0104       523.8302         0.0000         0.0000        -251018.3912      4606.9774      1005.7740      -709.0967      4769.4240        -238941.4719       299.4676   -243710.8959   -238879.6022       300.2816           2652.4041       744.2168     56227.8601       435.5509       439.2196

WRITING EXTENDED SYSTEM TO RESTART FILE AT STEP 800
WRITING COORDINATES TO DCD FILE run0.dcd AT STEP 800
WRITING COORDINATES TO RESTART FILE AT STEP 800
FINISHED WRITING RESTART COORDINATES
The last position output (seq=800) takes 0.000 seconds, 1.317 MB of memory in use
WRITING VELOCITIES TO RESTART FILE AT STEP 800
FINISHED WRITING RESTART VELOCITIES
Info: Benchmark time: 1 CPUs 0.01048 s/step 0.121296 days/ns 1.31694 MB memory
TIMING: 900  CPU: 9.48077, 0.0104776/step  Wall: 9.48638, 0.0104806/step, 0.000291128 hours remaining, 1.316936 MB of memory in use.
PERFORMANCE: 900  averaging 8.23661 ns/day, 0.0104898 sec/step with standard deviation 0.000257849
ENERGY:     900      1950.8835       503.2716         0.0000         0.0000        -250892.4427      4445.3885      1000.9472      -729.9123      4743.6551        -238978.2091       297.8496   -243721.8642   -238918.2366       299.5251           2153.2305       312.9098     56227.8601       384.1020       392.4657

WRITING EXTENDED SYSTEM TO RESTART FILE AT STEP 900
WRITING COORDINATES TO DCD FILE run0.dcd AT STEP 900
WRITING COORDINATES TO RESTART FILE AT STEP 900
FINISHED WRITING RESTART COORDINATES
The last position output (seq=900) takes 0.000 seconds, 1.317 MB of memory in use
WRITING VELOCITIES TO RESTART FILE AT STEP 900
FINISHED WRITING RESTART VELOCITIES
TIMING: 1000  CPU: 10.5074, 0.0102661/step  Wall: 10.5141, 0.0102768/step, 0 hours remaining, 1.316936 MB of memory in use.
PERFORMANCE: 1000  averaging 8.25336 ns/day, 0.0104685 sec/step with standard deviation 0.000252257
ETITLE:      TS           BOND          ANGLE          DIHED          IMPRP               ELECT            VDW       BOUNDARY           MISC        KINETIC               TOTAL           TEMP      POTENTIAL         TOTAL3        TEMPAVG            PRESSURE      GPRESSURE         VOLUME       PRESSAVG      GPRESSAVG

ENERGY:    1000      1893.2039       484.3520         0.0000         0.0000        -250912.9850      4543.8326      1023.1607      -762.8107      4788.5211        -238942.7253       300.6667   -243731.2465   -238881.3719       299.2949           2930.6313       575.1512     56227.8601       117.9723       120.8408

WRITING EXTENDED SYSTEM TO RESTART FILE AT STEP 1000
WRITING COORDINATES TO DCD FILE run0.dcd AT STEP 1000
WRITING COORDINATES TO RESTART FILE AT STEP 1000
FINISHED WRITING RESTART COORDINATES
The last position output (seq=1000) takes 0.000 seconds, 1.317 MB of memory in use
WRITING VELOCITIES TO RESTART FILE AT STEP 1000
FINISHED WRITING RESTART VELOCITIES
WRITING EXTENDED SYSTEM TO OUTPUT FILE AT STEP 1000
CLOSING EXTENDED SYSTEM TRAJECTORY FILE
WRITING COORDINATES TO OUTPUT FILE AT STEP 1000
CLOSING COORDINATE DCD FILE run0.dcd
WRITING VELOCITIES TO OUTPUT FILE AT STEP 1000
====================================================

WallClock: 10.552623  CPUTime: 10.540411  Memory: 1.316936 MB
[Partition 0][Node 0] End of program
