Charm++> No provisioning arguments specified. Running with a single PE.
         Use +auto-provision to fully subscribe resources or +p1 to silence this message.
Charm++: standalone mode (not using charmrun)
Charm++> Running in Multicore mode: 1 threads (PEs)
Charm++> Using recursive bisection (scheme 3) for topology aware partitions
Converse/Charm++ Commit ID: 
CharmLB> Load balancer assumes all CPUs are same.
Charm++> Running on 1 hosts (1 sockets x 6 cores x 2 PUs = 12-way SMP)
Charm++> cpu topology info is gathered in 0.011 seconds.
CharmLB> Load balancing instrumentation for communication is off.
Info: NAMD 3.0.1 for Linux-x86_64-multicore
Info: 
Info: Please visit http://www.ks.uiuc.edu/Research/namd/
Info: for updates, documentation, and support information.
Info: 
Info: Please cite Phillips et al., J. Chem. Phys. 153:044130 (2020) doi:10.1063/5.0014475
Info: in all publications reporting results obtained with NAMD.
Info: 
Info: Based on Charm++/Converse 80000 for multicore-linux-x86_64-gcc
Info: Built Mon Oct 14 11:11:06 CDT 2024 by dhardy on athine.ks.uiuc.edu
Info: 1 NAMD  3.0.1  Linux-x86_64-multicore  1    pc1a-12  convidat
Info: Running on 1 processors, 1 nodes, 1 physical nodes.
Info: CPU topology information available.
Info: Charm++/Converse parallel runtime startup completed at 0.0139615 s
CkLoopLib is used in SMP with simple dynamic scheduling (converse-level notification)
Info: 25.8086 MB of memory in use based on /proc/self/stat
Info: Configuration file is eq0.namd
Info: Working in the current directory /home/samba/homes/convidat/Desktop/Simulacion-nanoporos-main/4_current
TCL: Suspending until startup complete.
Warning: Option "1-4scaling" has been deprecated. Instead use "oneFourScaling".
Info: SIMULATION PARAMETERS:
Info: TIMESTEP               1
Info: NUMBER OF STEPS        201
Info: STEPS PER CYCLE        20
Info: PERIODIC CELL BASIS 1  34.1775 19.7324 0
Info: PERIODIC CELL BASIS 2  0 39.4648 0
Info: PERIODIC CELL BASIS 3  0 0 51
Info: PERIODIC CELL CENTER   0 0 0
Info: WRAPPING ALL CLUSTERS AROUND PERIODIC BOUNDARIES ON OUTPUT.
Info: WRAPPING TO IMAGE NEAREST TO PERIODIC CELL CENTER.
Info: LOAD BALANCER  Centralized
Info: LOAD BALANCING STRATEGY  New Load Balancers -- DEFAULT
Info: LDB PERIOD             4000 steps
Info: FIRST LDB TIMESTEP     100
Info: LAST LDB TIMESTEP     -1
Info: LDB BACKGROUND SCALING 1
Info: HOM BACKGROUND SCALING 1
Info: PME BACKGROUND SCALING 1
Info: MIN ATOMS PER PATCH    40
Info: EMPTY PATCH LOAD       40 ATOMS
Info: INITIAL TEMPERATURE    0
Info: CENTER OF MASS MOVING INITIALLY? NO
Info: DIELECTRIC             1
Info: EXCLUDE                SCALED ONE-FOUR
Info: 1-4 ELECTROSTATICS SCALED BY 1
Info: MODIFIED 1-4 VDW PARAMETERS WILL BE USED
Info: DCD FILENAME           eq0.dcd
Info: DCD FREQUENCY          100
Info: DCD FIRST STEP         100
Info: DCD FILE WILL CONTAIN UNIT CELL DATA
Info: XST FILENAME           eq0.xst
Info: XST FREQUENCY          100
Info: NO VELOCITY DCD OUTPUT
Info: NO FORCE DCD OUTPUT
Info: OUTPUT FILENAME        eq0
Info: BINARY OUTPUT FILES WILL BE USED
Info: RESTART FILENAME       eq0.restart
Info: RESTART FREQUENCY      100
Info: BINARY RESTART FILES WILL BE USED
Info: SWITCHING ACTIVE
Info: SWITCHING ON           10
Info: SWITCHING OFF          12
Info: PAIRLIST DISTANCE      14
Info: PAIRLIST SHRINK RATE   0.01
Info: PAIRLIST GROW RATE     0.01
Info: PAIRLIST TRIGGER       0.3
Info: PAIRLISTS PER CYCLE    2
Info: PAIRLISTS ENABLED
Info: MARGIN                 3
Info: HYDROGEN GROUP CUTOFF  2.5
Info: PATCH DIMENSION        19.5
Info: ENERGY OUTPUT STEPS    100
Info: ENERGY EVALUATION STEPS    100
Info: OUTPUT ENERGY PRECISION 4
Info: CROSSTERM ENERGY INCLUDED IN DIHEDRAL
Info: TIMING OUTPUT STEPS    100
Info: HARMONIC CONSTRAINTS ACTIVE
Info: HARMONIC CONS EXP      2
Info: CONJUGATE GRADIENT MINIMIZATION ACTIVE
Info: LINE MINIMIZATION GOAL = 0.001
Info: BABY STEP SIZE = 0.01
Info: TINY STEP SIZE = 1e-06
Info: PARTICLE MESH EWALD (PME) ACTIVE
Info: PME TOLERANCE               1e-06
Info: PME EWALD COEFFICIENT       0.257952
Info: PME INTERPOLATION ORDER     4
Info: PME GRID DIMENSIONS         48 48 64
Info: PME MAXIMUM GRID SPACING    1.5
Info: Attempting to read FFTW data from FFTW_NAMD_3.0.1_Linux-x86_64-multicore.txt
Info: Optimizing 6 FFT steps.  1... 2... 3... 4... 5... 6...   Done.
Info: Writing FFTW data to FFTW_NAMD_3.0.1_Linux-x86_64-multicore.txt
Info: FULL ELECTROSTATIC EVALUATION FREQUENCY      4
Info: USING VERLET I (r-RESPA) MTS SCHEME.
Info: C1 SPLITTING OF LONG RANGE ELECTROSTATICS
Info: PLACING ATOMS IN PATCHES BY HYDROGEN GROUPS
Info: NONBONDED FORCES EVALUATED EVERY 2 STEPS
Info: RANDOM NUMBER SEED     1750256679
Info: USE HYDROGEN BONDS?    NO
Info: COORDINATE PDB         ionizado.pdb
Info: STRUCTURE FILE         ionizado.psf
Info: PARAMETER file: CHARMM format! 
Info: PARAMETERS             cornell.prm
Info: PARAMETERS             par_silicon_ions_NEW5.inp
Info: USING ARITHMETIC MEAN TO COMBINE L-J SIGMA PARAMETERS
Info: SUMMARY OF PARAMETERS:
Info: 96 BONDS
Info: 229 ANGLES
Info: 81 DIHEDRAL
Info: 31 IMPROPER
Info: 0 CROSSTERM
Info: 62 VDW
Info: 0 VDW_PAIRS
Info: 0 NBTHOLE_PAIRS
Info: TIME FOR READING PSF FILE: 0.00895585
Info: Reading pdb file ionizado.pdb
Info: TIME FOR READING PDB FILE: 0.00311095
Info: 
Info: ****************************
Info: STRUCTURE SUMMARY:
Info: 5343 ATOMS
Info: 5136 BONDS
Info: 7949 ANGLES
Info: 0 DIHEDRALS
Info: 0 IMPROPERS
Info: 0 CROSSTERMS
Info: 0 EXCLUSIONS
Info: 1814 CONSTRAINTS
Info: 16029 DEGREES OF FREEDOM
Info: 3121 HYDROGEN GROUPS
Info: 3 ATOMS IN LARGEST HYDROGEN GROUP
Info: 3121 MIGRATION GROUPS
Info: 3 ATOMS IN LARGEST MIGRATION GROUP
Info: TOTAL MASS = 63654.5 amu
Info: TOTAL CHARGE = 7.89165e-05 e
Info: MASS DENSITY = 1.53663 g/cm^3
Info: ATOM DENSITY = 0.0776721 atoms/A^3
Info: *****************************
Info: 
Info: Entering startup at 0.0405655 s, 0.632177 MB of memory in use
Info: Startup phase 0 took 2.0673e-05 s, 0.632177 MB of memory in use
Info: ADDED 26745 IMPLICIT EXCLUSIONS
Info: Startup phase 1 took 0.00325752 s, 0.632177 MB of memory in use
Info: NONBONDED TABLE R-SQUARED SPACING: 0.0625
Info: NONBONDED TABLE SIZE: 769 POINTS
Info: INCONSISTENCY IN FAST TABLE ENERGY VS FORCE: 0.000325096 AT 11.9556
Info: INCONSISTENCY IN SCOR TABLE ENERGY VS FORCE: 0.000324844 AT 11.9556
Info: INCONSISTENCY IN VDWA TABLE ENERGY VS FORCE: 0.0040507 AT 0.251946
Info: INCONSISTENCY IN VDWB TABLE ENERGY VS FORCE: 0.00150189 AT 0.251946
Info: Startup phase 2 took 0.000317047 s, 0.632177 MB of memory in use
Info: Startup phase 3 took 1.0535e-05 s, 0.632177 MB of memory in use
Info: Startup phase 4 took 1.5587e-05 s, 0.632177 MB of memory in use
Info: Startup phase 5 took 7.936e-06 s, 0.632177 MB of memory in use
Info: PATCH GRID IS 1 (PERIODIC) BY 1 (PERIODIC) BY 2 (PERIODIC)
Info: PATCH GRID IS 1-AWAY BY 1-AWAY BY 1-AWAY
Info: REMOVING COM VELOCITY 0 0 0
Info: LARGEST PATCH (0) HAS 2698 ATOMS
Info: TORUS A SIZE 1 USING 0
Info: TORUS B SIZE 1 USING 0
Info: TORUS C SIZE 1 USING 0
Info: TORUS MINIMAL MESH SIZE IS 1 BY 1 BY 1
Info: Placed 100% of base nodes on same physical node as patch
Info: Startup phase 6 took 0.000753329 s, 0.632177 MB of memory in use
Info: PME using 1 and 1 processors for FFT and reciprocal sum.
Info: PME GRID LOCATIONS: 0
Info: PME TRANS LOCATIONS: 0
Info: PME USING 1 GRID NODES AND 1 TRANS NODES
Info: Optimizing 4 FFT steps.  1... 2... 3... 4...   Done.
Info: Startup phase 7 took 0.000323162 s, 0.632177 MB of memory in use
Info: Startup phase 8 took 1.0916e-05 s, 0.632177 MB of memory in use
Info: Startup phase 9 took 1.073e-05 s, 0.632177 MB of memory in use
Info: Startup phase 10 took 9.243e-06 s, 0.632177 MB of memory in use
Info: Startup phase 11 took 1.0561e-05 s, 0.632177 MB of memory in use
LDB: Central LB being created...
Info: Startup phase 12 took 1.838e-05 s, 0.632177 MB of memory in use
Info: CREATING 47 COMPUTE OBJECTS
Info: Startup phase 13 took 7.9505e-05 s, 0.632177 MB of memory in use
Info: Startup phase 14 took 1.0253e-05 s, 0.632177 MB of memory in use
Info: Startup phase 15 took 1.042e-05 s, 0.632177 MB of memory in use
Info: Finished startup at 0.0454313 s, 0.632177 MB of memory in use

ETITLE:      TS           BOND          ANGLE          DIHED          IMPRP               ELECT            VDW       BOUNDARY           MISC        KINETIC               TOTAL           TEMP      POTENTIAL         TOTAL3        TEMPAVG            PRESSURE      GPRESSURE         VOLUME       PRESSAVG      GPRESSAVG

ENERGY:       0      1409.9812       431.4466         0.0000         0.0000        -222883.1488 99999999999.9999         0.0000         0.0000         0.0000      99999999999.9999         0.0000 99999999999.9999 99999999999.9999         0.0000      99999999999.9999 99999999999.9999     68789.1793 99999999999.9999 99999999999.9999

OPENING EXTENDED SYSTEM TRAJECTORY FILE
MINIMIZER SLOWLY MOVING 226 ATOMS WITH BAD CONTACTS DOWNHILL
ENERGY:       1      1409.9812       431.4466         0.0000         0.0000        -223353.3263 813730046.4967         0.0000         0.0000         0.0000      813508534.5982         0.0000 813508534.5982 813508534.5982         0.0000      3288573716.0242 3039108870.1065     68789.1793 3288573716.0242 3039108870.1065

MINIMIZER SLOWLY MOVING 182 ATOMS WITH BAD CONTACTS DOWNHILL
ENERGY:       2      1409.9812       431.4466         0.0000         0.0000        -222744.8506  20786268.2766         0.0000         0.0000         0.0000       20565364.8539         0.0000  20565364.8539  20565364.8539         0.0000       83995829.5042  79721522.5730     68789.1793  83995829.5042  79721522.5730

MINIMIZER SLOWLY MOVING 152 ATOMS WITH BAD CONTACTS DOWNHILL
ENERGY:       3      1409.9812       431.4466         0.0000         0.0000        -222234.2670   1455997.5768         0.0000         0.0000         0.0000        1235604.7376         0.0000   1235604.7376   1235604.7376         0.0000        5864580.9762   5675688.7692     68789.1793   5864580.9762   5675688.7692

MINIMIZER SLOWLY MOVING 115 ATOMS WITH BAD CONTACTS DOWNHILL
ENERGY:       4      1409.9812       431.4466         0.0000         0.0000        -221781.3690    239259.0442         0.0000         0.0000         0.0000          19319.1030         0.0000     19319.1030     19319.1030         0.0000         944006.2340    928362.5959     68789.1793    944006.2340    928362.5959

MINIMIZER SLOWLY MOVING 84 ATOMS WITH BAD CONTACTS DOWNHILL
ENERGY:       5      1409.9812       431.4466         0.0000         0.0000        -221559.2302     92921.2661         0.0000         0.0000         0.0000        -126796.5363         0.0000   -126796.5363   -126796.5363         0.0000         351321.3061    348617.6064     68789.1793    351321.3061    348617.6064

MINIMIZER SLOWLY MOVING 45 ATOMS WITH BAD CONTACTS DOWNHILL
ENERGY:       6      1409.9812       431.4466         0.0000         0.0000        -221538.1138     66731.5682         0.0000         0.0000         0.0000        -152965.1178         0.0000   -152965.1178   -152965.1178         0.0000         244988.1152    243421.2382     68789.1793    244988.1152    243421.2382

MINIMIZER SLOWLY MOVING 19 ATOMS WITH BAD CONTACTS DOWNHILL
ENERGY:       7      1409.9812       431.4466         0.0000         0.0000        -221505.4462     60554.6982         0.0000         0.0000         0.0000        -159109.3202         0.0000   -159109.3202   -159109.3202         0.0000         219856.6715    218356.6495     68789.1793    219856.6715    218356.6495

MINIMIZER SLOWLY MOVING 4 ATOMS WITH BAD CONTACTS DOWNHILL
ENERGY:       8      1409.9812       431.4466         0.0000         0.0000        -221499.3725     59702.2492         0.0000         0.0000         0.0000        -159955.6954         0.0000   -159955.6954   -159955.6954         0.0000         216381.4712    214984.6319     68789.1793    216381.4712    214984.6319

MINIMIZER SLOWLY MOVING 1 ATOMS WITH BAD CONTACTS DOWNHILL
ENERGY:       9      1409.9812       431.4466         0.0000         0.0000        -221494.9701     59494.9185         0.0000         0.0000         0.0000        -160158.6238         0.0000   -160158.6238   -160158.6238         0.0000         215537.6282    214116.0960     68789.1793    215537.6282    214116.0960

MINIMIZER STARTING CONJUGATE GRADIENT ALGORITHM
LINE MINIMIZER REDUCING GRADIENT FROM 6.07815e+08 TO 607815
ETITLE:      TS           BOND          ANGLE          DIHED          IMPRP               ELECT            VDW       BOUNDARY           MISC        KINETIC               TOTAL           TEMP      POTENTIAL         TOTAL3        TEMPAVG            PRESSURE      GPRESSURE         VOLUME       PRESSAVG      GPRESSAVG

ENERGY:      10      1269.5858       407.7508         0.0000         0.0000        -221655.5340     41202.9963         0.0149         0.0000         0.0000        -178775.1862         0.0000   -178775.1862   -178775.1862         0.0000         141095.6926    139151.3755     68789.1793    141095.6926    139151.3755

ENERGY:      11      1151.2359       387.3508         0.0000         0.0000        -221853.4460     31618.5520         0.0597         0.0000         0.0000        -188696.2476         0.0000   -188696.2476   -188696.2476         0.0000         102133.9560     99853.9963     68789.1793    102133.9560     99853.9963

ENERGY:      12      1054.8900       370.2596         0.0000         0.0000        -222077.3057     26922.6421         0.1344         0.0000         0.0000        -193729.3796         0.0000   -193729.3796   -193729.3796         0.0000          83145.1639     80577.9848     68789.1793     83145.1639     80577.9848

ENERGY:      13       980.5050       356.4906         0.0000         0.0000        -222299.9239     25521.7200         0.2389         0.0000         0.0000        -195440.9695         0.0000   -195440.9695   -195440.9695         0.0000          77574.3410     74326.6004     68789.1793     77574.3410     74326.6004

ENERGY:      14       928.0364       346.0573         0.0000         0.0000        -222504.5273     27026.3216         0.3733         0.0000         0.0000        -194203.7388         0.0000   -194203.7388   -194203.7388         0.0000          83881.8658     79993.1643     68789.1793     83881.8658     79993.1643

LINE MINIMIZER BRACKET: DX 4.20744e-05 4.20744e-05 DU -1711.59 1237.23 DUDX -7.69096e+07 -5.98069e+06 6.71888e+07 
ENERGY:      15       974.2726       355.2969         0.0000         0.0000        -222320.9465     25539.3488         0.2510         0.0000         0.0000        -195451.7772         0.0000   -195451.7772   -195451.7772         0.0000          77662.3217     74351.2440     68789.1793     77662.3217     74351.2440

LINE MINIMIZER BRACKET: DX 4.20744e-06 3.7867e-05 DU -10.8077 1248.04 DUDX -5.98069e+06 846247 6.71888e+07 
ENERGY:      16       975.0329       355.4430         0.0000         0.0000        -222318.3507     25535.6271         0.2495         0.0000         0.0000        -195451.9982         0.0000   -195451.9982   -195451.9982         0.0000          77645.1013     74341.8505     68789.1793     77645.1013     74341.8505

LINE MINIMIZER BRACKET: DX 3.68613e-06 5.21314e-07 DU -11.0287 0.221004 DUDX -5.98069e+06 -1509.28 846247 
MINIMIZER RESTARTING CONJUGATE GRADIENT ALGORITHM
LINE MINIMIZER REDUCING GRADIENT FROM 2.05192e+08 TO 205192
ENERGY:      17       953.1254       351.5710         0.0000         0.0000        -222380.2463     22712.1797         0.3049         0.0000         0.0000        -198363.0654         0.0000   -198363.0654   -198363.0654         0.0000          66186.4436     62656.1209     68789.1793     66186.4436     62656.1209

ENERGY:      18       933.9970       348.2699         0.0000         0.0000        -222444.2757     21190.5049         0.3659         0.0000         0.0000        -199971.1380         0.0000   -199971.1380   -199971.1380         0.0000          60020.1808     56276.0195     68789.1793     60020.1808     56276.0195

ENERGY:      19       917.6463       345.5398         0.0000         0.0000        -222509.9397     20311.4607         0.4324         0.0000         0.0000        -200934.8605         0.0000   -200934.8605   -200934.8605         0.0000          56472.0106     52529.7409     68789.1793     56472.0106     52529.7409

LDB: ============= START OF LOAD BALANCING ============== 0.41086
LDB: ============== END OF LOAD BALANCING =============== 0.410875
LDB: =============== DONE WITH MIGRATION ================ 0.410885
MINIMIZER RESTARTING CONJUGATE GRADIENT ALGORITHM DUE TO POOR PROGRESS
LINE MINIMIZER REDUCING GRADIENT FROM 4.08093e+07 TO 40809.3
ETITLE:      TS           BOND          ANGLE          DIHED          IMPRP               ELECT            VDW       BOUNDARY           MISC        KINETIC               TOTAL           TEMP      POTENTIAL         TOTAL3        TEMPAVG            PRESSURE      GPRESSURE         VOLUME       PRESSAVG      GPRESSAVG

ENERGY:      20       881.4208       340.1430         0.0000         0.0000        -222769.9748     18361.2096         0.6983         0.0000         0.0000        -203186.5031         0.0000   -203186.5031   -203186.5031         0.0000          48618.6984     44104.4927     68789.1793     48618.6984     44104.4927

ENERGY:      21       874.5889       341.2187         0.0000         0.0000        -223027.3273     17001.2348         1.0279         0.0000         0.0000        -204809.2571         0.0000   -204809.2571   -204809.2571         0.0000          43142.1831     38136.6562     68789.1793     43142.1831     38136.6562

MINIMIZER RESTARTING CONJUGATE GRADIENT ALGORITHM DUE TO POOR PROGRESS
LINE MINIMIZER REDUCING GRADIENT FROM 1.94786e+07 TO 19478.6
ENERGY:      22       897.8323       348.2490         0.0000         0.0000        -223648.8429     14645.5416         2.1961         0.0000         0.0000        -207755.0238         0.0000   -207755.0238   -207755.0238         0.0000          33724.4529     27625.9136     68789.1793     33724.4529     27625.9136

ENERGY:      23      1084.0787       398.9171         0.0000         0.0000        -224253.9793     12957.7105         3.8047         0.0000         0.0000        -209809.4683         0.0000   -209809.4683   -209809.4683         0.0000          26794.5595     19935.1939     68789.1793     26794.5595     19935.1939

ENERGY:      24      1431.9709       493.9967         0.0000         0.0000        -224844.2186     11793.3912         5.8536         0.0000         0.0000        -211119.0061         0.0000   -211119.0061   -211119.0061         0.0000          21763.0207     14470.0238     68789.1793     21763.0207     14470.0238

MINIMIZER RESTARTING CONJUGATE GRADIENT ALGORITHM DUE TO POOR PROGRESS
LINE MINIMIZER REDUCING GRADIENT FROM 1.39733e+07 TO 13973.3
ENERGY:      25      1266.4165       465.9647         0.0000         0.0000        -225022.9192     11290.8895         6.6104         0.0000         0.0000        -211993.0382         0.0000   -211993.0382   -211993.0382         0.0000          19740.2019     12176.3912     68789.1793     19740.2019     12176.3912

ENERGY:      26      1134.3722       443.3501         0.0000         0.0000        -225201.4715     10999.2372         7.4144         0.0000         0.0000        -212617.0976         0.0000   -212617.0976   -212617.0976         0.0000          18539.1086     10775.0843     68789.1793     18539.1086     10775.0843

MINIMIZER RESTARTING CONJUGATE GRADIENT ALGORITHM DUE TO POOR PROGRESS
LINE MINIMIZER REDUCING GRADIENT FROM 6.24415e+06 TO 6244.15
ENERGY:      27       921.4644       415.8303         0.0000         0.0000        -226146.2939      9919.9554        12.3784         0.0000         0.0000        -214876.6653         0.0000   -214876.6653   -214876.6653         0.0000          13457.7421      5348.3748     68789.1793     13457.7421      5348.3748

ENERGY:      28      1105.1262       474.1249         0.0000         0.0000        -227070.3491      9092.6488        18.6366         0.0000         0.0000        -216379.8126         0.0000   -216379.8126   -216379.8126         0.0000           8727.4401      1017.1997     68789.1793      8727.4401      1017.1997

ENERGY:      29      1698.2394       620.7026         0.0000         0.0000        -227973.8258      8493.0210        26.1890         0.0000         0.0000        -217135.6738         0.0000   -217135.6738   -217135.6738         0.0000           4244.7564     -2315.3207     68789.1793      4244.7564     -2315.3207

ETITLE:      TS           BOND          ANGLE          DIHED          IMPRP               ELECT            VDW       BOUNDARY           MISC        KINETIC               TOTAL           TEMP      POTENTIAL         TOTAL3        TEMPAVG            PRESSURE      GPRESSURE         VOLUME       PRESSAVG      GPRESSAVG

ENERGY:      30      2716.6404       856.5261         0.0000         0.0000        -228856.8933      8118.7661        35.0357         0.0000         0.0000        -217129.9250         0.0000   -217129.9250   -217129.9250         0.0000             -5.5202     -4652.1373     68789.1793        -5.5202     -4652.1373

LINE MINIMIZER BRACKET: DX 0.000423984 0.000423984 DU -755.861 5.74877 DUDX -2.6651e+06 -894684 937033 
ENERGY:      31      2145.6602       725.7017         0.0000         0.0000        -228411.3183      8279.7483        30.3845         0.0000         0.0000        -217229.8236         0.0000   -217229.8236   -217229.8236         0.0000           2119.4635     -3594.6086     68789.1793      2119.4635     -3594.6086

LINE MINIMIZER BRACKET: DX 0.000208827 0.000215157 DU -94.1498 99.8985 DUDX -894684 -3762.62 937033 
MINIMIZER RESTARTING CONJUGATE GRADIENT ALGORITHM
LINE MINIMIZER REDUCING GRADIENT FROM 1.26494e+07 TO 12649.4
ENERGY:      32      1755.3285       671.9731         0.0000         0.0000        -228527.4054      7950.4843        31.9016         0.0000         0.0000        -218117.7179         0.0000   -218117.7179   -218117.7179         0.0000           1521.3781     -5071.7451     68789.1793      1521.3781     -5071.7451

ENERGY:      33      1495.3923       633.7227         0.0000         0.0000        -228643.5991      7746.6172        33.4594         0.0000         0.0000        -218734.4074         0.0000   -218734.4074   -218734.4074         0.0000           1321.9960     -6009.2575     68789.1793      1321.9960     -6009.2575

ENERGY:      34      1365.5567       610.8812         0.0000         0.0000        -228759.5396      7626.5353        35.0580         0.0000         0.0000        -219121.5085         0.0000   -219121.5085   -219121.5085         0.0000           1351.8886     -6592.9027     68789.1793      1351.8886     -6592.9027

MINIMIZER RESTARTING CONJUGATE GRADIENT ALGORITHM DUE TO POOR PROGRESS
LINE MINIMIZER REDUCING GRADIENT FROM 4.70041e+06 TO 4700.41
ENERGY:      35      1114.2359       572.2490         0.0000         0.0000        -229007.5846      7453.9484        38.2775         0.0000         0.0000        -219828.8738         0.0000   -219828.8738   -219828.8738         0.0000           1158.5359     -7481.4229     68789.1793      1158.5359     -7481.4229

ENERGY:      36      1017.3390       548.6794         0.0000         0.0000        -229253.5180      7312.9841        41.6530         0.0000         0.0000        -220332.8625         0.0000   -220332.8625   -220332.8625         0.0000            933.3892     -8231.5667     68789.1793       933.3892     -8231.5667

ENERGY:      37      1073.8828       540.5298         0.0000         0.0000        -229497.5116      7203.8371        45.1844         0.0000         0.0000        -220634.0776         0.0000   -220634.0776   -220634.0776         0.0000            677.3341     -8843.2318     68789.1793       677.3341     -8843.2318

ENERGY:      38      1281.9118       549.0870         0.0000         0.0000        -229739.7010      7127.9848        48.8717         0.0000         0.0000        -220731.8458         0.0000   -220731.8458   -220731.8458         0.0000            397.0969     -9310.6233     68789.1793       397.0969     -9310.6233

ENERGY:      39      1638.3753       576.6499         0.0000         0.0000        -229980.2747      7088.2467        52.7149         0.0000         0.0000        -220624.2879         0.0000   -220624.2879   -220624.2879         0.0000            104.9683     -9622.5635     68789.1793       104.9683     -9622.5635

LINE MINIMIZER BRACKET: DX 0.000223637 0.000223637 DU -97.7681 107.558 DUDX -892936 19996.1 944386 
ETITLE:      TS           BOND          ANGLE          DIHED          IMPRP               ELECT            VDW       BOUNDARY           MISC        KINETIC               TOTAL           TEMP      POTENTIAL         TOTAL3        TEMPAVG            PRESSURE      GPRESSURE         VOLUME       PRESSAVG      GPRESSAVG

ENERGY:      40      1254.3695       547.4225         0.0000         0.0000        -229715.5558      7134.0026        48.4959         0.0000         0.0000        -220731.2652         0.0000   -220731.2652   -220731.2652         0.0000            425.9293     -9270.6268     68789.1793       425.9293     -9270.6268

LINE MINIMIZER BRACKET: DX 2.23637e-05 0.000223637 DU -0.580511 107.558 DUDX -71712.3 19996.1 944386 
ENERGY:      41      1275.7929       548.7089         0.0000         0.0000        -229734.4490      7129.2636        48.7898         0.0000         0.0000        -220731.8938         0.0000   -220731.8938   -220731.8938         0.0000            403.3795     -9302.0543     68789.1793       403.3795     -9302.0543

LINE MINIMIZER BRACKET: DX 1.74981e-05 4.86559e-06 DU -0.628586 0.0480752 DUDX -71712.3 34.3983 19996.1 
LINE MINIMIZER REDUCING GRADIENT FROM 5.52566e+06 TO 5525.66
ENERGY:      42      1243.2851       538.7876         0.0000         0.0000        -230002.5079      6949.0162        52.6349         0.0000         0.0000        -221218.7842         0.0000   -221218.7842   -221218.7842         0.0000           -463.4005    -10258.7576     68789.1793      -463.4005    -10258.7576

ENERGY:      43      1217.1979       531.3154         0.0000         0.0000        -230268.6777      6791.1127        56.6391         0.0000         0.0000        -221672.4126         0.0000   -221672.4126   -221672.4126         0.0000          -1287.6762    -11119.0870     68789.1793     -1287.6762    -11119.0870

MINIMIZER RESTARTING CONJUGATE GRADIENT ALGORITHM DUE TO POOR PROGRESS
LINE MINIMIZER REDUCING GRADIENT FROM 4.47222e+06 TO 4472.22
ENERGY:      44      1003.0175       511.4669         0.0000         0.0000        -230487.9374      6591.8883        60.0853         0.0000         0.0000        -222321.4793         0.0000   -222321.4793   -222321.4793         0.0000          -2302.5135    -12124.7305     68789.1793     -2302.5135    -12124.7305

ENERGY:      45       932.8395       504.0508         0.0000         0.0000        -230706.3805      6444.4680        63.6478         0.0000         0.0000        -222761.3744         0.0000   -222761.3744   -222761.3744         0.0000          -3251.6216    -12911.6915     68789.1793     -3251.6216    -12911.6915

ENERGY:      46      1007.2494       509.4544         0.0000         0.0000        -230923.8677      6344.0490        67.3266         0.0000         0.0000        -222995.7884         0.0000   -222995.7884   -222995.7884         0.0000          -4154.7073    -13498.7262     68789.1793     -4154.7073    -13498.7262

ENERGY:      47      1225.1045       528.4665         0.0000         0.0000        -231140.2639      6290.1000        71.1216         0.0000         0.0000        -223025.4714         0.0000   -223025.4714   -223025.4714         0.0000          -5013.5137    -13887.0686     68789.1793     -5013.5137    -13887.0686

ENERGY:      48      1584.5059       562.1365         0.0000         0.0000        -231355.4296      6286.2311        75.0328         0.0000         0.0000        -222847.5232         0.0000   -222847.5232   -222847.5232         0.0000          -5812.5598    -14060.6463     68789.1793     -5812.5598    -14060.6463

LINE MINIMIZER BRACKET: DX 0.000238129 0.000238129 DU -29.683 177.948 DUDX -555194 307851 1.19182e+06 
ENERGY:      49      1131.2387       520.0786         0.0000         0.0000        -231063.3864      6303.8388        69.7576         0.0000         0.0000        -223038.4727         0.0000   -223038.4727   -223038.4727         0.0000          -4713.5701    -13772.2901     68789.1793     -4713.5701    -13772.2901

LINE MINIMIZER BRACKET: DX 0.00015338 8.47489e-05 DU -42.6843 13.0013 DUDX -555194 -748.788 307851 
LINE MINIMIZER REDUCING GRADIENT FROM 4.32515e+06 TO 4325.15
ETITLE:      TS           BOND          ANGLE          DIHED          IMPRP               ELECT            VDW       BOUNDARY           MISC        KINETIC               TOTAL           TEMP      POTENTIAL         TOTAL3        TEMPAVG            PRESSURE      GPRESSURE         VOLUME       PRESSAVG      GPRESSAVG

ENERGY:      50      1095.5731       514.8046         0.0000         0.0000        -231289.4725      6184.9154        73.4927         0.0000         0.0000        -223420.6867         0.0000   -223420.6867   -223420.6867         0.0000          -5341.4715    -14436.0483     68789.1793     -5341.4715    -14436.0483

ENERGY:      51      1068.7499       511.4441         0.0000         0.0000        -231514.1421      6091.6799        77.3384         0.0000         0.0000        -223764.9297         0.0000   -223764.9297   -223764.9297         0.0000          -5902.1075    -14989.3949     68789.1793     -5902.1075    -14989.3949

MINIMIZER RESTARTING CONJUGATE GRADIENT ALGORITHM DUE TO POOR PROGRESS
LINE MINIMIZER REDUCING GRADIENT FROM 3.37601e+06 TO 3376.01
ENERGY:      52       815.3080       481.1388         0.0000         0.0000        -231728.9537      5965.4493        80.7949         0.0000         0.0000        -224386.2628         0.0000   -224386.2628   -224386.2628         0.0000          -6169.4948    -15666.0692     68789.1793     -6169.4948    -15666.0692

ENERGY:      53       782.4447       473.9428         0.0000         0.0000        -231943.1523      5867.6823        84.3407         0.0000         0.0000        -224734.7418         0.0000   -224734.7418   -224734.7418         0.0000          -6523.0108    -16219.6880     68789.1793     -6523.0108    -16219.6880

ENERGY:      54       969.5602       488.6206         0.0000         0.0000        -232156.5964      5798.4861        87.9759         0.0000         0.0000        -224811.9536         0.0000   -224811.9536   -224811.9536         0.0000          -6961.9425    -16648.9315     68789.1793     -6961.9425    -16648.9315

ENERGY:      55      1374.8952       525.4781         0.0000         0.0000        -232369.1557      5759.5051        91.7003         0.0000         0.0000        -224617.5771         0.0000   -224617.5771   -224617.5771         0.0000          -7479.0591    -16945.7778     68789.1793     -7479.0591    -16945.7778

LINE MINIMIZER BRACKET: DX 0.000246524 0.000246524 DU -77.2117 194.377 DUDX -863005 236821 1.34162e+06 
ENERGY:      56       910.7715       483.6129         0.0000         0.0000        -232110.7182      5810.9121        87.1857         0.0000         0.0000        -224818.2359         0.0000   -224818.2359   -224818.2359         0.0000          -6860.5062    -16567.3375     68789.1793     -6860.5062    -16567.3375

LINE MINIMIZER BRACKET: DX 0.000193451 5.30723e-05 DU -83.4941 6.28235 DUDX -863005 -123.092 236821 
LINE MINIMIZER REDUCING GRADIENT FROM 2.69937e+06 TO 2699.37
ENERGY:      57       905.1140       478.4817         0.0000         0.0000        -232324.4778      5664.3607        91.2533         0.0000         0.0000        -225185.2681         0.0000   -225185.2681   -225185.2681         0.0000          -7564.7276    -17332.4887     68789.1793     -7564.7276    -17332.4887

ENERGY:      58       905.1516       474.5857         0.0000         0.0000        -232536.7434      5536.9761        95.4302         0.0000         0.0000        -225524.5999         0.0000   -225524.5999   -225524.5999         0.0000          -8228.8331    -18012.8348     68789.1793     -8228.8331    -18012.8348

MINIMIZER RESTARTING CONJUGATE GRADIENT ALGORITHM DUE TO POOR PROGRESS
LINE MINIMIZER REDUCING GRADIENT FROM 2.20268e+06 TO 2202.68
ENERGY:      59       756.2799       452.4546         0.0000         0.0000        -232713.2932      5419.1846        99.4703         0.0000         0.0000        -225985.9039         0.0000   -225985.9039   -225985.9039         0.0000          -8772.8436    -18614.4221     68789.1793     -8772.8436    -18614.4221

ETITLE:      TS           BOND          ANGLE          DIHED          IMPRP               ELECT            VDW       BOUNDARY           MISC        KINETIC               TOTAL           TEMP      POTENTIAL         TOTAL3        TEMPAVG            PRESSURE      GPRESSURE         VOLUME       PRESSAVG      GPRESSAVG

ENERGY:      60       760.2924       446.1978         0.0000         0.0000        -232889.3542      5327.3152       103.6121         0.0000         0.0000        -226251.9367         0.0000   -226251.9367   -226251.9367         0.0000          -9364.0102    -19104.0334     68789.1793     -9364.0102    -19104.0334

ENERGY:      61       916.5320       456.2590         0.0000         0.0000        -233065.0150      5259.8424       107.8558         0.0000         0.0000        -226324.5258         0.0000   -226324.5258   -226324.5258         0.0000         -10008.3196    -19488.4607     68789.1793    -10008.3196    -19488.4607

ENERGY:      62      1223.7246       483.5914         0.0000         0.0000        -233240.3845      5216.4005       112.2013         0.0000         0.0000        -226204.4668         0.0000   -226204.4668   -226204.4668         0.0000         -10707.0260    -19769.5494     68789.1793    -10707.0260    -19769.5494

LINE MINIMIZER BRACKET: DX 0.000299979 0.000299979 DU -72.5891 120.059 DUDX -563704 79301.7 721256 
ENERGY:      63       889.0525       454.1073         0.0000         0.0000        -233043.3530      5266.8722       107.3266         0.0000         0.0000        -226325.9944         0.0000   -226325.9944   -226325.9944         0.0000          -9925.8379    -19446.5944     68789.1793     -9925.8379    -19446.5944

LINE MINIMIZER BRACKET: DX 0.000262957 3.70217e-05 DU -74.0577 1.46863 DUDX -563704 60.2519 79301.7 
LINE MINIMIZER REDUCING GRADIENT FROM 2.48791e+06 TO 2487.91
ENERGY:      64       873.0494       449.7584         0.0000         0.0000        -233235.3767      5168.2492       111.5842         0.0000         0.0000        -226632.7355         0.0000   -226632.7355   -226632.7355         0.0000         -10442.1707    -19979.6418     68789.1793    -10442.1707    -19979.6418

ENERGY:      65       861.7821       446.5861         0.0000         0.0000        -233426.0568      5077.0261       115.9419         0.0000         0.0000        -226924.7207         0.0000   -226924.7207   -226924.7207         0.0000         -10963.0170    -20479.3248     68789.1793    -10963.0170    -20479.3248

MINIMIZER RESTARTING CONJUGATE GRADIENT ALGORITHM DUE TO POOR PROGRESS
LINE MINIMIZER REDUCING GRADIENT FROM 2.12146e+06 TO 2121.46
ENERGY:      66       699.7098       426.8335         0.0000         0.0000        -233637.5208      4974.7318       120.2336         0.0000         0.0000        -227416.0120         0.0000   -227416.0120   -227416.0120         0.0000         -11073.6064    -21041.8510     68789.1793    -11073.6064    -21041.8510

ENERGY:      67       823.2332       432.5303         0.0000         0.0000        -233847.0092      4900.0226       124.6233         0.0000         0.0000        -227566.5999         0.0000   -227566.5999   -227566.5999         0.0000         -11330.1973    -21483.5041     68789.1793    -11330.1973    -21483.5041

ENERGY:      68      1233.5970       462.7186         0.0000         0.0000        -234054.5122      4852.0520       129.1108         0.0000         0.0000        -227377.0337         0.0000   -227377.0337   -227377.0337         0.0000         -11736.7476    -21807.8461     68789.1793    -11736.7476    -21807.8461

LINE MINIMIZER BRACKET: DX 0.000336782 0.000336782 DU -150.588 189.566 DUDX -952429 57912.4 1.06804e+06 
ENERGY:      69       797.9757       430.8546         0.0000         0.0000        -233826.1516      4906.2899       124.1799         0.0000         0.0000        -227566.8515         0.0000   -227566.8515   -227566.8515         0.0000         -11297.8108    -21444.6339     68789.1793    -11297.8108    -21444.6339

LINE MINIMIZER BRACKET: DX 0.000303104 3.36782e-05 DU -150.839 0.251588 DUDX -952429 -43069.4 57912.4 
ETITLE:      TS           BOND          ANGLE          DIHED          IMPRP               ELECT            VDW       BOUNDARY           MISC        KINETIC               TOTAL           TEMP      POTENTIAL         TOTAL3        TEMPAVG            PRESSURE      GPRESSURE         VOLUME       PRESSAVG      GPRESSAVG

ENERGY:      70       808.3868       431.5388         0.0000         0.0000        -233835.0414      4903.5869       124.3687         0.0000         0.0000        -227567.1601         0.0000   -227567.1601   -227567.1601         0.0000         -11311.4265    -21461.3390     68789.1793    -11311.4265    -21461.3390

LINE MINIMIZER BRACKET: DX 1.43501e-05 1.93281e-05 DU -0.308677 0.560265 DUDX -43069.4 -41.2142 57912.4 
LINE MINIMIZER REDUCING GRADIENT FROM 1.45599e+06 TO 1455.99
ENERGY:      71       804.1576       426.5657         0.0000         0.0000        -234017.2075      4829.6745       128.7502         0.0000         0.0000        -227828.0595         0.0000   -227828.0595   -227828.0595         0.0000         -11678.4985    -21879.4721     68789.1793    -11678.4985    -21879.4721

ENERGY:      72       803.3130       422.5017         0.0000         0.0000        -234198.2205      4758.9777       133.2268         0.0000         0.0000        -228080.2014         0.0000   -228080.2014   -228080.2014         0.0000         -12066.9588    -22282.2948     68789.1793    -12066.9588    -22282.2948

MINIMIZER RESTARTING CONJUGATE GRADIENT ALGORITHM DUE TO POOR PROGRESS
LINE MINIMIZER REDUCING GRADIENT FROM 1.35353e+06 TO 1353.53
ENERGY:      73       690.0685       408.6613         0.0000         0.0000        -234347.5320      4693.6542       137.4410         0.0000         0.0000        -228417.7070         0.0000   -228417.7070   -228417.7070         0.0000         -12433.5894    -22638.8709     68789.1793    -12433.5894    -22638.8709

ENERGY:      74       716.4934       407.0573         0.0000         0.0000        -234496.4849      4640.8514       141.7397         0.0000         0.0000        -228590.3432         0.0000   -228590.3432   -228590.3432         0.0000         -12887.6752    -22940.9320     68789.1793    -12887.6752    -22940.9320

ENERGY:      75       881.6114       418.4277         0.0000         0.0000        -234645.1013      4600.4677       146.1229         0.0000         0.0000        -228598.4715         0.0000   -228598.4715   -228598.4715         0.0000         -13429.3096    -23188.9078     68789.1793    -13429.3096    -23188.9078

ENERGY:      76      1183.8873       443.9272         0.0000         0.0000        -234793.4011      4572.7631       150.5907         0.0000         0.0000        -228442.2329         0.0000   -228442.2329   -228442.2329         0.0000         -14056.9472    -23381.6415     68789.1793    -14056.9472    -23381.6415

LINE MINIMIZER BRACKET: DX 0.000348439 0.000348439 DU -8.12831 156.239 DUDX -259266 212556 684295 
ENERGY:      77       790.1351       411.6350         0.0000         0.0000        -234578.1811      4617.1170       144.1376         0.0000         0.0000        -228615.1565         0.0000   -228615.1565   -228615.1565         0.0000         -13174.4952    -23083.9094     68789.1793    -13174.4952    -23083.9094

LINE MINIMIZER BRACKET: DX 0.000191449 0.00015699 DU -24.8133 16.685 DUDX -259266 23.5807 212556 
LINE MINIMIZER REDUCING GRADIENT FROM 1.6077e+06 TO 1607.7
ENERGY:      78       781.9321       408.4499         0.0000         0.0000        -234738.2079      4555.6485       148.3894         0.0000         0.0000        -228843.7881         0.0000   -228843.7881   -228843.7881         0.0000         -13520.0159    -23434.0838     68789.1793    -13520.0159    -23434.0838

ENERGY:      79       775.7769       405.9045         0.0000         0.0000        -234897.4455      4496.5083       152.7203         0.0000         0.0000        -229066.5355         0.0000   -229066.5355   -229066.5355         0.0000         -13885.1006    -23773.3524     68789.1793    -13885.1006    -23773.3524

MINIMIZER RESTARTING CONJUGATE GRADIENT ALGORITHM DUE TO POOR PROGRESS
LINE MINIMIZER REDUCING GRADIENT FROM 1.45716e+06 TO 1457.16
ETITLE:      TS           BOND          ANGLE          DIHED          IMPRP               ELECT            VDW       BOUNDARY           MISC        KINETIC               TOTAL           TEMP      POTENTIAL         TOTAL3        TEMPAVG            PRESSURE      GPRESSURE         VOLUME       PRESSAVG      GPRESSAVG

ENERGY:      80       673.0260       391.9599         0.0000         0.0000        -235055.4959      4428.6837       156.6364         0.0000         0.0000        -229405.1900         0.0000   -229405.1900   -229405.1900         0.0000         -13914.5677    -24150.0905     68789.1793    -13914.5677    -24150.0905

ENERGY:      81       762.1577       394.3102         0.0000         0.0000        -235212.3279      4375.7548       160.6182         0.0000         0.0000        -229519.4871         0.0000   -229519.4871   -229519.4871         0.0000         -14058.9337    -24460.9489     68789.1793    -14058.9337    -24460.9489

ENERGY:      82      1044.0037       412.2731         0.0000         0.0000        -235367.9606      4337.3567       164.6659         0.0000         0.0000        -229409.6612         0.0000   -229409.6612   -229409.6612         0.0000         -14319.9800    -24707.5748     68789.1793    -14319.9800    -24707.5748

LINE MINIMIZER BRACKET: DX 0.00034466 0.00034466 DU -114.297 109.826 DUDX -656926 -6420.37 643665 
ENERGY:      83       781.6659       395.4091         0.0000         0.0000        -235227.9449      4371.2621       161.0200         0.0000         0.0000        -229518.5878         0.0000   -229518.5878   -229518.5878         0.0000         -14079.7811    -24488.4963     68789.1793    -14079.7811    -24488.4963

LINE MINIMIZER BRACKET: DX 0.00034466 3.4466e-05 DU -114.297 0.899309 DUDX -656926 -6420.37 58601.1 
ENERGY:      84       764.0217       394.4131         0.0000         0.0000        -235213.8901      4375.2990       160.6584         0.0000         0.0000        -229519.4979         0.0000   -229519.4979   -229519.4979         0.0000         -14060.9649    -24463.7318     68789.1793    -14060.9649    -24463.7318

LINE MINIMIZER BRACKET: DX 3.4466e-06 3.10194e-05 DU -0.0108357 0.910145 DUDX -6420.37 81.9084 58601.1 
LINE MINIMIZER REDUCING GRADIENT FROM 1.11992e+06 TO 1119.92
ENERGY:      85       761.2219       391.0178         0.0000         0.0000        -235350.2953      4326.4060       164.5793         0.0000         0.0000        -229707.0703         0.0000   -229707.0703   -229707.0703         0.0000         -14307.3866    -24744.6884     68789.1793    -14307.3866    -24744.6884

ENERGY:      86       760.0362       388.0839         0.0000         0.0000        -235486.1669      4279.1228       168.5629         0.0000         0.0000        -229890.3611         0.0000   -229890.3611   -229890.3611         0.0000         -14571.5594    -25018.2957     68789.1793    -14571.5594    -25018.2957

MINIMIZER RESTARTING CONJUGATE GRADIENT ALGORITHM DUE TO POOR PROGRESS
LINE MINIMIZER REDUCING GRADIENT FROM 1.07048e+06 TO 1070.48
ENERGY:      87       667.6272       378.1183         0.0000         0.0000        -235599.4127      4236.1691       172.3017         0.0000         0.0000        -230145.1963         0.0000   -230145.1963   -230145.1963         0.0000         -14844.5602    -25260.3321     68789.1793    -14844.5602    -25260.3321

ENERGY:      88       688.6105       377.5770         0.0000         0.0000        -235712.6050      4201.4049       176.0963         0.0000         0.0000        -230268.9164         0.0000   -230268.9164   -230268.9164         0.0000         -15193.5981    -25467.0862     68789.1793    -15193.5981    -25467.0862

ENERGY:      89       822.2179       387.0327         0.0000         0.0000        -235825.7569      4174.8161       179.9466         0.0000         0.0000        -230261.7436         0.0000   -230261.7436   -230261.7436         0.0000         -15618.4735    -25638.6322     68789.1793    -15618.4735    -25638.6322

LINE MINIMIZER BRACKET: DX 0.000347057 0.000347057 DU -123.72 7.17275 DUDX -545235 -167800 209090 
ETITLE:      TS           BOND          ANGLE          DIHED          IMPRP               ELECT            VDW       BOUNDARY           MISC        KINETIC               TOTAL           TEMP      POTENTIAL         TOTAL3        TEMPAVG            PRESSURE      GPRESSURE         VOLUME       PRESSAVG      GPRESSAVG

ENERGY:      90       734.2392       380.5076         0.0000         0.0000        -235762.9854      4188.5532       177.8034         0.0000         0.0000        -230281.8820         0.0000   -230281.8820   -230281.8820         0.0000         -15373.4494    -25547.8581     68789.1793    -15373.4494    -25547.8581

LINE MINIMIZER BRACKET: DX 0.000154499 0.000192558 DU -12.9656 20.1384 DUDX -167800 33.7939 209090 
LINE MINIMIZER REDUCING GRADIENT FROM 1.17515e+06 TO 1175.15
ENERGY:      91       729.6493       378.1274         0.0000         0.0000        -235886.3098      4145.9413       181.5698         0.0000         0.0000        -230451.0220         0.0000   -230451.0220   -230451.0220         0.0000         -15620.4565    -25797.0624     68789.1793    -15620.4565    -25797.0624

ENERGY:      92       726.3223       376.1495         0.0000         0.0000        -236009.2925      4104.6240       185.3897         0.0000         0.0000        -230616.8070         0.0000   -230616.8070   -230616.8070         0.0000         -15883.5200    -26040.5936     68789.1793    -15883.5200    -26040.5936

MINIMIZER RESTARTING CONJUGATE GRADIENT ALGORITHM DUE TO POOR PROGRESS
LINE MINIMIZER REDUCING GRADIENT FROM 1.09114e+06 TO 1091.14
ENERGY:      93       655.4492       366.0540         0.0000         0.0000        -236134.3915      4055.3598       188.9453         0.0000         0.0000        -230868.5832         0.0000   -230868.5832   -230868.5832         0.0000         -15890.9675    -26319.4542     68789.1793    -15890.9675    -26319.4542

ENERGY:      94       721.6453       367.1707         0.0000         0.0000        -236258.7369      4015.4781       192.5479         0.0000         0.0000        -230961.8947         0.0000   -230961.8947   -230961.8947         0.0000         -15987.0611    -26556.8828     68789.1793    -15987.0611    -26556.8828

ENERGY:      95       925.5520       378.9967         0.0000         0.0000        -236382.3255      3984.7628       196.1977         0.0000         0.0000        -230896.8164         0.0000   -230896.8164   -230896.8164         0.0000         -16172.9306    -26753.8311     68789.1793    -16172.9306    -26753.8311

LINE MINIMIZER BRACKET: DX 0.000349552 0.000349552 DU -93.3115 65.0783 DUDX -493572 -40351.1 412687 
ENERGY:      96       735.8335       367.8766         0.0000         0.0000        -236271.1300      4011.9956       192.9108         0.0000         0.0000        -230962.5135         0.0000   -230962.5135   -230962.5135         0.0000         -16001.6036    -26578.3972     68789.1793    -16001.6036    -26578.3972

LINE MINIMIZER BRACKET: DX 3.49552e-05 0.000314597 DU -0.61881 65.6971 DUDX -40351.1 4961.49 412687 
ENERGY:      97       734.2134       367.7941         0.0000         0.0000        -236269.7747      4012.3724       192.8711         0.0000         0.0000        -230962.5238         0.0000   -230962.5238   -230962.5238         0.0000         -15999.9736    -26576.0673     68789.1793    -15999.9736    -26576.0673

LINE MINIMIZER BRACKET: DX 3.11292e-05 3.82604e-06 DU -0.629061 0.010251 DUDX -40351.1 1.87947 4961.49 
LINE MINIMIZER REDUCING GRADIENT FROM 928777 TO 928.777
ENERGY:      98       731.8286       365.4327         0.0000         0.0000        -236379.5298      3976.1606       196.4225         0.0000         0.0000        -231109.6853         0.0000   -231109.6853   -231109.6853         0.0000         -16187.0777    -26790.3174     68789.1793    -16187.0777    -26790.3174

ENERGY:      99       730.4696       363.3818         0.0000         0.0000        -236489.0058      3940.9601       200.0190         0.0000         0.0000        -231254.1752         0.0000   -231254.1752   -231254.1752         0.0000         -16388.8494    -27000.1203     68789.1793    -16388.8494    -27000.1203

LDB: ============= START OF LOAD BALANCING ============== 1.84704
LDB: ============== END OF LOAD BALANCING =============== 1.84705
LDB: =============== DONE WITH MIGRATION ================ 1.84709
MINIMIZER RESTARTING CONJUGATE GRADIENT ALGORITHM DUE TO POOR PROGRESS
LINE MINIMIZER REDUCING GRADIENT FROM 895255 TO 895.255
Info: Initial time: 1 CPUs 0.0179502 s/step 0.207757 days/ns 0.632177 MB memory
TIMING: 100  CPU: 1.83927, 0.0179485/step  Wall: 1.83973, 0.0179514/step, 0.000503635 hours remaining, 0.632177 MB of memory in use.
PERFORMANCE: 100  averaging 4.81301 ns/day, 0.0179514 sec/step with standard deviation 0
ETITLE:      TS           BOND          ANGLE          DIHED          IMPRP               ELECT            VDW       BOUNDARY           MISC        KINETIC               TOTAL           TEMP      POTENTIAL         TOTAL3        TEMPAVG            PRESSURE      GPRESSURE         VOLUME       PRESSAVG      GPRESSAVG

ENERGY:     100       651.5127       355.9821         0.0000         0.0000        -236581.7541      3908.8205       203.4093         0.0000         0.0000        -231462.0295         0.0000   -231462.0295   -231462.0295         0.0000         -16611.4222    -27188.6454     68789.1793    -16611.4222    -27188.6454

WRITING EXTENDED SYSTEM TO RESTART FILE AT STEP 100
OPENING COORDINATE DCD FILE
WRITING COORDINATES TO DCD FILE eq0.dcd AT STEP 100
WRITING COORDINATES TO RESTART FILE AT STEP 100
FINISHED WRITING RESTART COORDINATES
The last position output (seq=100) takes 0.000 seconds, 0.632 MB of memory in use
WRITING VELOCITIES TO RESTART FILE AT STEP 100
FINISHED WRITING RESTART VELOCITIES
The last velocity output (seq=100) takes 0.000 seconds, 0.632 MB of memory in use
ENERGY:     101       672.0396       356.5010         0.0000         0.0000        -236674.4586      3882.9932       206.8402         0.0000         0.0000        -231556.0846         0.0000   -231556.0846   -231556.0846         0.0000         -16902.0984    -27349.8641     68789.1793    -16902.0984    -27349.8641

ENERGY:     102       791.3807       365.4262         0.0000         0.0000        -236767.1103      3863.4767       210.3119         0.0000         0.0000        -231536.5148         0.0000   -231536.5148   -231536.5148         0.0000         -17260.6645    -27483.7133     68789.1793    -17260.6645    -27483.7133

LINE MINIMIZER BRACKET: DX 0.000351215 0.000351215 DU -94.0551 19.5698 DUDX -429716 -105962 217338 
ENERGY:     103       700.3024       358.4698         0.0000         0.0000        -236704.8263      3875.8997       207.9734         0.0000         0.0000        -231562.1811         0.0000   -231562.1811   -231562.1811         0.0000         -17012.1470    -27396.7601     68789.1793    -17012.1470    -27396.7601

LINE MINIMIZER BRACKET: DX 0.000115088 0.000236127 DU -6.09651 25.6663 DUDX -105962 25.3655 217338 
LINE MINIMIZER REDUCING GRADIENT FROM 923467 TO 923.467
ENERGY:     104       697.5804       356.8739         0.0000         0.0000        -236806.1525      3843.3575       211.3771         0.0000         0.0000        -231696.9636         0.0000   -231696.9636   -231696.9636         0.0000         -17206.8363    -27592.9405     68789.1793    -17206.8363    -27592.9405

ENERGY:     105       695.7612       355.5594         0.0000         0.0000        -236907.2135      3811.7086       214.8201         0.0000         0.0000        -231829.3642         0.0000   -231829.3642   -231829.3642         0.0000         -17414.6622    -27785.0155     68789.1793    -17414.6622    -27785.0155

MINIMIZER RESTARTING CONJUGATE GRADIENT ALGORITHM DUE TO POOR PROGRESS
LINE MINIMIZER REDUCING GRADIENT FROM 872400 TO 872.4
ENERGY:     106       642.6062       347.7811         0.0000         0.0000        -237011.2456      3773.7622       218.0779         0.0000         0.0000        -232029.0182         0.0000   -232029.0182   -232029.0182         0.0000         -17414.6139    -28004.5621     68789.1793    -17414.6139    -28004.5621

ENERGY:     107       696.4188       348.4270         0.0000         0.0000        -237114.6596      3742.6270       221.3715         0.0000         0.0000        -232105.8153         0.0000   -232105.8153   -232105.8153         0.0000         -17486.2416    -28193.7751     68789.1793    -17486.2416    -28193.7751

ENERGY:     108       857.7042       357.1120         0.0000         0.0000        -237217.4674      3718.1857       224.7008         0.0000         0.0000        -232059.7647         0.0000   -232059.7647   -232059.7647         0.0000         -17630.1782    -28353.2188     68789.1793    -17630.1782    -28353.2188

LINE MINIMIZER BRACKET: DX 0.00035585 0.00035585 DU -76.7971 46.0506 DUDX -388440 -43197.6 301998 
ENERGY:     109       710.7117       349.0792         0.0000         0.0000        -237127.5552      3739.2031       221.7861         0.0000         0.0000        -232106.7751         0.0000   -232106.7751   -232106.7751         0.0000         -17500.2755    -28215.3367     68789.1793    -17500.2755    -28215.3367

LINE MINIMIZER BRACKET: DX 4.45283e-05 0.000311322 DU -0.959787 47.0104 DUDX -43197.6 1.55459 301998 
LINE MINIMIZER REDUCING GRADIENT FROM 790338 TO 790.338
ETITLE:      TS           BOND          ANGLE          DIHED          IMPRP               ELECT            VDW       BOUNDARY           MISC        KINETIC               TOTAL           TEMP      POTENTIAL         TOTAL3        TEMPAVG            PRESSURE      GPRESSURE         VOLUME       PRESSAVG      GPRESSAVG

ENERGY:     110       708.5435       347.3300         0.0000         0.0000        -237220.4111      3711.2387       225.0543         0.0000         0.0000        -232228.2446         0.0000   -232228.2446   -232228.2446         0.0000         -17649.5039    -28386.5972     68789.1793    -17649.5039    -28386.5972

ENERGY:     111       707.1351       345.8049         0.0000         0.0000        -237313.0865      3684.2179       228.3573         0.0000         0.0000        -232347.5713         0.0000   -232347.5713   -232347.5713         0.0000         -17810.2386    -28553.8162     68789.1793    -17810.2386    -28553.8162

MINIMIZER RESTARTING CONJUGATE GRADIENT ALGORITHM DUE TO POOR PROGRESS
LINE MINIMIZER REDUCING GRADIENT FROM 761107 TO 761.107
ENERGY:     112       639.0368       340.0836         0.0000         0.0000        -237394.6097      3659.8259       231.5524         0.0000         0.0000        -232524.1110         0.0000   -232524.1110   -232524.1110         0.0000         -17996.7096    -28705.7568     68789.1793    -17996.7096    -28705.7568

ENERGY:     113       663.9461       341.5045         0.0000         0.0000        -237476.1671      3641.1197       234.7807         0.0000         0.0000        -232594.8160         0.0000   -232594.8160   -232594.8160         0.0000         -18246.4257    -28833.4209     68789.1793    -18246.4257    -28833.4209

ENERGY:     114       781.2162       350.5288         0.0000         0.0000        -237557.7781      3628.1969       238.0421         0.0000         0.0000        -232559.7941         0.0000   -232559.7941   -232559.7941         0.0000         -18558.8017    -28936.4484     68789.1793    -18558.8017    -28936.4484

LINE MINIMIZER BRACKET: DX 0.000367132 0.000367132 DU -70.705 35.0219 DUDX -336675 -48548.3 239322 
ENERGY:     115       677.2696       342.4780         0.0000         0.0000        -237489.9265      3638.5310       235.3283         0.0000         0.0000        -232596.3197         0.0000   -232596.3197   -232596.3197         0.0000         -18294.7418    -28852.5454     68789.1793    -18294.7418    -28852.5454

LINE MINIMIZER BRACKET: DX 6.19128e-05 0.000305219 DU -1.50366 36.5256 DUDX -48548.3 14.2449 239322 
LINE MINIMIZER REDUCING GRADIENT FROM 747470 TO 747.47
ENERGY:     116       675.4803       341.2493         0.0000         0.0000        -237580.4418      3613.9631       238.5760         0.0000         0.0000        -232711.1730         0.0000   -232711.1730   -232711.1730         0.0000         -18451.8412    -29011.2056     68789.1793    -18451.8412    -29011.2056

ENERGY:     117       674.4579       340.2518         0.0000         0.0000        -237670.9131      3590.5644       241.8569         0.0000         0.0000        -232823.7820         0.0000   -232823.7820   -232823.7820         0.0000         -18619.2468    -29165.2577     68789.1793    -18619.2468    -29165.2577

MINIMIZER RESTARTING CONJUGATE GRADIENT ALGORITHM DUE TO POOR PROGRESS
LINE MINIMIZER REDUCING GRADIENT FROM 707620 TO 707.62
ENERGY:     118       634.0866       333.7401         0.0000         0.0000        -237768.7756      3561.0292       245.1355         0.0000         0.0000        -232994.7842         0.0000   -232994.7842   -232994.7842         0.0000         -18606.7209    -29348.4414     68789.1793    -18606.7209    -29348.4414

ENERGY:     119       696.1445       335.0410         0.0000         0.0000        -237866.2782      3537.6409       248.4479         0.0000         0.0000        -233049.0040         0.0000   -233049.0040   -233049.0040         0.0000         -18665.0352    -29504.7920     68789.1793    -18665.0352    -29504.7920

LDB: ============= START OF LOAD BALANCING ============== 2.20755
LDB: ============== END OF LOAD BALANCING =============== 2.20756
LDB: =============== DONE WITH MIGRATION ================ 2.20757
ETITLE:      TS           BOND          ANGLE          DIHED          IMPRP               ELECT            VDW       BOUNDARY           MISC        KINETIC               TOTAL           TEMP      POTENTIAL         TOTAL3        TEMPAVG            PRESSURE      GPRESSURE         VOLUME       PRESSAVG      GPRESSAVG

ENERGY:     120       861.1062       343.7919         0.0000         0.0000        -237963.3827      3520.2250       251.7939         0.0000         0.0000        -232986.4657         0.0000   -232986.4657   -232986.4657         0.0000         -18794.9758    -29634.8871     68789.1793    -18794.9758    -29634.8871

LINE MINIMIZER BRACKET: DX 0.000396061 0.000396061 DU -54.2198 62.5383 DUDX -284317 10537 305218 
ENERGY:     121       685.3130       334.5713         0.0000         0.0000        -237856.5449      3539.7087       248.1151         0.0000         0.0000        -233048.8368         0.0000   -233048.8368   -233048.8368         0.0000         -18655.9866    -29490.3411     68789.1793    -18655.9866    -29490.3411

LINE MINIMIZER BRACKET: DX 3.96061e-05 0.000396061 DU -0.167195 62.5383 DUDX -18943.4 10537 305218 
ENERGY:     122       692.1597       334.8648         0.0000         0.0000        -237862.8042      3538.3722       248.3290         0.0000         0.0000        -233049.0785         0.0000   -233049.0785   -233049.0785         0.0000         -18661.7236    -29499.6643     68789.1793    -18661.7236    -29499.6643

LINE MINIMIZER BRACKET: DX 2.54675e-05 1.41387e-05 DU -0.241709 0.074514 DUDX -18943.4 13.1935 10537 
LINE MINIMIZER REDUCING GRADIENT FROM 669916 TO 669.916
ENERGY:     123       689.9625       333.4147         0.0000         0.0000        -237952.4857      3516.6783       251.6484         0.0000         0.0000        -233160.7818         0.0000   -233160.7818   -233160.7818         0.0000         -18787.3528    -29646.9692     68789.1793    -18787.3528    -29646.9692

ENERGY:     124       688.5114       332.1947         0.0000         0.0000        -238042.1148      3495.7194       255.0015         0.0000         0.0000        -233270.6879         0.0000   -233270.6879   -233270.6879         0.0000         -18925.8146    -29791.2904     68789.1793    -18925.8146    -29791.2904

MINIMIZER RESTARTING CONJUGATE GRADIENT ALGORITHM DUE TO POOR PROGRESS
LINE MINIMIZER REDUCING GRADIENT FROM 642560 TO 642.56
ENERGY:     125       629.6188       327.7713         0.0000         0.0000        -238122.4783      3476.1868       258.2748         0.0000         0.0000        -233430.6266         0.0000   -233430.6266   -233430.6266         0.0000         -19097.1719    -29926.8782     68789.1793    -19097.1719    -29926.8782

ENERGY:     126       671.2730       331.0228         0.0000         0.0000        -238202.7891      3461.6510       261.5808         0.0000         0.0000        -233477.2615         0.0000   -233477.2615   -233477.2615         0.0000         -19341.0536    -30040.6171     68789.1793    -19341.0536    -30040.6171

ENERGY:     127       812.6453       342.5316         0.0000         0.0000        -238282.9725      3452.0991       264.9194         0.0000         0.0000        -233410.7772         0.0000   -233410.7772   -233410.7772         0.0000         -19657.2244    -30132.3683     68789.1793    -19657.2244    -30132.3683

LINE MINIMIZER BRACKET: DX 0.00041615 0.00041615 DU -46.6349 66.4843 DUDX -248113 23927.7 295518 
ENERGY:     128       662.6040       330.3375         0.0000         0.0000        -238194.7612      3462.8808       261.2487         0.0000         0.0000        -233477.6902         0.0000   -233477.6902   -233477.6902         0.0000         -19313.3959    -30030.2187     68789.1793    -19313.3959    -30030.2187

LINE MINIMIZER BRACKET: DX 0.000374535 4.1615e-05 DU -47.0636 0.428696 DUDX -248113 -3256.25 23927.7 
ENERGY:     129       663.5924       330.4154         0.0000         0.0000        -238195.7256      3462.7305       261.2886         0.0000         0.0000        -233477.6988         0.0000   -233477.6988   -233477.6988         0.0000         -19316.6796    -30031.4792     68789.1793    -19316.6796    -30031.4792

LINE MINIMIZER BRACKET: DX 4.99749e-06 3.66175e-05 DU -0.00861574 0.437311 DUDX -3256.25 8.49737 23927.7 
LINE MINIMIZER REDUCING GRADIENT FROM 632066 TO 632.066
ETITLE:      TS           BOND          ANGLE          DIHED          IMPRP               ELECT            VDW       BOUNDARY           MISC        KINETIC               TOTAL           TEMP      POTENTIAL         TOTAL3        TEMPAVG            PRESSURE      GPRESSURE         VOLUME       PRESSAVG      GPRESSAVG

ENERGY:     130       662.5957       329.5729         0.0000         0.0000        -238282.6412      3441.9428       264.5534         0.0000         0.0000        -233583.9765         0.0000   -233583.9765   -233583.9765         0.0000         -19458.2993    -30174.9355     68789.1793    -19458.2993    -30174.9355

ENERGY:     131       662.3502       328.9770         0.0000         0.0000        -238369.2627      3421.4892       267.8498         0.0000         0.0000        -233688.5965         0.0000   -233688.5965   -233688.5965         0.0000         -19613.7891    -30316.4770     68789.1793    -19613.7891    -30316.4770

MINIMIZER RESTARTING CONJUGATE GRADIENT ALGORITHM DUE TO POOR PROGRESS
LINE MINIMIZER REDUCING GRADIENT FROM 609027 TO 609.027
ENERGY:     132       628.0809       323.2031         0.0000         0.0000        -238455.4003      3397.2864       270.9259         0.0000         0.0000        -233835.9040         0.0000   -233835.9040   -233835.9040         0.0000         -19590.6442    -30470.0338     68789.1793    -19590.6442    -30470.0338

ENERGY:     133       686.7241       324.4740         0.0000         0.0000        -238540.8832      3377.3826       274.0300         0.0000         0.0000        -233878.2725         0.0000   -233878.2725   -233878.2725         0.0000         -19636.3857    -30603.7270     68789.1793    -19636.3857    -30603.7270

ENERGY:     134       838.7418       332.4423         0.0000         0.0000        -238625.6737      3361.6316       277.1623         0.0000         0.0000        -233815.6958         0.0000   -233815.6958   -233815.6958         0.0000         -19751.6356    -30717.9981     68789.1793    -19751.6356    -30717.9981

LINE MINIMIZER BRACKET: DX 0.000411101 0.000411101 DU -42.3684 62.5767 DUDX -230699 24599.6 279807 
ENERGY:     135       676.6632       324.0412         0.0000         0.0000        -238532.3678      3379.1844       273.7184         0.0000         0.0000        -233878.7607         0.0000   -233878.7607   -233878.7607         0.0000         -19628.7035    -30591.2489     68789.1793    -19628.7035    -30591.2489

LINE MINIMIZER BRACKET: DX 0.000369991 4.11101e-05 DU -42.8566 0.488204 DUDX -230699 -928.589 24599.6 
ENERGY:     136       677.6273       324.0815         0.0000         0.0000        -238533.2204      3379.0023       273.7495         0.0000         0.0000        -233878.7598         0.0000   -233878.7598   -233878.7598         0.0000         -19629.4465    -30592.5116     68789.1793    -19629.4465    -30592.5116

LINE MINIMIZER BRACKET: DX 0.000369991 4.11101e-06 DU -42.8566 0.00085708 DUDX -230699 -928.589 1624.28 
LINE MINIMIZER REDUCING GRADIENT FROM 587240 TO 587.24
ENERGY:     137       676.3472       323.0621         0.0000         0.0000        -238609.8053      3360.4281       276.7728         0.0000         0.0000        -233973.1951         0.0000   -233973.1951   -233973.1951         0.0000         -19736.6533    -30717.6643     68789.1793    -19736.6533    -30717.6643

ENERGY:     138       675.6533       322.2188         0.0000         0.0000        -238685.9707      3341.7704       279.8226         0.0000         0.0000        -234066.5056         0.0000   -234066.5056   -234066.5056         0.0000         -19857.1248    -30842.2909     68789.1793    -19857.1248    -30842.2909

MINIMIZER RESTARTING CONJUGATE GRADIENT ALGORITHM DUE TO POOR PROGRESS
LINE MINIMIZER REDUCING GRADIENT FROM 578915 TO 578.915
ENERGY:     139       624.8998       318.7093         0.0000         0.0000        -238748.6185      3325.7489       282.5677         0.0000         0.0000        -234196.6927         0.0000   -234196.6927   -234196.6927         0.0000         -19998.7159    -30949.7406     68789.1793    -19998.7159    -30949.7406

ETITLE:      TS           BOND          ANGLE          DIHED          IMPRP               ELECT            VDW       BOUNDARY           MISC        KINETIC               TOTAL           TEMP      POTENTIAL         TOTAL3        TEMPAVG            PRESSURE      GPRESSURE         VOLUME       PRESSAVG      GPRESSAVG

ENERGY:     140       649.9626       320.8945         0.0000         0.0000        -238811.0291      3312.6698       285.3349         0.0000         0.0000        -234242.1674         0.0000   -234242.1674   -234242.1674         0.0000         -20197.4069    -31043.6725     68789.1793    -20197.4069    -31043.6725

ENERGY:     141       750.2874       329.1546         0.0000         0.0000        -238873.2599      3302.6223       288.1239         0.0000         0.0000        -234203.0716         0.0000   -234203.0716   -234203.0716         0.0000         -20452.6779    -31123.8399     68789.1793    -20452.6779    -31123.8399

LINE MINIMIZER BRACKET: DX 0.000385235 0.000385235 DU -45.4747 39.0958 DUDX -227938 -8228.29 211122 
ENERGY:     142       656.6190       321.4397         0.0000         0.0000        -238817.2595      3311.5266       285.6128         0.0000         0.0000        -234242.0614         0.0000   -234242.0614   -234242.0614         0.0000         -20220.4010    -31052.3153     68789.1793    -20220.4010    -31052.3153

LINE MINIMIZER BRACKET: DX 0.000385235 3.85235e-05 DU -45.4747 0.106021 DUDX -227938 -8228.29 13723 
ENERGY:     143       652.3685       321.0916         0.0000         0.0000        -238813.3635      3312.2379       285.4390         0.0000         0.0000        -234242.2265         0.0000   -234242.2265   -234242.2265         0.0000         -20205.9564    -31046.9271     68789.1793    -20205.9564    -31046.9271

LINE MINIMIZER BRACKET: DX 1.4434e-05 2.40895e-05 DU -0.059157 0.165178 DUDX -8228.29 -3.08399 13723 
LINE MINIMIZER REDUCING GRADIENT FROM 561254 TO 561.254
ENERGY:     144       652.2480       320.4247         0.0000         0.0000        -238879.2372      3295.0268       288.1183         0.0000         0.0000        -234323.4195         0.0000   -234323.4195   -234323.4195         0.0000         -20321.1026    -31158.8733     68789.1793    -20321.1026    -31158.8733

ENERGY:     145       652.6133       319.8943         0.0000         0.0000        -238944.9359      3277.7648       290.8181         0.0000         0.0000        -234403.8454         0.0000   -234403.8454   -234403.8454         0.0000         -20446.6206    -31270.6326     68789.1793    -20446.6206    -31270.6326

MINIMIZER RESTARTING CONJUGATE GRADIENT ALGORITHM DUE TO POOR PROGRESS
LINE MINIMIZER REDUCING GRADIENT FROM 556450 TO 556.45
ENERGY:     146       622.2945       314.9763         0.0000         0.0000        -239008.0708      3258.2873       293.2521         0.0000         0.0000        -234519.2607         0.0000   -234519.2607   -234519.2607         0.0000         -20432.4777    -31387.6889     68789.1793    -20432.4777    -31387.6889

ENERGY:     147       652.1215       314.5867         0.0000         0.0000        -239071.0336      3241.4298       295.7030         0.0000         0.0000        -234567.1926         0.0000   -234567.1926   -234567.1926         0.0000         -20463.2206    -31493.0139     68789.1793    -20463.2206    -31493.0139

ENERGY:     148       742.3887       318.5152         0.0000         0.0000        -239133.8873      3227.2671       298.1710         0.0000         0.0000        -234547.5454         0.0000   -234547.5454   -234547.5454         0.0000         -20538.6508    -31586.4500     68789.1793    -20538.6508    -31586.4500

LINE MINIMIZER BRACKET: DX 0.000357085 0.000357085 DU -47.9319 19.6472 DUDX -228775 -39655.4 149721 
ENERGY:     149       666.0149       315.0575         0.0000         0.0000        -239084.2033      3238.2376       296.2185         0.0000         0.0000        -234568.6748         0.0000   -234568.6748   -234568.6748         0.0000         -20475.3263    -31513.5713     68789.1793    -20475.3263    -31513.5713

LINE MINIMIZER BRACKET: DX 7.47828e-05 0.000282302 DU -1.48225 21.1294 DUDX -39655.4 -14.8686 149721 
LINE MINIMIZER REDUCING GRADIENT FROM 541628 TO 541.628
ETITLE:      TS           BOND          ANGLE          DIHED          IMPRP               ELECT            VDW       BOUNDARY           MISC        KINETIC               TOTAL           TEMP      POTENTIAL         TOTAL3        TEMPAVG            PRESSURE      GPRESSURE         VOLUME       PRESSAVG      GPRESSAVG

ENERGY:     150       665.0635       314.1417         0.0000         0.0000        -239140.9795      3223.2046       298.6118         0.0000         0.0000        -234639.9577         0.0000   -234639.9577   -234639.9577         0.0000         -20559.1635    -31610.0414     68789.1793    -20559.1635    -31610.0414

ENERGY:     151       664.4780       313.3258         0.0000         0.0000        -239197.8487      3208.4672       301.0213         0.0000         0.0000        -234710.5564         0.0000   -234710.5564   -234710.5564         0.0000         -20649.8831    -31705.4447     68789.1793    -20649.8831    -31705.4447

MINIMIZER RESTARTING CONJUGATE GRADIENT ALGORITHM DUE TO POOR PROGRESS
LINE MINIMIZER REDUCING GRADIENT FROM 531377 TO 531.377
ENERGY:     152       621.7247       310.4795         0.0000         0.0000        -239247.1573      3195.5033       303.2838         0.0000         0.0000        -234816.1660         0.0000   -234816.1660   -234816.1660         0.0000         -20761.1006    -31791.5870     68789.1793    -20761.1006    -31791.5870

ENERGY:     153       632.5508       311.5065         0.0000         0.0000        -239296.6334      3185.1646       305.5609         0.0000         0.0000        -234861.8507         0.0000   -234861.8507   -234861.8507         0.0000         -20909.9227    -31866.5417     68789.1793    -20909.9227    -31866.5417

ENERGY:     154       696.6429       316.6176         0.0000         0.0000        -239346.3017      3177.6359       307.8523         0.0000         0.0000        -234847.5530         0.0000   -234847.5530   -234847.5530         0.0000         -21095.5926    -31929.6492     68789.1793    -21095.5926    -31929.6492

LINE MINIMIZER BRACKET: DX 0.00034647 0.00034647 DU -45.6848 14.2977 DUDX -218365 -45345.1 127950 
ENERGY:     155       644.1965       312.4397         0.0000         0.0000        -239309.6176      3182.9135       306.1593         0.0000         0.0000        -234863.9085         0.0000   -234863.9085   -234863.9085         0.0000         -20955.0136    -31884.2509     68789.1793    -20955.0136    -31884.2509

LINE MINIMIZER BRACKET: DX 9.0696e-05 0.000255774 DU -2.05783 16.3556 DUDX -45345.1 -13.7044 127950 
LINE MINIMIZER REDUCING GRADIENT FROM 505716 TO 505.716
ENERGY:     156       643.7195       311.7828         0.0000         0.0000        -239363.7728      3170.3504       308.4362         0.0000         0.0000        -234929.4838         0.0000   -234929.4838   -234929.4838         0.0000         -21041.3438    -31970.3791     68789.1793    -21041.3438    -31970.3791

ENERGY:     157       643.5946       311.2225         0.0000         0.0000        -239418.0811      3158.7550       310.7275         0.0000         0.0000        -234993.7815         0.0000   -234993.7815   -234993.7815         0.0000         -21130.9226    -32052.6573     68789.1793    -21130.9226    -32052.6573

MINIMIZER RESTARTING CONJUGATE GRADIENT ALGORITHM DUE TO POOR PROGRESS
LINE MINIMIZER REDUCING GRADIENT FROM 485471 TO 485.471
ENERGY:     158       618.1954       306.9548         0.0000         0.0000        -239476.9490      3144.7438       313.0599         0.0000         0.0000        -235093.9951         0.0000   -235093.9951   -235093.9951         0.0000         -21108.6409    -32145.7406     68789.1793    -21108.6409    -32145.7406

ENERGY:     159       647.9144       306.6810         0.0000         0.0000        -239535.7709      3134.6346       315.4074         0.0000         0.0000        -235131.1335         0.0000   -235131.1335   -235131.1335         0.0000         -21121.0267    -32222.0057     68789.1793    -21121.0267    -32222.0057

ETITLE:      TS           BOND          ANGLE          DIHED          IMPRP               ELECT            VDW       BOUNDARY           MISC        KINETIC               TOTAL           TEMP      POTENTIAL         TOTAL3        TEMPAVG            PRESSURE      GPRESSURE         VOLUME       PRESSAVG      GPRESSAVG

ENERGY:     160       733.0021       310.2232         0.0000         0.0000        -239594.5016      3128.9979       317.7701         0.0000         0.0000        -235104.5084         0.0000   -235104.5084   -235104.5084         0.0000         -21165.7721    -32279.0484     68789.1793    -21165.7721    -32279.0484

LINE MINIMIZER BRACKET: DX 0.000371726 0.000371726 DU -37.1384 26.6251 DUDX -185009 -14503.7 158189 
ENERGY:     161       653.9284       306.8659         0.0000         0.0000        -239541.6478      3133.8577       315.6430         0.0000         0.0000        -235131.3528         0.0000   -235131.3528   -235131.3528         0.0000         -21124.0873    -32228.6188     68789.1793    -21124.0873    -32228.6188

LINE MINIMIZER BRACKET: DX 3.71726e-05 0.000334554 DU -0.219287 26.8444 DUDX -14503.7 2653.98 158189 
ENERGY:     162       652.9590       306.8347         0.0000         0.0000        -239540.7358      3133.9753       315.6064         0.0000         0.0000        -235131.3603         0.0000   -235131.3603   -235131.3603         0.0000         -21123.5902    -32227.6046     68789.1793    -21123.5902    -32227.6046

LINE MINIMIZER BRACKET: DX 3.14054e-05 5.76722e-06 DU -0.226782 0.00749539 DUDX -14503.7 -9.45241 2653.98 
LINE MINIMIZER REDUCING GRADIENT FROM 444378 TO 444.378
ENERGY:     163       651.3235       305.8836         0.0000         0.0000        -239597.8780      3126.2192       318.0732         0.0000         0.0000        -235196.3785         0.0000   -235196.3785   -235196.3785         0.0000         -21176.2755    -32295.5627     68789.1793    -21176.2755    -32295.5627

ENERGY:     164       650.1026       305.0452         0.0000         0.0000        -239655.0112      3121.1945       320.5567         0.0000         0.0000        -235258.1122         0.0000   -235258.1122   -235258.1122         0.0000         -21226.0402    -32352.1915     68789.1793    -21226.0402    -32352.1915

MINIMIZER RESTARTING CONJUGATE GRADIENT ALGORITHM DUE TO POOR PROGRESS
LINE MINIMIZER REDUCING GRADIENT FROM 413481 TO 413.481
ENERGY:     165       590.2757       299.5708         0.0000         0.0000        -239706.9546      3112.5555       323.1176         0.0000         0.0000        -235381.4349         0.0000   -235381.4349   -235381.4349         0.0000         -21234.7567    -32421.9370     68789.1793    -21234.7567    -32421.9370

ENERGY:     166       625.3616       301.2627         0.0000         0.0000        -239758.9437      3106.9169       325.6965         0.0000         0.0000        -235399.7059         0.0000   -235399.7059   -235399.7059         0.0000         -21314.3904    -32478.0425     68789.1793    -21314.3904    -32478.0425

ENERGY:     167       753.7740       311.0128         0.0000         0.0000        -239811.0186      3104.4665       328.2935         0.0000         0.0000        -235313.4718         0.0000   -235313.4718   -235313.4718         0.0000         -21463.6371    -32519.9426     68789.1793    -21463.6371    -32519.9426

LINE MINIMIZER BRACKET: DX 0.000425678 0.000425678 DU -18.271 86.2341 DUDX -166129 80085.9 324687 
ENERGY:     168       603.6042       299.8774         0.0000         0.0000        -239742.0119      3108.4140       324.8550         0.0000         0.0000        -235405.2614         0.0000   -235405.2614   -235405.2614         0.0000         -21280.7492    -32461.3004     68789.1793    -21280.7492    -32461.3004

LINE MINIMIZER BRACKET: DX 0.000287106 0.000138571 DU -23.8264 5.55544 DUDX -166129 68.1552 80085.9 
LINE MINIMIZER REDUCING GRADIENT FROM 313195 TO 313.195
ENERGY:     169       603.5616       298.4492         0.0000         0.0000        -239905.3172      3065.4918       331.9867         0.0000         0.0000        -235605.8279         0.0000   -235605.8279   -235605.8279         0.0000         -21578.3015    -32747.5952     68789.1793    -21578.3015    -32747.5952

MINIMIZER RESTARTING CONJUGATE GRADIENT ALGORITHM DUE TO POOR PROGRESS
LINE MINIMIZER REDUCING GRADIENT FROM 268484 TO 268.484
ETITLE:      TS           BOND          ANGLE          DIHED          IMPRP               ELECT            VDW       BOUNDARY           MISC        KINETIC               TOTAL           TEMP      POTENTIAL         TOTAL3        TEMPAVG            PRESSURE      GPRESSURE         VOLUME       PRESSAVG      GPRESSAVG

ENERGY:     170       603.9671       296.4253         0.0000         0.0000        -240002.4661      3042.4118       335.9779         0.0000         0.0000        -235723.6841         0.0000   -235723.6841   -235723.6841         0.0000         -21657.1190    -32907.2656     68789.1793    -21657.1190    -32907.2656

ENERGY:     171       726.5234       304.0532         0.0000         0.0000        -240099.4791      3024.6823       340.0124         0.0000         0.0000        -235704.2079         0.0000   -235704.2079   -235704.2079         0.0000         -21832.1062    -33043.4899     68789.1793    -21832.1062    -33043.4899

LINE MINIMIZER BRACKET: DX 0.000695579 0.000695579 DU -117.856 19.4762 DUDX -268484 -70567.3 126441 
ENERGY:     172       633.7758       298.0723         0.0000         0.0000        -240037.2094      3035.4820       337.4172         0.0000         0.0000        -235732.4622         0.0000   -235732.4622   -235732.4622         0.0000         -21708.5703    -32958.5928     68789.1793    -21708.5703    -32958.5928

LINE MINIMIZER BRACKET: DX 0.000248993 0.000446586 DU -8.77815 28.2544 DUDX -70567.3 38.5277 126441 
LINE MINIMIZER REDUCING GRADIENT FROM 349956 TO 349.956
ENERGY:     173       634.4541       293.4782         0.0000         0.0000        -240450.1150      2966.0599       356.2219         0.0000         0.0000        -236199.9010         0.0000   -236199.9010   -236199.9010         0.0000         -22405.1526    -33517.5939     68789.1793    -22405.1526    -33517.5939

MINIMIZER RESTARTING CONJUGATE GRADIENT ALGORITHM DUE TO POOR PROGRESS
LINE MINIMIZER REDUCING GRADIENT FROM 310906 TO 310.906
ENERGY:     174       589.4387       286.5113         0.0000         0.0000        -240501.0405      2957.6062       359.4467         0.0000         0.0000        -236308.0376         0.0000   -236308.0376   -236308.0376         0.0000         -22189.4621    -33575.0018     68789.1793    -22189.4621    -33575.0018

ENERGY:     175       699.8497       296.6320         0.0000         0.0000        -240552.8420      2953.2265       362.6996         0.0000         0.0000        -236240.4341         0.0000   -236240.4341   -236240.4341         0.0000         -22095.6651    -33615.8934     68789.1793    -22095.6651    -33615.8934

LINE MINIMIZER BRACKET: DX 0.000630431 0.000630431 DU -108.137 67.6035 DUDX -310906 -32190.2 246781 
ENERGY:     176       594.2869       286.7682         0.0000         0.0000        -240506.9753      2956.8900       359.8207         0.0000         0.0000        -236309.2094         0.0000   -236309.2094   -236309.2094         0.0000         -22172.4353    -33580.5755     68789.1793    -22172.4353    -33580.5755

LINE MINIMIZER BRACKET: DX 7.27768e-05 0.000557654 DU -1.17178 68.7753 DUDX -32190.2 -17.0622 246781 
LINE MINIMIZER REDUCING GRADIENT FROM 216325 TO 216.325
ENERGY:     177       598.8843       285.7956         0.0000         0.0000        -240893.5045      2897.9237       377.9120         0.0000         0.0000        -236732.9889         0.0000   -236732.9889   -236732.9889         0.0000         -22742.6169    -34081.2720     68789.1793    -22742.6169    -34081.2720

MINIMIZER RESTARTING CONJUGATE GRADIENT ALGORITHM DUE TO POOR PROGRESS
LINE MINIMIZER REDUCING GRADIENT FROM 202372 TO 202.372
ENERGY:     178       617.2883       284.7898         0.0000         0.0000        -240993.2406      2881.3066       382.3741         0.0000         0.0000        -236827.4818         0.0000   -236827.4818   -236827.4818         0.0000         -22779.2469    -34225.5246     68789.1793    -22779.2469    -34225.5246

ENERGY:     179       810.9694       310.1250         0.0000         0.0000        -241095.4018      2868.6768       386.8897         0.0000         0.0000        -236718.7410         0.0000   -236718.7410   -236718.7410         0.0000         -22974.3121    -34356.8905     68789.1793    -22974.3121    -34356.8905

LINE MINIMIZER BRACKET: DX 0.000966503 0.000966503 DU -94.493 108.741 DUDX -202372 7058.43 218294 
ETITLE:      TS           BOND          ANGLE          DIHED          IMPRP               ELECT            VDW       BOUNDARY           MISC        KINETIC               TOTAL           TEMP      POTENTIAL         TOTAL3        TEMPAVG            PRESSURE      GPRESSURE         VOLUME       PRESSAVG      GPRESSAVG

ENERGY:     180       607.6679       283.6287         0.0000         0.0000        -240983.1582      2882.7865       381.9255         0.0000         0.0000        -236827.1496         0.0000   -236827.1496   -236827.1496         0.0000         -22768.5027    -34211.6917     68789.1793    -22768.5027    -34211.6917

LINE MINIMIZER BRACKET: DX 9.66503e-05 0.000966503 DU -0.332206 108.741 DUDX -13953.2 7058.43 218294 
ENERGY:     181       613.8579       284.3699         0.0000         0.0000        -240989.8475      2881.7998       382.2232         0.0000         0.0000        -236827.5966         0.0000   -236827.5966   -236827.5966         0.0000         -22775.4571    -34220.8877     68789.1793    -22775.4571    -34220.8877

LINE MINIMIZER BRACKET: DX 6.41511e-05 3.24992e-05 DU -0.446984 0.114778 DUDX -13953.2 -8.86022 7058.43 
LINE MINIMIZER REDUCING GRADIENT FROM 236207 TO 236.207
ENERGY:     182       617.6216       281.4591         0.0000         0.0000        -241356.8712      2835.7962       399.9236         0.0000         0.0000        -237222.0708         0.0000   -237222.0708   -237222.0708         0.0000         -23380.5499    -34668.6837     68789.1793    -23380.5499    -34668.6837

MINIMIZER RESTARTING CONJUGATE GRADIENT ALGORITHM DUE TO POOR PROGRESS
LINE MINIMIZER REDUCING GRADIENT FROM 211770 TO 211.77
ENERGY:     183       603.6313       277.2058         0.0000         0.0000        -241412.4610      2826.4895       403.7842         0.0000         0.0000        -237301.3503         0.0000   -237301.3503   -237301.3503         0.0000         -23095.0397    -34725.5447     68789.1793    -23095.0397    -34725.5447

ENERGY:     184       780.0193       318.6154         0.0000         0.0000        -241471.8119      2820.5527       407.6850         0.0000         0.0000        -237144.9395         0.0000   -237144.9395   -237144.9395         0.0000         -22986.2224    -34774.6402     68789.1793    -22986.2224    -34774.6402

LINE MINIMIZER BRACKET: DX 0.000935422 0.000935422 DU -79.2795 156.411 DUDX -211770 41662.8 292549 
ENERGY:     185       592.3880       275.1412         0.0000         0.0000        -241403.0418      2827.7923       403.1452         0.0000         0.0000        -237304.5751         0.0000   -237304.5751   -237304.5751         0.0000         -23129.7866    -34716.7119     68789.1793    -23129.7866    -34716.7119

LINE MINIMIZER BRACKET: DX 0.000781278 0.000154144 DU -82.5043 3.22484 DUDX -211770 136.685 41662.8 
LINE MINIMIZER REDUCING GRADIENT FROM 168148 TO 168.148
ENERGY:     186       596.6938       275.6212         0.0000         0.0000        -241727.4371      2787.2008       419.1772         0.0000         0.0000        -237648.7439         0.0000   -237648.7439   -237648.7439         0.0000         -23595.5763    -35120.0292     68789.1793    -23595.5763    -35120.0292

MINIMIZER RESTARTING CONJUGATE GRADIENT ALGORITHM DUE TO POOR PROGRESS
LINE MINIMIZER REDUCING GRADIENT FROM 153428 TO 153.428
ENERGY:     187       625.1063       276.5889         0.0000         0.0000        -241820.5767      2776.0090       423.4833         0.0000         0.0000        -237719.3892         0.0000   -237719.3892   -237719.3892         0.0000         -23653.2432    -35252.0003     68789.1793    -23653.2432    -35252.0003

ENERGY:     188       838.1687       309.5300         0.0000         0.0000        -241918.3908      2767.4193       427.8397         0.0000         0.0000        -237575.4332         0.0000   -237575.4332   -237575.4332         0.0000         -23886.9831    -35382.5856     68789.1793    -23886.9831    -35382.5856

LINE MINIMIZER BRACKET: DX 0.00115341 0.00115341 DU -70.6453 143.956 DUDX -153428 31327.3 218774 
ENERGY:     189       607.6324       273.9565         0.0000         0.0000        -241804.4969      2777.7209       422.7512         0.0000         0.0000        -237722.4359         0.0000   -237722.4359   -237722.4359         0.0000         -23631.2245    -35229.8004     68789.1793    -23631.2245    -35229.8004

LINE MINIMIZER BRACKET: DX 0.000958257 0.000195154 DU -73.692 3.0467 DUDX -153428 -110.808 31327.3 
LINE MINIMIZER REDUCING GRADIENT FROM 177807 TO 177.807
ETITLE:      TS           BOND          ANGLE          DIHED          IMPRP               ELECT            VDW       BOUNDARY           MISC        KINETIC               TOTAL           TEMP      POTENTIAL         TOTAL3        TEMPAVG            PRESSURE      GPRESSURE         VOLUME       PRESSAVG      GPRESSAVG

ENERGY:     190       613.6808       272.1120         0.0000         0.0000        -242099.9159      2747.7382       437.5206         0.0000         0.0000        -238028.8642         0.0000   -238028.8642   -238028.8642         0.0000         -24141.5260    -35579.1579     68789.1793    -24141.5260    -35579.1579

ENERGY:     191       640.6290       282.8843         0.0000         0.0000        -242398.6346      2725.7515       452.8608         0.0000         0.0000        -238296.5089         0.0000   -238296.5089   -238296.5089         0.0000         -24961.9069    -35900.4318     68789.1793    -24961.9069    -35900.4318

MINIMIZER RESTARTING CONJUGATE GRADIENT ALGORITHM DUE TO POOR PROGRESS
LINE MINIMIZER REDUCING GRADIENT FROM 185703 TO 185.703
ENERGY:     192       587.0968       254.5722         0.0000         0.0000        -242384.9677      2718.7971       455.2668         0.0000         0.0000        -238369.2348         0.0000   -238369.2348   -238369.2348         0.0000         -23752.6207    -35871.3542     68789.1793    -23752.6207    -35871.3542

ENERGY:     193       645.1174       259.9522         0.0000         0.0000        -242373.8189      2713.5403       457.6893         0.0000         0.0000        -238297.5198         0.0000   -238297.5198   -238297.5198         0.0000         -22653.0232    -35840.1958     68789.1793    -22653.0232    -35840.1958

LINE MINIMIZER BRACKET: DX 0.000786661 0.000786661 DU -72.7259 71.715 DUDX -185703 42.0823 181676 
ENERGY:     194       587.1915       256.0704         0.0000         0.0000        -242386.2183      2719.4155       455.0254         0.0000         0.0000        -238368.5155         0.0000   -238368.5155   -238368.5155         0.0000         -23868.5333    -35874.3496     68789.1793    -23868.5333    -35874.3496

LINE MINIMIZER BRACKET: DX 7.86661e-05 0.000786661 DU -0.719268 71.715 DUDX -18332.8 42.0823 181676 
ENERGY:     195       587.0557       254.7072         0.0000         0.0000        -242385.0920      2718.8582       455.2426         0.0000         0.0000        -238369.2283         0.0000   -238369.2283   -238369.2283         0.0000         -23764.1645    -35871.6568     68789.1793    -23764.1645    -35871.6568

LINE MINIMIZER BRACKET: DX 7.86661e-06 0.000786661 DU -0.00647191 71.715 DUDX -1793.55 42.0823 181676 
ENERGY:     196       587.0922       254.5856         0.0000         0.0000        -242384.9802      2718.8032       455.2643         0.0000         0.0000        -238369.2349         0.0000   -238369.2349   -238369.2349         0.0000         -23753.7753    -35871.3853     68789.1793    -23753.7753    -35871.3853

LINE MINIMIZER BRACKET: DX 7.07995e-06 7.86661e-07 DU -0.00656325 9.13395e-05 DUDX -1793.55 -141.461 42.0823 
LINE MINIMIZER REDUCING GRADIENT FROM 130385 TO 130.385
ENERGY:     197       582.3500       259.1657         0.0000         0.0000        -242492.8731      2709.1783       460.3097         0.0000         0.0000        -238481.8695         0.0000   -238481.8695   -238481.8695         0.0000         -23934.0925    -36000.1979     68789.1793    -23934.0925    -36000.1979

ENERGY:     198       587.7815       280.7418         0.0000         0.0000        -242601.4192      2700.9143       465.4270         0.0000         0.0000        -238566.5547         0.0000   -238566.5547   -238566.5547         0.0000         -24171.9289    -36124.4404     68789.1793    -24171.9289    -36124.4404

MINIMIZER RESTARTING CONJUGATE GRADIENT ALGORITHM DUE TO POOR PROGRESS
LINE MINIMIZER REDUCING GRADIENT FROM 103315 TO 103.315
ENERGY:     199       611.6202       267.8598         0.0000         0.0000        -242683.2983      2694.6927       468.4418         0.0000         0.0000        -238640.6838         0.0000   -238640.6838   -238640.6838         0.0000         -24675.2595    -36250.6700     68789.1793    -24675.2595    -36250.6700

LDB: ============= START OF LOAD BALANCING ============== 3.61756
LDB: ============== END OF LOAD BALANCING =============== 3.61757
LDB: =============== DONE WITH MIGRATION ================ 3.6176
Info: Initial time: 1 CPUs 0.0176965 s/step 0.204821 days/ns 0.632177 MB memory
TIMING: 200  CPU: 3.60043, 0.0176116/step  Wall: 3.60949, 0.0176976/step, 4.91599e-06 hours remaining, 0.632177 MB of memory in use.
PERFORMANCE: 200  averaging 4.84727 ns/day, 0.0178245 sec/step with standard deviation 0.000179464
ETITLE:      TS           BOND          ANGLE          DIHED          IMPRP               ELECT            VDW       BOUNDARY           MISC        KINETIC               TOTAL           TEMP      POTENTIAL         TOTAL3        TEMPAVG            PRESSURE      GPRESSURE         VOLUME       PRESSAVG      GPRESSAVG

ENERGY:     200       686.9514       274.2904         0.0000         0.0000        -242766.3874      2689.9940       471.4828         0.0000         0.0000        -238643.6689         0.0000   -238643.6689   -238643.6689         0.0000         -25241.4488    -36372.9282     68789.1793    -25241.4488    -36372.9282

WRITING EXTENDED SYSTEM TO RESTART FILE AT STEP 200
WRITING COORDINATES TO DCD FILE eq0.dcd AT STEP 200
WRITING COORDINATES TO RESTART FILE AT STEP 200
FINISHED WRITING RESTART COORDINATES
The last position output (seq=200) takes 0.000 seconds, 0.632 MB of memory in use
WRITING VELOCITIES TO RESTART FILE AT STEP 200
FINISHED WRITING RESTART VELOCITIES
The last velocity output (seq=200) takes 0.000 seconds, 0.632 MB of memory in use
ENERGY:     201       686.9514       274.2904         0.0000         0.0000        -242766.3874      2689.9940       471.4828         0.0000         0.0000        -238643.6689         0.0000   -238643.6689   -238643.6689         0.0000         -25241.4488    -36372.9282     68789.1793    -25241.4488    -36372.9282

WRITING EXTENDED SYSTEM TO OUTPUT FILE AT STEP 201
CLOSING EXTENDED SYSTEM TRAJECTORY FILE
WRITING COORDINATES TO OUTPUT FILE AT STEP 201
CLOSING COORDINATE DCD FILE eq0.dcd
The last position output (seq=-2) takes 0.002 seconds, 0.632 MB of memory in use
WRITING VELOCITIES TO OUTPUT FILE AT STEP 201
The last velocity output (seq=-2) takes 0.000 seconds, 0.632 MB of memory in use
====================================================

WallClock: 3.671296  CPUTime: 3.650637  Memory: 0.632177 MB
[Partition 0][Node 0] End of program
