Charm++> No provisioning arguments specified. Running with a single PE.
         Use +auto-provision to fully subscribe resources or +p1 to silence this message.
Charm++: standalone mode (not using charmrun)
Charm++> Running in Multicore mode: 1 threads (PEs)
Charm++> Using recursive bisection (scheme 3) for topology aware partitions
Converse/Charm++ Commit ID: 
CharmLB> Load balancer assumes all CPUs are same.
Charm++> Running on 1 hosts (1 sockets x 6 cores x 2 PUs = 12-way SMP)
Charm++> cpu topology info is gathered in 0.004 seconds.
CharmLB> Load balancing instrumentation for communication is off.
Info: NAMD 3.0.1 for Linux-x86_64-multicore
Info: 
Info: Please visit http://www.ks.uiuc.edu/Research/namd/
Info: for updates, documentation, and support information.
Info: 
Info: Please cite Phillips et al., J. Chem. Phys. 153:044130 (2020) doi:10.1063/5.0014475
Info: in all publications reporting results obtained with NAMD.
Info: 
Info: Based on Charm++/Converse 80000 for multicore-linux-x86_64-gcc
Info: Built Mon Oct 14 11:11:06 CDT 2024 by dhardy on athine.ks.uiuc.edu
Info: 1 NAMD  3.0.1  Linux-x86_64-multicore  1    pc1a-12  convidat
Info: Running on 1 processors, 1 nodes, 1 physical nodes.
Info: CPU topology information available.
Info: Charm++/Converse parallel runtime startup completed at 0.00701853 s
CkLoopLib is used in SMP with simple dynamic scheduling (converse-level notification)
Info: 25.8086 MB of memory in use based on /proc/self/stat
Info: Configuration file is run0.namd
Info: Working in the current directory /home/samba/homes/convidat/Desktop/Simulacion-nanoporos-main/4_current
TCL: Suspending until startup complete.
Warning: Option "1-4scaling" has been deprecated. Instead use "oneFourScaling".
Info: EXTENDED SYSTEM FILE   sample.xsc
Warning: The Langevin gamma parameters differ over the particles,
Warning: requiring extra work per step to constrain rigid bonds.
Info: SIMULATION PARAMETERS:
Info: TIMESTEP               1
Info: NUMBER OF STEPS        1000
Info: STEPS PER CYCLE        20
Info: PERIODIC CELL BASIS 1  33.2881 19.1965 0
Info: PERIODIC CELL BASIS 2  0 38.3931 0
Info: PERIODIC CELL BASIS 3  0 0 44.7598
Info: PERIODIC CELL CENTER   0 0 0
Info: WRAPPING ALL CLUSTERS AROUND PERIODIC BOUNDARIES ON OUTPUT.
Info: WRAPPING TO IMAGE NEAREST TO PERIODIC CELL CENTER.
Info: LOAD BALANCER  Centralized
Info: LOAD BALANCING STRATEGY  New Load Balancers -- DEFAULT
Info: LDB PERIOD             4000 steps
Info: FIRST LDB TIMESTEP     100
Info: LAST LDB TIMESTEP     -1
Info: LDB BACKGROUND SCALING 1
Info: HOM BACKGROUND SCALING 1
Info: PME BACKGROUND SCALING 1
Info: MIN ATOMS PER PATCH    40
Info: EMPTY PATCH LOAD       40 ATOMS
Info: VELOCITY FILE          sample.vel
Info: CENTER OF MASS MOVING INITIALLY? NO
Info: DIELECTRIC             1
Info: EXCLUDE                SCALED ONE-FOUR
Info: 1-4 ELECTROSTATICS SCALED BY 1
Info: MODIFIED 1-4 VDW PARAMETERS WILL BE USED
Info: DCD FILENAME           run0.dcd
Info: DCD FREQUENCY          100
Info: DCD FIRST STEP         100
Info: DCD FILE WILL CONTAIN UNIT CELL DATA
Info: XST FILENAME           run0.xst
Info: XST FREQUENCY          100
Info: NO VELOCITY DCD OUTPUT
Info: NO FORCE DCD OUTPUT
Info: OUTPUT FILENAME        run0
Info: BINARY OUTPUT FILES WILL BE USED
Info: RESTART FILENAME       run0.restart
Info: RESTART FREQUENCY      100
Info: BINARY RESTART FILES WILL BE USED
Info: SWITCHING ACTIVE
Info: SWITCHING ON           10
Info: SWITCHING OFF          12
Info: PAIRLIST DISTANCE      12
Info: PAIRLIST SHRINK RATE   0.01
Info: PAIRLIST GROW RATE     0.01
Info: PAIRLIST TRIGGER       0.3
Info: PAIRLISTS PER CYCLE    2
Info: PAIRLISTS ENABLED
Info: MARGIN                 3
Info: HYDROGEN GROUP CUTOFF  2.5
Info: PATCH DIMENSION        17.5
Info: ENERGY OUTPUT STEPS    100
Info: ENERGY EVALUATION STEPS    100
Info: OUTPUT ENERGY PRECISION 4
Info: CROSSTERM ENERGY INCLUDED IN DIHEDRAL
Info: TIMING OUTPUT STEPS    100
Info: HARMONIC CONSTRAINTS ACTIVE
Info: HARMONIC CONS EXP      2
Info: ELECTRIC FIELD ACTIVE
Info: E-FIELD VECTOR         (0, 0, 0.02576)
Info: E-FIELD FREQUENCY IS (1/ps) 0
Info: E-FIELD PHASE IS     (deg)  0
Info: LANGEVIN DYNAMICS ACTIVE
Info: LANGEVIN TEMPERATURE   295
Info: LANGEVIN USING BBK INTEGRATOR
Info: LANGEVIN DAMPING COEFFICIENTS DETERMINED FROM FILES
Info: LANGEVIN DAMPING FILE:  sample1.0.pdb
Info: LANGEVIN DAMPING COLUMN:  B
Info: PARTICLE MESH EWALD (PME) ACTIVE
Info: PME TOLERANCE               1e-06
Info: PME EWALD COEFFICIENT       0.257952
Info: PME INTERPOLATION ORDER     4
Info: PME GRID DIMENSIONS         48 48 64
Info: PME MAXIMUM GRID SPACING    1.5
Info: Attempting to read FFTW data from FFTW_NAMD_3.0.1_Linux-x86_64-multicore.txt
Info: Optimizing 6 FFT steps.  1... 2... 3... 4... 5... 6...   Done.
Info: Writing FFTW data to FFTW_NAMD_3.0.1_Linux-x86_64-multicore.txt
Info: FULL ELECTROSTATIC EVALUATION FREQUENCY      4
Info: USING VERLET I (r-RESPA) MTS SCHEME.
Info: C1 SPLITTING OF LONG RANGE ELECTROSTATICS
Info: PLACING ATOMS IN PATCHES BY HYDROGEN GROUPS
Info: NONBONDED FORCES EVALUATED EVERY 2 STEPS
Info: RANDOM NUMBER SEED     1750257152
Info: USE HYDROGEN BONDS?    NO
Info: COORDINATE PDB         sample.pdb
Info: STRUCTURE FILE         sample.psf
Info: PARAMETER file: CHARMM format! 
Info: PARAMETERS             cornell.prm
Info: PARAMETERS             par_silicon_ions_NEW5.inp
Info: USING ARITHMETIC MEAN TO COMBINE L-J SIGMA PARAMETERS
Info: BINARY COORDINATES     sample.coor
Info: SUMMARY OF PARAMETERS:
Info: 96 BONDS
Info: 229 ANGLES
Info: 81 DIHEDRAL
Info: 31 IMPROPER
Info: 0 CROSSTERM
Info: 62 VDW
Info: 0 VDW_PAIRS
Info: 0 NBTHOLE_PAIRS
Info: TIME FOR READING PSF FILE: 0.00899101
Info: Reading pdb file sample.pdb
Info: TIME FOR READING PDB FILE: 0.00344404
Info: 
Info: ****************************
Info: STRUCTURE SUMMARY:
Info: 5545 ATOMS
Info: 5274 BONDS
Info: 7833 ANGLES
Info: 0 DIHEDRALS
Info: 0 IMPROPERS
Info: 0 CROSSTERMS
Info: 0 EXCLUSIONS
Info: 1758 CONSTRAINTS
Info: 16635 DEGREES OF FREEDOM
Info: 3087 HYDROGEN GROUPS
Info: 3 ATOMS IN LARGEST HYDROGEN GROUP
Info: 3087 MIGRATION GROUPS
Info: 3 ATOMS IN LARGEST MIGRATION GROUP
Info: TOTAL MASS = 60995.4 amu
Info: TOTAL CHARGE = -0.00015521 e
Info: MASS DENSITY = 1.77062 g/cm^3
Info: ATOM DENSITY = 0.0969329 atoms/A^3
Info: *****************************
Info: Reading from binary file sample.coor
Info: 
Info: Entering startup at 0.0386722 s, 0.677422 MB of memory in use
Info: Startup phase 0 took 1.9688e-05 s, 0.677422 MB of memory in use
Info: ADDED 26253 IMPLICIT EXCLUSIONS
Info: Startup phase 1 took 0.00341689 s, 0.677422 MB of memory in use
Info: NONBONDED TABLE R-SQUARED SPACING: 0.0625
Info: NONBONDED TABLE SIZE: 769 POINTS
Info: INCONSISTENCY IN FAST TABLE ENERGY VS FORCE: 0.000325096 AT 11.9556
Info: INCONSISTENCY IN SCOR TABLE ENERGY VS FORCE: 0.000324844 AT 11.9556
Info: INCONSISTENCY IN VDWA TABLE ENERGY VS FORCE: 0.0040507 AT 0.251946
Info: INCONSISTENCY IN VDWB TABLE ENERGY VS FORCE: 0.00150189 AT 0.251946
Info: Startup phase 2 took 0.000318641 s, 0.677422 MB of memory in use
Info: Startup phase 3 took 9.744e-06 s, 0.677422 MB of memory in use
Info: Startup phase 4 took 1.3398e-05 s, 0.677422 MB of memory in use
Info: Startup phase 5 took 7.47e-06 s, 0.677422 MB of memory in use
Info: PATCH GRID IS 1 (PERIODIC) BY 1 (PERIODIC) BY 2 (PERIODIC)
Info: PATCH GRID IS 1-AWAY BY 1-AWAY BY 1-AWAY
Info: Reading from binary file sample.vel
Info: REMOVING COM VELOCITY 0.0693648 0.00729871 -0.00942431
Info: LARGEST PATCH (1) HAS 2775 ATOMS
Info: TORUS A SIZE 1 USING 0
Info: TORUS B SIZE 1 USING 0
Info: TORUS C SIZE 1 USING 0
Info: TORUS MINIMAL MESH SIZE IS 1 BY 1 BY 1
Info: Placed 100% of base nodes on same physical node as patch
Info: Startup phase 6 took 0.000590087 s, 0.677422 MB of memory in use
Info: PME using 1 and 1 processors for FFT and reciprocal sum.
Info: PME GRID LOCATIONS: 0
Info: PME TRANS LOCATIONS: 0
Info: PME USING 1 GRID NODES AND 1 TRANS NODES
Info: Optimizing 4 FFT steps.  1... 2... 3... 4...   Done.
Info: Startup phase 7 took 0.000337077 s, 0.677422 MB of memory in use
Info: Startup phase 8 took 9.45e-06 s, 0.677422 MB of memory in use
Info: Startup phase 9 took 8.302e-06 s, 0.677422 MB of memory in use
Info: Startup phase 10 took 1.2014e-05 s, 0.677422 MB of memory in use
Info: Startup phase 11 took 9.513e-06 s, 0.677422 MB of memory in use
LDB: Central LB being created...
Info: Startup phase 12 took 1.6296e-05 s, 0.677422 MB of memory in use
Info: CREATING 49 COMPUTE OBJECTS
Info: Startup phase 13 took 7.2032e-05 s, 0.677422 MB of memory in use
Info: Startup phase 14 took 7.952e-06 s, 0.677422 MB of memory in use
Info: Startup phase 15 took 8.609e-06 s, 0.677422 MB of memory in use
Info: Finished startup at 0.0435293 s, 0.677422 MB of memory in use

ETITLE:      TS           BOND          ANGLE          DIHED          IMPRP               ELECT            VDW       BOUNDARY           MISC        KINETIC               TOTAL           TEMP      POTENTIAL         TOTAL3        TEMPAVG            PRESSURE      GPRESSURE         VOLUME       PRESSAVG      GPRESSAVG

ENERGY:       0      1930.2729       593.7770         0.0000         0.0000        -232615.8824      3857.7170       994.5127        -1.2136      4831.2738        -220409.5426       292.3003   -225240.8163   -220343.7813       292.3003           -915.0602     -2951.7433     57204.5172      -915.0602     -2951.7433

OPENING EXTENDED SYSTEM TRAJECTORY FILE
LDB: ============= START OF LOAD BALANCING ============== 0.339307
LDB: ============== END OF LOAD BALANCING =============== 0.339344
LDB: =============== DONE WITH MIGRATION ================ 0.339358
LDB: ============= START OF LOAD BALANCING ============== 1.17357
LDB: ============== END OF LOAD BALANCING =============== 1.17361
LDB: =============== DONE WITH MIGRATION ================ 1.17365
Info: Initial time: 1 CPUs 0.011273 s/step 0.130474 days/ns 0.677422 MB memory
TIMING: 100  CPU: 1.17734, 0.0112761/step  Wall: 1.17772, 0.0112747/step, 0.00281868 hours remaining, 0.677422 MB of memory in use.
PERFORMANCE: 100  averaging 7.66315 ns/day, 0.0112747 sec/step with standard deviation 0
ENERGY:     100      1928.4246       519.9076         0.0000         0.0000        -232791.1221      3956.0337      1031.8110        -1.2935      4945.0491        -220411.1896       299.1839   -225356.2388   -220349.4446       296.9534           -375.0003     -2200.5769     57204.5172     -2834.6837     -2825.3034

WRITING EXTENDED SYSTEM TO RESTART FILE AT STEP 100
OPENING COORDINATE DCD FILE
WRITING COORDINATES TO DCD FILE run0.dcd AT STEP 100
WRITING COORDINATES TO RESTART FILE AT STEP 100
FINISHED WRITING RESTART COORDINATES
The last position output (seq=100) takes 0.000 seconds, 0.677 MB of memory in use
WRITING VELOCITIES TO RESTART FILE AT STEP 100
FINISHED WRITING RESTART VELOCITIES
The last velocity output (seq=100) takes 0.000 seconds, 0.677 MB of memory in use
LDB: ============= START OF LOAD BALANCING ============== 1.39504
LDB: ============== END OF LOAD BALANCING =============== 1.39507
LDB: =============== DONE WITH MIGRATION ================ 1.39509
LDB: ============= START OF LOAD BALANCING ============== 2.23543
LDB: ============== END OF LOAD BALANCING =============== 2.23547
LDB: =============== DONE WITH MIGRATION ================ 2.23549
Info: Initial time: 1 CPUs 0.0106188 s/step 0.122903 days/ns 0.677422 MB memory
TIMING: 200  CPU: 2.23904, 0.010617/step  Wall: 2.23977, 0.0106205/step, 0.00236011 hours remaining, 0.677422 MB of memory in use.
PERFORMANCE: 200  averaging 7.89212 ns/day, 0.0109476 sec/step with standard deviation 0.000462601
ENERGY:     200      1895.8225       554.3046         0.0000         0.0000        -232885.3708      4072.3264       995.1019        -1.4044      4933.7423        -220435.4776       298.4998   -225369.2199   -220370.8611       297.3398           1377.1271     -1533.3468     57204.5172     -1587.4415     -1588.2609

WRITING EXTENDED SYSTEM TO RESTART FILE AT STEP 200
WRITING COORDINATES TO DCD FILE run0.dcd AT STEP 200
WRITING COORDINATES TO RESTART FILE AT STEP 200
FINISHED WRITING RESTART COORDINATES
The last position output (seq=200) takes 0.000 seconds, 0.677 MB of memory in use
WRITING VELOCITIES TO RESTART FILE AT STEP 200
FINISHED WRITING RESTART VELOCITIES
The last velocity output (seq=200) takes 0.000 seconds, 0.677 MB of memory in use
LDB: ============= START OF LOAD BALANCING ============== 3.26538
LDB: ============== END OF LOAD BALANCING =============== 3.26542
LDB: =============== DONE WITH MIGRATION ================ 3.26544
Info: Initial time: 1 CPUs 0.0102993 s/step 0.119205 days/ns 0.677422 MB memory
TIMING: 300  CPU: 3.26882, 0.0102978/step  Wall: 3.26982, 0.0103005/step, 0.00200287 hours remaining, 0.677422 MB of memory in use.
PERFORMANCE: 300  averaging 8.05076 ns/day, 0.0107319 sec/step with standard deviation 0.000496586
ENERGY:     300      1906.4078       559.4381         0.0000         0.0000        -232825.1230      3996.8863       993.9375        -1.3474      4913.2952        -220456.5056       297.2627   -225369.8008   -220389.6717       296.9324            819.3396     -1806.4521     57204.5172     -1648.7005     -1663.4356

WRITING EXTENDED SYSTEM TO RESTART FILE AT STEP 300
WRITING COORDINATES TO DCD FILE run0.dcd AT STEP 300
WRITING COORDINATES TO RESTART FILE AT STEP 300
FINISHED WRITING RESTART COORDINATES
The last position output (seq=300) takes 0.000 seconds, 0.677 MB of memory in use
WRITING VELOCITIES TO RESTART FILE AT STEP 300
FINISHED WRITING RESTART VELOCITIES
The last velocity output (seq=300) takes 0.000 seconds, 0.677 MB of memory in use
LDB: ============= START OF LOAD BALANCING ============== 4.32058
LDB: ============== END OF LOAD BALANCING =============== 4.32062
LDB: =============== DONE WITH MIGRATION ================ 4.32066
Info: Benchmark time: 1 CPUs 0.0105506 s/step 0.122113 days/ns 0.677422 MB memory
TIMING: 400  CPU: 4.3237, 0.0105488/step  Wall: 4.325, 0.0105518/step, 0.00175864 hours remaining, 0.677422 MB of memory in use.
PERFORMANCE: 400  averaging 8.08467 ns/day, 0.0106869 sec/step with standard deviation 0.000415336
ENERGY:     400      1931.6508       562.1134         0.0000         0.0000        -232818.9035      4057.6242       986.1243        -1.1364      4796.5538        -220485.9734       290.1997   -225282.5272   -220423.7733       295.4932            571.1956     -1239.4684     57204.5172     -1637.2035     -1624.6726

WRITING EXTENDED SYSTEM TO RESTART FILE AT STEP 400
WRITING COORDINATES TO DCD FILE run0.dcd AT STEP 400
WRITING COORDINATES TO RESTART FILE AT STEP 400
FINISHED WRITING RESTART COORDINATES
The last position output (seq=400) takes 0.000 seconds, 0.677 MB of memory in use
WRITING VELOCITIES TO RESTART FILE AT STEP 400
FINISHED WRITING RESTART VELOCITIES
The last velocity output (seq=400) takes 0.000 seconds, 0.677 MB of memory in use
Info: Benchmark time: 1 CPUs 0.0105413 s/step 0.122006 days/ns 0.677422 MB memory
TIMING: 500  CPU: 5.3776, 0.010539/step  Wall: 5.37919, 0.0105419/step, 0.00146416 hours remaining, 0.677422 MB of memory in use.
PERFORMANCE: 500  averaging 8.10666 ns/day, 0.0106579 sec/step with standard deviation 0.000365487
ENERGY:     500      1905.0120       555.7607         0.0000         0.0000        -232961.6825      4197.3754       988.8235        -1.4551      4802.6188        -220513.5473       290.5666   -225316.1660   -220444.6461       294.3813           1938.9776      -521.9693     57204.5172      -764.9168      -760.5664

WRITING EXTENDED SYSTEM TO RESTART FILE AT STEP 500
WRITING COORDINATES TO DCD FILE run0.dcd AT STEP 500
WRITING COORDINATES TO RESTART FILE AT STEP 500
FINISHED WRITING RESTART COORDINATES
The last position output (seq=500) takes 0.000 seconds, 0.677 MB of memory in use
WRITING VELOCITIES TO RESTART FILE AT STEP 500
FINISHED WRITING RESTART VELOCITIES
The last velocity output (seq=500) takes 0.000 seconds, 0.677 MB of memory in use
Info: Benchmark time: 1 CPUs 0.0105443 s/step 0.12204 days/ns 0.677422 MB memory
TIMING: 600  CPU: 6.43177, 0.0105417/step  Wall: 6.43368, 0.0105449/step, 0.00117165 hours remaining, 0.677422 MB of memory in use.
PERFORMANCE: 600  averaging 8.12102 ns/day, 0.0106391 sec/step with standard deviation 0.000330142
ENERGY:     600      1943.1320       544.9847         0.0000         0.0000        -232728.2528      3865.4092       988.7762        -1.6827      4905.4186        -220482.2147       296.7862   -225387.6333   -220417.3063       295.4844           -152.8993     -2715.1309     57204.5172     -1648.5816     -1658.6352

WRITING EXTENDED SYSTEM TO RESTART FILE AT STEP 600
WRITING COORDINATES TO DCD FILE run0.dcd AT STEP 600
WRITING COORDINATES TO RESTART FILE AT STEP 600
FINISHED WRITING RESTART COORDINATES
The last position output (seq=600) takes 0.000 seconds, 0.677 MB of memory in use
WRITING VELOCITIES TO RESTART FILE AT STEP 600
FINISHED WRITING RESTART VELOCITIES
Info: Benchmark time: 1 CPUs 0.0106612 s/step 0.123393 days/ns 0.677422 MB memory
TIMING: 700  CPU: 7.49762, 0.0106585/step  Wall: 7.49986, 0.0106618/step, 0.000888482 hours remaining, 0.677422 MB of memory in use.
PERFORMANCE: 700  averaging 8.11854 ns/day, 0.0106423 sec/step with standard deviation 0.0003015
ENERGY:     700      1945.2035       587.2709         0.0000         0.0000        -233028.5630      4084.8761      1002.2143        -1.4086      4905.6344        -220504.7725       296.7992   -225410.4069   -220437.8744       295.5426            978.3177     -1138.9776     57204.5172     -2034.9311     -2033.4693

WRITING EXTENDED SYSTEM TO RESTART FILE AT STEP 700
WRITING COORDINATES TO DCD FILE run0.dcd AT STEP 700
WRITING COORDINATES TO RESTART FILE AT STEP 700
FINISHED WRITING RESTART COORDINATES
The last position output (seq=700) takes 0.000 seconds, 0.677 MB of memory in use
WRITING VELOCITIES TO RESTART FILE AT STEP 700
FINISHED WRITING RESTART VELOCITIES
Info: Benchmark time: 1 CPUs 0.0105383 s/step 0.121971 days/ns 0.677422 MB memory
TIMING: 800  CPU: 8.55118, 0.0105356/step  Wall: 8.55375, 0.010539/step, 0.000585497 hours remaining, 0.677422 MB of memory in use.
PERFORMANCE: 800  averaging 8.12841 ns/day, 0.0106294 sec/step with standard deviation 0.000281516
ENERGY:     800      1962.4994       565.6587         0.0000         0.0000        -232900.6967      4081.1077       967.9951        -1.5586      4819.5950        -220505.3994       291.5937   -225324.9944   -220438.5648       294.3636            436.1052     -1589.8223     57204.5172     -1250.7735     -1241.1874

WRITING EXTENDED SYSTEM TO RESTART FILE AT STEP 800
WRITING COORDINATES TO DCD FILE run0.dcd AT STEP 800
WRITING COORDINATES TO RESTART FILE AT STEP 800
FINISHED WRITING RESTART COORDINATES
The last position output (seq=800) takes 0.000 seconds, 0.677 MB of memory in use
WRITING VELOCITIES TO RESTART FILE AT STEP 800
FINISHED WRITING RESTART VELOCITIES
Info: Benchmark time: 1 CPUs 0.0105385 s/step 0.121973 days/ns 0.677422 MB memory
TIMING: 900  CPU: 9.60475, 0.0105357/step  Wall: 9.60766, 0.0105391/step, 0.000292753 hours remaining, 0.677422 MB of memory in use.
PERFORMANCE: 900  averaging 8.13609 ns/day, 0.0106194 sec/step with standard deviation 0.000265049
ENERGY:     900      1905.2124       554.5905         0.0000         0.0000        -232823.5136      4003.5441      1014.7633        -1.6275      4835.9042        -220511.1266       292.5804   -225347.0308   -220446.4924       292.6477           1348.4603     -1663.0627     57204.5172     -1769.9224     -1775.7459

WRITING EXTENDED SYSTEM TO RESTART FILE AT STEP 900
WRITING COORDINATES TO DCD FILE run0.dcd AT STEP 900
WRITING COORDINATES TO RESTART FILE AT STEP 900
FINISHED WRITING RESTART COORDINATES
The last position output (seq=900) takes 0.000 seconds, 0.677 MB of memory in use
WRITING VELOCITIES TO RESTART FILE AT STEP 900
FINISHED WRITING RESTART VELOCITIES
TIMING: 1000  CPU: 10.6545, 0.0104973/step  Wall: 10.6587, 0.0105099/step, 0 hours remaining, 0.677422 MB of memory in use.
PERFORMANCE: 1000  averaging 8.14448 ns/day, 0.0106084 sec/step with standard deviation 0.000252276
ETITLE:      TS           BOND          ANGLE          DIHED          IMPRP               ELECT            VDW       BOUNDARY           MISC        KINETIC               TOTAL           TEMP      POTENTIAL         TOTAL3        TEMPAVG            PRESSURE      GPRESSURE         VOLUME       PRESSAVG      GPRESSAVG

ENERGY:    1000      1897.7346       555.8609         0.0000         0.0000        -232743.9800      3979.8670       992.7029        -1.6098      4824.4703        -220494.9541       291.8887   -225319.4244   -220436.1883       293.4445            921.1512     -2189.5485     57204.5172     -1821.5200     -1837.2633

WRITING EXTENDED SYSTEM TO RESTART FILE AT STEP 1000
WRITING COORDINATES TO DCD FILE run0.dcd AT STEP 1000
WRITING COORDINATES TO RESTART FILE AT STEP 1000
FINISHED WRITING RESTART COORDINATES
The last position output (seq=1000) takes 0.000 seconds, 0.677 MB of memory in use
WRITING VELOCITIES TO RESTART FILE AT STEP 1000
FINISHED WRITING RESTART VELOCITIES
WRITING EXTENDED SYSTEM TO OUTPUT FILE AT STEP 1000
CLOSING EXTENDED SYSTEM TRAJECTORY FILE
WRITING COORDINATES TO OUTPUT FILE AT STEP 1000
CLOSING COORDINATE DCD FILE run0.dcd
WRITING VELOCITIES TO OUTPUT FILE AT STEP 1000
====================================================

WallClock: 10.704940  CPUTime: 10.695756  Memory: 0.677422 MB
[Partition 0][Node 0] End of program
