Charm++> No provisioning arguments specified. Running with a single PE.
         Use +auto-provision to fully subscribe resources or +p1 to silence this message.
Charm++: standalone mode (not using charmrun)
Charm++> Running in Multicore mode: 1 threads (PEs)
Charm++> Using recursive bisection (scheme 3) for topology aware partitions
Converse/Charm++ Commit ID: 
CharmLB> Load balancer assumes all CPUs are same.
Charm++> Running on 1 hosts (1 sockets x 6 cores x 2 PUs = 12-way SMP)
Charm++> cpu topology info is gathered in 0.004 seconds.
CharmLB> Load balancing instrumentation for communication is off.
Info: NAMD 3.0.1 for Linux-x86_64-multicore
Info: 
Info: Please visit http://www.ks.uiuc.edu/Research/namd/
Info: for updates, documentation, and support information.
Info: 
Info: Please cite Phillips et al., J. Chem. Phys. 153:044130 (2020) doi:10.1063/5.0014475
Info: in all publications reporting results obtained with NAMD.
Info: 
Info: Based on Charm++/Converse 80000 for multicore-linux-x86_64-gcc
Info: Built Mon Oct 14 11:11:06 CDT 2024 by dhardy on athine.ks.uiuc.edu
Info: 1 NAMD  3.0.1  Linux-x86_64-multicore  1    pc1c-01  convidat
Info: Running on 1 processors, 1 nodes, 1 physical nodes.
Info: CPU topology information available.
Info: Charm++/Converse parallel runtime startup completed at 0.0163782 s
CkLoopLib is used in SMP with simple dynamic scheduling (converse-level notification)
Info: 25.8086 MB of memory in use based on /proc/self/stat
Info: Configuration file is run0.namd
Info: Working in the current directory /home/samba/homes/convidat/Desktop/Simulacion-nanoporos-main/6_current_dna
TCL: Suspending until startup complete.
Warning: Option "1-4scaling" has been deprecated. Instead use "oneFourScaling".
Info: EXTENDED SYSTEM FILE   sample.xsc
Warning: The Langevin gamma parameters differ over the particles,
Warning: requiring extra work per step to constrain rigid bonds.
Info: SIMULATION PARAMETERS:
Info: TIMESTEP               1
Info: NUMBER OF STEPS        1000
Info: STEPS PER CYCLE        20
Info: PERIODIC CELL BASIS 1  33.2024 19.167 0
Info: PERIODIC CELL BASIS 2  0 38.3342 0
Info: PERIODIC CELL BASIS 3  0 0 64.8282
Info: PERIODIC CELL CENTER   0 0 0
Info: WRAPPING ALL CLUSTERS AROUND PERIODIC BOUNDARIES ON OUTPUT.
Info: WRAPPING TO IMAGE NEAREST TO PERIODIC CELL CENTER.
Info: LOAD BALANCER  Centralized
Info: LOAD BALANCING STRATEGY  New Load Balancers -- DEFAULT
Info: LDB PERIOD             4000 steps
Info: FIRST LDB TIMESTEP     100
Info: LAST LDB TIMESTEP     -1
Info: LDB BACKGROUND SCALING 1
Info: HOM BACKGROUND SCALING 1
Info: PME BACKGROUND SCALING 1
Info: MIN ATOMS PER PATCH    40
Info: EMPTY PATCH LOAD       40 ATOMS
Info: VELOCITY FILE          sample.vel
Info: CENTER OF MASS MOVING INITIALLY? NO
Info: DIELECTRIC             1
Info: EXCLUDE                SCALED ONE-FOUR
Info: 1-4 ELECTROSTATICS SCALED BY 1
Info: MODIFIED 1-4 VDW PARAMETERS WILL BE USED
Info: DCD FILENAME           run0.dcd
Info: DCD FREQUENCY          100
Info: DCD FIRST STEP         100
Info: DCD FILE WILL CONTAIN UNIT CELL DATA
Info: XST FILENAME           run0.xst
Info: XST FREQUENCY          100
Info: NO VELOCITY DCD OUTPUT
Info: NO FORCE DCD OUTPUT
Info: OUTPUT FILENAME        run0
Info: BINARY OUTPUT FILES WILL BE USED
Info: RESTART FILENAME       run0.restart
Info: RESTART FREQUENCY      100
Info: BINARY RESTART FILES WILL BE USED
Info: SWITCHING ACTIVE
Info: SWITCHING ON           10
Info: SWITCHING OFF          12
Info: PAIRLIST DISTANCE      12
Info: PAIRLIST SHRINK RATE   0.01
Info: PAIRLIST GROW RATE     0.01
Info: PAIRLIST TRIGGER       0.3
Info: PAIRLISTS PER CYCLE    2
Info: PAIRLISTS ENABLED
Info: MARGIN                 3
Info: HYDROGEN GROUP CUTOFF  2.5
Info: PATCH DIMENSION        17.5
Info: ENERGY OUTPUT STEPS    100
Info: ENERGY EVALUATION STEPS    100
Info: OUTPUT ENERGY PRECISION 4
Info: CROSSTERM ENERGY INCLUDED IN DIHEDRAL
Info: TIMING OUTPUT STEPS    100
Info: HARMONIC CONSTRAINTS ACTIVE
Info: HARMONIC CONS EXP      2
Info: ELECTRIC FIELD ACTIVE
Info: E-FIELD VECTOR         (0, 0, 7.114)
Info: E-FIELD FREQUENCY IS (1/ps) 0
Info: E-FIELD PHASE IS     (deg)  0
Info: LANGEVIN DYNAMICS ACTIVE
Info: LANGEVIN TEMPERATURE   295
Info: LANGEVIN USING BBK INTEGRATOR
Info: LANGEVIN DAMPING COEFFICIENTS DETERMINED FROM FILES
Info: LANGEVIN DAMPING FILE:  sample1.0.pdb
Info: LANGEVIN DAMPING COLUMN:  B
Info: PARTICLE MESH EWALD (PME) ACTIVE
Info: PME TOLERANCE               1e-06
Info: PME EWALD COEFFICIENT       0.257952
Info: PME INTERPOLATION ORDER     4
Info: PME GRID DIMENSIONS         48 48 64
Info: PME MAXIMUM GRID SPACING    1.5
Info: Attempting to read FFTW data from FFTW_NAMD_3.0.1_Linux-x86_64-multicore.txt
Info: Optimizing 6 FFT steps.  1... 2... 3... 4... 5... 6...   Done.
Info: Writing FFTW data to FFTW_NAMD_3.0.1_Linux-x86_64-multicore.txt
Info: FULL ELECTROSTATIC EVALUATION FREQUENCY      4
Info: USING VERLET I (r-RESPA) MTS SCHEME.
Info: C1 SPLITTING OF LONG RANGE ELECTROSTATICS
Info: PLACING ATOMS IN PATCHES BY HYDROGEN GROUPS
Info: NONBONDED FORCES EVALUATED EVERY 2 STEPS
Info: RANDOM NUMBER SEED     1750337184
Info: USE HYDROGEN BONDS?    NO
Info: COORDINATE PDB         sample.pdb
Info: STRUCTURE FILE         sample.psf
Info: PARAMETER file: CHARMM format! 
Info: PARAMETERS             cornell.prm
Info: PARAMETERS             par_silicon_ions_NEW5.inp
Info: USING ARITHMETIC MEAN TO COMBINE L-J SIGMA PARAMETERS
Info: BINARY COORDINATES     sample.coor
Info: SUMMARY OF PARAMETERS:
Info: 96 BONDS
Info: 229 ANGLES
Info: 81 DIHEDRAL
Info: 31 IMPROPER
Info: 0 CROSSTERM
Info: 62 VDW
Info: 0 VDW_PAIRS
Info: 0 NBTHOLE_PAIRS
Warning: VDW TYPE NAME NS MATCHES PARAMETER TYPE NAME N*
Warning: VDW TYPE NAME NB MATCHES PARAMETER TYPE NAME N*
Warning: VDW TYPE NAME N2 MATCHES PARAMETER TYPE NAME N*
Warning: VDW TYPE NAME NC MATCHES PARAMETER TYPE NAME N*
Warning: VDW TYPE NAME NA MATCHES PARAMETER TYPE NAME N*
Info: TIME FOR READING PSF FILE: 0.0095139
Info: Reading pdb file sample.pdb
Info: TIME FOR READING PDB FILE: 0.00439191
Info: 
Info: ****************************
Info: STRUCTURE SUMMARY:
Info: 7832 ATOMS
Info: 6869 BONDS
Info: 8994 ANGLES
Info: 732 DIHEDRALS
Info: 45 IMPROPERS
Info: 0 CROSSTERMS
Info: 0 EXCLUSIONS
Info: 1758 CONSTRAINTS
Info: 23496 DEGREES OF FREEDOM
Info: 3963 HYDROGEN GROUPS
Info: 4 ATOMS IN LARGEST HYDROGEN GROUP
Info: 3963 MIGRATION GROUPS
Info: 4 ATOMS IN LARGEST MIGRATION GROUP
Info: TOTAL MASS = 77297.6 amu
Info: TOTAL CHARGE = -0.000154442 e
Info: MASS DENSITY = 1.55563 g/cm^3
Info: ATOM DENSITY = 0.0949189 atoms/A^3
Info: *****************************
Info: Reading from binary file sample.coor
Info: 
Info: Entering startup at 19.0125 s, 0.310493 MB of memory in use
Info: Startup phase 0 took 3.0163e-05 s, 0.310493 MB of memory in use
Info: ADDED 29652 IMPLICIT EXCLUSIONS
Info: Startup phase 1 took 0.00375973 s, 0.310493 MB of memory in use
Info: NONBONDED TABLE R-SQUARED SPACING: 0.0625
Info: NONBONDED TABLE SIZE: 769 POINTS
Info: INCONSISTENCY IN FAST TABLE ENERGY VS FORCE: 0.000325096 AT 11.9556
Info: INCONSISTENCY IN SCOR TABLE ENERGY VS FORCE: 0.000324844 AT 11.9556
Info: INCONSISTENCY IN VDWA TABLE ENERGY VS FORCE: 0.0040507 AT 0.251946
Info: INCONSISTENCY IN VDWB TABLE ENERGY VS FORCE: 0.00150189 AT 0.251946
Info: Startup phase 2 took 0.000829129 s, 0.310493 MB of memory in use
Info: Startup phase 3 took 2.0648e-05 s, 0.310493 MB of memory in use
Info: Startup phase 4 took 2.7061e-05 s, 0.310493 MB of memory in use
Info: Startup phase 5 took 7.058e-06 s, 0.310493 MB of memory in use
Info: PATCH GRID IS 1 (PERIODIC) BY 1 (PERIODIC) BY 3 (PERIODIC)
Info: PATCH GRID IS 1-AWAY BY 1-AWAY BY 1-AWAY
Info: Reading from binary file sample.vel
Info: REMOVING COM VELOCITY 0.0334506 0.076552 -0.0372347
Info: LARGEST PATCH (0) HAS 2801 ATOMS
Info: TORUS A SIZE 1 USING 0
Info: TORUS B SIZE 1 USING 0
Info: TORUS C SIZE 1 USING 0
Info: TORUS MINIMAL MESH SIZE IS 1 BY 1 BY 1
Info: Placed 100% of base nodes on same physical node as patch
Info: Startup phase 6 took 0.00103676 s, 0.310493 MB of memory in use
Info: PME using 1 and 1 processors for FFT and reciprocal sum.
Info: PME GRID LOCATIONS: 0
Info: PME TRANS LOCATIONS: 0
Info: PME USING 1 GRID NODES AND 1 TRANS NODES
Info: Optimizing 4 FFT steps.  1... 2... 3... 4...   Done.
Info: Startup phase 7 took 0.000336598 s, 0.310493 MB of memory in use
Info: Startup phase 8 took 8.735e-06 s, 0.310493 MB of memory in use
Info: Startup phase 9 took 7.3e-06 s, 0.310493 MB of memory in use
Info: Startup phase 10 took 6.743e-06 s, 0.310493 MB of memory in use
Info: Startup phase 11 took 7.605e-06 s, 0.310493 MB of memory in use
LDB: Central LB being created...
Info: Startup phase 12 took 1.5355e-05 s, 0.310493 MB of memory in use
Info: CREATING 71 COMPUTE OBJECTS
Info: Startup phase 13 took 0.000974055 s, 0.310493 MB of memory in use
Info: Startup phase 14 took 2.9834e-05 s, 0.310493 MB of memory in use
Info: Startup phase 15 took 1.2953e-05 s, 0.310493 MB of memory in use
Info: Finished startup at 19.0196 s, 0.310493 MB of memory in use

ETITLE:      TS           BOND          ANGLE          DIHED          IMPRP               ELECT            VDW       BOUNDARY           MISC        KINETIC               TOTAL           TEMP      POTENTIAL         TOTAL3        TEMPAVG            PRESSURE      GPRESSURE         VOLUME       PRESSAVG      GPRESSAVG

ENERGY:       0      2629.6381       964.6770       149.9487         2.8053        -247574.1216      5353.0355      1044.3590      -622.1846      6856.9969        -231194.8457       293.7179   -238051.8426   -231091.8623       293.7179           2889.0014       330.1474     82512.5189      2889.0014       330.1474

OPENING EXTENDED SYSTEM TRAJECTORY FILE
LDB: ============= START OF LOAD BALANCING ============== 19.4077
LDB: ============== END OF LOAD BALANCING =============== 19.4077
LDB: =============== DONE WITH MIGRATION ================ 19.4077
LDB: ============= START OF LOAD BALANCING ============== 20.523
LDB: ============== END OF LOAD BALANCING =============== 20.523
LDB: =============== DONE WITH MIGRATION ================ 20.5231
Info: Initial time: 1 CPUs 0.0149927 s/step 0.173527 days/ns 0.310493 MB memory
TIMING: 100  CPU: 1.56385, 0.0149967/step  Wall: 1.56623, 0.0149948/step, 0.00374871 hours remaining, 0.310493 MB of memory in use.
PERFORMANCE: 100  averaging 5.76199 ns/day, 0.0149948 sec/step with standard deviation 0
ENERGY:     100      2772.7415      1034.5848       145.8216         9.5934        -246420.5671      5511.8179      1086.4078     -2963.2070      7572.3048        -231250.5023       324.3579   -238822.8071   -231146.3428       313.9584           4029.1548      1600.6895     82512.5189      1614.1296      1611.1438

WRITING EXTENDED SYSTEM TO RESTART FILE AT STEP 100
OPENING COORDINATE DCD FILE
WRITING COORDINATES TO DCD FILE run0.dcd AT STEP 100
WRITING COORDINATES TO RESTART FILE AT STEP 100
FINISHED WRITING RESTART COORDINATES
The last position output (seq=100) takes 0.001 seconds, 0.310 MB of memory in use
WRITING VELOCITIES TO RESTART FILE AT STEP 100
FINISHED WRITING RESTART VELOCITIES
The last velocity output (seq=100) takes 0.000 seconds, 0.310 MB of memory in use
LDB: ============= START OF LOAD BALANCING ============== 20.8113
LDB: ============== END OF LOAD BALANCING =============== 20.8113
LDB: =============== DONE WITH MIGRATION ================ 20.8113
LDB: ============= START OF LOAD BALANCING ============== 21.9106
LDB: ============== END OF LOAD BALANCING =============== 21.9107
LDB: =============== DONE WITH MIGRATION ================ 21.9107
Info: Initial time: 1 CPUs 0.0138745 s/step 0.160585 days/ns 0.310493 MB memory
TIMING: 200  CPU: 2.95115, 0.0138731/step  Wall: 2.95389, 0.0138766/step, 0.00308369 hours remaining, 0.310493 MB of memory in use.
PERFORMANCE: 200  averaging 5.98515 ns/day, 0.0144357 sec/step with standard deviation 0.000790695
ENERGY:     200      2821.7334      1032.0709       151.1176         6.1536        -245785.9158      5571.9959      1125.2633     -4138.1953      7942.6014        -231273.1750       340.2195   -239215.7765   -231164.5962       330.1426           3522.3532      1787.1809     82512.5189      2215.1962      2217.9038

WRITING EXTENDED SYSTEM TO RESTART FILE AT STEP 200
WRITING COORDINATES TO DCD FILE run0.dcd AT STEP 200
WRITING COORDINATES TO RESTART FILE AT STEP 200
FINISHED WRITING RESTART COORDINATES
The last position output (seq=200) takes 0.000 seconds, 0.310 MB of memory in use
WRITING VELOCITIES TO RESTART FILE AT STEP 200
FINISHED WRITING RESTART VELOCITIES
The last velocity output (seq=200) takes 0.000 seconds, 0.310 MB of memory in use
LDB: ============= START OF LOAD BALANCING ============== 23.2811
LDB: ============== END OF LOAD BALANCING =============== 23.2811
LDB: =============== DONE WITH MIGRATION ================ 23.2811
Info: Initial time: 1 CPUs 0.0137067 s/step 0.158642 days/ns 0.310493 MB memory
TIMING: 300  CPU: 4.3216, 0.0137045/step  Wall: 4.3247, 0.013708/step, 0.00266545 hours remaining, 0.310493 MB of memory in use.
PERFORMANCE: 300  averaging 6.08744 ns/day, 0.0141932 sec/step with standard deviation 0.000699362
ENERGY:     300      2886.4445      1038.1562       166.9402         6.3337        -245432.5305      5772.0174      1117.5341     -5052.3037      8148.9710        -231348.4369       349.0593   -239497.4079   -231244.6684       344.1834           5682.0611      3705.1053     82512.5189      2801.7899      2805.6992

WRITING EXTENDED SYSTEM TO RESTART FILE AT STEP 300
WRITING COORDINATES TO DCD FILE run0.dcd AT STEP 300
WRITING COORDINATES TO RESTART FILE AT STEP 300
FINISHED WRITING RESTART COORDINATES
The last position output (seq=300) takes 0.001 seconds, 0.310 MB of memory in use
WRITING VELOCITIES TO RESTART FILE AT STEP 300
FINISHED WRITING RESTART VELOCITIES
The last velocity output (seq=300) takes 0.000 seconds, 0.310 MB of memory in use
LDB: ============= START OF LOAD BALANCING ============== 24.6736
LDB: ============== END OF LOAD BALANCING =============== 24.6737
LDB: =============== DONE WITH MIGRATION ================ 24.6737
Info: Benchmark time: 1 CPUs 0.0139243 s/step 0.161161 days/ns 0.310493 MB memory
TIMING: 400  CPU: 5.71378, 0.0139218/step  Wall: 5.71727, 0.0139257/step, 0.00232095 hours remaining, 0.310493 MB of memory in use.
PERFORMANCE: 400  averaging 6.11625 ns/day, 0.0141263 sec/step with standard deviation 0.000586476
ENERGY:     400      2907.4800      1093.4830       156.9238         7.0207        -245114.0350      5813.9929      1150.5622     -5789.2952      8412.9285        -231360.9392       360.3659   -239773.8677   -231258.8965       354.8664           6018.5696      3793.3475     82512.5189      3893.4689      3887.4198

WRITING EXTENDED SYSTEM TO RESTART FILE AT STEP 400
WRITING COORDINATES TO DCD FILE run0.dcd AT STEP 400
WRITING COORDINATES TO RESTART FILE AT STEP 400
FINISHED WRITING RESTART COORDINATES
The last position output (seq=400) takes 0.001 seconds, 0.310 MB of memory in use
WRITING VELOCITIES TO RESTART FILE AT STEP 400
FINISHED WRITING RESTART VELOCITIES
The last velocity output (seq=400) takes 0.000 seconds, 0.310 MB of memory in use
Info: Benchmark time: 1 CPUs 0.0139843 s/step 0.161855 days/ns 0.310493 MB memory
TIMING: 500  CPU: 7.11191, 0.0139812/step  Wall: 7.11577, 0.013985/step, 0.00194236 hours remaining, 0.310493 MB of memory in use.
PERFORMANCE: 500  averaging 6.12851 ns/day, 0.014098 sec/step with standard deviation 0.00051182
ENERGY:     500      2900.1985      1102.0350       159.6035         5.8975        -244971.7411      5868.7650      1203.6657     -6289.1491      8617.1402        -231403.5849       369.1132   -240020.7251   -231301.1694       363.4335           6266.0058      4257.3258     82512.5189      3861.9939      3867.0228

WRITING EXTENDED SYSTEM TO RESTART FILE AT STEP 500
WRITING COORDINATES TO DCD FILE run0.dcd AT STEP 500
WRITING COORDINATES TO RESTART FILE AT STEP 500
FINISHED WRITING RESTART COORDINATES
The last position output (seq=500) takes 0.001 seconds, 0.310 MB of memory in use
WRITING VELOCITIES TO RESTART FILE AT STEP 500
FINISHED WRITING RESTART VELOCITIES
The last velocity output (seq=500) takes 0.000 seconds, 0.310 MB of memory in use
Info: Benchmark time: 1 CPUs 0.0140064 s/step 0.162111 days/ns 0.310493 MB memory
TIMING: 600  CPU: 8.51225, 0.0140034/step  Wall: 8.51648, 0.0140071/step, 0.00155634 hours remaining, 0.310493 MB of memory in use.
PERFORMANCE: 600  averaging 6.13511 ns/day, 0.0140829 sec/step with standard deviation 0.000459289
ENERGY:     600      2914.8243      1075.1305       161.5474         7.5434        -244843.7484      6013.7178      1185.1563     -6777.4028      8840.6693        -231422.5620       378.6880   -240263.2313   -231323.5180       373.8092           7490.3510      4832.8427     82512.5189      4617.0394      4614.8107

WRITING EXTENDED SYSTEM TO RESTART FILE AT STEP 600
WRITING COORDINATES TO DCD FILE run0.dcd AT STEP 600
WRITING COORDINATES TO RESTART FILE AT STEP 600
FINISHED WRITING RESTART COORDINATES
The last position output (seq=600) takes 0.001 seconds, 0.310 MB of memory in use
WRITING VELOCITIES TO RESTART FILE AT STEP 600
FINISHED WRITING RESTART VELOCITIES
Info: Benchmark time: 1 CPUs 0.0140676 s/step 0.162819 days/ns 0.310493 MB memory
TIMING: 700  CPU: 9.91857, 0.0140632/step  Wall: 9.9233, 0.0140683/step, 0.00117235 hours remaining, 0.310493 MB of memory in use.
PERFORMANCE: 700  averaging 6.13602 ns/day, 0.0140808 sec/step with standard deviation 0.000419308
ENERGY:     700      2921.9596      1124.6060       144.5260         4.9889        -244583.3307      5987.8362      1196.0099     -7166.3748      8880.6219        -231489.1570       380.3994   -240369.7789   -231396.5845       378.8556           7988.2535      5233.2042     82512.5189      5178.9256      5165.2687

WRITING EXTENDED SYSTEM TO RESTART FILE AT STEP 700
WRITING COORDINATES TO DCD FILE run0.dcd AT STEP 700
WRITING COORDINATES TO RESTART FILE AT STEP 700
FINISHED WRITING RESTART COORDINATES
The last position output (seq=700) takes 0.001 seconds, 0.310 MB of memory in use
WRITING VELOCITIES TO RESTART FILE AT STEP 700
FINISHED WRITING RESTART VELOCITIES
Info: Benchmark time: 1 CPUs 0.0140706 s/step 0.162854 days/ns 0.310493 MB memory
TIMING: 800  CPU: 11.3253, 0.0140674/step  Wall: 11.3304, 0.0140712/step, 0.000781735 hours remaining, 0.310493 MB of memory in use.
PERFORMANCE: 800  averaging 6.13654 ns/day, 0.0140796 sec/step with standard deviation 0.000388219
ENERGY:     800      2922.1323      1122.2056       142.8231         4.9510        -244385.3137      5979.4027      1214.1772     -7469.5821      8894.4723        -231574.7315       380.9927   -240469.2038   -231480.8859       381.5794           7377.2394      5223.6541     82512.5189      5286.2911      5284.8011

WRITING EXTENDED SYSTEM TO RESTART FILE AT STEP 800
WRITING COORDINATES TO DCD FILE run0.dcd AT STEP 800
WRITING COORDINATES TO RESTART FILE AT STEP 800
FINISHED WRITING RESTART COORDINATES
The last position output (seq=800) takes 0.001 seconds, 0.310 MB of memory in use
WRITING VELOCITIES TO RESTART FILE AT STEP 800
FINISHED WRITING RESTART VELOCITIES
Info: Benchmark time: 1 CPUs 0.0141411 s/step 0.16367 days/ns 0.310493 MB memory
TIMING: 900  CPU: 12.7391, 0.014138/step  Wall: 12.7446, 0.0141418/step, 0.000392826 hours remaining, 0.310493 MB of memory in use.
PERFORMANCE: 900  averaging 6.13353 ns/day, 0.0140865 sec/step with standard deviation 0.000363736
ENERGY:     900      2993.5811      1077.6716       151.7853         5.7821        -244017.5016      5673.2843      1187.7739     -7717.3414      9028.1416        -231616.8231       386.7184   -240644.9647   -231518.9411       384.2049           6496.7773      4575.0489     82512.5189      4593.4215      4593.5655

WRITING EXTENDED SYSTEM TO RESTART FILE AT STEP 900
WRITING COORDINATES TO DCD FILE run0.dcd AT STEP 900
WRITING COORDINATES TO RESTART FILE AT STEP 900
FINISHED WRITING RESTART COORDINATES
The last position output (seq=900) takes 0.001 seconds, 0.310 MB of memory in use
WRITING VELOCITIES TO RESTART FILE AT STEP 900
FINISHED WRITING RESTART VELOCITIES
TIMING: 1000  CPU: 14.1423, 0.0140317/step  Wall: 14.1482, 0.0140365/step, 0 hours remaining, 0.310493 MB of memory in use.
PERFORMANCE: 1000  averaging 6.13571 ns/day, 0.0140815 sec/step with standard deviation 0.000343298
ETITLE:      TS           BOND          ANGLE          DIHED          IMPRP               ELECT            VDW       BOUNDARY           MISC        KINETIC               TOTAL           TEMP      POTENTIAL         TOTAL3        TEMPAVG            PRESSURE      GPRESSURE         VOLUME       PRESSAVG      GPRESSAVG

ENERGY:    1000      3050.0610      1070.8447       145.0795         5.9550        -244046.1254      5862.6238      1254.4634     -8040.0840      9011.2832        -231685.8988       385.9963   -240697.1820   -231593.1818       386.8371           6835.3844      5223.8039     82512.5189      5206.8648      5210.3625

WRITING EXTENDED SYSTEM TO RESTART FILE AT STEP 1000
WRITING COORDINATES TO DCD FILE run0.dcd AT STEP 1000
WRITING COORDINATES TO RESTART FILE AT STEP 1000
FINISHED WRITING RESTART COORDINATES
The last position output (seq=1000) takes 0.001 seconds, 0.310 MB of memory in use
WRITING VELOCITIES TO RESTART FILE AT STEP 1000
FINISHED WRITING RESTART VELOCITIES
WRITING EXTENDED SYSTEM TO OUTPUT FILE AT STEP 1000
CLOSING EXTENDED SYSTEM TRAJECTORY FILE
WRITING COORDINATES TO OUTPUT FILE AT STEP 1000
CLOSING COORDINATE DCD FILE run0.dcd
WRITING VELOCITIES TO OUTPUT FILE AT STEP 1000
====================================================

WallClock: 33.191929  CPUTime: 33.139114  Memory: 0.310493 MB
[Partition 0][Node 0] End of program
