Charm++> No provisioning arguments specified. Running with a single PE.
         Use +auto-provision to fully subscribe resources or +p1 to silence this message.
Charm++: standalone mode (not using charmrun)
Charm++> Running in Multicore mode: 1 threads (PEs)
Charm++> Using recursive bisection (scheme 3) for topology aware partitions
Converse/Charm++ Commit ID: 
CharmLB> Load balancer assumes all CPUs are same.
Charm++> Running on 1 hosts (1 sockets x 6 cores x 2 PUs = 12-way SMP)
Charm++> cpu topology info is gathered in 0.003 seconds.
CharmLB> Load balancing instrumentation for communication is off.
Info: NAMD 3.0.1 for Linux-x86_64-multicore
Info: 
Info: Please visit http://www.ks.uiuc.edu/Research/namd/
Info: for updates, documentation, and support information.
Info: 
Info: Please cite Phillips et al., J. Chem. Phys. 153:044130 (2020) doi:10.1063/5.0014475
Info: in all publications reporting results obtained with NAMD.
Info: 
Info: Based on Charm++/Converse 80000 for multicore-linux-x86_64-gcc
Info: Built Mon Oct 14 11:11:06 CDT 2024 by dhardy on athine.ks.uiuc.edu
Info: 1 NAMD  3.0.1  Linux-x86_64-multicore  1    pc1b-02  convidat
Info: Running on 1 processors, 1 nodes, 1 physical nodes.
Info: CPU topology information available.
Info: Charm++/Converse parallel runtime startup completed at 0.00604731 s
CkLoopLib is used in SMP with simple dynamic scheduling (converse-level notification)
Info: 25.8086 MB of memory in use based on /proc/self/stat
Info: Configuration file is run0.namd
Info: Working in the current directory /home/samba/homes/convidat/Desktop/bionano-tutorial-files/4_current/4.2
TCL: Suspending until startup complete.
Warning: Option "1-4scaling" has been deprecated. Instead use "oneFourScaling".
Info: EXTENDED SYSTEM FILE   eq2.xsc
Warning: The Langevin gamma parameters differ over the particles,
Warning: requiring extra work per step to constrain rigid bonds.
Info: SIMULATION PARAMETERS:
Info: TIMESTEP               1
Info: NUMBER OF STEPS        1000
Info: STEPS PER CYCLE        20
Info: PERIODIC CELL BASIS 1  33.1925 19.16 0
Info: PERIODIC CELL BASIS 2  0 38.3199 0
Info: PERIODIC CELL BASIS 3  0 0 44.2066
Info: PERIODIC CELL CENTER   0 0 0
Info: WRAPPING ALL CLUSTERS AROUND PERIODIC BOUNDARIES ON OUTPUT.
Info: WRAPPING TO IMAGE NEAREST TO PERIODIC CELL CENTER.
Info: LOAD BALANCER  Centralized
Info: LOAD BALANCING STRATEGY  New Load Balancers -- DEFAULT
Info: LDB PERIOD             4000 steps
Info: FIRST LDB TIMESTEP     100
Info: LAST LDB TIMESTEP     -1
Info: LDB BACKGROUND SCALING 1
Info: HOM BACKGROUND SCALING 1
Info: PME BACKGROUND SCALING 1
Info: MIN ATOMS PER PATCH    40
Info: EMPTY PATCH LOAD       40 ATOMS
Info: VELOCITY FILE          eq2.vel
Info: CENTER OF MASS MOVING INITIALLY? NO
Info: DIELECTRIC             1
Info: EXCLUDE                SCALED ONE-FOUR
Info: 1-4 ELECTROSTATICS SCALED BY 1
Info: MODIFIED 1-4 VDW PARAMETERS WILL BE USED
Info: DCD FILENAME           run0.dcd
Info: DCD FREQUENCY          100
Info: DCD FIRST STEP         100
Info: DCD FILE WILL CONTAIN UNIT CELL DATA
Info: XST FILENAME           run0.xst
Info: XST FREQUENCY          100
Info: NO VELOCITY DCD OUTPUT
Info: NO FORCE DCD OUTPUT
Info: OUTPUT FILENAME        run0
Info: BINARY OUTPUT FILES WILL BE USED
Info: RESTART FILENAME       run0.restart
Info: RESTART FREQUENCY      100
Info: BINARY RESTART FILES WILL BE USED
Info: SWITCHING ACTIVE
Info: SWITCHING ON           10
Info: SWITCHING OFF          12
Info: PAIRLIST DISTANCE      12
Info: PAIRLIST SHRINK RATE   0.01
Info: PAIRLIST GROW RATE     0.01
Info: PAIRLIST TRIGGER       0.3
Info: PAIRLISTS PER CYCLE    2
Info: PAIRLISTS ENABLED
Info: MARGIN                 3
Info: HYDROGEN GROUP CUTOFF  2.5
Info: PATCH DIMENSION        17.5
Info: ENERGY OUTPUT STEPS    100
Info: ENERGY EVALUATION STEPS    100
Info: OUTPUT ENERGY PRECISION 4
Info: CROSSTERM ENERGY INCLUDED IN DIHEDRAL
Info: TIMING OUTPUT STEPS    100
Info: HARMONIC CONSTRAINTS ACTIVE
Info: HARMONIC CONS EXP      2
Info: ELECTRIC FIELD ACTIVE
Info: E-FIELD VECTOR         (0, 0, 9.389)
Info: E-FIELD FREQUENCY IS (1/ps) 0
Info: E-FIELD PHASE IS     (deg)  0
Info: LANGEVIN DYNAMICS ACTIVE
Info: LANGEVIN TEMPERATURE   295
Info: LANGEVIN USING BBK INTEGRATOR
Info: LANGEVIN DAMPING COEFFICIENTS DETERMINED FROM FILES
Info: LANGEVIN DAMPING FILE:  siliconRest_1.0.pdb
Info: LANGEVIN DAMPING COLUMN:  B
Info: PARTICLE MESH EWALD (PME) ACTIVE
Info: PME TOLERANCE               1e-06
Info: PME EWALD COEFFICIENT       0.257952
Info: PME INTERPOLATION ORDER     4
Info: PME GRID DIMENSIONS         48 48 64
Info: PME MAXIMUM GRID SPACING    1.5
Info: Attempting to read FFTW data from FFTW_NAMD_3.0.1_Linux-x86_64-multicore.txt
Info: Optimizing 6 FFT steps.  1... 2... 3... 4... 5... 6...   Done.
Info: Writing FFTW data to FFTW_NAMD_3.0.1_Linux-x86_64-multicore.txt
Info: FULL ELECTROSTATIC EVALUATION FREQUENCY      4
Info: USING VERLET I (r-RESPA) MTS SCHEME.
Info: C1 SPLITTING OF LONG RANGE ELECTROSTATICS
Info: PLACING ATOMS IN PATCHES BY HYDROGEN GROUPS
Info: NONBONDED FORCES EVALUATED EVERY 2 STEPS
Info: RANDOM NUMBER SEED     1750851998
Info: USE HYDROGEN BONDS?    NO
Info: COORDINATE PDB         poro_ion.pdb
Info: STRUCTURE FILE         poro_ion.psf
Info: PARAMETER file: CHARMM format! 
Info: PARAMETERS             cornell.prm
Info: PARAMETERS             par_silicon_ions_NEW5.inp
Info: USING ARITHMETIC MEAN TO COMBINE L-J SIGMA PARAMETERS
Info: BINARY COORDINATES     eq2.coor
Info: SUMMARY OF PARAMETERS:
Info: 96 BONDS
Info: 229 ANGLES
Info: 81 DIHEDRAL
Info: 31 IMPROPER
Info: 0 CROSSTERM
Info: 62 VDW
Info: 0 VDW_PAIRS
Info: 0 NBTHOLE_PAIRS
Info: TIME FOR READING PSF FILE: 0.00924921
Info: Reading pdb file poro_ion.pdb
Info: TIME FOR READING PDB FILE: 0.00335941
Info: 
Info: ****************************
Info: STRUCTURE SUMMARY:
Info: 5343 ATOMS
Info: 5136 BONDS
Info: 7949 ANGLES
Info: 0 DIHEDRALS
Info: 0 IMPROPERS
Info: 0 CROSSTERMS
Info: 0 EXCLUSIONS
Info: 1814 CONSTRAINTS
Info: 16029 DEGREES OF FREEDOM
Info: 3121 HYDROGEN GROUPS
Info: 3 ATOMS IN LARGEST HYDROGEN GROUP
Info: 3121 MIGRATION GROUPS
Info: 3 ATOMS IN LARGEST MIGRATION GROUP
Info: TOTAL MASS = 63654.5 amu
Info: TOTAL CHARGE = 7.89165e-05 e
Info: MASS DENSITY = 1.87991 g/cm^3
Info: ATOM DENSITY = 0.0950241 atoms/A^3
Info: *****************************
Info: Reading from binary file eq2.coor
Info: 
Info: Entering startup at 0.0343757 s, 1.16354 MB of memory in use
Info: Startup phase 0 took 1.8747e-05 s, 1.16354 MB of memory in use
Info: ADDED 26745 IMPLICIT EXCLUSIONS
Info: Startup phase 1 took 0.00348321 s, 1.16354 MB of memory in use
Info: NONBONDED TABLE R-SQUARED SPACING: 0.0625
Info: NONBONDED TABLE SIZE: 769 POINTS
Info: INCONSISTENCY IN FAST TABLE ENERGY VS FORCE: 0.000325096 AT 11.9556
Info: INCONSISTENCY IN SCOR TABLE ENERGY VS FORCE: 0.000324844 AT 11.9556
Info: INCONSISTENCY IN VDWA TABLE ENERGY VS FORCE: 0.0040507 AT 0.251946
Info: INCONSISTENCY IN VDWB TABLE ENERGY VS FORCE: 0.00150189 AT 0.251946
Info: Startup phase 2 took 0.0002149 s, 1.16354 MB of memory in use
Info: Startup phase 3 took 1.0396e-05 s, 1.16354 MB of memory in use
Info: Startup phase 4 took 1.2548e-05 s, 1.16354 MB of memory in use
Info: Startup phase 5 took 6.92e-06 s, 1.16354 MB of memory in use
Info: PATCH GRID IS 1 (PERIODIC) BY 1 (PERIODIC) BY 2 (PERIODIC)
Info: PATCH GRID IS 1-AWAY BY 1-AWAY BY 1-AWAY
Info: Reading from binary file eq2.vel
Info: REMOVING COM VELOCITY -0.0246025 -0.00230318 -0.0647211
Info: LARGEST PATCH (1) HAS 2696 ATOMS
Info: TORUS A SIZE 1 USING 0
Info: TORUS B SIZE 1 USING 0
Info: TORUS C SIZE 1 USING 0
Info: TORUS MINIMAL MESH SIZE IS 1 BY 1 BY 1
Info: Placed 100% of base nodes on same physical node as patch
Info: Startup phase 6 took 0.000676713 s, 1.16354 MB of memory in use
Info: PME using 1 and 1 processors for FFT and reciprocal sum.
Info: PME GRID LOCATIONS: 0
Info: PME TRANS LOCATIONS: 0
Info: PME USING 1 GRID NODES AND 1 TRANS NODES
Info: Optimizing 4 FFT steps.  1... 2... 3... 4...   Done.
Info: Startup phase 7 took 0.000324861 s, 1.16354 MB of memory in use
Info: Startup phase 8 took 8.608e-06 s, 1.16354 MB of memory in use
Info: Startup phase 9 took 6.996e-06 s, 1.16354 MB of memory in use
Info: Startup phase 10 took 9.323e-06 s, 1.16354 MB of memory in use
Info: Startup phase 11 took 7.652e-06 s, 1.16354 MB of memory in use
LDB: Central LB being created...
Info: Startup phase 12 took 1.3676e-05 s, 1.16354 MB of memory in use
Info: CREATING 49 COMPUTE OBJECTS
Info: Startup phase 13 took 6.9001e-05 s, 1.16354 MB of memory in use
Info: Startup phase 14 took 7.383e-06 s, 1.16354 MB of memory in use
Info: Startup phase 15 took 7.534e-06 s, 1.16354 MB of memory in use
Info: Finished startup at 0.0392541 s, 1.16354 MB of memory in use

ETITLE:      TS           BOND          ANGLE          DIHED          IMPRP               ELECT            VDW       BOUNDARY           MISC        KINETIC               TOTAL           TEMP      POTENTIAL         TOTAL3        TEMPAVG            PRESSURE      GPRESSURE         VOLUME       PRESSAVG      GPRESSAVG

ENERGY:       0      1901.1493       475.6053         0.0000         0.0000        -251089.6161      4462.3440       978.4904     -1706.3256      4709.8469        -240268.5058       295.7268   -244978.3528   -240204.9231       295.7268           2696.1932         0.9158     56227.8601      2696.1932         0.9158

OPENING EXTENDED SYSTEM TRAJECTORY FILE
LDB: ============= START OF LOAD BALANCING ============== 0.321935
LDB: ============== END OF LOAD BALANCING =============== 0.321956
LDB: =============== DONE WITH MIGRATION ================ 0.321981
LDB: ============= START OF LOAD BALANCING ============== 1.14585
LDB: ============== END OF LOAD BALANCING =============== 1.14588
LDB: =============== DONE WITH MIGRATION ================ 1.14593
Info: Initial time: 1 CPUs 0.0110758 s/step 0.128192 days/ns 1.16354 MB memory
TIMING: 100  CPU: 1.15466, 0.0110754/step  Wall: 1.15499, 0.0110777/step, 0.00276941 hours remaining, 1.163536 MB of memory in use.
PERFORMANCE: 100  averaging 7.79948 ns/day, 0.0110777 sec/step with standard deviation 0
ENERGY:     100      2053.5101       577.1841         0.0000         0.0000        -250026.6836      5072.0706      1093.9110     -4837.4853      5660.7514        -240406.7418       355.4332   -246067.4932   -240340.7395       337.8061           6299.9750      4805.6000     56227.8601      3732.5377      3728.4716

WRITING EXTENDED SYSTEM TO RESTART FILE AT STEP 100
OPENING COORDINATE DCD FILE
WRITING COORDINATES TO DCD FILE run0.dcd AT STEP 100
WRITING COORDINATES TO RESTART FILE AT STEP 100
FINISHED WRITING RESTART COORDINATES
The last position output (seq=100) takes 0.000 seconds, 1.164 MB of memory in use
WRITING VELOCITIES TO RESTART FILE AT STEP 100
FINISHED WRITING RESTART VELOCITIES
The last velocity output (seq=100) takes 0.000 seconds, 1.164 MB of memory in use
LDB: ============= START OF LOAD BALANCING ============== 1.35593
LDB: ============== END OF LOAD BALANCING =============== 1.35595
LDB: =============== DONE WITH MIGRATION ================ 1.35597
LDB: ============= START OF LOAD BALANCING ============== 2.19907
LDB: ============== END OF LOAD BALANCING =============== 2.19911
LDB: =============== DONE WITH MIGRATION ================ 2.19915
Info: Initial time: 1 CPUs 0.0105665 s/step 0.122297 days/ns 1.16354 MB memory
TIMING: 200  CPU: 2.21103, 0.0105637/step  Wall: 2.21183, 0.0105683/step, 0.00234852 hours remaining, 1.163536 MB of memory in use.
PERFORMANCE: 200  averaging 7.983 ns/day, 0.010823 sec/step with standard deviation 0.000360142
ENERGY:     200      2131.0358       582.3870         0.0000         0.0000        -249568.5374      5384.0440      1173.5684     -6288.1003      6094.9292        -240490.6733       382.6949   -246585.6025   -240426.5468       371.3127           8540.5660      7176.4503     56227.8601      6623.0905      6636.3900

WRITING EXTENDED SYSTEM TO RESTART FILE AT STEP 200
WRITING COORDINATES TO DCD FILE run0.dcd AT STEP 200
WRITING COORDINATES TO RESTART FILE AT STEP 200
FINISHED WRITING RESTART COORDINATES
The last position output (seq=200) takes 0.000 seconds, 1.164 MB of memory in use
WRITING VELOCITIES TO RESTART FILE AT STEP 200
FINISHED WRITING RESTART VELOCITIES
The last velocity output (seq=200) takes 0.000 seconds, 1.164 MB of memory in use
LDB: ============= START OF LOAD BALANCING ============== 3.2771
LDB: ============== END OF LOAD BALANCING =============== 3.27713
LDB: =============== DONE WITH MIGRATION ================ 3.27717
Info: Initial time: 1 CPUs 0.0107458 s/step 0.124372 days/ns 1.16354 MB memory
TIMING: 300  CPU: 3.28545, 0.0107442/step  Wall: 3.28653, 0.010747/step, 0.00208969 hours remaining, 1.163536 MB of memory in use.
PERFORMANCE: 300  averaging 8.00173 ns/day, 0.0107977 sec/step with standard deviation 0.000258412
ENERGY:     300      2179.6596       577.7122         0.0000         0.0000        -249261.3456      5610.5122      1169.2278     -7251.1008      6400.1675        -240575.1671       401.8605   -246975.3346   -240512.0273       392.9187          11528.1496      9384.7295     56227.8601      8638.0523      8626.6513

WRITING EXTENDED SYSTEM TO RESTART FILE AT STEP 300
WRITING COORDINATES TO DCD FILE run0.dcd AT STEP 300
WRITING COORDINATES TO RESTART FILE AT STEP 300
FINISHED WRITING RESTART COORDINATES
The last position output (seq=300) takes 0.000 seconds, 1.164 MB of memory in use
WRITING VELOCITIES TO RESTART FILE AT STEP 300
FINISHED WRITING RESTART VELOCITIES
The last velocity output (seq=300) takes 0.000 seconds, 1.164 MB of memory in use
LDB: ============= START OF LOAD BALANCING ============== 4.31655
LDB: ============== END OF LOAD BALANCING =============== 4.31658
LDB: =============== DONE WITH MIGRATION ================ 4.31662
Info: Benchmark time: 1 CPUs 0.0103954 s/step 0.120317 days/ns 1.16354 MB memory
TIMING: 400  CPU: 4.32482, 0.0103937/step  Wall: 4.32619, 0.0103966/step, 0.00173277 hours remaining, 1.163536 MB of memory in use.
PERFORMANCE: 400  averaging 8.07673 ns/day, 0.0106974 sec/step with standard deviation 0.000291079
ENERGY:     400      2245.2814       626.8737         0.0000         0.0000        -249079.4303      5774.5580      1218.0976     -8015.4939      6606.2905        -240623.8231       414.8027   -247230.1136   -240567.5694       408.8864          12897.9949     10803.0911     56227.8601     10406.8026     10402.1338

WRITING EXTENDED SYSTEM TO RESTART FILE AT STEP 400
WRITING COORDINATES TO DCD FILE run0.dcd AT STEP 400
WRITING COORDINATES TO RESTART FILE AT STEP 400
FINISHED WRITING RESTART COORDINATES
The last position output (seq=400) takes 0.000 seconds, 1.164 MB of memory in use
WRITING VELOCITIES TO RESTART FILE AT STEP 400
FINISHED WRITING RESTART VELOCITIES
The last velocity output (seq=400) takes 0.000 seconds, 1.164 MB of memory in use
Info: Benchmark time: 1 CPUs 0.0104224 s/step 0.12063 days/ns 1.16354 MB memory
TIMING: 500  CPU: 5.36684, 0.0104202/step  Wall: 5.36849, 0.010423/step, 0.00144764 hours remaining, 1.163536 MB of memory in use.
PERFORMANCE: 500  averaging 8.11837 ns/day, 0.0106425 sec/step with standard deviation 0.000280364
ENERGY:     500      2279.3208       620.3162         0.0000         0.0000        -248794.9850      5787.4071      1189.3910     -8605.7517      6742.2378        -240782.0638       423.3387   -247524.3016   -240717.1438       423.5236          12178.4319     10541.0668     56227.8601     10496.5107     10495.4332

WRITING EXTENDED SYSTEM TO RESTART FILE AT STEP 500
WRITING COORDINATES TO DCD FILE run0.dcd AT STEP 500
WRITING COORDINATES TO RESTART FILE AT STEP 500
FINISHED WRITING RESTART COORDINATES
The last position output (seq=500) takes 0.000 seconds, 1.164 MB of memory in use
WRITING VELOCITIES TO RESTART FILE AT STEP 500
FINISHED WRITING RESTART VELOCITIES
The last velocity output (seq=500) takes 0.000 seconds, 1.164 MB of memory in use
Info: Benchmark time: 1 CPUs 0.0104598 s/step 0.121062 days/ns 1.16354 MB memory
TIMING: 600  CPU: 6.41257, 0.0104573/step  Wall: 6.41453, 0.0104604/step, 0.00116226 hours remaining, 1.163536 MB of memory in use.
PERFORMANCE: 600  averaging 8.1416 ns/day, 0.0106122 sec/step with standard deviation 0.000261558
ENERGY:     600      2238.5271       600.2766         0.0000         0.0000        -248584.9685      5780.0250      1196.1959     -9036.7776      6933.9321        -240872.7893       435.3751   -247806.7215   -240809.5269       428.9375          13285.8113     11856.0486     56227.8601     11511.1128     11511.3770

WRITING EXTENDED SYSTEM TO RESTART FILE AT STEP 600
WRITING COORDINATES TO DCD FILE run0.dcd AT STEP 600
WRITING COORDINATES TO RESTART FILE AT STEP 600
FINISHED WRITING RESTART COORDINATES
The last position output (seq=600) takes 0.000 seconds, 1.164 MB of memory in use
WRITING VELOCITIES TO RESTART FILE AT STEP 600
FINISHED WRITING RESTART VELOCITIES
Info: Benchmark time: 1 CPUs 0.0108355 s/step 0.125411 days/ns 1.16354 MB memory
TIMING: 700  CPU: 7.49373, 0.0108116/step  Wall: 7.49814, 0.0108361/step, 0.000903007 hours remaining, 1.163536 MB of memory in use.
PERFORMANCE: 700  averaging 8.11713 ns/day, 0.0106442 sec/step with standard deviation 0.000253324
ENERGY:     700      2299.7067       576.4905         0.0000         0.0000        -248520.0171      5849.0168      1233.0089     -9537.6756      7111.6218        -240987.8481       446.5320   -248099.4699   -240926.0954       441.7190          13494.9413     12213.5075     56227.8601     11956.2983     11963.3382

WRITING EXTENDED SYSTEM TO RESTART FILE AT STEP 700
WRITING COORDINATES TO DCD FILE run0.dcd AT STEP 700
WRITING COORDINATES TO RESTART FILE AT STEP 700
FINISHED WRITING RESTART COORDINATES
The last position output (seq=700) takes 0.000 seconds, 1.164 MB of memory in use
WRITING VELOCITIES TO RESTART FILE AT STEP 700
FINISHED WRITING RESTART VELOCITIES
Info: Benchmark time: 1 CPUs 0.010733 s/step 0.124224 days/ns 1.16354 MB memory
TIMING: 800  CPU: 8.56678, 0.0107305/step  Wall: 8.57149, 0.0107335/step, 0.000596307 hours remaining, 1.163536 MB of memory in use.
PERFORMANCE: 800  averaging 8.10862 ns/day, 0.0106553 sec/step with standard deviation 0.000236651
ENERGY:     800      2261.7030       592.5678         0.0000         0.0000        -248252.6366      5884.1010      1236.3988    -10016.3436      7246.2233        -241047.9863       454.9835   -248294.2095   -240987.9233       448.9516          14133.4039     12348.7652     56227.8601     12698.9673     12698.6172

WRITING EXTENDED SYSTEM TO RESTART FILE AT STEP 800
WRITING COORDINATES TO DCD FILE run0.dcd AT STEP 800
WRITING COORDINATES TO RESTART FILE AT STEP 800
FINISHED WRITING RESTART COORDINATES
The last position output (seq=800) takes 0.000 seconds, 1.164 MB of memory in use
WRITING VELOCITIES TO RESTART FILE AT STEP 800
FINISHED WRITING RESTART VELOCITIES
Info: Benchmark time: 1 CPUs 0.0107077 s/step 0.123931 days/ns 1.16354 MB memory
TIMING: 900  CPU: 9.63731, 0.0107053/step  Wall: 9.64231, 0.0107082/step, 0.00029745 hours remaining, 1.163536 MB of memory in use.
PERFORMANCE: 900  averaging 8.10415 ns/day, 0.0106612 sec/step with standard deviation 0.000222068
ENERGY:     900      2318.8769       581.1633         0.0000         0.0000        -248294.6695      6045.1572      1313.6864    -10539.4495      7471.2095        -241104.0256       469.1102   -248575.2352   -241049.3276       460.2337          16203.8606     14280.9609     56227.8601     13060.6268     13046.3525

WRITING EXTENDED SYSTEM TO RESTART FILE AT STEP 900
WRITING COORDINATES TO DCD FILE run0.dcd AT STEP 900
WRITING COORDINATES TO RESTART FILE AT STEP 900
FINISHED WRITING RESTART COORDINATES
The last position output (seq=900) takes 0.000 seconds, 1.164 MB of memory in use
WRITING VELOCITIES TO RESTART FILE AT STEP 900
FINISHED WRITING RESTART VELOCITIES
TIMING: 1000  CPU: 10.6947, 0.0105743/step  Wall: 10.701, 0.0105872/step, 0 hours remaining, 1.163536 MB of memory in use.
PERFORMANCE: 1000  averaging 8.10978 ns/day, 0.0106538 sec/step with standard deviation 0.000210672
ETITLE:      TS           BOND          ANGLE          DIHED          IMPRP               ELECT            VDW       BOUNDARY           MISC        KINETIC               TOTAL           TEMP      POTENTIAL         TOTAL3        TEMPAVG            PRESSURE      GPRESSURE         VOLUME       PRESSAVG      GPRESSAVG

ENERGY:    1000      2370.9740       634.8130         0.0000         0.0000        -248256.6461      6112.2796      1312.7497    -10970.9254      7574.4779        -241222.2775       475.5943   -248796.7553   -241164.8865       473.2963          15450.0488     14488.6873     56227.8601     14830.7480     14839.6789

WRITING EXTENDED SYSTEM TO RESTART FILE AT STEP 1000
WRITING COORDINATES TO DCD FILE run0.dcd AT STEP 1000
WRITING COORDINATES TO RESTART FILE AT STEP 1000
FINISHED WRITING RESTART COORDINATES
The last position output (seq=1000) takes 0.000 seconds, 1.164 MB of memory in use
WRITING VELOCITIES TO RESTART FILE AT STEP 1000
FINISHED WRITING RESTART VELOCITIES
WRITING EXTENDED SYSTEM TO OUTPUT FILE AT STEP 1000
CLOSING EXTENDED SYSTEM TRAJECTORY FILE
WRITING COORDINATES TO OUTPUT FILE AT STEP 1000
CLOSING COORDINATE DCD FILE run0.dcd
WRITING VELOCITIES TO OUTPUT FILE AT STEP 1000
====================================================

WallClock: 10.741777  CPUTime: 10.731447  Memory: 1.163536 MB
[Partition 0][Node 0] End of program
