Charm++> No provisioning arguments specified. Running with a single PE.
         Use +auto-provision to fully subscribe resources or +p1 to silence this message.
Charm++: standalone mode (not using charmrun)
Charm++> Running in Multicore mode: 1 threads (PEs)
Charm++> Using recursive bisection (scheme 3) for topology aware partitions
Converse/Charm++ Commit ID: 
CharmLB> Load balancer assumes all CPUs are same.
Charm++> Running on 1 hosts (1 sockets x 6 cores x 2 PUs = 12-way SMP)
Charm++> cpu topology info is gathered in 0.003 seconds.
CharmLB> Load balancing instrumentation for communication is off.
Info: NAMD 3.0.1 for Linux-x86_64-multicore
Info: 
Info: Please visit http://www.ks.uiuc.edu/Research/namd/
Info: for updates, documentation, and support information.
Info: 
Info: Please cite Phillips et al., J. Chem. Phys. 153:044130 (2020) doi:10.1063/5.0014475
Info: in all publications reporting results obtained with NAMD.
Info: 
Info: Based on Charm++/Converse 80000 for multicore-linux-x86_64-gcc
Info: Built Mon Oct 14 11:11:06 CDT 2024 by dhardy on athine.ks.uiuc.edu
Info: 1 NAMD  3.0.1  Linux-x86_64-multicore  1    pc1b-02  convidat
Info: Running on 1 processors, 1 nodes, 1 physical nodes.
Info: CPU topology information available.
Info: Charm++/Converse parallel runtime startup completed at 0.00518371 s
CkLoopLib is used in SMP with simple dynamic scheduling (converse-level notification)
Info: 25.8086 MB of memory in use based on /proc/self/stat
Info: Configuration file is run0.namd
Info: Working in the current directory /home/samba/homes/convidat/Desktop/bionano-tutorial-files/4_current/4.2
TCL: Suspending until startup complete.
Warning: Option "1-4scaling" has been deprecated. Instead use "oneFourScaling".
Info: EXTENDED SYSTEM FILE   eq2.xsc
Warning: The Langevin gamma parameters differ over the particles,
Warning: requiring extra work per step to constrain rigid bonds.
Info: SIMULATION PARAMETERS:
Info: TIMESTEP               1
Info: NUMBER OF STEPS        1000
Info: STEPS PER CYCLE        20
Info: PERIODIC CELL BASIS 1  33.1925 19.16 0
Info: PERIODIC CELL BASIS 2  0 38.3199 0
Info: PERIODIC CELL BASIS 3  0 0 44.2066
Info: PERIODIC CELL CENTER   0 0 0
Info: WRAPPING ALL CLUSTERS AROUND PERIODIC BOUNDARIES ON OUTPUT.
Info: WRAPPING TO IMAGE NEAREST TO PERIODIC CELL CENTER.
Info: LOAD BALANCER  Centralized
Info: LOAD BALANCING STRATEGY  New Load Balancers -- DEFAULT
Info: LDB PERIOD             4000 steps
Info: FIRST LDB TIMESTEP     100
Info: LAST LDB TIMESTEP     -1
Info: LDB BACKGROUND SCALING 1
Info: HOM BACKGROUND SCALING 1
Info: PME BACKGROUND SCALING 1
Info: MIN ATOMS PER PATCH    40
Info: EMPTY PATCH LOAD       40 ATOMS
Info: VELOCITY FILE          eq2.vel
Info: CENTER OF MASS MOVING INITIALLY? NO
Info: DIELECTRIC             1
Info: EXCLUDE                SCALED ONE-FOUR
Info: 1-4 ELECTROSTATICS SCALED BY 1
Info: MODIFIED 1-4 VDW PARAMETERS WILL BE USED
Info: DCD FILENAME           run0.dcd
Info: DCD FREQUENCY          100
Info: DCD FIRST STEP         100
Info: DCD FILE WILL CONTAIN UNIT CELL DATA
Info: XST FILENAME           run0.xst
Info: XST FREQUENCY          100
Info: NO VELOCITY DCD OUTPUT
Info: NO FORCE DCD OUTPUT
Info: OUTPUT FILENAME        run0
Info: BINARY OUTPUT FILES WILL BE USED
Info: RESTART FILENAME       run0.restart
Info: RESTART FREQUENCY      100
Info: BINARY RESTART FILES WILL BE USED
Info: SWITCHING ACTIVE
Info: SWITCHING ON           10
Info: SWITCHING OFF          12
Info: PAIRLIST DISTANCE      12
Info: PAIRLIST SHRINK RATE   0.01
Info: PAIRLIST GROW RATE     0.01
Info: PAIRLIST TRIGGER       0.3
Info: PAIRLISTS PER CYCLE    2
Info: PAIRLISTS ENABLED
Info: MARGIN                 3
Info: HYDROGEN GROUP CUTOFF  2.5
Info: PATCH DIMENSION        17.5
Info: ENERGY OUTPUT STEPS    100
Info: ENERGY EVALUATION STEPS    100
Info: OUTPUT ENERGY PRECISION 4
Info: CROSSTERM ENERGY INCLUDED IN DIHEDRAL
Info: TIMING OUTPUT STEPS    100
Info: HARMONIC CONSTRAINTS ACTIVE
Info: HARMONIC CONS EXP      2
Info: ELECTRIC FIELD ACTIVE
Info: E-FIELD VECTOR         (0, 0, 3.129)
Info: E-FIELD FREQUENCY IS (1/ps) 0
Info: E-FIELD PHASE IS     (deg)  0
Info: LANGEVIN DYNAMICS ACTIVE
Info: LANGEVIN TEMPERATURE   295
Info: LANGEVIN USING BBK INTEGRATOR
Info: LANGEVIN DAMPING COEFFICIENTS DETERMINED FROM FILES
Info: LANGEVIN DAMPING FILE:  siliconRest_1.0.pdb
Info: LANGEVIN DAMPING COLUMN:  B
Info: PARTICLE MESH EWALD (PME) ACTIVE
Info: PME TOLERANCE               1e-06
Info: PME EWALD COEFFICIENT       0.257952
Info: PME INTERPOLATION ORDER     4
Info: PME GRID DIMENSIONS         48 48 64
Info: PME MAXIMUM GRID SPACING    1.5
Info: Attempting to read FFTW data from FFTW_NAMD_3.0.1_Linux-x86_64-multicore.txt
Info: Optimizing 6 FFT steps.  1... 2... 3... 4... 5... 6...   Done.
Info: Writing FFTW data to FFTW_NAMD_3.0.1_Linux-x86_64-multicore.txt
Info: FULL ELECTROSTATIC EVALUATION FREQUENCY      4
Info: USING VERLET I (r-RESPA) MTS SCHEME.
Info: C1 SPLITTING OF LONG RANGE ELECTROSTATICS
Info: PLACING ATOMS IN PATCHES BY HYDROGEN GROUPS
Info: NONBONDED FORCES EVALUATED EVERY 2 STEPS
Info: RANDOM NUMBER SEED     1750853453
Info: USE HYDROGEN BONDS?    NO
Info: COORDINATE PDB         poro_ion.pdb
Info: STRUCTURE FILE         poro_ion.psf
Info: PARAMETER file: CHARMM format! 
Info: PARAMETERS             cornell.prm
Info: PARAMETERS             par_silicon_ions_NEW5.inp
Info: USING ARITHMETIC MEAN TO COMBINE L-J SIGMA PARAMETERS
Info: BINARY COORDINATES     eq2.coor
Info: SUMMARY OF PARAMETERS:
Info: 96 BONDS
Info: 229 ANGLES
Info: 81 DIHEDRAL
Info: 31 IMPROPER
Info: 0 CROSSTERM
Info: 62 VDW
Info: 0 VDW_PAIRS
Info: 0 NBTHOLE_PAIRS
Info: TIME FOR READING PSF FILE: 0.0107496
Info: Reading pdb file poro_ion.pdb
Info: TIME FOR READING PDB FILE: 0.00330958
Info: 
Info: ****************************
Info: STRUCTURE SUMMARY:
Info: 5343 ATOMS
Info: 5136 BONDS
Info: 7949 ANGLES
Info: 0 DIHEDRALS
Info: 0 IMPROPERS
Info: 0 CROSSTERMS
Info: 0 EXCLUSIONS
Info: 1814 CONSTRAINTS
Info: 16029 DEGREES OF FREEDOM
Info: 3121 HYDROGEN GROUPS
Info: 3 ATOMS IN LARGEST HYDROGEN GROUP
Info: 3121 MIGRATION GROUPS
Info: 3 ATOMS IN LARGEST MIGRATION GROUP
Info: TOTAL MASS = 63654.5 amu
Info: TOTAL CHARGE = 7.89165e-05 e
Info: MASS DENSITY = 1.87991 g/cm^3
Info: ATOM DENSITY = 0.0950241 atoms/A^3
Info: *****************************
Info: Reading from binary file eq2.coor
Info: 
Info: Entering startup at 0.0354872 s, 1.30229 MB of memory in use
Info: Startup phase 0 took 2.0336e-05 s, 1.30229 MB of memory in use
Info: ADDED 26745 IMPLICIT EXCLUSIONS
Info: Startup phase 1 took 0.00326593 s, 1.30229 MB of memory in use
Info: NONBONDED TABLE R-SQUARED SPACING: 0.0625
Info: NONBONDED TABLE SIZE: 769 POINTS
Info: INCONSISTENCY IN FAST TABLE ENERGY VS FORCE: 0.000325096 AT 11.9556
Info: INCONSISTENCY IN SCOR TABLE ENERGY VS FORCE: 0.000324844 AT 11.9556
Info: INCONSISTENCY IN VDWA TABLE ENERGY VS FORCE: 0.0040507 AT 0.251946
Info: INCONSISTENCY IN VDWB TABLE ENERGY VS FORCE: 0.00150189 AT 0.251946
Info: Startup phase 2 took 0.000199482 s, 1.30229 MB of memory in use
Info: Startup phase 3 took 8.354e-06 s, 1.30229 MB of memory in use
Info: Startup phase 4 took 1.1381e-05 s, 1.30229 MB of memory in use
Info: Startup phase 5 took 6.243e-06 s, 1.30229 MB of memory in use
Info: PATCH GRID IS 1 (PERIODIC) BY 1 (PERIODIC) BY 2 (PERIODIC)
Info: PATCH GRID IS 1-AWAY BY 1-AWAY BY 1-AWAY
Info: Reading from binary file eq2.vel
Info: REMOVING COM VELOCITY -0.0246025 -0.00230318 -0.0647211
Info: LARGEST PATCH (1) HAS 2696 ATOMS
Info: TORUS A SIZE 1 USING 0
Info: TORUS B SIZE 1 USING 0
Info: TORUS C SIZE 1 USING 0
Info: TORUS MINIMAL MESH SIZE IS 1 BY 1 BY 1
Info: Placed 100% of base nodes on same physical node as patch
Info: Startup phase 6 took 0.000596036 s, 1.30229 MB of memory in use
Info: PME using 1 and 1 processors for FFT and reciprocal sum.
Info: PME GRID LOCATIONS: 0
Info: PME TRANS LOCATIONS: 0
Info: PME USING 1 GRID NODES AND 1 TRANS NODES
Info: Optimizing 4 FFT steps.  1... 2... 3... 4...   Done.
Info: Startup phase 7 took 0.000305703 s, 1.30229 MB of memory in use
Info: Startup phase 8 took 7.744e-06 s, 1.30229 MB of memory in use
Info: Startup phase 9 took 6.614e-06 s, 1.30229 MB of memory in use
Info: Startup phase 10 took 9.395e-06 s, 1.30229 MB of memory in use
Info: Startup phase 11 took 7.115e-06 s, 1.30229 MB of memory in use
LDB: Central LB being created...
Info: Startup phase 12 took 1.3008e-05 s, 1.30229 MB of memory in use
Info: CREATING 49 COMPUTE OBJECTS
Info: Startup phase 13 took 6.4616e-05 s, 1.30229 MB of memory in use
Info: Startup phase 14 took 6.643e-06 s, 1.30229 MB of memory in use
Info: Startup phase 15 took 6.871e-06 s, 1.30229 MB of memory in use
Info: Finished startup at 0.0400227 s, 1.30229 MB of memory in use

ETITLE:      TS           BOND          ANGLE          DIHED          IMPRP               ELECT            VDW       BOUNDARY           MISC        KINETIC               TOTAL           TEMP      POTENTIAL         TOTAL3        TEMPAVG            PRESSURE      GPRESSURE         VOLUME       PRESSAVG      GPRESSAVG

ENERGY:       0      1901.1493       475.6053         0.0000         0.0000        -251089.6161      4462.3440       978.4904      -568.6540      4709.8469        -239130.8343       295.7268   -243840.6812   -239068.2149       295.7268           2225.0751      -361.5859     56227.8601      2225.0751      -361.5859

OPENING EXTENDED SYSTEM TRAJECTORY FILE
LDB: ============= START OF LOAD BALANCING ============== 0.319416
LDB: ============== END OF LOAD BALANCING =============== 0.319439
LDB: =============== DONE WITH MIGRATION ================ 0.319464
LDB: ============= START OF LOAD BALANCING ============== 1.1203
LDB: ============== END OF LOAD BALANCING =============== 1.12033
LDB: =============== DONE WITH MIGRATION ================ 1.12036
Info: Initial time: 1 CPUs 0.0108242 s/step 0.12528 days/ns 1.30229 MB memory
TIMING: 100  CPU: 1.12943, 0.0108283/step  Wall: 1.12972, 0.0108259/step, 0.00270647 hours remaining, 1.302293 MB of memory in use.
PERFORMANCE: 100  averaging 7.98087 ns/day, 0.0108259 sec/step with standard deviation 0
ENERGY:     100      1909.8547       516.7449         0.0000         0.0000        -250871.6920      4477.9221       990.2763      -889.3671      4740.8551        -239125.4059       297.6738   -243866.2610   -239062.3868       299.5423           2404.8782       603.3565     56227.8601       365.7318       365.8119

WRITING EXTENDED SYSTEM TO RESTART FILE AT STEP 100
OPENING COORDINATE DCD FILE
WRITING COORDINATES TO DCD FILE run0.dcd AT STEP 100
WRITING COORDINATES TO RESTART FILE AT STEP 100
FINISHED WRITING RESTART COORDINATES
The last position output (seq=100) takes 0.000 seconds, 1.302 MB of memory in use
WRITING VELOCITIES TO RESTART FILE AT STEP 100
FINISHED WRITING RESTART VELOCITIES
The last velocity output (seq=100) takes 0.000 seconds, 1.302 MB of memory in use
LDB: ============= START OF LOAD BALANCING ============== 1.32854
LDB: ============== END OF LOAD BALANCING =============== 1.32856
LDB: =============== DONE WITH MIGRATION ================ 1.32858
LDB: ============= START OF LOAD BALANCING ============== 2.16392
LDB: ============== END OF LOAD BALANCING =============== 2.16395
LDB: =============== DONE WITH MIGRATION ================ 2.16398
Info: Initial time: 1 CPUs 0.010424 s/step 0.120648 days/ns 1.30229 MB memory
TIMING: 200  CPU: 2.17169, 0.0104226/step  Wall: 2.17231, 0.0104258/step, 0.00231685 hours remaining, 1.302293 MB of memory in use.
PERFORMANCE: 200  averaging 8.13112 ns/day, 0.0106258 sec/step with standard deviation 0.000282888
ENERGY:     200      1900.7465       509.7918         0.0000         0.0000        -250933.0695      4524.3716      1043.8245     -1022.3382      4811.9224        -239164.7509       302.1361   -243976.6733   -239104.8682       301.1185           1923.2615       -50.2883     56227.8601       301.2321       307.2907

WRITING EXTENDED SYSTEM TO RESTART FILE AT STEP 200
WRITING COORDINATES TO DCD FILE run0.dcd AT STEP 200
WRITING COORDINATES TO RESTART FILE AT STEP 200
FINISHED WRITING RESTART COORDINATES
The last position output (seq=200) takes 0.000 seconds, 1.302 MB of memory in use
WRITING VELOCITIES TO RESTART FILE AT STEP 200
FINISHED WRITING RESTART VELOCITIES
The last velocity output (seq=200) takes 0.000 seconds, 1.302 MB of memory in use
LDB: ============= START OF LOAD BALANCING ============== 3.21382
LDB: ============== END OF LOAD BALANCING =============== 3.21386
LDB: =============== DONE WITH MIGRATION ================ 3.21389
Info: Initial time: 1 CPUs 0.0105136 s/step 0.121685 days/ns 1.30229 MB memory
TIMING: 300  CPU: 3.22289, 0.010512/step  Wall: 3.22379, 0.0105149/step, 0.00204456 hours remaining, 1.302293 MB of memory in use.
PERFORMANCE: 300  averaging 8.15953 ns/day, 0.0105889 sec/step with standard deviation 0.000210046
ENERGY:     300      1885.4360       492.5126         0.0000         0.0000        -250863.0284      4526.6748      1013.9864     -1111.9717      4870.7516        -239185.6388       305.8299   -244056.3904   -239124.3541       303.1351           3062.7608       910.2222     56227.8601       760.7012       758.2822

WRITING EXTENDED SYSTEM TO RESTART FILE AT STEP 300
WRITING COORDINATES TO DCD FILE run0.dcd AT STEP 300
WRITING COORDINATES TO RESTART FILE AT STEP 300
FINISHED WRITING RESTART COORDINATES
The last position output (seq=300) takes 0.000 seconds, 1.302 MB of memory in use
WRITING VELOCITIES TO RESTART FILE AT STEP 300
FINISHED WRITING RESTART VELOCITIES
The last velocity output (seq=300) takes 0.000 seconds, 1.302 MB of memory in use
LDB: ============= START OF LOAD BALANCING ============== 4.26092
LDB: ============== END OF LOAD BALANCING =============== 4.26095
LDB: =============== DONE WITH MIGRATION ================ 4.26099
Info: Benchmark time: 1 CPUs 0.0104425 s/step 0.120862 days/ns 1.30229 MB memory
TIMING: 400  CPU: 4.26696, 0.0104406/step  Wall: 4.26817, 0.0104438/step, 0.00174064 hours remaining, 1.302293 MB of memory in use.
PERFORMANCE: 400  averaging 8.18756 ns/day, 0.0105526 sec/step with standard deviation 0.000186201
ENERGY:     400      1943.4440       499.6239         0.0000         0.0000        -250749.6094      4493.6410       988.8485     -1200.7665      4840.8771        -239183.9415       303.9541   -244024.8185   -239121.3960       303.3645           1986.6165        10.7839     56227.8601       767.4525       766.9878

WRITING EXTENDED SYSTEM TO RESTART FILE AT STEP 400
WRITING COORDINATES TO DCD FILE run0.dcd AT STEP 400
WRITING COORDINATES TO RESTART FILE AT STEP 400
FINISHED WRITING RESTART COORDINATES
The last position output (seq=400) takes 0.000 seconds, 1.302 MB of memory in use
WRITING VELOCITIES TO RESTART FILE AT STEP 400
FINISHED WRITING RESTART VELOCITIES
The last velocity output (seq=400) takes 0.000 seconds, 1.302 MB of memory in use
Info: Benchmark time: 1 CPUs 0.0107629 s/step 0.12457 days/ns 1.30229 MB memory
TIMING: 500  CPU: 5.34298, 0.0107602/step  Wall: 5.34452, 0.0107635/step, 0.00149493 hours remaining, 1.302293 MB of memory in use.
PERFORMANCE: 500  averaging 8.15496 ns/day, 0.0105948 sec/step with standard deviation 0.000186816
ENERGY:     500      1867.6554       508.7840         0.0000         0.0000        -250840.2114      4598.2428      1020.8695     -1258.6053      4912.6631        -239190.6018       308.4615   -244103.2650   -239126.3489       302.7764           3168.2006      1286.4261     56227.8601       659.2156       666.4241

WRITING EXTENDED SYSTEM TO RESTART FILE AT STEP 500
WRITING COORDINATES TO DCD FILE run0.dcd AT STEP 500
WRITING COORDINATES TO RESTART FILE AT STEP 500
FINISHED WRITING RESTART COORDINATES
The last position output (seq=500) takes 0.000 seconds, 1.302 MB of memory in use
WRITING VELOCITIES TO RESTART FILE AT STEP 500
FINISHED WRITING RESTART VELOCITIES
The last velocity output (seq=500) takes 0.000 seconds, 1.302 MB of memory in use
Info: Benchmark time: 1 CPUs 0.0101882 s/step 0.117919 days/ns 1.30229 MB memory
TIMING: 600  CPU: 6.35949, 0.0101651/step  Wall: 6.36341, 0.0101888/step, 0.00113209 hours remaining, 1.302293 MB of memory in use.
PERFORMANCE: 600  averaging 8.20737 ns/day, 0.0105271 sec/step with standard deviation 0.000235343
ENERGY:     600      1907.0928       524.7760         0.0000         0.0000        -250757.2092      4544.1248      1013.6994     -1300.7275      4850.8594        -239217.3843       304.5809   -244068.2437   -239157.6362       304.4553           2985.5103       316.9677     56227.8601      1106.7088      1101.2174

WRITING EXTENDED SYSTEM TO RESTART FILE AT STEP 600
WRITING COORDINATES TO DCD FILE run0.dcd AT STEP 600
WRITING COORDINATES TO RESTART FILE AT STEP 600
FINISHED WRITING RESTART COORDINATES
The last position output (seq=600) takes 0.000 seconds, 1.302 MB of memory in use
WRITING VELOCITIES TO RESTART FILE AT STEP 600
FINISHED WRITING RESTART VELOCITIES
Info: Benchmark time: 1 CPUs 0.0102233 s/step 0.118326 days/ns 1.30229 MB memory
TIMING: 700  CPU: 7.38158, 0.0102209/step  Wall: 7.3858, 0.0102239/step, 0.000851993 hours remaining, 1.302293 MB of memory in use.
PERFORMANCE: 700  averaging 8.24128 ns/day, 0.0104838 sec/step with standard deviation 0.000243493
ENERGY:     700      1897.8702       505.1045         0.0000         0.0000        -250795.8833      4593.9707      1032.0789     -1360.5337      4910.6381        -239216.7546       308.3343   -244127.3927   -239155.6395       304.2804           3292.2406      1200.0164     56227.8601       967.0102       963.0858

WRITING EXTENDED SYSTEM TO RESTART FILE AT STEP 700
WRITING COORDINATES TO DCD FILE run0.dcd AT STEP 700
WRITING COORDINATES TO RESTART FILE AT STEP 700
FINISHED WRITING RESTART COORDINATES
The last position output (seq=700) takes 0.000 seconds, 1.302 MB of memory in use
WRITING VELOCITIES TO RESTART FILE AT STEP 700
FINISHED WRITING RESTART VELOCITIES
Info: Benchmark time: 1 CPUs 0.0101436 s/step 0.117403 days/ns 1.30229 MB memory
TIMING: 800  CPU: 8.39569, 0.0101411/step  Wall: 8.40022, 0.0101442/step, 0.000563566 hours remaining, 1.302293 MB of memory in use.
PERFORMANCE: 800  averaging 8.27479 ns/day, 0.0104414 sec/step with standard deviation 0.000255415
ENERGY:     800      1918.2615       509.1181         0.0000         0.0000        -250715.4054      4616.6860      1010.6829     -1399.1777      4828.6002        -239231.2343       303.1833   -244059.8346   -239172.0373       305.8029           3583.4747      1584.6659     56227.8601      1032.3558      1036.8795

WRITING EXTENDED SYSTEM TO RESTART FILE AT STEP 800
WRITING COORDINATES TO DCD FILE run0.dcd AT STEP 800
WRITING COORDINATES TO RESTART FILE AT STEP 800
FINISHED WRITING RESTART COORDINATES
The last position output (seq=800) takes 0.000 seconds, 1.302 MB of memory in use
WRITING VELOCITIES TO RESTART FILE AT STEP 800
FINISHED WRITING RESTART VELOCITIES
Info: Benchmark time: 1 CPUs 0.0104999 s/step 0.121526 days/ns 1.30229 MB memory
TIMING: 900  CPU: 9.44543, 0.0104974/step  Wall: 9.45026, 0.0105005/step, 0.00029168 hours remaining, 1.302293 MB of memory in use.
PERFORMANCE: 900  averaging 8.26959 ns/day, 0.0104479 sec/step with standard deviation 0.00023973
ENERGY:     900      1876.4249       545.3424         0.0000         0.0000        -250512.2430      4375.8085      1014.8019     -1458.7945      4902.2531        -239256.4067       307.8078   -244158.6598   -239193.2316       307.0525           2384.7716       339.4747     56227.8601       766.0474       763.1536

WRITING EXTENDED SYSTEM TO RESTART FILE AT STEP 900
WRITING COORDINATES TO DCD FILE run0.dcd AT STEP 900
WRITING COORDINATES TO RESTART FILE AT STEP 900
FINISHED WRITING RESTART COORDINATES
The last position output (seq=900) takes 0.000 seconds, 1.302 MB of memory in use
WRITING VELOCITIES TO RESTART FILE AT STEP 900
FINISHED WRITING RESTART VELOCITIES
TIMING: 1000  CPU: 10.4874, 0.01042/step  Wall: 10.4928, 0.0104258/step, 0 hours remaining, 1.302293 MB of memory in use.
PERFORMANCE: 1000  averaging 8.27134 ns/day, 0.0104457 sec/step with standard deviation 0.000226128
ETITLE:      TS           BOND          ANGLE          DIHED          IMPRP               ELECT            VDW       BOUNDARY           MISC        KINETIC               TOTAL           TEMP      POTENTIAL         TOTAL3        TEMPAVG            PRESSURE      GPRESSURE         VOLUME       PRESSAVG      GPRESSAVG

ENERGY:    1000      1898.6873       550.0567         0.0000         0.0000        -250698.0447      4642.6535       984.7294     -1509.7125      4906.6648        -239224.9655       308.0848   -244131.6302   -239163.1315       307.5113           3438.5944      1132.9564     56227.8601       814.9779       815.7196

WRITING EXTENDED SYSTEM TO RESTART FILE AT STEP 1000
WRITING COORDINATES TO DCD FILE run0.dcd AT STEP 1000
WRITING COORDINATES TO RESTART FILE AT STEP 1000
FINISHED WRITING RESTART COORDINATES
The last position output (seq=1000) takes 0.000 seconds, 1.302 MB of memory in use
WRITING VELOCITIES TO RESTART FILE AT STEP 1000
FINISHED WRITING RESTART VELOCITIES
WRITING EXTENDED SYSTEM TO OUTPUT FILE AT STEP 1000
CLOSING EXTENDED SYSTEM TRAJECTORY FILE
WRITING COORDINATES TO OUTPUT FILE AT STEP 1000
CLOSING COORDINATE DCD FILE run0.dcd
WRITING VELOCITIES TO OUTPUT FILE AT STEP 1000
====================================================

WallClock: 10.536499  CPUTime: 10.526130  Memory: 1.302293 MB
[Partition 0][Node 0] End of program
