Charm++> No provisioning arguments specified. Running with a single PE.
         Use +auto-provision to fully subscribe resources or +p1 to silence this message.
Charm++: standalone mode (not using charmrun)
Charm++> Running in Multicore mode: 1 threads (PEs)
Charm++> Using recursive bisection (scheme 3) for topology aware partitions
Converse/Charm++ Commit ID: 
CharmLB> Load balancer assumes all CPUs are same.
Charm++> Running on 1 hosts (1 sockets x 6 cores x 2 PUs = 12-way SMP)
Charm++> cpu topology info is gathered in 0.003 seconds.
CharmLB> Load balancing instrumentation for communication is off.
Info: NAMD 3.0.1 for Linux-x86_64-multicore
Info: 
Info: Please visit http://www.ks.uiuc.edu/Research/namd/
Info: for updates, documentation, and support information.
Info: 
Info: Please cite Phillips et al., J. Chem. Phys. 153:044130 (2020) doi:10.1063/5.0014475
Info: in all publications reporting results obtained with NAMD.
Info: 
Info: Based on Charm++/Converse 80000 for multicore-linux-x86_64-gcc
Info: Built Mon Oct 14 11:11:06 CDT 2024 by dhardy on athine.ks.uiuc.edu
Info: 1 NAMD  3.0.1  Linux-x86_64-multicore  1    pc1b-02  convidat
Info: Running on 1 processors, 1 nodes, 1 physical nodes.
Info: CPU topology information available.
Info: Charm++/Converse parallel runtime startup completed at 0.00536232 s
CkLoopLib is used in SMP with simple dynamic scheduling (converse-level notification)
Info: 25.8086 MB of memory in use based on /proc/self/stat
Info: Configuration file is run0.namd
Info: Working in the current directory /home/samba/homes/convidat/Desktop/bionano-tutorial-files/4_current/4.2
TCL: Suspending until startup complete.
Warning: Option "1-4scaling" has been deprecated. Instead use "oneFourScaling".
Info: EXTENDED SYSTEM FILE   eq2.xsc
Warning: The Langevin gamma parameters differ over the particles,
Warning: requiring extra work per step to constrain rigid bonds.
Info: SIMULATION PARAMETERS:
Info: TIMESTEP               1
Info: NUMBER OF STEPS        1000
Info: STEPS PER CYCLE        20
Info: PERIODIC CELL BASIS 1  33.1925 19.16 0
Info: PERIODIC CELL BASIS 2  0 38.3199 0
Info: PERIODIC CELL BASIS 3  0 0 44.2066
Info: PERIODIC CELL CENTER   0 0 0
Info: WRAPPING ALL CLUSTERS AROUND PERIODIC BOUNDARIES ON OUTPUT.
Info: WRAPPING TO IMAGE NEAREST TO PERIODIC CELL CENTER.
Info: LOAD BALANCER  Centralized
Info: LOAD BALANCING STRATEGY  New Load Balancers -- DEFAULT
Info: LDB PERIOD             4000 steps
Info: FIRST LDB TIMESTEP     100
Info: LAST LDB TIMESTEP     -1
Info: LDB BACKGROUND SCALING 1
Info: HOM BACKGROUND SCALING 1
Info: PME BACKGROUND SCALING 1
Info: MIN ATOMS PER PATCH    40
Info: EMPTY PATCH LOAD       40 ATOMS
Info: VELOCITY FILE          eq2.vel
Info: CENTER OF MASS MOVING INITIALLY? NO
Info: DIELECTRIC             1
Info: EXCLUDE                SCALED ONE-FOUR
Info: 1-4 ELECTROSTATICS SCALED BY 1
Info: MODIFIED 1-4 VDW PARAMETERS WILL BE USED
Info: DCD FILENAME           run0.dcd
Info: DCD FREQUENCY          100
Info: DCD FIRST STEP         100
Info: DCD FILE WILL CONTAIN UNIT CELL DATA
Info: XST FILENAME           run0.xst
Info: XST FREQUENCY          100
Info: NO VELOCITY DCD OUTPUT
Info: NO FORCE DCD OUTPUT
Info: OUTPUT FILENAME        run0
Info: BINARY OUTPUT FILES WILL BE USED
Info: RESTART FILENAME       run0.restart
Info: RESTART FREQUENCY      100
Info: BINARY RESTART FILES WILL BE USED
Info: SWITCHING ACTIVE
Info: SWITCHING ON           10
Info: SWITCHING OFF          12
Info: PAIRLIST DISTANCE      12
Info: PAIRLIST SHRINK RATE   0.01
Info: PAIRLIST GROW RATE     0.01
Info: PAIRLIST TRIGGER       0.3
Info: PAIRLISTS PER CYCLE    2
Info: PAIRLISTS ENABLED
Info: MARGIN                 3
Info: HYDROGEN GROUP CUTOFF  2.5
Info: PATCH DIMENSION        17.5
Info: ENERGY OUTPUT STEPS    100
Info: ENERGY EVALUATION STEPS    100
Info: OUTPUT ENERGY PRECISION 4
Info: CROSSTERM ENERGY INCLUDED IN DIHEDRAL
Info: TIMING OUTPUT STEPS    100
Info: HARMONIC CONSTRAINTS ACTIVE
Info: HARMONIC CONS EXP      2
Info: ELECTRIC FIELD ACTIVE
Info: E-FIELD VECTOR         (0, 0, 8.346)
Info: E-FIELD FREQUENCY IS (1/ps) 0
Info: E-FIELD PHASE IS     (deg)  0
Info: LANGEVIN DYNAMICS ACTIVE
Info: LANGEVIN TEMPERATURE   295
Info: LANGEVIN USING BBK INTEGRATOR
Info: LANGEVIN DAMPING COEFFICIENTS DETERMINED FROM FILES
Info: LANGEVIN DAMPING FILE:  siliconRest_1.0.pdb
Info: LANGEVIN DAMPING COLUMN:  B
Info: PARTICLE MESH EWALD (PME) ACTIVE
Info: PME TOLERANCE               1e-06
Info: PME EWALD COEFFICIENT       0.257952
Info: PME INTERPOLATION ORDER     4
Info: PME GRID DIMENSIONS         48 48 64
Info: PME MAXIMUM GRID SPACING    1.5
Info: Attempting to read FFTW data from FFTW_NAMD_3.0.1_Linux-x86_64-multicore.txt
Info: Optimizing 6 FFT steps.  1... 2... 3... 4... 5... 6...   Done.
Info: Writing FFTW data to FFTW_NAMD_3.0.1_Linux-x86_64-multicore.txt
Info: FULL ELECTROSTATIC EVALUATION FREQUENCY      4
Info: USING VERLET I (r-RESPA) MTS SCHEME.
Info: C1 SPLITTING OF LONG RANGE ELECTROSTATICS
Info: PLACING ATOMS IN PATCHES BY HYDROGEN GROUPS
Info: NONBONDED FORCES EVALUATED EVERY 2 STEPS
Info: RANDOM NUMBER SEED     1750852247
Info: USE HYDROGEN BONDS?    NO
Info: COORDINATE PDB         poro_ion.pdb
Info: STRUCTURE FILE         poro_ion.psf
Info: PARAMETER file: CHARMM format! 
Info: PARAMETERS             cornell.prm
Info: PARAMETERS             par_silicon_ions_NEW5.inp
Info: USING ARITHMETIC MEAN TO COMBINE L-J SIGMA PARAMETERS
Info: BINARY COORDINATES     eq2.coor
Info: SUMMARY OF PARAMETERS:
Info: 96 BONDS
Info: 229 ANGLES
Info: 81 DIHEDRAL
Info: 31 IMPROPER
Info: 0 CROSSTERM
Info: 62 VDW
Info: 0 VDW_PAIRS
Info: 0 NBTHOLE_PAIRS
Info: TIME FOR READING PSF FILE: 0.00903733
Info: Reading pdb file poro_ion.pdb
Info: TIME FOR READING PDB FILE: 0.00327961
Info: 
Info: ****************************
Info: STRUCTURE SUMMARY:
Info: 5343 ATOMS
Info: 5136 BONDS
Info: 7949 ANGLES
Info: 0 DIHEDRALS
Info: 0 IMPROPERS
Info: 0 CROSSTERMS
Info: 0 EXCLUSIONS
Info: 1814 CONSTRAINTS
Info: 16029 DEGREES OF FREEDOM
Info: 3121 HYDROGEN GROUPS
Info: 3 ATOMS IN LARGEST HYDROGEN GROUP
Info: 3121 MIGRATION GROUPS
Info: 3 ATOMS IN LARGEST MIGRATION GROUP
Info: TOTAL MASS = 63654.5 amu
Info: TOTAL CHARGE = 7.89165e-05 e
Info: MASS DENSITY = 1.87991 g/cm^3
Info: ATOM DENSITY = 0.0950241 atoms/A^3
Info: *****************************
Info: Reading from binary file eq2.coor
Info: 
Info: Entering startup at 0.0333917 s, 1.18726 MB of memory in use
Info: Startup phase 0 took 1.9966e-05 s, 1.18726 MB of memory in use
Info: ADDED 26745 IMPLICIT EXCLUSIONS
Info: Startup phase 1 took 0.0034596 s, 1.18726 MB of memory in use
Info: NONBONDED TABLE R-SQUARED SPACING: 0.0625
Info: NONBONDED TABLE SIZE: 769 POINTS
Info: INCONSISTENCY IN FAST TABLE ENERGY VS FORCE: 0.000325096 AT 11.9556
Info: INCONSISTENCY IN SCOR TABLE ENERGY VS FORCE: 0.000324844 AT 11.9556
Info: INCONSISTENCY IN VDWA TABLE ENERGY VS FORCE: 0.0040507 AT 0.251946
Info: INCONSISTENCY IN VDWB TABLE ENERGY VS FORCE: 0.00150189 AT 0.251946
Info: Startup phase 2 took 0.000312876 s, 1.18726 MB of memory in use
Info: Startup phase 3 took 8.817e-06 s, 1.18726 MB of memory in use
Info: Startup phase 4 took 1.2865e-05 s, 1.18726 MB of memory in use
Info: Startup phase 5 took 6.865e-06 s, 1.18726 MB of memory in use
Info: PATCH GRID IS 1 (PERIODIC) BY 1 (PERIODIC) BY 2 (PERIODIC)
Info: PATCH GRID IS 1-AWAY BY 1-AWAY BY 1-AWAY
Info: Reading from binary file eq2.vel
Info: REMOVING COM VELOCITY -0.0246025 -0.00230318 -0.0647211
Info: LARGEST PATCH (1) HAS 2696 ATOMS
Info: TORUS A SIZE 1 USING 0
Info: TORUS B SIZE 1 USING 0
Info: TORUS C SIZE 1 USING 0
Info: TORUS MINIMAL MESH SIZE IS 1 BY 1 BY 1
Info: Placed 100% of base nodes on same physical node as patch
Info: Startup phase 6 took 0.0005814 s, 1.18726 MB of memory in use
Info: PME using 1 and 1 processors for FFT and reciprocal sum.
Info: PME GRID LOCATIONS: 0
Info: PME TRANS LOCATIONS: 0
Info: PME USING 1 GRID NODES AND 1 TRANS NODES
Info: Optimizing 4 FFT steps.  1... 2... 3... 4...   Done.
Info: Startup phase 7 took 0.000327536 s, 1.18726 MB of memory in use
Info: Startup phase 8 took 9.084e-06 s, 1.18726 MB of memory in use
Info: Startup phase 9 took 7.285e-06 s, 1.18726 MB of memory in use
Info: Startup phase 10 took 9.321e-06 s, 1.18726 MB of memory in use
Info: Startup phase 11 took 7.612e-06 s, 1.18726 MB of memory in use
LDB: Central LB being created...
Info: Startup phase 12 took 1.3181e-05 s, 1.18726 MB of memory in use
Info: CREATING 49 COMPUTE OBJECTS
Info: Startup phase 13 took 6.8481e-05 s, 1.18726 MB of memory in use
Info: Startup phase 14 took 7.289e-06 s, 1.18726 MB of memory in use
Info: Startup phase 15 took 7.616e-06 s, 1.18726 MB of memory in use
Info: Finished startup at 0.0382515 s, 1.18726 MB of memory in use

ETITLE:      TS           BOND          ANGLE          DIHED          IMPRP               ELECT            VDW       BOUNDARY           MISC        KINETIC               TOTAL           TEMP      POTENTIAL         TOTAL3        TEMPAVG            PRESSURE      GPRESSURE         VOLUME       PRESSAVG      GPRESSAVG

ENERGY:       0      1901.1493       475.6053         0.0000         0.0000        -251089.6161      4462.3440       978.4904     -1516.7742      4709.8469        -240078.9545       295.7268   -244788.8014   -240015.5776       295.7268           2617.5865       -59.4927     56227.8601      2617.5865       -59.4927

OPENING EXTENDED SYSTEM TRAJECTORY FILE
LDB: ============= START OF LOAD BALANCING ============== 0.317108
LDB: ============== END OF LOAD BALANCING =============== 0.317128
LDB: =============== DONE WITH MIGRATION ================ 0.317153
LDB: ============= START OF LOAD BALANCING ============== 1.12126
LDB: ============== END OF LOAD BALANCING =============== 1.12129
LDB: =============== DONE WITH MIGRATION ================ 1.12133
Info: Initial time: 1 CPUs 0.0108421 s/step 0.125488 days/ns 1.18726 MB memory
TIMING: 100  CPU: 1.1305, 0.0108494/step  Wall: 1.13081, 0.0108439/step, 0.00271098 hours remaining, 1.187259 MB of memory in use.
PERFORMANCE: 100  averaging 7.96761 ns/day, 0.0108439 sec/step with standard deviation 0
ENERGY:     100      2010.5376       559.6337         0.0000         0.0000        -250235.0653      4922.5923      1066.4958     -3959.5074      5466.0057        -240169.3077       343.2053   -245635.3134   -240105.4683       328.4379           5305.9760      3761.6082     56227.8601      3080.1562      3077.0496

WRITING EXTENDED SYSTEM TO RESTART FILE AT STEP 100
OPENING COORDINATE DCD FILE
WRITING COORDINATES TO DCD FILE run0.dcd AT STEP 100
WRITING COORDINATES TO RESTART FILE AT STEP 100
FINISHED WRITING RESTART COORDINATES
The last position output (seq=100) takes 0.000 seconds, 1.187 MB of memory in use
WRITING VELOCITIES TO RESTART FILE AT STEP 100
FINISHED WRITING RESTART VELOCITIES
The last velocity output (seq=100) takes 0.000 seconds, 1.187 MB of memory in use
LDB: ============= START OF LOAD BALANCING ============== 1.32871
LDB: ============== END OF LOAD BALANCING =============== 1.32873
LDB: =============== DONE WITH MIGRATION ================ 1.32876
LDB: ============= START OF LOAD BALANCING ============== 2.13889
LDB: ============== END OF LOAD BALANCING =============== 2.13893
LDB: =============== DONE WITH MIGRATION ================ 2.13896
Info: Initial time: 1 CPUs 0.0101749 s/step 0.117765 days/ns 1.18726 MB memory
TIMING: 200  CPU: 2.14787, 0.0101737/step  Wall: 2.14847, 0.0101766/step, 0.00226146 hours remaining, 1.187259 MB of memory in use.
PERFORMANCE: 200  averaging 8.22056 ns/day, 0.0105102 sec/step with standard deviation 0.000471882
ENERGY:     200      2062.9971       565.1548         0.0000         0.0000        -249779.6719      5067.0658      1148.9020     -5043.1727      5692.8106        -240285.9144       357.4462   -245978.7249   -240226.7536       352.1224           6173.4849      4707.5183     56227.8601      4759.2166      4771.1657

WRITING EXTENDED SYSTEM TO RESTART FILE AT STEP 200
WRITING COORDINATES TO DCD FILE run0.dcd AT STEP 200
WRITING COORDINATES TO RESTART FILE AT STEP 200
FINISHED WRITING RESTART COORDINATES
The last position output (seq=200) takes 0.000 seconds, 1.187 MB of memory in use
WRITING VELOCITIES TO RESTART FILE AT STEP 200
FINISHED WRITING RESTART VELOCITIES
The last velocity output (seq=200) takes 0.000 seconds, 1.187 MB of memory in use
LDB: ============= START OF LOAD BALANCING ============== 3.15855
LDB: ============== END OF LOAD BALANCING =============== 3.15858
LDB: =============== DONE WITH MIGRATION ================ 3.15862
Info: Initial time: 1 CPUs 0.0101962 s/step 0.118011 days/ns 1.18726 MB memory
TIMING: 300  CPU: 3.16735, 0.0101947/step  Wall: 3.16822, 0.0101975/step, 0.00198285 hours remaining, 1.187259 MB of memory in use.
PERFORMANCE: 300  averaging 8.3029 ns/day, 0.010406 sec/step with standard deviation 0.000379382
ENERGY:     300      2123.5167       568.5330         0.0000         0.0000        -249740.1928      5338.7056      1146.1042     -5798.6852      6007.0150        -240355.0035       377.1748   -246362.0185   -240295.2300       368.6653           9063.6820      7027.0355     56227.8601      6263.8659      6255.6619

WRITING EXTENDED SYSTEM TO RESTART FILE AT STEP 300
WRITING COORDINATES TO DCD FILE run0.dcd AT STEP 300
WRITING COORDINATES TO RESTART FILE AT STEP 300
FINISHED WRITING RESTART COORDINATES
The last position output (seq=300) takes 0.000 seconds, 1.187 MB of memory in use
WRITING VELOCITIES TO RESTART FILE AT STEP 300
FINISHED WRITING RESTART VELOCITIES
The last velocity output (seq=300) takes 0.000 seconds, 1.187 MB of memory in use
LDB: ============= START OF LOAD BALANCING ============== 4.17589
LDB: ============== END OF LOAD BALANCING =============== 4.17592
LDB: =============== DONE WITH MIGRATION ================ 4.17596
Info: Benchmark time: 1 CPUs 0.0101723 s/step 0.117735 days/ns 1.18726 MB memory
TIMING: 400  CPU: 4.18444, 0.0101709/step  Wall: 4.18557, 0.0101735/step, 0.00169559 hours remaining, 1.187259 MB of memory in use.
PERFORMANCE: 400  averaging 8.34953 ns/day, 0.0103479 sec/step with standard deviation 0.000330857
ENERGY:     400      2064.1105       595.8186         0.0000         0.0000        -249382.3067      5632.3662      1153.7831     -6519.2892      6034.9449        -240420.5725       378.9285   -246455.5174   -240359.5512       380.1632          10909.1436      8831.9213     56227.8601      8146.6766      8141.6364

WRITING EXTENDED SYSTEM TO RESTART FILE AT STEP 400
WRITING COORDINATES TO DCD FILE run0.dcd AT STEP 400
WRITING COORDINATES TO RESTART FILE AT STEP 400
FINISHED WRITING RESTART COORDINATES
The last position output (seq=400) takes 0.000 seconds, 1.187 MB of memory in use
WRITING VELOCITIES TO RESTART FILE AT STEP 400
FINISHED WRITING RESTART VELOCITIES
The last velocity output (seq=400) takes 0.000 seconds, 1.187 MB of memory in use
Info: Benchmark time: 1 CPUs 0.0102193 s/step 0.118279 days/ns 1.18726 MB memory
TIMING: 500  CPU: 5.20614, 0.010217/step  Wall: 5.20756, 0.0102199/step, 0.00141943 hours remaining, 1.187259 MB of memory in use.
PERFORMANCE: 500  averaging 8.37024 ns/day, 0.0103223 sec/step with standard deviation 0.000292191
ENERGY:     500      2198.7205       596.5580         0.0000         0.0000        -249324.2801      5634.9895      1157.0818     -6942.9341      6255.4352        -240424.4291       392.7729   -246679.8643   -240361.1559       389.2695          10866.3873      9272.1840     56227.8601      8711.8999      8715.9346

WRITING EXTENDED SYSTEM TO RESTART FILE AT STEP 500
WRITING COORDINATES TO DCD FILE run0.dcd AT STEP 500
WRITING COORDINATES TO RESTART FILE AT STEP 500
FINISHED WRITING RESTART COORDINATES
The last position output (seq=500) takes 0.000 seconds, 1.187 MB of memory in use
WRITING VELOCITIES TO RESTART FILE AT STEP 500
FINISHED WRITING RESTART VELOCITIES
The last velocity output (seq=500) takes 0.000 seconds, 1.187 MB of memory in use
Info: Benchmark time: 1 CPUs 0.0102563 s/step 0.118707 days/ns 1.18726 MB memory
TIMING: 600  CPU: 6.22955, 0.0102342/step  Wall: 6.23326, 0.0102569/step, 0.00113966 hours remaining, 1.187259 MB of memory in use.
PERFORMANCE: 600  averaging 8.37908 ns/day, 0.0103114 sec/step with standard deviation 0.000262701
ENERGY:     600      2169.5997       602.6925         0.0000         0.0000        -249078.6241      5559.1888      1181.0303     -7335.4804      6411.0163        -240490.5768       402.5417   -246901.5931   -240434.4128       399.3000          10962.9151      9255.8359     56227.8601      9269.0073      9271.2425

WRITING EXTENDED SYSTEM TO RESTART FILE AT STEP 600
WRITING COORDINATES TO DCD FILE run0.dcd AT STEP 600
WRITING COORDINATES TO RESTART FILE AT STEP 600
FINISHED WRITING RESTART COORDINATES
The last position output (seq=600) takes 0.000 seconds, 1.187 MB of memory in use
WRITING VELOCITIES TO RESTART FILE AT STEP 600
FINISHED WRITING RESTART VELOCITIES
Info: Benchmark time: 1 CPUs 0.0102639 s/step 0.118796 days/ns 1.18726 MB memory
TIMING: 700  CPU: 7.25572, 0.0102617/step  Wall: 7.25971, 0.0102645/step, 0.000855374 hours remaining, 1.187259 MB of memory in use.
PERFORMANCE: 700  averaging 8.38453 ns/day, 0.0103047 sec/step with standard deviation 0.000240467
ENERGY:     700      2144.5466       561.8816         0.0000         0.0000        -248958.7836      5566.7532      1143.4422     -7599.4520      6571.9176        -240569.6944       412.6445   -247141.6120   -240514.1621       407.1244          11491.0232      9336.9059     56227.8601      9012.0360      9009.1834

WRITING EXTENDED SYSTEM TO RESTART FILE AT STEP 700
WRITING COORDINATES TO DCD FILE run0.dcd AT STEP 700
WRITING COORDINATES TO RESTART FILE AT STEP 700
FINISHED WRITING RESTART COORDINATES
The last position output (seq=700) takes 0.000 seconds, 1.187 MB of memory in use
WRITING VELOCITIES TO RESTART FILE AT STEP 700
FINISHED WRITING RESTART VELOCITIES
Info: Benchmark time: 1 CPUs 0.0102718 s/step 0.118886 days/ns 1.18726 MB memory
TIMING: 800  CPU: 8.28264, 0.0102691/step  Wall: 8.28695, 0.0102724/step, 0.000570689 hours remaining, 1.187259 MB of memory in use.
PERFORMANCE: 800  averaging 8.38781 ns/day, 0.0103007 sec/step with standard deviation 0.000222921
ENERGY:     800      2161.1849       548.0421         0.0000         0.0000        -248600.2140      5465.8198      1156.6629     -7952.8375      6564.0562        -240657.2856       412.1509   -247221.3418   -240604.8347       413.2353          11712.7400      9252.0043     56227.8601      9665.5918      9655.1090

WRITING EXTENDED SYSTEM TO RESTART FILE AT STEP 800
WRITING COORDINATES TO DCD FILE run0.dcd AT STEP 800
WRITING COORDINATES TO RESTART FILE AT STEP 800
FINISHED WRITING RESTART COORDINATES
The last position output (seq=800) takes 0.000 seconds, 1.187 MB of memory in use
WRITING VELOCITIES TO RESTART FILE AT STEP 800
FINISHED WRITING RESTART VELOCITIES
Info: Benchmark time: 1 CPUs 0.0103314 s/step 0.119577 days/ns 1.18726 MB memory
TIMING: 900  CPU: 9.31553, 0.010329/step  Wall: 9.32015, 0.0103321/step, 0.000287002 hours remaining, 1.187259 MB of memory in use.
PERFORMANCE: 900  averaging 8.38497 ns/day, 0.0103041 sec/step with standard deviation 0.000208786
ENERGY:     900      2159.6376       571.4145         0.0000         0.0000        -248840.1580      5701.8583      1164.0773     -8192.8541      6763.4590        -240672.5655       424.6712   -247436.0245   -240610.7019       418.4679          12687.9665     10933.0985     56227.8601     10027.8631     10020.7318

WRITING EXTENDED SYSTEM TO RESTART FILE AT STEP 900
WRITING COORDINATES TO DCD FILE run0.dcd AT STEP 900
WRITING COORDINATES TO RESTART FILE AT STEP 900
FINISHED WRITING RESTART COORDINATES
The last position output (seq=900) takes 0.000 seconds, 1.187 MB of memory in use
WRITING VELOCITIES TO RESTART FILE AT STEP 900
FINISHED WRITING RESTART VELOCITIES
TIMING: 1000  CPU: 10.3406, 0.0102507/step  Wall: 10.3464, 0.010262/step, 0 hours remaining, 1.187259 MB of memory in use.
PERFORMANCE: 1000  averaging 8.3884 ns/day, 0.0102999 sec/step with standard deviation 0.000197296
ETITLE:      TS           BOND          ANGLE          DIHED          IMPRP               ELECT            VDW       BOUNDARY           MISC        KINETIC               TOTAL           TEMP      POTENTIAL         TOTAL3        TEMPAVG            PRESSURE      GPRESSURE         VOLUME       PRESSAVG      GPRESSAVG

ENERGY:    1000      2225.0622       579.7887         0.0000         0.0000        -248481.6515      5513.4779      1189.8010     -8553.5015      6750.2479        -240776.7753       423.8417   -247527.0232   -240715.2698       424.4507          11025.0614     10212.9194     56227.8601     10720.8765     10736.1134

WRITING EXTENDED SYSTEM TO RESTART FILE AT STEP 1000
WRITING COORDINATES TO DCD FILE run0.dcd AT STEP 1000
WRITING COORDINATES TO RESTART FILE AT STEP 1000
FINISHED WRITING RESTART COORDINATES
The last position output (seq=1000) takes 0.000 seconds, 1.187 MB of memory in use
WRITING VELOCITIES TO RESTART FILE AT STEP 1000
FINISHED WRITING RESTART VELOCITIES
WRITING EXTENDED SYSTEM TO OUTPUT FILE AT STEP 1000
CLOSING EXTENDED SYSTEM TRAJECTORY FILE
WRITING COORDINATES TO OUTPUT FILE AT STEP 1000
CLOSING COORDINATE DCD FILE run0.dcd
WRITING VELOCITIES TO OUTPUT FILE AT STEP 1000
====================================================

WallClock: 10.388515  CPUTime: 10.377356  Memory: 1.187259 MB
[Partition 0][Node 0] End of program
