Charm++> No provisioning arguments specified. Running with a single PE.
         Use +auto-provision to fully subscribe resources or +p1 to silence this message.
Charm++: standalone mode (not using charmrun)
Charm++> Running in Multicore mode: 1 threads (PEs)
Charm++> Using recursive bisection (scheme 3) for topology aware partitions
Converse/Charm++ Commit ID: 
CharmLB> Load balancer assumes all CPUs are same.
Charm++> Running on 1 hosts (1 sockets x 6 cores x 2 PUs = 12-way SMP)
Charm++> cpu topology info is gathered in 0.003 seconds.
CharmLB> Load balancing instrumentation for communication is off.
Info: NAMD 3.0.1 for Linux-x86_64-multicore
Info: 
Info: Please visit http://www.ks.uiuc.edu/Research/namd/
Info: for updates, documentation, and support information.
Info: 
Info: Please cite Phillips et al., J. Chem. Phys. 153:044130 (2020) doi:10.1063/5.0014475
Info: in all publications reporting results obtained with NAMD.
Info: 
Info: Based on Charm++/Converse 80000 for multicore-linux-x86_64-gcc
Info: Built Mon Oct 14 11:11:06 CDT 2024 by dhardy on athine.ks.uiuc.edu
Info: 1 NAMD  3.0.1  Linux-x86_64-multicore  1    pc1d-06  convidat
Info: Running on 1 processors, 1 nodes, 1 physical nodes.
Info: CPU topology information available.
Info: Charm++/Converse parallel runtime startup completed at 0.00612651 s
CkLoopLib is used in SMP with simple dynamic scheduling (converse-level notification)
Info: 25.8086 MB of memory in use based on /proc/self/stat
Info: Configuration file is eq0.namd
Info: Working in the current directory /home/samba/homes/convidat/Desktop/nanoporo/bionano-tutorial-files/4_current
TCL: Suspending until startup complete.
Warning: Option "1-4scaling" has been deprecated. Instead use "oneFourScaling".
Info: SIMULATION PARAMETERS:
Info: TIMESTEP               1
Info: NUMBER OF STEPS        201
Info: STEPS PER CYCLE        20
Info: PERIODIC CELL BASIS 1  34.1775 19.7324 0
Info: PERIODIC CELL BASIS 2  0 39.4648 0
Info: PERIODIC CELL BASIS 3  0 0 51
Info: PERIODIC CELL CENTER   0 0 0
Info: WRAPPING ALL CLUSTERS AROUND PERIODIC BOUNDARIES ON OUTPUT.
Info: WRAPPING TO IMAGE NEAREST TO PERIODIC CELL CENTER.
Info: LOAD BALANCER  Centralized
Info: LOAD BALANCING STRATEGY  New Load Balancers -- DEFAULT
Info: LDB PERIOD             4000 steps
Info: FIRST LDB TIMESTEP     100
Info: LAST LDB TIMESTEP     -1
Info: LDB BACKGROUND SCALING 1
Info: HOM BACKGROUND SCALING 1
Info: PME BACKGROUND SCALING 1
Info: MIN ATOMS PER PATCH    40
Info: EMPTY PATCH LOAD       40 ATOMS
Info: INITIAL TEMPERATURE    0
Info: CENTER OF MASS MOVING INITIALLY? NO
Info: DIELECTRIC             1
Info: EXCLUDE                SCALED ONE-FOUR
Info: 1-4 ELECTROSTATICS SCALED BY 1
Info: MODIFIED 1-4 VDW PARAMETERS WILL BE USED
Info: DCD FILENAME           eq0.dcd
Info: DCD FREQUENCY          100
Info: DCD FIRST STEP         100
Info: DCD FILE WILL CONTAIN UNIT CELL DATA
Info: XST FILENAME           eq0.xst
Info: XST FREQUENCY          100
Info: NO VELOCITY DCD OUTPUT
Info: NO FORCE DCD OUTPUT
Info: OUTPUT FILENAME        eq0
Info: BINARY OUTPUT FILES WILL BE USED
Info: RESTART FILENAME       eq0.restart
Info: RESTART FREQUENCY      100
Info: BINARY RESTART FILES WILL BE USED
Info: SWITCHING ACTIVE
Info: SWITCHING ON           10
Info: SWITCHING OFF          12
Info: PAIRLIST DISTANCE      14
Info: PAIRLIST SHRINK RATE   0.01
Info: PAIRLIST GROW RATE     0.01
Info: PAIRLIST TRIGGER       0.3
Info: PAIRLISTS PER CYCLE    2
Info: PAIRLISTS ENABLED
Info: MARGIN                 3
Info: HYDROGEN GROUP CUTOFF  2.5
Info: PATCH DIMENSION        19.5
Info: ENERGY OUTPUT STEPS    100
Info: ENERGY EVALUATION STEPS    100
Info: OUTPUT ENERGY PRECISION 4
Info: CROSSTERM ENERGY INCLUDED IN DIHEDRAL
Info: TIMING OUTPUT STEPS    100
Info: HARMONIC CONSTRAINTS ACTIVE
Info: HARMONIC CONS EXP      2
Info: CONJUGATE GRADIENT MINIMIZATION ACTIVE
Info: LINE MINIMIZATION GOAL = 0.001
Info: BABY STEP SIZE = 0.01
Info: TINY STEP SIZE = 1e-06
Info: PARTICLE MESH EWALD (PME) ACTIVE
Info: PME TOLERANCE               1e-06
Info: PME EWALD COEFFICIENT       0.257952
Info: PME INTERPOLATION ORDER     4
Info: PME GRID DIMENSIONS         48 48 64
Info: PME MAXIMUM GRID SPACING    1.5
Info: Attempting to read FFTW data from FFTW_NAMD_3.0.1_Linux-x86_64-multicore.txt
Info: Optimizing 6 FFT steps.  1... 2... 3... 4... 5... 6...   Done.
Info: Writing FFTW data to FFTW_NAMD_3.0.1_Linux-x86_64-multicore.txt
Info: FULL ELECTROSTATIC EVALUATION FREQUENCY      4
Info: USING VERLET I (r-RESPA) MTS SCHEME.
Info: C1 SPLITTING OF LONG RANGE ELECTROSTATICS
Info: PLACING ATOMS IN PATCHES BY HYDROGEN GROUPS
Info: NONBONDED FORCES EVALUATED EVERY 2 STEPS
Info: RANDOM NUMBER SEED     1750181141
Info: USE HYDROGEN BONDS?    NO
Info: COORDINATE PDB         poro_total.pdb
Info: STRUCTURE FILE         poro_total.psf
Info: PARAMETER file: CHARMM format! 
Info: PARAMETERS             cornell.prm
Info: PARAMETERS             par_silicon_ions_NEW5.inp
Info: USING ARITHMETIC MEAN TO COMBINE L-J SIGMA PARAMETERS
Info: SUMMARY OF PARAMETERS:
Info: 96 BONDS
Info: 229 ANGLES
Info: 81 DIHEDRAL
Info: 31 IMPROPER
Info: 0 CROSSTERM
Info: 62 VDW
Info: 0 VDW_PAIRS
Info: 0 NBTHOLE_PAIRS
Info: TIME FOR READING PSF FILE: 0.00356657
Info: Reading pdb file poro_total.pdb
Info: TIME FOR READING PDB FILE: 0.00108756
Info: 
Info: ****************************
Info: STRUCTURE SUMMARY:
Info: 2024 ATOMS
Info: 3046 BONDS
Info: 6904 ANGLES
Info: 0 DIHEDRALS
Info: 0 IMPROPERS
Info: 0 CROSSTERMS
Info: 0 EXCLUSIONS
Info: 1814 CONSTRAINTS
Info: 6072 DEGREES OF FREEDOM
Info: 1892 HYDROGEN GROUPS
Info: 3 ATOMS IN LARGEST HYDROGEN GROUP
Info: 1892 MIGRATION GROUPS
Info: 3 ATOMS IN LARGEST MIGRATION GROUP
Info: TOTAL MASS = 37969.9 amu
Info: TOTAL CHARGE = 7.89165e-05 e
Info: MASS DENSITY = 0.916598 g/cm^3
Info: ATOM DENSITY = 0.0294232 atoms/A^3
Info: *****************************
Info: 
Info: Entering startup at 18.8943 s, 1.78375 MB of memory in use
Info: Startup phase 0 took 2.303e-05 s, 1.78375 MB of memory in use
Info: ADDED 23610 IMPLICIT EXCLUSIONS
Info: Startup phase 1 took 0.00261419 s, 1.78375 MB of memory in use
Info: NONBONDED TABLE R-SQUARED SPACING: 0.0625
Info: NONBONDED TABLE SIZE: 769 POINTS
Info: INCONSISTENCY IN FAST TABLE ENERGY VS FORCE: 0.000325096 AT 11.9556
Info: INCONSISTENCY IN SCOR TABLE ENERGY VS FORCE: 0.000324844 AT 11.9556
Info: INCONSISTENCY IN VDWA TABLE ENERGY VS FORCE: 0.0040507 AT 0.251946
Info: INCONSISTENCY IN VDWB TABLE ENERGY VS FORCE: 0.00150189 AT 0.251946
Info: Startup phase 2 took 0.000196034 s, 1.78375 MB of memory in use
Info: Startup phase 3 took 8.823e-06 s, 1.78375 MB of memory in use
Info: Startup phase 4 took 1.1836e-05 s, 1.78375 MB of memory in use
Info: Startup phase 5 took 6.372e-06 s, 1.78375 MB of memory in use
Info: PATCH GRID IS 1 (PERIODIC) BY 1 (PERIODIC) BY 2 (PERIODIC)
Info: PATCH GRID IS 1-AWAY BY 1-AWAY BY 1-AWAY
Info: REMOVING COM VELOCITY 0 0 0
Info: LARGEST PATCH (1) HAS 1019 ATOMS
Info: TORUS A SIZE 1 USING 0
Info: TORUS B SIZE 1 USING 0
Info: TORUS C SIZE 1 USING 0
Info: TORUS MINIMAL MESH SIZE IS 1 BY 1 BY 1
Info: Placed 100% of base nodes on same physical node as patch
Info: Startup phase 6 took 0.000374839 s, 1.78375 MB of memory in use
Info: PME using 1 and 1 processors for FFT and reciprocal sum.
Info: PME GRID LOCATIONS: 0
Info: PME TRANS LOCATIONS: 0
Info: PME USING 1 GRID NODES AND 1 TRANS NODES
Info: Optimizing 4 FFT steps.  1... 2... 3... 4...   Done.
Info: Startup phase 7 took 0.000297698 s, 1.78375 MB of memory in use
Info: Startup phase 8 took 9.068e-06 s, 1.78375 MB of memory in use
Info: Startup phase 9 took 7.341e-06 s, 1.78375 MB of memory in use
Info: Startup phase 10 took 6.192e-06 s, 1.78375 MB of memory in use
Info: Startup phase 11 took 7.164e-06 s, 1.78375 MB of memory in use
LDB: Central LB being created...
Info: Startup phase 12 took 1.3771e-05 s, 1.78375 MB of memory in use
Info: CREATING 47 COMPUTE OBJECTS
Info: Startup phase 13 took 6.7691e-05 s, 1.78375 MB of memory in use
Info: Startup phase 14 took 7.191e-06 s, 1.78375 MB of memory in use
Info: Startup phase 15 took 1.1095e-05 s, 1.78375 MB of memory in use
Info: Finished startup at 18.898 s, 1.78375 MB of memory in use

ETITLE:      TS           BOND          ANGLE          DIHED          IMPRP               ELECT            VDW       BOUNDARY           MISC        KINETIC               TOTAL           TEMP      POTENTIAL         TOTAL3        TEMPAVG            PRESSURE      GPRESSURE         VOLUME       PRESSAVG      GPRESSAVG

ENERGY:       0       200.6285        23.6537         0.0000         0.0000        -211614.3158       769.7951         0.0000         0.0000         0.0000        -210620.2385         0.0000   -210620.2385   -210620.2385         0.0000         -21574.1892    -21241.5835     68789.1793    -21574.1892    -21241.5835

OPENING EXTENDED SYSTEM TRAJECTORY FILE
MINIMIZER STARTING CONJUGATE GRADIENT ALGORITHM
LINE MINIMIZER REDUCING GRADIENT FROM 1.99442e+06 TO 1994.42
ENERGY:       1       149.2444        16.6358         0.0000         0.0000        -211848.2832       287.3990         1.6820         0.0000         0.0000        -211393.3219         0.0000   -211393.3219   -211393.3219         0.0000         -23116.2201    -23489.3627     68789.1793    -23116.2201    -23489.3627

ENERGY:       2       388.4958        45.7400         0.0000         0.0000        -212073.0775       -87.2559         6.7281         0.0000         0.0000        -211719.3694         0.0000   -211719.3694   -211719.3694         0.0000         -24449.5297    -25268.5090     68789.1793    -24449.5297    -25268.5090

ENERGY:       3       906.1729       118.2280         0.0000         0.0000        -212289.0285      -376.8217        15.1383         0.0000         0.0000        -211626.3111         0.0000   -211626.3111   -211626.3111         0.0000         -25664.7103    -26674.6079     68789.1793    -25664.7103    -26674.6079

LINE MINIMIZER BRACKET: DX 0.000505855 0.000505855 DU -326.047 93.0583 DUDX -1.07563e+06 -222697 583867 
ENERGY:       4       503.1731        60.9117         0.0000         0.0000        -212133.0733      -174.2951         8.6965         0.0000         0.0000        -211734.5872         0.0000   -211734.5872   -211734.5872         0.0000         -24791.2282    -25687.5947     68789.1793    -24791.2282    -25687.5947

LINE MINIMIZER BRACKET: DX 0.000138509 0.000367346 DU -15.2178 108.276 DUDX -222697 2237.63 583867 
ENERGY:       5       490.7733        59.2438         0.0000         0.0000        -212127.1029      -165.8663         8.4883         0.0000         0.0000        -211734.4639         0.0000   -211734.4639   -211734.4639         0.0000         -24757.4048    -25646.8896     68789.1793    -24757.4048    -25646.8896

LINE MINIMIZER BRACKET: DX 1.38509e-05 0.000367346 DU -0.123299 108.276 DUDX -20109.4 2237.63 583867 
ENERGY:       6       501.9184        60.7426         0.0000         0.0000        -212132.4737      -173.4513         8.6754         0.0000         0.0000        -211734.5885         0.0000   -211734.5885   -211734.5885         0.0000         -24787.8333    -25683.5171     68789.1793    -24787.8333    -25683.5171

LINE MINIMIZER BRACKET: DX 1.24598e-05 1.39115e-06 DU -0.124637 0.00133867 DUDX -20109.4 -5.49887 2237.63 
MINIMIZER RESTARTING CONJUGATE GRADIENT ALGORITHM
LINE MINIMIZER REDUCING GRADIENT FROM 2.44245e+06 TO 2442.45
ENERGY:       7       251.0379        23.6931         0.0000         0.0000        -212206.7543      -287.7638        11.5587         0.0000         0.0000        -212208.2285         0.0000   -212208.2285   -212208.2285         0.0000         -25674.5132    -26232.8513     68789.1793    -25674.5132    -26232.8513

ENERGY:       8       291.5820        19.3356         0.0000         0.0000        -212281.1890      -385.6407        14.9121         0.0000         0.0000        -212341.0000         0.0000   -212341.0000   -212341.0000         0.0000         -26726.7246    -26713.0947     68789.1793    -26726.7246    -26713.0947

ENERGY:       9       627.8588        43.0291         0.0000         0.0000        -212355.9287      -465.6182        18.7356         0.0000         0.0000        -212131.9233         0.0000   -212131.9233   -212131.9233         0.0000         -27940.1027    -27119.2250     68789.1793    -27940.1027    -27119.2250

LINE MINIMIZER BRACKET: DX 0.000315978 0.000315978 DU -132.772 209.077 DUDX -959730 119922 1.20484e+06 
ETITLE:      TS           BOND          ANGLE          DIHED          IMPRP               ELECT            VDW       BOUNDARY           MISC        KINETIC               TOTAL           TEMP      POTENTIAL         TOTAL3        TEMPAVG            PRESSURE      GPRESSURE         VOLUME       PRESSAVG      GPRESSAVG

ENERGY:      10       272.5484        18.3681         0.0000         0.0000        -212272.9157      -375.6190        14.5166         0.0000         0.0000        -212343.1016         0.0000   -212343.1016   -212343.1016         0.0000         -26601.8423    -26663.3165     68789.1793    -26601.8423    -26663.3165

LINE MINIMIZER BRACKET: DX 0.000280899 3.50785e-05 DU -134.873 2.10153 DUDX -959730 -108.548 119922 
MINIMIZER RESTARTING CONJUGATE GRADIENT ALGORITHM
LINE MINIMIZER REDUCING GRADIENT FROM 1.20788e+06 TO 1207.88
ENERGY:      11       237.2267        18.7703         0.0000         0.0000        -212389.9961      -481.3961        18.4577         0.0000         0.0000        -212596.9374         0.0000   -212596.9374   -212596.9374         0.0000         -26853.4930    -27188.5864     68789.1793    -26853.4930    -27188.5864

ENERGY:      12       291.0007        24.9884         0.0000         0.0000        -212505.1876      -569.4394        22.9241         0.0000         0.0000        -212735.7137         0.0000   -212735.7137   -212735.7137         0.0000         -27103.3737    -27638.3492     68789.1793    -27103.3737    -27638.3492

ENERGY:      13       433.4965        37.1625         0.0000         0.0000        -212618.7334      -636.4773        27.9157         0.0000         0.0000        -212756.6360         0.0000   -212756.6360   -212756.6360         0.0000         -27337.9096    -28000.8296     68789.1793    -27337.9096    -28000.8296

ENERGY:      14       664.0086        55.5421         0.0000         0.0000        -212730.9393      -676.1871        33.4326         0.0000         0.0000        -212654.1431         0.0000   -212654.1431   -212654.1431         0.0000         -27531.2774    -28253.1846     68789.1793    -27531.2774    -28253.1846

LINE MINIMIZER BRACKET: DX 0.00037646 0.00037646 DU -20.9223 102.493 DUDX -213718 105089 444017 
ENERGY:      15       377.1671        32.5126         0.0000         0.0000        -212581.7622      -617.1703        26.2255         0.0000         0.0000        -212763.0273         0.0000   -212763.0273   -212763.0273         0.0000         -27264.1435    -27892.9856     68789.1793    -27264.1435    -27892.9856

LINE MINIMIZER BRACKET: DX 0.000253341 0.000123118 DU -27.3136 6.39133 DUDX -213718 -785.738 105089 
LINE MINIMIZER REDUCING GRADIENT FROM 1.35139e+06 TO 1351.39
ENERGY:      16       350.4649        30.6668         0.0000         0.0000        -212674.3151      -687.3684        31.3385         0.0000         0.0000        -212949.2134         0.0000   -212949.2134   -212949.2134         0.0000         -27600.3124    -28243.0222     68789.1793    -27600.3124    -28243.0222

ENERGY:      17       327.6138        29.0619         0.0000         0.0000        -212765.7518      -747.4015        36.9431         0.0000         0.0000        -213119.5344         0.0000   -213119.5344   -213119.5344         0.0000         -27899.1812    -28548.9726     68789.1793    -27899.1812    -28548.9726

MINIMIZER RESTARTING CONJUGATE GRADIENT ALGORITHM DUE TO POOR PROGRESS
LINE MINIMIZER REDUCING GRADIENT FROM 1.05131e+06 TO 1051.31
ENERGY:      18       230.4335        20.8570         0.0000         0.0000        -212808.5508      -822.2045        41.0661         0.0000         0.0000        -213338.3987         0.0000   -213338.3987   -213338.3987         0.0000         -28372.9093    -28846.9101     68789.1793    -28372.9093    -28846.9101

ENERGY:      19       247.1046        20.0931         0.0000         0.0000        -212853.9296      -877.5194        45.4402         0.0000         0.0000        -213418.8111         0.0000   -213418.8111   -213418.8111         0.0000         -28856.0864    -29075.6664     68789.1793    -28856.0864    -29075.6664

LDB: ============= START OF LOAD BALANCING ============== 19.044
LDB: ============== END OF LOAD BALANCING =============== 19.044
LDB: =============== DONE WITH MIGRATION ================ 19.044
ETITLE:      TS           BOND          ANGLE          DIHED          IMPRP               ELECT            VDW       BOUNDARY           MISC        KINETIC               TOTAL           TEMP      POTENTIAL         TOTAL3        TEMPAVG            PRESSURE      GPRESSURE         VOLUME       PRESSAVG      GPRESSAVG

ENERGY:      20       377.7130        26.5701         0.0000         0.0000        -212900.8514      -920.4788        50.0653         0.0000         0.0000        -213366.9817         0.0000   -213366.9817   -213366.9817         0.0000         -29377.5294    -29258.9993     68789.1793    -29377.5294    -29258.9993

LINE MINIMIZER BRACKET: DX 0.000359804 0.000359804 DU -80.4125 51.8294 DUDX -411970 -37753.4 324360 
ENERGY:      21       255.3658        20.4310         0.0000         0.0000        -212858.7432      -882.4724        45.9087         0.0000         0.0000        -213419.5102         0.0000   -213419.5102   -213419.5102         0.0000         -28908.1174    -29096.5431     68789.1793    -28908.1174    -29096.5431

LINE MINIMIZER BRACKET: DX 3.73587e-05 0.000322445 DU -0.699044 52.5284 DUDX -37753.4 278.549 324360 
LINE MINIMIZER REDUCING GRADIENT FROM 809283 TO 809.283
ENERGY:      22       242.7918        18.7987         0.0000         0.0000        -212923.8845      -926.1078        50.6604         0.0000         0.0000        -213537.7414         0.0000   -213537.7414   -213537.7414         0.0000         -29090.1228    -29292.9863     68789.1793    -29090.1228    -29292.9863

ENERGY:      23       236.8361        17.4954         0.0000         0.0000        -212989.2339      -965.3722        55.6790         0.0000         0.0000        -213644.5956         0.0000   -213644.5956   -213644.5956         0.0000         -29260.9928    -29472.5075     68789.1793    -29260.9928    -29472.5075

MINIMIZER RESTARTING CONJUGATE GRADIENT ALGORITHM DUE TO POOR PROGRESS
LINE MINIMIZER REDUCING GRADIENT FROM 687540 TO 687.54
ENERGY:      24       209.6375        16.4937         0.0000         0.0000        -213060.6006      -997.8931        60.1087         0.0000         0.0000        -213772.2538         0.0000   -213772.2538   -213772.2538         0.0000         -29199.1652    -29629.8301     68789.1793    -29199.1652    -29629.8301

ENERGY:      25       255.0718        20.2162         0.0000         0.0000        -213130.7811     -1026.8686        64.7392         0.0000         0.0000        -213817.6225         0.0000   -213817.6225   -213817.6225         0.0000         -29181.2611    -29770.4488     68789.1793    -29181.2611    -29770.4488

ENERGY:      26       372.8893        28.7282         0.0000         0.0000        -213199.8114     -1052.3587        69.5706         0.0000         0.0000        -213780.9821         0.0000   -213780.9821   -213780.9821         0.0000         -29207.4486    -29894.6718     68789.1793    -29207.4486    -29894.6718

LINE MINIMIZER BRACKET: DX 0.000385215 0.000385215 DU -45.3687 36.6404 DUDX -224460 -11193.2 201277 
ENERGY:      27       263.6022        20.8503         0.0000         0.0000        -213137.7348     -1029.5742        65.2133         0.0000         0.0000        -213817.6433         0.0000   -213817.6433   -213817.6433         0.0000         -29181.8935    -29783.6042     68789.1793    -29181.8935    -29783.6042

LINE MINIMIZER BRACKET: DX 3.85215e-05 0.000346694 DU -0.0207472 36.6612 DUDX -11193.2 10092.1 201277 
LINE MINIMIZER REDUCING GRADIENT FROM 646836 TO 646.836
ENERGY:      28       262.5861        20.4390         0.0000         0.0000        -213194.0592     -1052.7033        69.7992         0.0000         0.0000        -213893.9381         0.0000   -213893.9381   -213893.9381         0.0000         -29274.8135    -29892.1572     68789.1793    -29274.8135    -29892.1572

ENERGY:      29       261.7826        20.0580         0.0000         0.0000        -213250.0365     -1073.8039        74.5684         0.0000         0.0000        -213967.4314         0.0000   -213967.4314   -213967.4314         0.0000         -29361.2676    -29991.8192     68789.1793    -29361.2676    -29991.8192

MINIMIZER RESTARTING CONJUGATE GRADIENT ALGORITHM DUE TO POOR PROGRESS
LINE MINIMIZER REDUCING GRADIENT FROM 614064 TO 614.064
ETITLE:      TS           BOND          ANGLE          DIHED          IMPRP               ELECT            VDW       BOUNDARY           MISC        KINETIC               TOTAL           TEMP      POTENTIAL         TOTAL3        TEMPAVG            PRESSURE      GPRESSURE         VOLUME       PRESSAVG      GPRESSAVG

ENERGY:      30       217.2765        15.1981         0.0000         0.0000        -213291.4501     -1088.6739        78.8127         0.0000         0.0000        -214068.8368         0.0000   -214068.8368   -214068.8368         0.0000         -29564.9571    -30059.4421     68789.1793    -29564.9571    -30059.4421

ENERGY:      31       238.2655        14.6458         0.0000         0.0000        -213332.5056     -1101.2471        83.2007         0.0000         0.0000        -214097.6406         0.0000   -214097.6406   -214097.6406         0.0000         -29810.7636    -30116.8022     68789.1793    -29810.7636    -30116.8022

ENERGY:      32       324.8834        18.3272         0.0000         0.0000        -213373.2057     -1111.4126        87.7325         0.0000         0.0000        -214053.6752         0.0000   -214053.6752   -214053.6752         0.0000         -30098.3391    -30163.4746     68789.1793    -30098.3391    -30163.4746

LINE MINIMIZER BRACKET: DX 0.000381668 0.000381668 DU -28.8038 43.9654 DUDX -170654 19817.1 210702 
ENERGY:      33       233.0269        14.5050         0.0000         0.0000        -213328.2529     -1100.0497        82.7377         0.0000         0.0000        -214098.0329         0.0000   -214098.0329   -214098.0329         0.0000         -29783.2495    -30111.3267     68789.1793    -29783.2495    -30111.3267

LINE MINIMIZER BRACKET: DX 0.000341979 3.96889e-05 DU -29.1961 0.392286 DUDX -170654 -10.6624 19817.1 
LINE MINIMIZER REDUCING GRADIENT FROM 520289 TO 520.289
ENERGY:      34       236.7212        14.6427         0.0000         0.0000        -213377.2317     -1113.0151        87.0831         0.0000         0.0000        -214151.7998         0.0000   -214151.7998   -214151.7998         0.0000         -29870.8873    -30174.6194     68789.1793    -29870.8873    -30174.6194

ENERGY:      35       240.7273        14.8653         0.0000         0.0000        -213426.0049     -1124.2384        91.5636         0.0000         0.0000        -214203.0871         0.0000   -214203.0871   -214203.0871         0.0000         -29952.8650    -30230.3866     68789.1793    -29952.8650    -30230.3866

MINIMIZER RESTARTING CONJUGATE GRADIENT ALGORITHM DUE TO POOR PROGRESS
LINE MINIMIZER REDUCING GRADIENT FROM 518809 TO 518.809
ENERGY:      36       200.1795        12.7076         0.0000         0.0000        -213479.7677     -1134.9723        95.7125         0.0000         0.0000        -214306.1405         0.0000   -214306.1405   -214306.1405         0.0000         -29877.3255    -30287.8688     68789.1793    -29877.3255    -30287.8688

ENERGY:      37       241.8188        15.9100         0.0000         0.0000        -213532.7118     -1143.3241        99.9763         0.0000         0.0000        -214318.3308         0.0000   -214318.3308   -214318.3308         0.0000         -29857.2507    -30333.8793     68789.1793    -29857.2507    -30333.8793

ENERGY:      38       364.4352        24.8318         0.0000         0.0000        -213584.8200     -1149.1149       104.3552         0.0000         0.0000        -214240.3127         0.0000   -214240.3127   -214240.3127         0.0000         -29891.4951    -30367.5425     68789.1793    -29891.4951    -30367.5425

LINE MINIMIZER BRACKET: DX 0.000383826 0.000383826 DU -12.1903 78.0181 DUDX -149815 86052 320241 
ENERGY:      39       217.1609        14.0964         0.0000         0.0000        -213513.4710     -1140.5607        98.4058         0.0000         0.0000        -214324.3687         0.0000   -214324.3687   -214324.3687         0.0000         -29858.2151    -30318.4502     68789.1793    -29858.2151    -30318.4502

LINE MINIMIZER BRACKET: DX 0.000243649 0.000140176 DU -18.2282 6.03785 DUDX -149815 111.171 86052 
LINE MINIMIZER REDUCING GRADIENT FROM 340051 TO 340.051
ETITLE:      TS           BOND          ANGLE          DIHED          IMPRP               ELECT            VDW       BOUNDARY           MISC        KINETIC               TOTAL           TEMP      POTENTIAL         TOTAL3        TEMPAVG            PRESSURE      GPRESSURE         VOLUME       PRESSAVG      GPRESSAVG

ENERGY:      40       220.8530        14.3181         0.0000         0.0000        -213557.6833     -1151.9717       102.6207         0.0000         0.0000        -214371.8634         0.0000   -214371.8634   -214371.8634         0.0000         -29899.8598    -30372.1490     68789.1793    -29899.8598    -30372.1490

ENERGY:      41       225.1461        14.6406         0.0000         0.0000        -213601.5947     -1161.6097       106.9461         0.0000         0.0000        -214416.4716         0.0000   -214416.4716   -214416.4716         0.0000         -29936.5279    -30417.9817     68789.1793    -29936.5279    -30417.9817

MINIMIZER RESTARTING CONJUGATE GRADIENT ALGORITHM DUE TO POOR PROGRESS
LINE MINIMIZER REDUCING GRADIENT FROM 346483 TO 346.483
ENERGY:      42       203.2186        12.2587         0.0000         0.0000        -213639.5260     -1169.0103       111.1153         0.0000         0.0000        -214481.9438         0.0000   -214481.9438   -214481.9438         0.0000         -30012.1084    -30453.0012     68789.1793    -30012.1084    -30453.0012

ENERGY:      43       218.9233        12.5815         0.0000         0.0000        -213677.1046     -1174.1101       115.3881         0.0000         0.0000        -214504.3219         0.0000   -214504.3219   -214504.3219         0.0000         -30109.0719    -30477.7737     68789.1793    -30109.0719    -30477.7737

ENERGY:      44       272.5246        15.3892         0.0000         0.0000        -213714.3297     -1177.0163       119.7645         0.0000         0.0000        -214483.6677         0.0000   -214483.6677   -214483.6677         0.0000         -30227.9158    -30492.6762     68789.1793    -30227.9158    -30492.6762

LINE MINIMIZER BRACKET: DX 0.000400601 0.000400601 DU -22.3781 20.6543 DUDX -109612 -2093.19 105160 
ENERGY:      45       222.5749        12.7545         0.0000         0.0000        -213680.8425     -1174.4987       115.8211         0.0000         0.0000        -214504.1908         0.0000   -214504.1908   -214504.1908         0.0000         -30119.9646    -30479.7028     68789.1793    -30119.9646    -30479.7028

LINE MINIMIZER BRACKET: DX 0.000400601 4.00601e-05 DU -22.3781 0.131115 DUDX -109612 -2093.19 8650.25 
ENERGY:      46       219.6057        12.6133         0.0000         0.0000        -213677.8341     -1174.1876       115.4724         0.0000         0.0000        -214504.3303         0.0000   -214504.3303   -214504.3303         0.0000         -30111.1798    -30478.1583     68789.1793    -30111.1798    -30478.1583

LINE MINIMIZER BRACKET: DX 7.8132e-06 3.22469e-05 DU -0.00833202 0.139447 DUDX -2093.19 2.35346 8650.25 
LINE MINIMIZER REDUCING GRADIENT FROM 330027 TO 330.027
ENERGY:      47       220.1670        12.5913         0.0000         0.0000        -213720.6549     -1177.9622       119.8056         0.0000         0.0000        -214546.0532         0.0000   -214546.0532   -214546.0532         0.0000         -30136.6317    -30500.2059     68789.1793    -30136.6317    -30500.2059

ENERGY:      48       220.8911        12.5848         0.0000         0.0000        -213763.2315     -1180.4467       124.2436         0.0000         0.0000        -214585.9588         0.0000   -214585.9588   -214585.9588         0.0000         -30158.5550    -30516.4339     68789.1793    -30158.5550    -30516.4339

MINIMIZER RESTARTING CONJUGATE GRADIENT ALGORITHM DUE TO POOR PROGRESS
LINE MINIMIZER REDUCING GRADIENT FROM 306233 TO 306.233
ENERGY:      49       180.7872        11.6727         0.0000         0.0000        -213808.2650     -1183.9013       128.6776         0.0000         0.0000        -214671.0288         0.0000   -214671.0288   -214671.0288         0.0000         -30096.0234    -30537.2633     68789.1793    -30096.0234    -30537.2633

ETITLE:      TS           BOND          ANGLE          DIHED          IMPRP               ELECT            VDW       BOUNDARY           MISC        KINETIC               TOTAL           TEMP      POTENTIAL         TOTAL3        TEMPAVG            PRESSURE      GPRESSURE         VOLUME       PRESSAVG      GPRESSAVG

ENERGY:      50       234.2115        13.7963         0.0000         0.0000        -213852.9559     -1186.4428       133.2292         0.0000         0.0000        -214658.1617         0.0000   -214658.1617   -214658.1617         0.0000         -30101.5384    -30553.5222     68789.1793    -30101.5384    -30553.5222

LINE MINIMIZER BRACKET: DX 0.000438591 0.000438591 DU -85.07 12.8671 DUDX -306233 -81857.5 139887 
ENERGY:      51       189.6932        12.0485         0.0000         0.0000        -213824.7538     -1184.9402       130.3393         0.0000         0.0000        -214677.6131         0.0000   -214677.6131   -214677.6131         0.0000         -30090.1567    -30543.7574     68789.1793    -30090.1567    -30543.7574

LINE MINIMIZER BRACKET: DX 0.000161437 0.000277154 DU -6.58438 19.4515 DUDX -81857.5 216.068 139887 
LINE MINIMIZER REDUCING GRADIENT FROM 146091 TO 146.091
ENERGY:      52       191.1245        11.9505         0.0000         0.0000        -213945.2177     -1198.9408       143.8023         0.0000         0.0000        -214797.2811         0.0000   -214797.2811   -214797.2811         0.0000         -30146.0434    -30619.6028     68789.1793    -30146.0434    -30619.6028

ENERGY:      53       193.8539        12.4577         0.0000         0.0000        -214064.0304     -1203.8973       158.2687         0.0000         0.0000        -214903.3474         0.0000   -214903.3474   -214903.3474         0.0000         -30179.6492    -30654.8304     68789.1793    -30179.6492    -30654.8304

MINIMIZER RESTARTING CONJUGATE GRADIENT ALGORITHM DUE TO POOR PROGRESS
LINE MINIMIZER REDUCING GRADIENT FROM 110395 TO 110.395
ENERGY:      54       202.5577        11.9343         0.0000         0.0000        -214140.8025     -1201.8992       167.1328         0.0000         0.0000        -214961.0769         0.0000   -214961.0769   -214961.0769         0.0000         -30265.2166    -30660.6114     68789.1793    -30265.2166    -30660.6114

ENERGY:      55       291.1301        23.7907         0.0000         0.0000        -214217.1991     -1198.0377       176.3213         0.0000         0.0000        -214923.9947         0.0000   -214923.9947   -214923.9947         0.0000         -30416.5009    -30658.0912     68789.1793    -30416.5009    -30658.0912

LINE MINIMIZER BRACKET: DX 0.000961922 0.000961922 DU -57.7295 37.0822 DUDX -110395 -10164.3 86637.2 
ENERGY:      56       208.2056        12.5106         0.0000         0.0000        -214148.7885     -1201.5837       168.0762         0.0000         0.0000        -214961.5798         0.0000   -214961.5798   -214961.5798         0.0000         -30277.9673    -30660.7272     68789.1793    -30277.9673    -30660.7272

LINE MINIMIZER BRACKET: DX 0.000100353 0.000861569 DU -0.502901 37.5851 DUDX -10164.3 104.852 86637.2 
LINE MINIMIZER REDUCING GRADIENT FROM 162665 TO 162.665
ENERGY:      57       208.2759        14.1631         0.0000         0.0000        -214342.9260     -1192.1105       192.7632         0.0000         0.0000        -215119.8343         0.0000   -215119.8343   -215119.8343         0.0000         -30281.0711    -30639.7970     68789.1793    -30281.0711    -30639.7970

ENERGY:      58       214.5546        18.9122         0.0000         0.0000        -214533.8117     -1171.4923       219.6710         0.0000         0.0000        -215252.1662         0.0000   -215252.1662   -215252.1662         0.0000         -30285.8135    -30568.1981     68789.1793    -30285.8135    -30568.1981

MINIMIZER RESTARTING CONJUGATE GRADIENT ALGORITHM DUE TO POOR PROGRESS
LINE MINIMIZER REDUCING GRADIENT FROM 121085 TO 121.085
ENERGY:      59       213.1917        11.8536         0.0000         0.0000        -214567.9068     -1167.7807       226.4023         0.0000         0.0000        -215284.2399         0.0000   -215284.2399   -215284.2399         0.0000         -29856.1381    -30528.1441     68789.1793    -29856.1381    -30528.1441

ETITLE:      TS           BOND          ANGLE          DIHED          IMPRP               ELECT            VDW       BOUNDARY           MISC        KINETIC               TOTAL           TEMP      POTENTIAL         TOTAL3        TEMPAVG            PRESSURE      GPRESSURE         VOLUME       PRESSAVG      GPRESSAVG

ENERGY:      60       337.6330        41.1732         0.0000         0.0000        -214602.6363     -1162.9179       233.2942         0.0000         0.0000        -215153.4537         0.0000   -215153.4537   -215153.4537         0.0000         -29542.5332    -30484.5158     68789.1793    -29542.5332    -30484.5158

LINE MINIMIZER BRACKET: DX 0.000945306 0.000945306 DU -32.0737 130.786 DUDX -121085 52715.2 223394 
ENERGY:      61       199.8606        10.4500         0.0000         0.0000        -214557.4678     -1169.0322       224.3376         0.0000         0.0000        -215291.8517         0.0000   -215291.8517   -215291.8517         0.0000         -29974.4304    -30540.7193     68789.1793    -29974.4304    -30540.7193

LINE MINIMIZER BRACKET: DX 0.000657741 0.000287565 DU -39.6855 7.61179 DUDX -121085 160.301 52715.2 
ENERGY:      62       198.4797        10.5783         0.0000         0.0000        -214555.0879     -1169.3035       223.8675         0.0000         0.0000        -215291.4659         0.0000   -215291.4659   -215291.4659         0.0000         -30003.0041    -30543.5460     68789.1793    -30003.0041    -30543.5460

LINE MINIMIZER BRACKET: DX 6.57741e-05 0.000287565 DU -0.38578 7.61179 DUDX -11898.3 160.301 52715.2 
ENERGY:      63       199.6944        10.4555         0.0000         0.0000        -214557.2300     -1169.0596       224.2906         0.0000         0.0000        -215291.8492         0.0000   -215291.8492   -215291.8492         0.0000         -29977.2653    -30541.0059     68789.1793    -29977.2653    -30541.0059

LINE MINIMIZER BRACKET: DX 6.57741e-06 0.000287565 DU -0.00250293 7.61179 DUDX -1044.94 160.301 52715.2 
ENERGY:      64       199.8356        10.4507         0.0000         0.0000        -214557.4326     -1169.0363       224.3307         0.0000         0.0000        -215291.8519         0.0000   -215291.8519   -215291.8519         0.0000         -29974.8508    -30540.7625     68789.1793    -29974.8508    -30540.7625

LINE MINIMIZER BRACKET: DX 5.60265e-06 9.74757e-07 DU -0.00268015 0.000177224 DUDX -1044.94 -18.3226 160.301 
LINE MINIMIZER REDUCING GRADIENT FROM 60218.4 TO 60.2184
ENERGY:      65       197.0630        11.7333         0.0000         0.0000        -214740.4019     -1138.8114       250.2458         0.0000         0.0000        -215420.1712         0.0000   -215420.1712   -215420.1712         0.0000         -29896.4832    -30425.2703     68789.1793    -29896.4832    -30425.2703

ENERGY:      66       207.0693        20.4550         0.0000         0.0000        -214921.8893     -1097.6816       278.3522         0.0000         0.0000        -215513.6943         0.0000   -215513.6943   -215513.6943         0.0000         -29832.1080    -30260.7556     68789.1793    -29832.1080    -30260.7556

ENERGY:      67       240.0514        35.5539         0.0000         0.0000        -215102.0952     -1041.2583       308.6500         0.0000         0.0000        -215559.0982         0.0000   -215559.0982   -215559.0982         0.0000         -29767.0739    -30027.8756     68789.1793    -29767.0739    -30027.8756

ENERGY:      68       307.2552        56.5170         0.0000         0.0000        -215281.2741      -959.3062       341.1391         0.0000         0.0000        -215535.6690         0.0000   -215535.6690   -215535.6690         0.0000         -29663.2916    -29681.0034     68789.1793    -29663.2916    -29681.0034

LINE MINIMIZER BRACKET: DX 0.00237173 0.00237173 DU -45.4039 23.4292 DUDX -30447.6 -6438.48 28543 
ENERGY:      69       250.2408        39.2400         0.0000         0.0000        -215137.5154     -1027.6058       314.8863         0.0000         0.0000        -215560.7541         0.0000   -215560.7541   -215560.7541         0.0000         -29751.5436    -29970.6628     68789.1793    -29751.5436    -29970.6628

LINE MINIMIZER BRACKET: DX 0.000467928 0.00190381 DU -1.6559 25.0851 DUDX -6438.48 -589.496 28543 
ETITLE:      TS           BOND          ANGLE          DIHED          IMPRP               ELECT            VDW       BOUNDARY           MISC        KINETIC               TOTAL           TEMP      POTENTIAL         TOTAL3        TEMPAVG            PRESSURE      GPRESSURE         VOLUME       PRESSAVG      GPRESSAVG

ENERGY:      70       254.7879        40.8043         0.0000         0.0000        -215151.9193     -1021.7516       317.4481         0.0000         0.0000        -215560.6306         0.0000   -215560.6306   -215560.6306         0.0000         -29744.7636    -29946.0743     68789.1793    -29744.7636    -29946.0743

LINE MINIMIZER BRACKET: DX 0.000467928 0.000190381 DU -1.6559 0.12349 DUDX -6438.48 -589.496 1918.05 
ENERGY:      71       251.3017        39.6090         0.0000         0.0000        -215140.9449     -1026.2286       315.4949         0.0000         0.0000        -215560.7679         0.0000   -215560.7679   -215560.7679         0.0000         -29749.9571    -29964.8820     68789.1793    -29749.9571    -29964.8820

LINE MINIMIZER BRACKET: DX 4.53214e-05 0.000145059 DU -0.0137403 0.13723 DUDX -589.496 0.501814 1918.05 
LINE MINIMIZER REDUCING GRADIENT FROM 277531 TO 277.531
ENERGY:      72       217.2036        28.1246         0.0000         0.0000        -215200.5403     -1019.6978       326.7115         0.0000         0.0000        -215648.1983         0.0000   -215648.1983   -215648.1983         0.0000         -29565.0427    -29943.7349     68789.1793    -29565.0427    -29943.7349

ENERGY:      73       237.0318        26.3202         0.0000         0.0000        -215260.1662     -1006.3167       338.2150         0.0000         0.0000        -215664.9160         0.0000   -215664.9160   -215664.9160         0.0000         -29403.5568    -29892.0437     68789.1793    -29403.5568    -29892.0437

ENERGY:      74       303.4730        39.1878         0.0000         0.0000        -215319.7912      -988.5127       350.0052         0.0000         0.0000        -215615.6378         0.0000   -215615.6378   -215615.6378         0.0000         -29273.0273    -29820.7564     68789.1793    -29273.0273    -29820.7564

LINE MINIMIZER BRACKET: DX 0.000449981 0.000449981 DU -16.7176 49.2782 DUDX -113643 37605 180234 
ENERGY:      75       227.3328        25.6288         0.0000         0.0000        -215245.1683     -1010.1666       335.2947         0.0000         0.0000        -215667.0786         0.0000   -215667.0786   -215667.0786         0.0000         -29441.4301    -29907.1954     68789.1793    -29441.4301    -29907.1954

LINE MINIMIZER BRACKET: DX 0.000336804 0.000113177 DU -18.8803 2.16268 DUDX -113643 500.539 37605 
ENERGY:      76       225.0373        25.5858         0.0000         0.0000        -215240.7049     -1011.2553       334.4292         0.0000         0.0000        -215666.9080         0.0000   -215666.9080   -215666.9080         0.0000         -29453.0719    -29911.4496     68789.1793    -29453.0719    -29911.4496

LINE MINIMIZER BRACKET: DX 3.36804e-05 0.000113177 DU -0.170615 2.16268 DUDX -10653 500.539 37605 
ENERGY:      77       227.0908        25.6212         0.0000         0.0000        -215244.7219     -1010.2767       335.2081         0.0000         0.0000        -215667.0784         0.0000   -215667.0784   -215667.0784         0.0000         -29442.5867    -29907.6262     68789.1793    -29442.5867    -29907.6262

LINE MINIMIZER BRACKET: DX 3.36804e-06 0.000113177 DU -0.00022261 2.16268 DUDX -612.414 500.539 37605 
LINE MINIMIZER REDUCING GRADIENT FROM 131677 TO 131.677
ENERGY:      78       210.0451        13.1746         0.0000         0.0000        -215294.5137      -994.5477       343.4976         0.0000         0.0000        -215722.3441         0.0000   -215722.3441   -215722.3441         0.0000         -29347.6887    -29845.2947     68789.1793    -29347.6887    -29845.2947

ENERGY:      79       206.4698         9.4251         0.0000         0.0000        -215344.0662      -978.2848       351.9546         0.0000         0.0000        -215754.5015         0.0000   -215754.5015   -215754.5015         0.0000         -29271.0394    -29780.1919     68789.1793    -29271.0394    -29780.1919

ETITLE:      TS           BOND          ANGLE          DIHED          IMPRP               ELECT            VDW       BOUNDARY           MISC        KINETIC               TOTAL           TEMP      POTENTIAL         TOTAL3        TEMPAVG            PRESSURE      GPRESSURE         VOLUME       PRESSAVG      GPRESSAVG

ENERGY:      80       213.3867        16.3167         0.0000         0.0000        -215393.3920      -961.4828       360.5790         0.0000         0.0000        -215764.5923         0.0000   -215764.5923   -215764.5923         0.0000         -29211.6244    -29712.3210     68789.1793    -29211.6244    -29712.3210

ENERGY:      81       228.1103        35.4522         0.0000         0.0000        -215442.5033      -944.1357       369.3709         0.0000         0.0000        -215753.7056         0.0000   -215753.7056   -215753.7056         0.0000         -29168.5073    -29641.6752     68789.1793    -29168.5073    -29641.6752

LINE MINIMIZER BRACKET: DX 0.000510018 0.000510018 DU -10.0907 10.8867 DUDX -41074.6 1145.33 41155.7 
ENERGY:      82       212.3052        15.0967         0.0000         0.0000        -215388.4695      -963.1874       359.7090         0.0000         0.0000        -215764.5460         0.0000   -215764.5460   -215764.5460         0.0000         -29216.8209    -29719.2348     68789.1793    -29216.8209    -29719.2348

LINE MINIMIZER BRACKET: DX 5.10018e-05 0.000510018 DU -0.0462965 10.8867 DUDX -2980 1145.33 41155.7 
ENERGY:      83       213.0772        15.9641         0.0000         0.0000        -215392.0192      -961.9588       360.3362         0.0000         0.0000        -215764.6006         0.0000   -215764.6006   -215764.6006         0.0000         -29213.0580    -29714.2529     68789.1793    -29213.0580    -29714.2529

LINE MINIMIZER BRACKET: DX 3.67758e-05 1.42259e-05 DU -0.0545746 0.00827814 DUDX -2980 -3.14247 1145.33 
LINE MINIMIZER REDUCING GRADIENT FROM 60069.9 TO 60.0699
ENERGY:      84       219.5665        21.3706         0.0000         0.0000        -215481.7796      -933.4374       374.4400         0.0000         0.0000        -215799.8399         0.0000   -215799.8399   -215799.8399         0.0000         -29138.9519    -29613.9832     68789.1793    -29138.9519    -29613.9832

ENERGY:      85       293.4503        32.6184         0.0000         0.0000        -215571.4028      -901.1181       389.0763         0.0000         0.0000        -215757.3759         0.0000   -215757.3759   -215757.3759         0.0000         -29114.5824    -29496.3644     68789.1793    -29114.5824    -29496.3644

LINE MINIMIZER BRACKET: DX 0.00124546 0.00124546 DU -35.2393 42.464 DUDX -60069.9 3167.51 64777.2 
ENERGY:      86       215.8414        20.5920         0.0000         0.0000        -215472.8095      -936.4758       373.0056         0.0000         0.0000        -215799.8464         0.0000   -215799.8464   -215799.8464         0.0000         -29144.1757    -29624.8630     68789.1793    -29144.1757    -29624.8630

LINE MINIMIZER BRACKET: DX 0.00112092 0.000124546 DU -35.2458 0.00649214 DUDX -60069.9 -3076.76 3167.51 
LINE MINIMIZER REDUCING GRADIENT FROM 66968.5 TO 66.9685
ENERGY:      87       210.1295        11.4686         0.0000         0.0000        -215628.1109      -877.2620       397.4457         0.0000         0.0000        -215886.3291         0.0000   -215886.3291   -215886.3291         0.0000         -28897.4370    -29402.6623     68789.1793    -28897.4370    -29402.6623

ENERGY:      88       222.5675        13.2118         0.0000         0.0000        -215783.7746      -812.3428       423.5338         0.0000         0.0000        -215936.8044         0.0000   -215936.8044   -215936.8044         0.0000         -28689.7627    -29156.3072     68789.1793    -28689.7627    -29156.3072

ENERGY:      89       260.3649        23.8152         0.0000         0.0000        -215939.8518      -741.4971       451.2699         0.0000         0.0000        -215945.8990         0.0000   -215945.8990   -215945.8990         0.0000         -28522.6749    -28884.9359     68789.1793    -28522.6749    -28884.9359

ETITLE:      TS           BOND          ANGLE          DIHED          IMPRP               ELECT            VDW       BOUNDARY           MISC        KINETIC               TOTAL           TEMP      POTENTIAL         TOTAL3        TEMPAVG            PRESSURE      GPRESSURE         VOLUME       PRESSAVG      GPRESSAVG

ENERGY:      90       332.0610        41.6296         0.0000         0.0000        -216096.3951      -664.3292       480.6539         0.0000         0.0000        -215906.3799         0.0000   -215906.3799   -215906.3799         0.0000         -28397.3625    -28586.8998     68789.1793    -28397.3625    -28586.8998

LINE MINIMIZER BRACKET: DX 0.00154417 0.00154417 DU -9.09462 39.5191 DUDX -20003.4 9009.89 43028.2 
ENERGY:      91       245.7596        19.7848         0.0000         0.0000        -215892.6165      -763.5629       442.7099         0.0000         0.0000        -215947.9250         0.0000   -215947.9250   -215947.9250         0.0000         -28568.8451    -28969.7225     68789.1793    -28568.8451    -28969.7225

LINE MINIMIZER BRACKET: DX 0.00107728 0.000466887 DU -11.1206 2.02595 DUDX -20003.4 -270.592 9009.89 
ENERGY:      92       247.0875        20.1573         0.0000         0.0000        -215897.3379      -761.3819       443.5591         0.0000         0.0000        -215947.9158         0.0000   -215947.9158   -215947.9158         0.0000         -28564.0549    -28961.3501     68789.1793    -28564.0549    -28961.3501

LINE MINIMIZER BRACKET: DX 0.00107728 4.66887e-05 DU -11.1206 0.00912868 DUDX -20003.4 -270.592 636.949 
ENERGY:      93       246.1421        19.8922         0.0000         0.0000        -215893.9873      -762.9304       442.9563         0.0000         0.0000        -215947.9271         0.0000   -215947.9271   -215947.9271         0.0000         -28567.4540    -28967.2981     68789.1793    -28567.4540    -28967.2981

LINE MINIMIZER BRACKET: DX 1.3552e-05 3.31367e-05 DU -0.00216712 0.0112958 DUDX -270.592 -7.64166 636.949 
LINE MINIMIZER REDUCING GRADIENT FROM 190478 TO 190.478
ENERGY:      94       219.6138        17.1950         0.0000         0.0000        -215999.2168      -714.0167       461.6045         0.0000         0.0000        -216014.8202         0.0000   -216014.8202   -216014.8202         0.0000         -28320.2071    -28777.4856     68789.1793    -28320.2071    -28777.4856

ENERGY:      95       287.8107        19.4641         0.0000         0.0000        -216103.7326      -661.8764       480.9995         0.0000         0.0000        -215977.3347         0.0000   -215977.3347   -215977.3347         0.0000         -28150.3630    -28572.4912     68789.1793    -28150.3630    -28572.4912

LINE MINIMIZER BRACKET: DX 0.000626989 0.000626989 DU -66.893 37.4855 DUDX -190478 -23178.2 142466 
ENERGY:      96       223.4882        17.2013         0.0000         0.0000        -216013.8618      -706.9316       464.2689         0.0000         0.0000        -216015.8350         0.0000   -216015.8350   -216015.8350         0.0000         -28291.8859    -28749.8064     68789.1793    -28291.8859    -28749.8064

LINE MINIMIZER BRACKET: DX 8.75824e-05 0.000539407 DU -1.01486 38.5004 DUDX -23178.2 59.657 142466 
LINE MINIMIZER REDUCING GRADIENT FROM 49239.1 TO 49.2391
ENERGY:      97       217.4727         9.6155         0.0000         0.0000        -216085.6877      -672.8862       475.8965         0.0000         0.0000        -216055.5892         0.0000   -216055.5892   -216055.5892         0.0000         -28073.9144    -28625.4227     68789.1793    -28073.9144    -28625.4227

ENERGY:      98       238.0617        11.1087         0.0000         0.0000        -216157.3653      -637.1661       487.8701         0.0000         0.0000        -216057.4908         0.0000   -216057.4908   -216057.4908         0.0000         -27886.5231    -28493.4563     68789.1793    -27886.5231    -28493.4563

ENERGY:      99       278.9557        24.2637         0.0000         0.0000        -216228.9142      -599.7310       500.1896         0.0000         0.0000        -216025.2362         0.0000   -216025.2362   -216025.2362         0.0000         -27727.4675    -28353.8499     68789.1793    -27727.4675    -28353.8499

LDB: ============= START OF LOAD BALANCING ============== 19.6176
LDB: ============== END OF LOAD BALANCING =============== 19.6176
LDB: =============== DONE WITH MIGRATION ================ 19.6176
LINE MINIMIZER BRACKET: DX 0.00121486 0.00121486 DU -1.90158 32.2546 DUDX -16667.4 13024.1 39538.4 
Info: Initial time: 1 CPUs 0.00719401 s/step 0.083264 days/ns 1.78375 MB memory
TIMING: 100  CPU: 0.736689, 0.00719233/step  Wall: 0.736915, 0.00719502/step, 0.00020186 hours remaining, 1.783749 MB of memory in use.
PERFORMANCE: 100  averaging 12.0083 ns/day, 0.00719502 sec/step with standard deviation 0
ETITLE:      TS           BOND          ANGLE          DIHED          IMPRP               ELECT            VDW       BOUNDARY           MISC        KINETIC               TOTAL           TEMP      POTENTIAL         TOTAL3        TEMPAVG            PRESSURE      GPRESSURE         VOLUME       PRESSAVG      GPRESSAVG

ENERGY:     100       225.9648         9.1688         0.0000         0.0000        -216125.3906      -653.3187       482.4829         0.0000         0.0000        -216061.0928         0.0000   -216061.0928   -216061.0928         0.0000         -27966.5353    -28553.3126     68789.1793    -27966.5353    -28553.3126

WRITING EXTENDED SYSTEM TO RESTART FILE AT STEP 100
LINE MINIMIZER BRACKET: DX 0.000672598 0.000542258 DU -5.50357 3.60199 DUDX -16667.4 148.462 13024.1 
OPENING COORDINATE DCD FILE
WRITING COORDINATES TO DCD FILE eq0.dcd AT STEP 100
WRITING COORDINATES TO RESTART FILE AT STEP 100
FINISHED WRITING RESTART COORDINATES
The last position output (seq=100) takes 0.000 seconds, 1.784 MB of memory in use
WRITING VELOCITIES TO RESTART FILE AT STEP 100
FINISHED WRITING RESTART VELOCITIES
The last velocity output (seq=100) takes 0.000 seconds, 1.784 MB of memory in use
ENERGY:     101       224.7764         9.0774         0.0000         0.0000        -216121.4213      -655.2987       481.8195         0.0000         0.0000        -216061.0467         0.0000   -216061.0467   -216061.0467         0.0000         -27976.8545    -28560.6216     68789.1793    -27976.8545    -28560.6216

LINE MINIMIZER BRACKET: DX 6.72598e-05 0.000542258 DU -0.0460457 3.60199 DUDX -1491.71 148.462 13024.1 
ENERGY:     102       225.8428         9.1582         0.0000         0.0000        -216124.9934      -653.5170       482.4165         0.0000         0.0000        -216061.0929         0.0000   -216061.0929   -216061.0929         0.0000         -27967.5612    -28554.0425     68789.1793    -27967.5612    -28554.0425

LINE MINIMIZER BRACKET: DX 6.05338e-05 6.72598e-06 DU -0.0461631 0.000117358 DUDX -1491.71 -15.137 148.462 
LINE MINIMIZER REDUCING GRADIENT FROM 64092.7 TO 64.0927
ENERGY:     103       226.2992        16.5569         0.0000         0.0000        -216235.0027      -603.3569       497.7158         0.0000         0.0000        -216097.7877         0.0000   -216097.7877   -216097.7877         0.0000         -27930.9427    -28387.2592     68789.1793    -27930.9427    -28387.2592

ENERGY:     104       275.6466        35.8135         0.0000         0.0000        -216345.3986      -548.7270       513.6458         0.0000         0.0000        -216069.0197         0.0000   -216069.0197   -216069.0197         0.0000         -27938.6857    -28201.0042     68789.1793    -27938.6857    -28201.0042

LINE MINIMIZER BRACKET: DX 0.00105499 0.00105499 DU -36.6948 28.768 DUDX -64092.7 -4579.64 59892.5 
ENERGY:     105       228.9666        17.9414         0.0000         0.0000        -216246.0229      -598.1072       499.2804         0.0000         0.0000        -216097.9416         0.0000   -216097.9416   -216097.9416         0.0000         -27929.7409    -28369.5563     68789.1793    -27929.7409    -28369.5563

LINE MINIMIZER BRACKET: DX 0.000105499 0.000949493 DU -0.153925 28.9219 DUDX -4579.64 1655.11 59892.5 
ENERGY:     106       228.2098        17.5619         0.0000         0.0000        -216243.0933      -599.5066       498.8640         0.0000         0.0000        -216097.9643         0.0000   -216097.9643   -216097.9643         0.0000         -27930.0122    -28374.2751     68789.1793    -27930.0122    -28374.2751

LINE MINIMIZER BRACKET: DX 7.74636e-05 2.80356e-05 DU -0.176581 0.0226557 DUDX -4579.64 -6.49294 1655.11 
LINE MINIMIZER REDUCING GRADIENT FROM 37026.6 TO 37.0266
ENERGY:     107       226.9481        11.2192         0.0000         0.0000        -216364.4305      -533.6852       516.7924         0.0000         0.0000        -216143.1560         0.0000   -216143.1560   -216143.1560         0.0000         -27558.6863    -28143.3171     68789.1793    -27558.6863    -28143.3171

ENERGY:     108       252.6072        10.7421         0.0000         0.0000        -216486.1511      -461.6721       535.6635         0.0000         0.0000        -216148.8104         0.0000   -216148.8104   -216148.8104         0.0000         -27220.9499    -27885.9629     68789.1793    -27220.9499    -27885.9629

ENERGY:     109       303.3812        15.2993         0.0000         0.0000        -216608.2654      -381.6019       555.4771         0.0000         0.0000        -216115.7098         0.0000   -216115.7098   -216115.7098         0.0000         -26908.4093    -27593.9577     68789.1793    -26908.4093    -27593.9577

LINE MINIMIZER BRACKET: DX 0.00177132 0.00177132 DU -5.65442 33.1006 DUDX -14196.8 7735.5 29769.1 
ETITLE:      TS           BOND          ANGLE          DIHED          IMPRP               ELECT            VDW       BOUNDARY           MISC        KINETIC               TOTAL           TEMP      POTENTIAL         TOTAL3        TEMPAVG            PRESSURE      GPRESSURE         VOLUME       PRESSAVG      GPRESSAVG

ENERGY:     110       240.5835        10.2862         0.0000         0.0000        -216443.0251      -487.9640       528.8765         0.0000         0.0000        -216151.2429         0.0000   -216151.2429   -216151.2429         0.0000         -27337.0972    -27980.4952     68789.1793    -27337.0972    -27980.4952

LINE MINIMIZER BRACKET: DX 0.00114438 0.000626942 DU -8.08687 2.43245 DUDX -14196.8 25.778 7735.5 
LINE MINIMIZER REDUCING GRADIENT FROM 104072 TO 104.072
ENERGY:     111       238.4167        10.2876         0.0000         0.0000        -216554.3443      -431.4113       543.9161         0.0000         0.0000        -216193.1351         0.0000   -216193.1351   -216193.1351         0.0000         -27342.8602    -27808.3660     68789.1793    -27342.8602    -27808.3660

ENERGY:     112       320.0688        19.7847         0.0000         0.0000        -216666.5068      -368.5244       559.5689         0.0000         0.0000        -216135.6088         0.0000   -216135.6088   -216135.6088         0.0000         -27408.8420    -27609.4851     68789.1793    -27408.8420    -27609.4851

LINE MINIMIZER BRACKET: DX 0.000857615 0.000857615 DU -41.8923 57.5264 DUDX -104072 7754.07 127762 
ENERGY:     113       234.9965         9.8124         0.0000         0.0000        -216543.1767      -437.3221       542.3846         0.0000         0.0000        -216193.3053         0.0000   -216193.3053   -216193.3053         0.0000         -27339.5060    -27826.6597     68789.1793    -27339.5060    -27826.6597

LINE MINIMIZER BRACKET: DX 0.000771854 8.57615e-05 DU -42.0624 0.17019 DUDX -104072 -3798.42 7754.07 
ENERGY:     114       236.0276         9.9580         0.0000         0.0000        -216546.8423      -435.3877       542.8869         0.0000         0.0000        -216193.3575         0.0000   -216193.3575   -216193.3575         0.0000         -27340.5328    -27820.6727     68789.1793    -27340.5328    -27820.6727

LINE MINIMIZER BRACKET: DX 2.81658e-05 5.75958e-05 DU -0.0521825 0.222372 DUDX -3798.42 -13.3799 7754.07 
LINE MINIMIZER REDUCING GRADIENT FROM 23744.5 TO 23.7445
ENERGY:     115       259.0733        10.2339         0.0000         0.0000        -216634.6334      -390.7727       556.8263         0.0000         0.0000        -216199.2725         0.0000   -216199.2725   -216199.2725         0.0000         -27082.8029    -27695.3349     68789.1793    -27082.8029    -27695.3349

ENERGY:     116       373.5443        19.4078         0.0000         0.0000        -216721.5420      -335.8873       571.4407         0.0000         0.0000        -216093.0366         0.0000   -216093.0366   -216093.0366         0.0000         -26889.5210    -27522.9861     68789.1793    -26889.5210    -27522.9861

LINE MINIMIZER BRACKET: DX 0.00268862 0.00268862 DU -5.91496 106.236 DUDX -23744.5 18980.2 59752.6 
ENERGY:     117       237.2078         8.9783         0.0000         0.0000        -216595.3991      -412.0933       550.4971         0.0000         0.0000        -216210.8092         0.0000   -216210.8092   -216210.8092         0.0000         -27190.4774    -27757.5680     68789.1793    -27190.4774    -27757.5680

LINE MINIMIZER BRACKET: DX 0.00148395 0.00120468 DU -17.4517 11.5367 DUDX -23744.5 106.7 18980.2 
ENERGY:     118       235.8020         8.9498         0.0000         0.0000        -216590.5535      -414.5745       549.7268         0.0000         0.0000        -216210.6494         0.0000   -216210.6494   -216210.6494         0.0000         -27204.6260    -27764.5643     68789.1793    -27204.6260    -27764.5643

LINE MINIMIZER BRACKET: DX 0.000148395 0.00120468 DU -0.159773 11.5367 DUDX -2246.95 106.7 18980.2 
ENERGY:     119       237.0545         8.9742         0.0000         0.0000        -216594.9145      -412.3428       550.4200         0.0000         0.0000        -216210.8087         0.0000   -216210.8087   -216210.8087         0.0000         -27191.8813    -27758.2721     68789.1793    -27191.8813    -27758.2721

LDB: ============= START OF LOAD BALANCING ============== 19.7661
LDB: ============== END OF LOAD BALANCING =============== 19.7661
LDB: =============== DONE WITH MIGRATION ================ 19.7662
LINE MINIMIZER BRACKET: DX 1.48395e-05 0.00120468 DU -0.000466275 11.5367 DUDX -128.371 106.7 18980.2 
ETITLE:      TS           BOND          ANGLE          DIHED          IMPRP               ELECT            VDW       BOUNDARY           MISC        KINETIC               TOTAL           TEMP      POTENTIAL         TOTAL3        TEMPAVG            PRESSURE      GPRESSURE         VOLUME       PRESSAVG      GPRESSAVG

ENERGY:     120       237.1483         8.9766         0.0000         0.0000        -216595.2120      -412.1897       550.4673         0.0000         0.0000        -216210.8095         0.0000   -216210.8095   -216210.8095         0.0000         -27191.0205    -27757.8412     68789.1793    -27191.0205    -27757.8412

LINE MINIMIZER BRACKET: DX 9.10764e-06 5.73181e-06 DU -0.000795267 0.000328992 DUDX -128.371 15.911 106.7 
LINE MINIMIZER REDUCING GRADIENT FROM 31667.3 TO 31.6673
ENERGY:     121       242.5890         9.5249         0.0000         0.0000        -216692.6368      -369.3606       564.2646         0.0000         0.0000        -216245.6189         0.0000   -216245.6189   -216245.6189         0.0000         -27146.1031    -27665.7796     68789.1793    -27146.1031    -27665.7796

ENERGY:     122       279.6388        12.3439         0.0000         0.0000        -216790.5970      -319.7630       578.8123         0.0000         0.0000        -216239.5651         0.0000   -216239.5651   -216239.5651         0.0000         -27131.9670    -27544.7986     68789.1793    -27131.9670    -27544.7986

LINE MINIMIZER BRACKET: DX 0.0017241 0.0017241 DU -34.8094 6.05385 DUDX -31667.3 -8567.06 15888.8 
ENERGY:     123       251.9076        10.2771         0.0000         0.0000        -216727.3237      -352.4783       569.3380         0.0000         0.0000        -216248.2792         0.0000   -216248.2792   -216248.2792         0.0000         -27137.2361    -27625.9171     68789.1793    -27137.2361    -27625.9171

LINE MINIMIZER BRACKET: DX 0.000611445 0.00111266 DU -2.66033 8.71418 DUDX -8567.06 -93.5561 15888.8 
ENERGY:     124       254.0445        10.4437         0.0000         0.0000        -216733.6416      -349.3202       570.2714         0.0000         0.0000        -216248.2023         0.0000   -216248.2023   -216248.2023         0.0000         -27136.0592    -27618.2880     68789.1793    -27136.0592    -27618.2880

LINE MINIMIZER BRACKET: DX 0.000611445 0.000111266 DU -2.66033 0.0769901 DUDX -8567.06 -93.5561 1470.14 
ENERGY:     125       252.1151        10.2934         0.0000         0.0000        -216727.9556      -352.1637       569.4312         0.0000         0.0000        -216248.2796         0.0000   -216248.2796   -216248.2796         0.0000         -27137.1137    -27625.1607     68789.1793    -27137.1137    -27625.1607

LINE MINIMIZER BRACKET: DX 1.11266e-05 0.000100139 DU -0.000391375 0.0773815 DUDX -93.5561 62.4904 1470.14 
ENERGY:     126       252.0486        10.2882         0.0000         0.0000        -216727.7535      -352.2644       569.4014         0.0000         0.0000        -216248.2798         0.0000   -216248.2798   -216248.2798         0.0000         -27137.1531    -27625.4032     68789.1793    -27137.1531    -27625.4032

LINE MINIMIZER BRACKET: DX 7.56695e-06 3.55964e-06 DU -0.000508534 0.000117159 DUDX -93.5561 12.5563 62.4904 
LINE MINIMIZER REDUCING GRADIENT FROM 56137.8 TO 56.1378
ENERGY:     127       250.8263        10.0059         0.0000         0.0000        -216820.9899      -303.2335       583.0937         0.0000         0.0000        -216280.2976         0.0000   -216280.2976   -216280.2976         0.0000         -27015.0424    -27507.6708     68789.1793    -27015.0424    -27507.6708

ENERGY:     128       291.9104        11.6275         0.0000         0.0000        -216914.2924      -248.9310       597.4726         0.0000         0.0000        -216262.2128         0.0000   -216262.2128   -216262.2128         0.0000         -26941.7089    -27366.6440     68789.1793    -26941.7089    -27366.6440

LINE MINIMIZER BRACKET: DX 0.00102339 0.00102339 DU -32.0178 18.0848 DUDX -56137.8 -6676.96 41980.2 
ENERGY:     129       253.9742        10.1157         0.0000         0.0000        -216833.7801      -296.0976       585.0246         0.0000         0.0000        -216280.7630         0.0000   -216280.7630   -216280.7630         0.0000         -27002.0891    -27489.6959     68789.1793    -27002.0891    -27489.6959

LINE MINIMIZER BRACKET: DX 0.000140319 0.000883067 DU -0.465462 18.5502 DUDX -6676.96 15.08 41980.2 
LINE MINIMIZER REDUCING GRADIENT FROM 33636.5 TO 33.6365
ETITLE:      TS           BOND          ANGLE          DIHED          IMPRP               ELECT            VDW       BOUNDARY           MISC        KINETIC               TOTAL           TEMP      POTENTIAL         TOTAL3        TEMPAVG            PRESSURE      GPRESSURE         VOLUME       PRESSAVG      GPRESSAVG

ENERGY:     130       255.5088         9.2255         0.0000         0.0000        -216906.6767      -259.2867       596.7713         0.0000         0.0000        -216304.4578         0.0000   -216304.4578   -216304.4578         0.0000         -26807.1527    -27407.6776     68789.1793    -26807.1527    -27407.6776

ENERGY:     131       293.5073        11.6894         0.0000         0.0000        -216979.4192      -219.8885       609.0279         0.0000         0.0000        -216285.0830         0.0000   -216285.0830   -216285.0830         0.0000         -26658.6525    -27313.7631     68789.1793    -26658.6525    -27313.7631

LINE MINIMIZER BRACKET: DX 0.00135187 0.00135187 DU -23.6948 19.3748 DUDX -33636.5 -1519.43 30138.1 
ENERGY:     132       257.6903         9.3121         0.0000         0.0000        -216913.9590      -255.4660       597.9741         0.0000         0.0000        -216304.4485         0.0000   -216304.4485   -216304.4485         0.0000         -26790.2323    -27398.8353     68789.1793    -26790.2323    -27398.8353

LINE MINIMIZER BRACKET: DX 0.00135187 0.000135187 DU -23.6948 0.00931431 DUDX -33636.5 -1519.43 1661.47 
ENERGY:     133       256.5068         9.2627         0.0000         0.0000        -216910.1597      -257.4624       597.3460         0.0000         0.0000        -216304.5066         0.0000   -216304.5066   -216304.5066         0.0000         -26798.9982    -27403.4598     68789.1793    -26798.9982    -27403.4598

LINE MINIMIZER BRACKET: DX 6.46613e-05 7.05255e-05 DU -0.0487486 0.0580629 DUDX -1519.43 2.5876 1661.47 
LINE MINIMIZER REDUCING GRADIENT FROM 33763.3 TO 33.7633
ENERGY:     134       259.6948        11.2927         0.0000         0.0000        -216983.6327      -225.3680       607.5600         0.0000         0.0000        -216330.4532         0.0000   -216330.4532   -216330.4532         0.0000         -26822.4433    -27348.2835     68789.1793    -26822.4433    -27348.2835

ENERGY:     135       282.8343        14.8786         0.0000         0.0000        -217057.3558      -191.2054       618.1810         0.0000         0.0000        -216332.6672         0.0000   -216332.6672   -216332.6672         0.0000         -26878.6017    -27284.3383     68789.1793    -26878.6017    -27284.3383

ENERGY:     136       327.5464        20.2024         0.0000         0.0000        -217131.2952      -154.7124       629.2090         0.0000         0.0000        -216309.0498         0.0000   -216309.0498   -216309.0498         0.0000         -26966.8844    -27210.3694     68789.1793    -26966.8844    -27210.3694

LINE MINIMIZER BRACKET: DX 0.00110252 0.00110252 DU -2.21404 23.6174 DUDX -13052 9362.82 33870.9 
ENERGY:     137       270.7951        13.2023         0.0000         0.0000        -217026.9780      -205.5351       613.7591         0.0000         0.0000        -216334.7566         0.0000   -216334.7566   -216334.7566         0.0000         -26851.5649    -27311.8118     68789.1793    -26851.5649    -27311.8118

LINE MINIMIZER BRACKET: DX 0.000648617 0.000453907 DU -4.30347 2.08943 DUDX -13052 -97.3956 9362.82 
ENERGY:     138       271.8382        13.3570         0.0000         0.0000        -217030.0131      -204.1192       614.1982         0.0000         0.0000        -216334.7390         0.0000   -216334.7390   -216334.7390         0.0000         -26854.0150    -27309.1310     68789.1793    -26854.0150    -27309.1310

LINE MINIMIZER BRACKET: DX 0.000648617 4.53907e-05 DU -4.30347 0.0176525 DUDX -13052 -97.3956 833.374 
ENERGY:     139       270.8980        13.2176         0.0000         0.0000        -217027.2822      -205.3935       613.8030         0.0000         0.0000        -216334.7570         0.0000   -216334.7570   -216334.7570         0.0000         -26851.8095    -27311.5457     68789.1793    -26851.8095    -27311.5457

LINE MINIMIZER BRACKET: DX 4.54543e-06 4.08453e-05 DU -0.000383847 0.0180363 DUDX -97.3956 -4.33625 833.374 
LINE MINIMIZER REDUCING GRADIENT FROM 42221 TO 42.221
ETITLE:      TS           BOND          ANGLE          DIHED          IMPRP               ELECT            VDW       BOUNDARY           MISC        KINETIC               TOTAL           TEMP      POTENTIAL         TOTAL3        TEMPAVG            PRESSURE      GPRESSURE         VOLUME       PRESSAVG      GPRESSAVG

ENERGY:     140       268.5743        11.5354         0.0000         0.0000        -217086.8041      -176.5452       623.5712         0.0000         0.0000        -216359.6684         0.0000   -216359.6684   -216359.6684         0.0000         -26731.0619    -27258.6310     68789.1793    -26731.0619    -27258.6310

ENERGY:     141       278.5379        10.7411         0.0000         0.0000        -217146.4146      -145.3062       633.6986         0.0000         0.0000        -216368.7432         0.0000   -216368.7432   -216368.7432         0.0000         -26632.9162    -27195.2636     68789.1793    -26632.9162    -27195.2636

ENERGY:     142       300.3899        10.8874         0.0000         0.0000        -217206.0731      -111.3200       644.1852         0.0000         0.0000        -216361.9305         0.0000   -216361.9305   -216361.9305         0.0000         -26555.6697    -27119.8421     68789.1793    -26555.6697    -27119.8421

LINE MINIMIZER BRACKET: DX 0.000780472 0.000780472 DU -9.07475 6.81266 DUDX -21721.2 -1510.85 19110.9 
ENERGY:     143       280.1919        10.7120         0.0000         0.0000        -217152.3789      -142.0386       634.7311         0.0000         0.0000        -216368.7825         0.0000   -216368.7825   -216368.7825         0.0000         -26624.2838    -27188.2958     68789.1793    -26624.2838    -27188.2958

LINE MINIMIZER BRACKET: DX 7.80472e-05 0.000702425 DU -0.039283 6.85194 DUDX -1510.85 520.358 19110.9 
ENERGY:     144       279.7603        10.7185         0.0000         0.0000        -217150.8627      -142.8717       634.4684         0.0000         0.0000        -216368.7873         0.0000   -216368.7873   -216368.7873         0.0000         -26626.4564    -27190.0765     68789.1793    -26626.4564    -27190.0765

LINE MINIMIZER BRACKET: DX 5.82107e-05 1.98365e-05 DU -0.0440949 0.00481188 DUDX -1510.85 3.6951 520.358 
LINE MINIMIZER REDUCING GRADIENT FROM 38112.1 TO 38.1121
ENERGY:     145       278.1491         9.8079         0.0000         0.0000        -217208.9199      -112.0571       644.5680         0.0000         0.0000        -216388.4520         0.0000   -216388.4520   -216388.4520         0.0000         -26558.6899    -27124.7785     68789.1793    -26558.6899    -27124.7785

ENERGY:     146       295.1787         9.9570         0.0000         0.0000        -217267.1758       -78.1114       655.0107         0.0000         0.0000        -216385.1408         0.0000   -216385.1408   -216385.1408         0.0000         -26514.7625    -27046.2310     68789.1793    -26514.7625    -27046.2310

LINE MINIMIZER BRACKET: DX 0.000811584 0.000811584 DU -19.6647 3.31116 DUDX -38112.1 -10234.9 18654.4 
ENERGY:     147       282.0813         9.7371         0.0000         0.0000        -217229.7240      -100.3089       648.2618         0.0000         0.0000        -216389.9527         0.0000   -216389.9527   -216389.9527         0.0000         -26540.3598    -27098.3385     68789.1793    -26540.3598    -27098.3385

LINE MINIMIZER BRACKET: DX 0.000290137 0.000521447 DU -1.50073 4.81189 DUDX -10234.9 -63.3722 18654.4 
ENERGY:     148       283.0412         9.7388         0.0000         0.0000        -217233.4648       -98.1533       648.9303         0.0000         0.0000        -216389.9078         0.0000   -216389.9078   -216389.9078         0.0000         -26537.3757    -27093.3935     68789.1793    -26537.3757    -27093.3935

LINE MINIMIZER BRACKET: DX 0.000290137 5.21447e-05 DU -1.50073 0.0448881 DUDX -10234.9 -63.3722 1781.05 
ENERGY:     149       282.1738         9.7370         0.0000         0.0000        -217230.0974      -100.0939       648.3286         0.0000         0.0000        -216389.9520         0.0000   -216389.9520   -216389.9520         0.0000         -26540.0534    -27097.8430     68789.1793    -26540.0534    -27097.8430

LINE MINIMIZER BRACKET: DX 0.000290137 5.21447e-06 DU -1.50073 0.000719221 DUDX -10234.9 -63.3722 120.818 
ETITLE:      TS           BOND          ANGLE          DIHED          IMPRP               ELECT            VDW       BOUNDARY           MISC        KINETIC               TOTAL           TEMP      POTENTIAL         TOTAL3        TEMPAVG            PRESSURE      GPRESSURE         VOLUME       PRESSAVG      GPRESSAVG

ENERGY:     150       282.0958         9.7370         0.0000         0.0000        -217229.7828      -100.2750       648.2723         0.0000         0.0000        -216389.9527         0.0000   -216389.9527   -216389.9527         0.0000         -26540.3116    -27098.2607     68789.1793    -26540.3116    -27098.2607

LINE MINIMIZER BRACKET: DX 0.000290137 8.20797e-07 DU -1.50073 1.69189e-05 DUDX -10234.9 -63.3722 -34.3872 
ENERGY:     151       282.0813         9.7371         0.0000         0.0000        -217229.7240      -100.3089       648.2618         0.0000         0.0000        -216389.9527         0.0000   -216389.9527   -216389.9527         0.0000         -26540.3598    -27098.3385     68789.1793    -26540.3598    -27098.3385

LINE MINIMIZER REDUCING GRADIENT FROM 18194.3 TO 18.1943
ENERGY:     152       293.8336        10.3708         0.0000         0.0000        -217290.7166       -72.7940       659.0514         0.0000         0.0000        -216400.2548         0.0000   -216400.2548   -216400.2548         0.0000         -26541.4798    -27068.2296     68789.1793    -26541.4798    -27068.2296

ENERGY:     153       337.4242        15.8666         0.0000         0.0000        -217351.6120       -42.4353       670.2276         0.0000         0.0000        -216370.5289         0.0000   -216370.5289   -216370.5289         0.0000         -26586.3585    -27025.4334     68789.1793    -26586.3585    -27025.4334

LINE MINIMIZER BRACKET: DX 0.00166029 0.00166029 DU -10.3021 29.7259 DUDX -18194.3 5805.57 30088.6 
ENERGY:     154       288.0733         9.7808         0.0000         0.0000        -217275.9841       -79.6960       656.4083         0.0000         0.0000        -216401.4177         0.0000   -216401.4177   -216401.4177         0.0000         -26537.1674    -27076.6357     68789.1793    -26537.1674    -27076.6357

LINE MINIMIZER BRACKET: DX 0.00125902 0.000401268 DU -11.465 1.16288 DUDX -18194.3 -4.51915 5805.57 
LINE MINIMIZER REDUCING GRADIENT FROM 16041.5 TO 16.0415
ENERGY:     155       292.0812        10.2544         0.0000         0.0000        -217326.7667       -59.5753       667.1557         0.0000         0.0000        -216416.8507         0.0000   -216416.8507   -216416.8507         0.0000         -26492.3760    -27070.9886     68789.1793    -26492.3760    -27070.9886

ENERGY:     156       317.1298        12.3901         0.0000         0.0000        -217377.9475       -36.4171       678.3550         0.0000         0.0000        -216406.4896         0.0000   -216406.4896   -216406.4896         0.0000         -26482.6758    -27052.6848     68789.1793    -26482.6758    -27052.6848

LINE MINIMIZER BRACKET: DX 0.00175878 0.00175878 DU -15.433 10.3611 DUDX -16041.5 -1492.58 13381.2 
ENERGY:     157       293.6522        10.3932         0.0000         0.0000        -217331.9215       -57.3758       668.2671         0.0000         0.0000        -216416.9847         0.0000   -216416.9847   -216416.9847         0.0000         -26489.8099    -27069.7248     68789.1793    -26489.8099    -27069.7248

LINE MINIMIZER BRACKET: DX 0.000177767 0.00158102 DU -0.134018 10.4951 DUDX -1492.58 -12.9233 13381.2 
LINE MINIMIZER REDUCING GRADIENT FROM 25343.1 TO 25.3431
ENERGY:     158       297.2270        11.5327         0.0000         0.0000        -217382.2980       -40.3239       678.8476         0.0000         0.0000        -216435.0146         0.0000   -216435.0146   -216435.0146         0.0000         -26520.4173    -27086.1237     68789.1793    -26520.4173    -27086.1237

ENERGY:     159       316.7165        13.8406         0.0000         0.0000        -217432.9638       -20.1738       689.9048         0.0000         0.0000        -216432.6757         0.0000   -216432.6757   -216432.6757         0.0000         -26584.3063    -27089.2101     68789.1793    -26584.3063    -27089.2101

LINE MINIMIZER BRACKET: DX 0.00110537 0.00110537 DU -18.0298 2.33887 DUDX -25343.1 -7217.4 11650 
ETITLE:      TS           BOND          ANGLE          DIHED          IMPRP               ELECT            VDW       BOUNDARY           MISC        KINETIC               TOTAL           TEMP      POTENTIAL         TOTAL3        TEMPAVG            PRESSURE      GPRESSURE         VOLUME       PRESSAVG      GPRESSAVG

ENERGY:     160       302.8439        12.2790         0.0000         0.0000        -217401.8564       -32.9099       683.0663         0.0000         0.0000        -216436.5770         0.0000   -216436.5770   -216436.5770         0.0000         -26541.2154    -27088.9539     68789.1793    -26541.2154    -27088.9539

LINE MINIMIZER BRACKET: DX 0.000427389 0.000677983 DU -1.56243 3.9013 DUDX -7217.4 -56.6773 11650 
ENERGY:     161       303.9551        12.4138         0.0000         0.0000        -217404.9642       -31.6905       683.7421         0.0000         0.0000        -216436.5437         0.0000   -216436.5437   -216436.5437         0.0000         -26544.9799    -27089.2274     68789.1793    -26544.9799    -27089.2274

LINE MINIMIZER BRACKET: DX 0.000427389 6.77983e-05 DU -1.56243 0.0333048 DUDX -7217.4 -56.6773 1092.68 
ENERGY:     162       302.9523        12.2923         0.0000         0.0000        -217402.1675       -32.7885       683.1338         0.0000         0.0000        -216436.5776         0.0000   -216436.5776   -216436.5776         0.0000         -26541.5889    -27088.9861     68789.1793    -26541.5889    -27088.9861

LINE MINIMIZER BRACKET: DX 6.77983e-06 6.10184e-05 DU -0.000575305 0.0338801 DUDX -56.6773 58.0803 1092.68 
ENERGY:     163       302.9302        12.2896         0.0000         0.0000        -217402.1044       -32.8131       683.1201         0.0000         0.0000        -216436.5777         0.0000   -216436.5777   -216436.5777         0.0000         -26541.5137    -27088.9804     68789.1793    -26541.5137    -27088.9804

LINE MINIMIZER BRACKET: DX 5.40237e-06 1.37745e-06 DU -0.000630719 5.54133e-05 DUDX -56.6773 34.7629 58.0803 
ENERGY:     164       302.9203        12.2883         0.0000         0.0000        -217402.0759       -32.8242       683.1139         0.0000         0.0000        -216436.5776         0.0000   -216436.5776   -216436.5776         0.0000         -26541.4794    -27088.9773     68789.1793    -26541.4794    -27088.9773

LINE MINIMIZER BRACKET: DX 6.19763e-07 1.37745e-06 DU -6.14267e-05 5.54133e-05 DUDX 24.2719 34.7629 58.0803 
ENERGY:     165       302.9302        12.2896         0.0000         0.0000        -217402.1044       -32.8131       683.1201         0.0000         0.0000        -216436.5777         0.0000   -216436.5777   -216436.5777         0.0000         -26541.5137    -27088.9804     68789.1793    -26541.5137    -27088.9804

LINE MINIMIZER REDUCING GRADIENT FROM 23852.1 TO 23.8521
ENERGY:     166       305.9645        10.0331         0.0000         0.0000        -217442.1972       -19.4467       693.4215         0.0000         0.0000        -216452.2248         0.0000   -216452.2248   -216452.2248         0.0000         -26540.6269    -27118.4655     68789.1793    -26540.6269    -27118.4655

ENERGY:     167       326.3105         9.7518         0.0000         0.0000        -217482.7458        -3.6850       704.1996         0.0000         0.0000        -216446.1690         0.0000   -216446.1690   -216446.1690         0.0000         -26575.9848    -27138.0807     68789.1793    -26575.9848    -27138.0807

LINE MINIMIZER BRACKET: DX 0.00111169 0.00111169 DU -15.6471 6.05581 DUDX -23852.1 -4336.45 15339.4 
ENERGY:     168       308.9815         9.7958         0.0000         0.0000        -217451.1430       -16.1645       695.7689         0.0000         0.0000        -216452.7613         0.0000   -216452.7613   -216452.7613         0.0000         -26545.3451    -27123.6737     68789.1793    -26545.3451    -27123.6737

LINE MINIMIZER BRACKET: DX 0.000246366 0.000865327 DU -0.536488 6.5923 DUDX -4336.45 -18.5494 15339.4 
LINE MINIMIZER REDUCING GRADIENT FROM 17631.9 TO 17.6319
ENERGY:     169       315.0689         9.5364         0.0000         0.0000        -217485.3428        -8.7238       705.1429         0.0000         0.0000        -216464.3184         0.0000   -216464.3184   -216464.3184         0.0000         -26602.5116    -27177.2767     68789.1793    -26602.5116    -27177.2767

ETITLE:      TS           BOND          ANGLE          DIHED          IMPRP               ELECT            VDW       BOUNDARY           MISC        KINETIC               TOTAL           TEMP      POTENTIAL         TOTAL3        TEMPAVG            PRESSURE      GPRESSURE         VOLUME       PRESSAVG      GPRESSAVG

ENERGY:     170       343.1920        11.6028         0.0000         0.0000        -217519.7630         0.9810       714.9736         0.0000         0.0000        -216449.0137         0.0000   -216449.0137   -216449.0137         0.0000         -26699.3867    -27221.3928     68789.1793    -26699.3867    -27221.3928

LINE MINIMIZER BRACKET: DX 0.00140485 0.00140485 DU -11.5571 15.3046 DUDX -17631.9 1245.22 20693.5 
ENERGY:     171       313.4811         9.4560         0.0000         0.0000        -217481.9127        -9.5678       704.1850         0.0000         0.0000        -216464.3585         0.0000   -216464.3585   -216464.3585         0.0000         -26595.0047    -27172.3341     68789.1793    -26595.0047    -27172.3341

LINE MINIMIZER BRACKET: DX 0.00126437 0.000140485 DU -11.5972 0.0401527 DUDX -17631.9 -659.104 1245.22 
ENERGY:     172       314.0099         9.4814         0.0000         0.0000        -217483.1094        -9.2760       704.5186         0.0000         0.0000        -216464.3756         0.0000   -216464.3756   -216464.3756         0.0000         -26597.5823    -27174.0732     68789.1793    -26597.5823    -27174.0732

LINE MINIMIZER BRACKET: DX 4.89959e-05 9.14893e-05 DU -0.0170566 0.0572094 DUDX -659.104 4.43017 1245.22 
LINE MINIMIZER REDUCING GRADIENT FROM 14785.6 TO 14.7856
ENERGY:     173       320.0492         9.2599         0.0000         0.0000        -217510.4237        -8.5883       712.4366         0.0000         0.0000        -216477.2663         0.0000   -216477.2663   -216477.2663         0.0000         -26705.2091    -27256.4495     68789.1793    -26705.2091    -27256.4495

ENERGY:     174       341.4199        10.1635         0.0000         0.0000        -217538.1513        -5.2886       720.7802         0.0000         0.0000        -216471.0763         0.0000   -216471.0763   -216471.0763         0.0000         -26842.1787    -27327.9040     68789.1793    -26842.1787    -27327.9040

LINE MINIMIZER BRACKET: DX 0.00151223 0.00151223 DU -12.8908 6.18999 DUDX -14785.6 -2255.47 10534.2 
ENERGY:     175       322.7156         9.3342         0.0000         0.0000        -217515.3209        -8.1913       713.8876         0.0000         0.0000        -216477.5748         0.0000   -216477.5748   -216477.5748         0.0000         -26727.4028    -27269.9499     68789.1793    -26727.4028    -27269.9499

LINE MINIMIZER BRACKET: DX 0.00026862 0.00124361 DU -0.30849 6.49848 DUDX -2255.47 -17.3057 10534.2 
ENERGY:     176       324.1140         9.3807         0.0000         0.0000        -217517.5926        -7.9798       714.5639         0.0000         0.0000        -216477.5138         0.0000   -216477.5138   -216477.5138         0.0000         -26737.9924    -27276.0843     68789.1793    -26737.9924    -27276.0843

LINE MINIMIZER BRACKET: DX 0.00026862 0.000124361 DU -0.30849 0.0610087 DUDX -2255.47 -17.3057 1022.47 
ENERGY:     177       322.8508         9.3385         0.0000         0.0000        -217515.5478        -8.1709       713.9551         0.0000         0.0000        -216477.5744         0.0000   -216477.5744   -216477.5744         0.0000         -26728.4514    -27270.5653     68789.1793    -26728.4514    -27270.5653

LINE MINIMIZER BRACKET: DX 0.00026862 1.24361e-05 DU -0.30849 0.000443263 DUDX -2255.47 -17.3057 86.5518 
ENERGY:     178       322.7377         9.3349         0.0000         0.0000        -217515.3578        -8.1880       713.8986         0.0000         0.0000        -216477.5747         0.0000   -216477.5747   -216477.5747         0.0000         -26727.5733    -27270.0498     68789.1793    -26727.5733    -27270.0498

LINE MINIMIZER BRACKET: DX 0.00026862 2.0323e-06 DU -0.30849 0.000119204 DUDX -2255.47 -17.3057 -0.330658 
ENERGY:     179       322.7156         9.3342         0.0000         0.0000        -217515.3209        -8.1913       713.8876         0.0000         0.0000        -216477.5748         0.0000   -216477.5748   -216477.5748         0.0000         -26727.4028    -27269.9499     68789.1793    -26727.4028    -27269.9499

LINE MINIMIZER REDUCING GRADIENT FROM 20136.9 TO 20.1369
ETITLE:      TS           BOND          ANGLE          DIHED          IMPRP               ELECT            VDW       BOUNDARY           MISC        KINETIC               TOTAL           TEMP      POTENTIAL         TOTAL3        TEMPAVG            PRESSURE      GPRESSURE         VOLUME       PRESSAVG      GPRESSAVG

ENERGY:     180       324.5909         9.1798         0.0000         0.0000        -217537.1507        -9.0623       721.0190         0.0000         0.0000        -216491.4233         0.0000   -216491.4233   -216491.4233         0.0000         -26787.8081    -27351.3676     68789.1793    -26787.8081    -27351.3676

ENERGY:     181       337.0710         9.8466         0.0000         0.0000        -217559.3750        -7.6460       728.5475         0.0000         0.0000        -216491.5559         0.0000   -216491.5559   -216491.5559         0.0000         -26873.7191    -27423.2116     68789.1793    -26873.7191    -27423.2116

ENERGY:     182       360.6651        11.4119         0.0000         0.0000        -217581.9861        -3.8668       736.4730         0.0000         0.0000        -216477.3028         0.0000   -216477.3028   -216477.3028         0.0000         -26984.8682    -27485.0055     68789.1793    -26984.8682    -27485.0055

LINE MINIMIZER BRACKET: DX 0.00102542 0.00102542 DU -0.13265 14.2532 DUDX -6867.83 6731.87 21274.4 
ENERGY:     183       329.6021         9.4137         0.0000         0.0000        -217548.4248        -8.6289       724.8046         0.0000         0.0000        -216493.2333         0.0000   -216493.2333   -216493.2333         0.0000         -26828.4056    -27389.1920     68789.1793    -26828.4056    -27389.1920

LINE MINIMIZER BRACKET: DX 0.000522376 0.000503043 DU -1.81006 1.67741 DUDX -6867.83 -20.4588 6731.87 
ENERGY:     184       330.2312         9.4477         0.0000         0.0000        -217549.5175        -8.5557       725.1746         0.0000         0.0000        -216493.2198         0.0000   -216493.2198   -216493.2198         0.0000         -26832.6757    -27392.7137     68789.1793    -26832.6757    -27392.7137

LINE MINIMIZER BRACKET: DX 0.000522376 5.03043e-05 DU -1.81006 0.0135684 DUDX -6867.83 -20.4588 646.575 
ENERGY:     185       329.6638         9.4170         0.0000         0.0000        -217548.5340        -8.6218       724.8416         0.0000         0.0000        -216493.2334         0.0000   -216493.2334   -216493.2334         0.0000         -26828.8297    -27389.5451     68789.1793    -26828.8297    -27389.5451

LINE MINIMIZER BRACKET: DX 5.03043e-06 4.52739e-05 DU -9.12739e-05 0.0136596 DUDX -20.4588 46.1815 646.575 
LINE MINIMIZER REDUCING GRADIENT FROM 16265.7 TO 16.2657
ENERGY:     186       331.0382         9.2695         0.0000         0.0000        -217566.5239        -7.8595       731.2173         0.0000         0.0000        -216502.8584         0.0000   -216502.8584   -216502.8584         0.0000         -26863.4448    -27451.5731     68789.1793    -26863.4448    -27451.5731

ENERGY:     187       346.7836        10.6061         0.0000         0.0000        -217584.6967        -5.0863       737.9506         0.0000         0.0000        -216494.4426         0.0000   -216494.4426   -216494.4426         0.0000         -26923.9615    -27505.0084     68789.1793    -26923.9615    -27505.0084

LINE MINIMIZER BRACKET: DX 0.0011525 0.0011525 DU -9.62497 8.41577 DUDX -16265.7 -493.481 15116.6 
ENERGY:     188       331.9708         9.3373         0.0000         0.0000        -217568.3335        -7.6756       731.8746         0.0000         0.0000        -216502.8264         0.0000   -216502.8264   -216502.8264         0.0000         -26868.3499    -27457.3209     68789.1793    -26868.3499    -27457.3209

LINE MINIMIZER BRACKET: DX 0.0011525 0.00011525 DU -9.62497 0.0319916 DUDX -16265.7 -493.481 1067.43 
ENERGY:     189       331.3210         9.2896         0.0000         0.0000        -217567.1034        -7.8029       731.4272         0.0000         0.0000        -216502.8683         0.0000   -216502.8683   -216502.8683         0.0000         -26864.9899    -27453.4253     68789.1793    -26864.9899    -27453.4253

LINE MINIMIZER BRACKET: DX 3.68801e-05 7.83702e-05 DU -0.00993415 0.0419257 DUDX -493.481 6.1912 1067.43 
LINE MINIMIZER REDUCING GRADIENT FROM 10355.9 TO 10.3559
ETITLE:      TS           BOND          ANGLE          DIHED          IMPRP               ELECT            VDW       BOUNDARY           MISC        KINETIC               TOTAL           TEMP      POTENTIAL         TOTAL3        TEMPAVG            PRESSURE      GPRESSURE         VOLUME       PRESSAVG      GPRESSAVG

ENERGY:     190       337.0726        10.1585         0.0000         0.0000        -217585.1429        -9.9900       736.5161         0.0000         0.0000        -216511.3856         0.0000   -216511.3856   -216511.3856         0.0000         -26939.1606    -27528.9204     68789.1793    -26939.1606    -27528.9204

ENERGY:     191       356.8119        11.9459         0.0000         0.0000        -217603.5215       -10.2900       741.9303         0.0000         0.0000        -216503.1233         0.0000   -216503.1233   -216503.1233         0.0000         -27037.7238    -27596.5681     68789.1793    -27037.7238    -27596.5681

LINE MINIMIZER BRACKET: DX 0.0016138 0.0016138 DU -8.5173 8.26237 DUDX -10355.9 -146.779 10481.7 
ENERGY:     192       338.4096        10.2951         0.0000         0.0000        -217586.9667       -10.1082       737.0429         0.0000         0.0000        -216511.3272         0.0000   -216511.3272   -216511.3272         0.0000         -26947.9403    -27536.0616     68789.1793    -26947.9403    -27536.0616

LINE MINIMIZER BRACKET: DX 0.0016138 0.00016138 DU -8.5173 0.058401 DUDX -10355.9 -146.779 893.402 
ENERGY:     193       337.2569        10.1777         0.0000         0.0000        -217585.4058       -10.0082       736.5919         0.0000         0.0000        -216511.3876         0.0000   -216511.3876   -216511.3876         0.0000         -26940.4119    -27529.9553     68789.1793    -26940.4119    -27529.9553

LINE MINIMIZER BRACKET: DX 2.32839e-05 0.000138097 DU -0.0019614 0.0603624 DUDX -146.779 3.0291 893.402 
LINE MINIMIZER REDUCING GRADIENT FROM 13831.9 TO 13.8319
ENERGY:     194       338.5697        10.4818         0.0000         0.0000        -217601.0592       -11.4852       741.0489         0.0000         0.0000        -216522.4440         0.0000   -216522.4440   -216522.4440         0.0000         -27005.1219    -27594.8002     68789.1793    -27005.1219    -27594.8002

ENERGY:     195       347.1697        11.4229         0.0000         0.0000        -217617.0912       -11.1873       745.8270         0.0000         0.0000        -216523.8589         0.0000   -216523.8589   -216523.8589         0.0000         -27089.2281    -27652.5613     68789.1793    -27089.2281    -27652.5613

ENERGY:     196       363.2766        13.0353         0.0000         0.0000        -217633.5137        -8.7233       750.9260         0.0000         0.0000        -216514.9991         0.0000   -216514.9991   -216514.9991         0.0000         -27191.2107    -27701.6182     68789.1793    -27191.2107    -27701.6182

LINE MINIMIZER BRACKET: DX 0.00113882 0.00113882 DU -1.41487 8.85981 DUDX -5538.19 3151.91 12574.1 
ENERGY:     197       343.2384        11.0103         0.0000         0.0000        -217611.2981       -11.5200       744.0765         0.0000         0.0000        -216524.4929         0.0000   -216524.4929   -216524.4929         0.0000         -27056.9230    -27632.7541     68789.1793    -27056.9230    -27632.7541

LINE MINIMIZER BRACKET: DX 0.000730398 0.000408419 DU -2.04882 0.633943 DUDX -5538.19 -30.5694 3151.91 
ENERGY:     198       343.5886        11.0478         0.0000         0.0000        -217611.8750       -11.4986       744.2497         0.0000         0.0000        -216524.4876         0.0000   -216524.4876   -216524.4876         0.0000         -27060.0468    -27634.7818     68789.1793    -27060.0468    -27634.7818

LINE MINIMIZER BRACKET: DX 0.000730398 4.08419e-05 DU -2.04882 0.00529768 DUDX -5538.19 -30.5694 283.919 
ENERGY:     199       343.2730        11.0140         0.0000         0.0000        -217611.3556       -11.5179       744.0938         0.0000         0.0000        -216524.4927         0.0000   -216524.4927   -216524.4927         0.0000         -27057.2329    -27632.9560     68789.1793    -27057.2329    -27632.9560

LDB: ============= START OF LOAD BALANCING ============== 20.3521
LDB: ============== END OF LOAD BALANCING =============== 20.3522
LDB: =============== DONE WITH MIGRATION ================ 20.3522
LINE MINIMIZER BRACKET: DX 0.000730398 4.08419e-06 DU -2.04882 0.000128527 DUDX -5538.19 -30.5694 0.84947 
MINIMIZER RESTARTING CONJUGATE GRADIENT ALGORITHM
LINE MINIMIZER REDUCING GRADIENT FROM 16158.1 TO 16.1581
Info: Initial time: 1 CPUs 0.00733234 s/step 0.084865 days/ns 1.78375 MB memory
TIMING: 200  CPU: 1.46968, 0.00732989/step  Wall: 1.47023, 0.00733315/step, 2.03699e-06 hours remaining, 1.783749 MB of memory in use.
PERFORMANCE: 200  averaging 11.8941 ns/day, 0.00726408 sec/step with standard deviation 9.76709e-05
ETITLE:      TS           BOND          ANGLE          DIHED          IMPRP               ELECT            VDW       BOUNDARY           MISC        KINETIC               TOTAL           TEMP      POTENTIAL         TOTAL3        TEMPAVG            PRESSURE      GPRESSURE         VOLUME       PRESSAVG      GPRESSAVG

ENERGY:     200       392.9836        10.4111         0.0000         0.0000        -217598.5653       -19.5983       742.6706         0.0000         0.0000        -216472.0982         0.0000   -216472.0982   -216472.0982         0.0000         -26977.8191    -27667.7320     68789.1793    -26977.8191    -27667.7320

WRITING EXTENDED SYSTEM TO RESTART FILE AT STEP 200
LINE MINIMIZER BRACKET: DX 0 0.00229474 DU 0 52.3945 DUDX -16158.1 -16158.1 61616.1 
WRITING COORDINATES TO DCD FILE eq0.dcd AT STEP 200
WRITING COORDINATES TO RESTART FILE AT STEP 200
FINISHED WRITING RESTART COORDINATES
The last position output (seq=200) takes 0.000 seconds, 1.784 MB of memory in use
WRITING VELOCITIES TO RESTART FILE AT STEP 200
FINISHED WRITING RESTART VELOCITIES
The last velocity output (seq=200) takes 0.000 seconds, 1.784 MB of memory in use
ENERGY:     201       343.2730        11.0140         0.0000         0.0000        -217611.3556       -11.5179       744.0938         0.0000         0.0000        -216524.4927         0.0000   -216524.4927   -216524.4927         0.0000         -27057.2329    -27632.9560     68789.1793    -27057.2329    -27632.9560

WRITING EXTENDED SYSTEM TO OUTPUT FILE AT STEP 201
CLOSING EXTENDED SYSTEM TRAJECTORY FILE
WRITING COORDINATES TO OUTPUT FILE AT STEP 201
CLOSING COORDINATE DCD FILE eq0.dcd
The last position output (seq=-2) takes 0.004 seconds, 1.784 MB of memory in use
WRITING VELOCITIES TO OUTPUT FILE AT STEP 201
The last velocity output (seq=-2) takes 0.000 seconds, 1.784 MB of memory in use
====================================================

WallClock: 20.376966  CPUTime: 20.364931  Memory: 1.783749 MB
[Partition 0][Node 0] End of program
