Charm++> No provisioning arguments specified. Running with a single PE.
         Use +auto-provision to fully subscribe resources or +p1 to silence this message.
Charm++: standalone mode (not using charmrun)
Charm++> Running in Multicore mode: 1 threads (PEs)
Charm++> Using recursive bisection (scheme 3) for topology aware partitions
Converse/Charm++ Commit ID: 
CharmLB> Load balancer assumes all CPUs are same.
Charm++> Running on 1 hosts (1 sockets x 6 cores x 2 PUs = 12-way SMP)
Charm++> cpu topology info is gathered in 0.003 seconds.
CharmLB> Load balancing instrumentation for communication is off.
Info: NAMD 3.0.1 for Linux-x86_64-multicore
Info: 
Info: Please visit http://www.ks.uiuc.edu/Research/namd/
Info: for updates, documentation, and support information.
Info: 
Info: Please cite Phillips et al., J. Chem. Phys. 153:044130 (2020) doi:10.1063/5.0014475
Info: in all publications reporting results obtained with NAMD.
Info: 
Info: Based on Charm++/Converse 80000 for multicore-linux-x86_64-gcc
Info: Built Mon Oct 14 11:11:06 CDT 2024 by dhardy on athine.ks.uiuc.edu
Info: 1 NAMD  3.0.1  Linux-x86_64-multicore  1    pc1d-06  convidat
Info: Running on 1 processors, 1 nodes, 1 physical nodes.
Info: CPU topology information available.
Info: Charm++/Converse parallel runtime startup completed at 0.00618029 s
CkLoopLib is used in SMP with simple dynamic scheduling (converse-level notification)
Info: 25.8086 MB of memory in use based on /proc/self/stat
Info: Configuration file is eq1.namd
Info: Working in the current directory /home/samba/homes/convidat/Desktop/nanoporo/bionano-tutorial-files/4_current
TCL: Suspending until startup complete.
Warning: Option "1-4scaling" has been deprecated. Instead use "oneFourScaling".
Info: EXTENDED SYSTEM FILE   eq0.xsc
Info: SIMULATION PARAMETERS:
Info: TIMESTEP               1
Info: NUMBER OF STEPS        500
Info: STEPS PER CYCLE        20
Info: PERIODIC CELL BASIS 1  34.1775 19.7324 0
Info: PERIODIC CELL BASIS 2  0 39.4648 0
Info: PERIODIC CELL BASIS 3  0 0 51
Info: PERIODIC CELL CENTER   0 0 0
Info: WRAPPING ALL CLUSTERS AROUND PERIODIC BOUNDARIES ON OUTPUT.
Info: WRAPPING TO IMAGE NEAREST TO PERIODIC CELL CENTER.
Info: LOAD BALANCER  Centralized
Info: LOAD BALANCING STRATEGY  New Load Balancers -- DEFAULT
Info: LDB PERIOD             4000 steps
Info: FIRST LDB TIMESTEP     100
Info: LAST LDB TIMESTEP     -1
Info: LDB BACKGROUND SCALING 1
Info: HOM BACKGROUND SCALING 1
Info: PME BACKGROUND SCALING 1
Info: MIN ATOMS PER PATCH    40
Info: EMPTY PATCH LOAD       40 ATOMS
Info: INITIAL TEMPERATURE    0
Info: CENTER OF MASS MOVING INITIALLY? NO
Info: DIELECTRIC             1
Info: EXCLUDE                SCALED ONE-FOUR
Info: 1-4 ELECTROSTATICS SCALED BY 1
Info: MODIFIED 1-4 VDW PARAMETERS WILL BE USED
Info: DCD FILENAME           eq1.dcd
Info: DCD FREQUENCY          100
Info: DCD FIRST STEP         100
Info: DCD FILE WILL CONTAIN UNIT CELL DATA
Info: XST FILENAME           eq1.xst
Info: XST FREQUENCY          100
Info: NO VELOCITY DCD OUTPUT
Info: NO FORCE DCD OUTPUT
Info: OUTPUT FILENAME        eq1
Info: BINARY OUTPUT FILES WILL BE USED
Info: RESTART FILENAME       eq1.restart
Info: RESTART FREQUENCY      100
Info: BINARY RESTART FILES WILL BE USED
Info: SWITCHING ACTIVE
Info: SWITCHING ON           10
Info: SWITCHING OFF          12
Info: PAIRLIST DISTANCE      14
Info: PAIRLIST SHRINK RATE   0.01
Info: PAIRLIST GROW RATE     0.01
Info: PAIRLIST TRIGGER       0.3
Info: PAIRLISTS PER CYCLE    2
Info: PAIRLISTS ENABLED
Info: MARGIN                 3
Info: HYDROGEN GROUP CUTOFF  2.5
Info: PATCH DIMENSION        19.5
Info: ENERGY OUTPUT STEPS    100
Info: ENERGY EVALUATION STEPS    100
Info: OUTPUT ENERGY PRECISION 4
Info: CROSSTERM ENERGY INCLUDED IN DIHEDRAL
Info: TIMING OUTPUT STEPS    100
Info: HARMONIC CONSTRAINTS ACTIVE
Info: HARMONIC CONS EXP      2
Info: VELOCITY REASSIGNMENT FREQ  1
Info: VELOCITY REASSIGNMENT TEMP  0
Info: VELOCITY REASSIGNMENT INCR  1
Info: VELOCITY REASSIGNMENT HOLD  295
Info: PARTICLE MESH EWALD (PME) ACTIVE
Info: PME TOLERANCE               1e-06
Info: PME EWALD COEFFICIENT       0.257952
Info: PME INTERPOLATION ORDER     4
Info: PME GRID DIMENSIONS         48 48 64
Info: PME MAXIMUM GRID SPACING    1.5
Info: Attempting to read FFTW data from FFTW_NAMD_3.0.1_Linux-x86_64-multicore.txt
Info: Optimizing 6 FFT steps.  1... 2... 3... 4... 5... 6...   Done.
Info: Writing FFTW data to FFTW_NAMD_3.0.1_Linux-x86_64-multicore.txt
Info: FULL ELECTROSTATIC EVALUATION FREQUENCY      4
Info: USING VERLET I (r-RESPA) MTS SCHEME.
Info: C1 SPLITTING OF LONG RANGE ELECTROSTATICS
Info: PLACING ATOMS IN PATCHES BY HYDROGEN GROUPS
Info: NONBONDED FORCES EVALUATED EVERY 2 STEPS
Info: RANDOM NUMBER SEED     1750181278
Info: USE HYDROGEN BONDS?    NO
Info: COORDINATE PDB         poro_total.pdb
Info: STRUCTURE FILE         poro_total.psf
Info: PARAMETER file: CHARMM format! 
Info: PARAMETERS             cornell.prm
Info: PARAMETERS             par_silicon_ions_NEW5.inp
Info: USING ARITHMETIC MEAN TO COMBINE L-J SIGMA PARAMETERS
Info: BINARY COORDINATES     eq0.coor
Info: SUMMARY OF PARAMETERS:
Info: 96 BONDS
Info: 229 ANGLES
Info: 81 DIHEDRAL
Info: 31 IMPROPER
Info: 0 CROSSTERM
Info: 62 VDW
Info: 0 VDW_PAIRS
Info: 0 NBTHOLE_PAIRS
Info: TIME FOR READING PSF FILE: 0.00537239
Info: Reading pdb file poro_total.pdb
Info: TIME FOR READING PDB FILE: 0.00113952
Info: 
Info: ****************************
Info: STRUCTURE SUMMARY:
Info: 2024 ATOMS
Info: 3046 BONDS
Info: 6904 ANGLES
Info: 0 DIHEDRALS
Info: 0 IMPROPERS
Info: 0 CROSSTERMS
Info: 0 EXCLUSIONS
Info: 1814 CONSTRAINTS
Info: 6072 DEGREES OF FREEDOM
Info: 1892 HYDROGEN GROUPS
Info: 3 ATOMS IN LARGEST HYDROGEN GROUP
Info: 1892 MIGRATION GROUPS
Info: 3 ATOMS IN LARGEST MIGRATION GROUP
Info: TOTAL MASS = 37969.9 amu
Info: TOTAL CHARGE = 7.89165e-05 e
Info: MASS DENSITY = 0.916598 g/cm^3
Info: ATOM DENSITY = 0.0294232 atoms/A^3
Info: *****************************
Info: Reading from binary file eq0.coor
Info: 
Info: Entering startup at 0.0230995 s, 1.79683 MB of memory in use
Info: Startup phase 0 took 1.7796e-05 s, 1.79683 MB of memory in use
Info: ADDED 23610 IMPLICIT EXCLUSIONS
Info: Startup phase 1 took 0.00274701 s, 1.79683 MB of memory in use
Info: NONBONDED TABLE R-SQUARED SPACING: 0.0625
Info: NONBONDED TABLE SIZE: 769 POINTS
Info: INCONSISTENCY IN FAST TABLE ENERGY VS FORCE: 0.000325096 AT 11.9556
Info: INCONSISTENCY IN SCOR TABLE ENERGY VS FORCE: 0.000324844 AT 11.9556
Info: INCONSISTENCY IN VDWA TABLE ENERGY VS FORCE: 0.0040507 AT 0.251946
Info: INCONSISTENCY IN VDWB TABLE ENERGY VS FORCE: 0.00150189 AT 0.251946
Info: Startup phase 2 took 0.000201799 s, 1.79683 MB of memory in use
Info: Startup phase 3 took 8.684e-06 s, 1.79683 MB of memory in use
Info: Startup phase 4 took 1.1196e-05 s, 1.79683 MB of memory in use
Info: Startup phase 5 took 6.577e-06 s, 1.79683 MB of memory in use
Info: PATCH GRID IS 1 (PERIODIC) BY 1 (PERIODIC) BY 2 (PERIODIC)
Info: PATCH GRID IS 1-AWAY BY 1-AWAY BY 1-AWAY
Info: REMOVING COM VELOCITY 0 0 0
Info: LARGEST PATCH (1) HAS 1018 ATOMS
Info: TORUS A SIZE 1 USING 0
Info: TORUS B SIZE 1 USING 0
Info: TORUS C SIZE 1 USING 0
Info: TORUS MINIMAL MESH SIZE IS 1 BY 1 BY 1
Info: Placed 100% of base nodes on same physical node as patch
Info: Startup phase 6 took 0.000340598 s, 1.79683 MB of memory in use
Info: PME using 1 and 1 processors for FFT and reciprocal sum.
Info: PME GRID LOCATIONS: 0
Info: PME TRANS LOCATIONS: 0
Info: PME USING 1 GRID NODES AND 1 TRANS NODES
Info: Optimizing 4 FFT steps.  1... 2... 3... 4...   Done.
Info: Startup phase 7 took 0.000307549 s, 1.79683 MB of memory in use
Info: Startup phase 8 took 7.859e-06 s, 1.79683 MB of memory in use
Info: Startup phase 9 took 6.967e-06 s, 1.79683 MB of memory in use
Info: Startup phase 10 took 6.1e-06 s, 1.79683 MB of memory in use
Info: Startup phase 11 took 7.092e-06 s, 1.79683 MB of memory in use
LDB: Central LB being created...
Info: Startup phase 12 took 1.2282e-05 s, 1.79683 MB of memory in use
Info: CREATING 47 COMPUTE OBJECTS
Info: Startup phase 13 took 6.1682e-05 s, 1.79683 MB of memory in use
Info: Startup phase 14 took 7.045e-06 s, 1.79683 MB of memory in use
Info: Startup phase 15 took 1.402e-05 s, 1.79683 MB of memory in use
Info: Finished startup at 0.0268638 s, 1.79683 MB of memory in use

REASSIGNING VELOCITIES AT STEP 0 TO 0 KELVIN.
ETITLE:      TS           BOND          ANGLE          DIHED          IMPRP               ELECT            VDW       BOUNDARY           MISC        KINETIC               TOTAL           TEMP      POTENTIAL         TOTAL3        TEMPAVG            PRESSURE      GPRESSURE         VOLUME       PRESSAVG      GPRESSAVG

ENERGY:       0       343.2730        11.0140         0.0000         0.0000        -217611.3556       -11.5179       744.0938         0.0000         0.0000        -216524.4927         0.0000   -216524.4927   -216523.4948         0.0000         -27055.2165    -27029.4913     68789.1793    -27055.2165    -27029.4913

OPENING EXTENDED SYSTEM TRAJECTORY FILE
REASSIGNING VELOCITIES AT STEP 1 TO 1 KELVIN.
REASSIGNING VELOCITIES AT STEP 2 TO 2 KELVIN.
REASSIGNING VELOCITIES AT STEP 3 TO 3 KELVIN.
REASSIGNING VELOCITIES AT STEP 4 TO 4 KELVIN.
REASSIGNING VELOCITIES AT STEP 5 TO 5 KELVIN.
REASSIGNING VELOCITIES AT STEP 6 TO 6 KELVIN.
REASSIGNING VELOCITIES AT STEP 7 TO 7 KELVIN.
REASSIGNING VELOCITIES AT STEP 8 TO 8 KELVIN.
REASSIGNING VELOCITIES AT STEP 9 TO 9 KELVIN.
REASSIGNING VELOCITIES AT STEP 10 TO 10 KELVIN.
REASSIGNING VELOCITIES AT STEP 11 TO 11 KELVIN.
REASSIGNING VELOCITIES AT STEP 12 TO 12 KELVIN.
REASSIGNING VELOCITIES AT STEP 13 TO 13 KELVIN.
REASSIGNING VELOCITIES AT STEP 14 TO 14 KELVIN.
REASSIGNING VELOCITIES AT STEP 15 TO 15 KELVIN.
REASSIGNING VELOCITIES AT STEP 16 TO 16 KELVIN.
REASSIGNING VELOCITIES AT STEP 17 TO 17 KELVIN.
REASSIGNING VELOCITIES AT STEP 18 TO 18 KELVIN.
REASSIGNING VELOCITIES AT STEP 19 TO 19 KELVIN.
LDB: ============= START OF LOAD BALANCING ============== 0.10332
LDB: ============== END OF LOAD BALANCING =============== 0.103328
LDB: =============== DONE WITH MIGRATION ================ 0.103336
REASSIGNING VELOCITIES AT STEP 20 TO 20 KELVIN.
REASSIGNING VELOCITIES AT STEP 21 TO 21 KELVIN.
REASSIGNING VELOCITIES AT STEP 22 TO 22 KELVIN.
REASSIGNING VELOCITIES AT STEP 23 TO 23 KELVIN.
REASSIGNING VELOCITIES AT STEP 24 TO 24 KELVIN.
REASSIGNING VELOCITIES AT STEP 25 TO 25 KELVIN.
REASSIGNING VELOCITIES AT STEP 26 TO 26 KELVIN.
REASSIGNING VELOCITIES AT STEP 27 TO 27 KELVIN.
REASSIGNING VELOCITIES AT STEP 28 TO 28 KELVIN.
REASSIGNING VELOCITIES AT STEP 29 TO 29 KELVIN.
REASSIGNING VELOCITIES AT STEP 30 TO 30 KELVIN.
REASSIGNING VELOCITIES AT STEP 31 TO 31 KELVIN.
REASSIGNING VELOCITIES AT STEP 32 TO 32 KELVIN.
REASSIGNING VELOCITIES AT STEP 33 TO 33 KELVIN.
REASSIGNING VELOCITIES AT STEP 34 TO 34 KELVIN.
REASSIGNING VELOCITIES AT STEP 35 TO 35 KELVIN.
REASSIGNING VELOCITIES AT STEP 36 TO 36 KELVIN.
REASSIGNING VELOCITIES AT STEP 37 TO 37 KELVIN.
REASSIGNING VELOCITIES AT STEP 38 TO 38 KELVIN.
REASSIGNING VELOCITIES AT STEP 39 TO 39 KELVIN.
REASSIGNING VELOCITIES AT STEP 40 TO 40 KELVIN.
REASSIGNING VELOCITIES AT STEP 41 TO 41 KELVIN.
REASSIGNING VELOCITIES AT STEP 42 TO 42 KELVIN.
REASSIGNING VELOCITIES AT STEP 43 TO 43 KELVIN.
REASSIGNING VELOCITIES AT STEP 44 TO 44 KELVIN.
REASSIGNING VELOCITIES AT STEP 45 TO 45 KELVIN.
REASSIGNING VELOCITIES AT STEP 46 TO 46 KELVIN.
REASSIGNING VELOCITIES AT STEP 47 TO 47 KELVIN.
REASSIGNING VELOCITIES AT STEP 48 TO 48 KELVIN.
REASSIGNING VELOCITIES AT STEP 49 TO 49 KELVIN.
REASSIGNING VELOCITIES AT STEP 50 TO 50 KELVIN.
REASSIGNING VELOCITIES AT STEP 51 TO 51 KELVIN.
REASSIGNING VELOCITIES AT STEP 52 TO 52 KELVIN.
REASSIGNING VELOCITIES AT STEP 53 TO 53 KELVIN.
REASSIGNING VELOCITIES AT STEP 54 TO 54 KELVIN.
REASSIGNING VELOCITIES AT STEP 55 TO 55 KELVIN.
REASSIGNING VELOCITIES AT STEP 56 TO 56 KELVIN.
REASSIGNING VELOCITIES AT STEP 57 TO 57 KELVIN.
REASSIGNING VELOCITIES AT STEP 58 TO 58 KELVIN.
REASSIGNING VELOCITIES AT STEP 59 TO 59 KELVIN.
REASSIGNING VELOCITIES AT STEP 60 TO 60 KELVIN.
REASSIGNING VELOCITIES AT STEP 61 TO 61 KELVIN.
REASSIGNING VELOCITIES AT STEP 62 TO 62 KELVIN.
REASSIGNING VELOCITIES AT STEP 63 TO 63 KELVIN.
REASSIGNING VELOCITIES AT STEP 64 TO 64 KELVIN.
REASSIGNING VELOCITIES AT STEP 65 TO 65 KELVIN.
REASSIGNING VELOCITIES AT STEP 66 TO 66 KELVIN.
REASSIGNING VELOCITIES AT STEP 67 TO 67 KELVIN.
REASSIGNING VELOCITIES AT STEP 68 TO 68 KELVIN.
REASSIGNING VELOCITIES AT STEP 69 TO 69 KELVIN.
REASSIGNING VELOCITIES AT STEP 70 TO 70 KELVIN.
REASSIGNING VELOCITIES AT STEP 71 TO 71 KELVIN.
REASSIGNING VELOCITIES AT STEP 72 TO 72 KELVIN.
REASSIGNING VELOCITIES AT STEP 73 TO 73 KELVIN.
REASSIGNING VELOCITIES AT STEP 74 TO 74 KELVIN.
REASSIGNING VELOCITIES AT STEP 75 TO 75 KELVIN.
REASSIGNING VELOCITIES AT STEP 76 TO 76 KELVIN.
REASSIGNING VELOCITIES AT STEP 77 TO 77 KELVIN.
REASSIGNING VELOCITIES AT STEP 78 TO 78 KELVIN.
REASSIGNING VELOCITIES AT STEP 79 TO 79 KELVIN.
REASSIGNING VELOCITIES AT STEP 80 TO 80 KELVIN.
REASSIGNING VELOCITIES AT STEP 81 TO 81 KELVIN.
REASSIGNING VELOCITIES AT STEP 82 TO 82 KELVIN.
REASSIGNING VELOCITIES AT STEP 83 TO 83 KELVIN.
REASSIGNING VELOCITIES AT STEP 84 TO 84 KELVIN.
REASSIGNING VELOCITIES AT STEP 85 TO 85 KELVIN.
REASSIGNING VELOCITIES AT STEP 86 TO 86 KELVIN.
REASSIGNING VELOCITIES AT STEP 87 TO 87 KELVIN.
REASSIGNING VELOCITIES AT STEP 88 TO 88 KELVIN.
REASSIGNING VELOCITIES AT STEP 89 TO 89 KELVIN.
REASSIGNING VELOCITIES AT STEP 90 TO 90 KELVIN.
REASSIGNING VELOCITIES AT STEP 91 TO 91 KELVIN.
REASSIGNING VELOCITIES AT STEP 92 TO 92 KELVIN.
REASSIGNING VELOCITIES AT STEP 93 TO 93 KELVIN.
REASSIGNING VELOCITIES AT STEP 94 TO 94 KELVIN.
REASSIGNING VELOCITIES AT STEP 95 TO 95 KELVIN.
REASSIGNING VELOCITIES AT STEP 96 TO 96 KELVIN.
REASSIGNING VELOCITIES AT STEP 97 TO 97 KELVIN.
REASSIGNING VELOCITIES AT STEP 98 TO 98 KELVIN.
REASSIGNING VELOCITIES AT STEP 99 TO 99 KELVIN.
LDB: ============= START OF LOAD BALANCING ============== 0.392585
LDB: ============== END OF LOAD BALANCING =============== 0.392589
LDB: =============== DONE WITH MIGRATION ================ 0.392607
REASSIGNING VELOCITIES AT STEP 100 TO 100 KELVIN.
Info: Initial time: 1 CPUs 0.00363372 s/step 0.042057 days/ns 1.79683 MB memory
TIMING: 100  CPU: 0.38281, 0.00364317/step  Wall: 0.38287, 0.00363434/step, 0.000403816 hours remaining, 1.796825 MB of memory in use.
PERFORMANCE: 100  averaging 23.7732 ns/day, 0.00363434 sec/step with standard deviation 0
ENERGY:     100       362.0060        18.9275         0.0000         0.0000        -217623.2987        39.5428       746.2369         0.0000       598.6428        -215857.9426        99.2262   -216456.5854   -215868.6381        50.5400         -26392.6177    -26449.3634     68789.1793    -26765.8271    -26751.3286

WRITING EXTENDED SYSTEM TO RESTART FILE AT STEP 100
OPENING COORDINATE DCD FILE
WRITING COORDINATES TO DCD FILE eq1.dcd AT STEP 100
WRITING COORDINATES TO RESTART FILE AT STEP 100
FINISHED WRITING RESTART COORDINATES
The last position output (seq=100) takes 0.000 seconds, 1.797 MB of memory in use
WRITING VELOCITIES TO RESTART FILE AT STEP 100
FINISHED WRITING RESTART VELOCITIES
The last velocity output (seq=100) takes 0.000 seconds, 1.797 MB of memory in use
REASSIGNING VELOCITIES AT STEP 101 TO 101 KELVIN.
REASSIGNING VELOCITIES AT STEP 102 TO 102 KELVIN.
REASSIGNING VELOCITIES AT STEP 103 TO 103 KELVIN.
REASSIGNING VELOCITIES AT STEP 104 TO 104 KELVIN.
REASSIGNING VELOCITIES AT STEP 105 TO 105 KELVIN.
REASSIGNING VELOCITIES AT STEP 106 TO 106 KELVIN.
REASSIGNING VELOCITIES AT STEP 107 TO 107 KELVIN.
REASSIGNING VELOCITIES AT STEP 108 TO 108 KELVIN.
REASSIGNING VELOCITIES AT STEP 109 TO 109 KELVIN.
REASSIGNING VELOCITIES AT STEP 110 TO 110 KELVIN.
REASSIGNING VELOCITIES AT STEP 111 TO 111 KELVIN.
REASSIGNING VELOCITIES AT STEP 112 TO 112 KELVIN.
REASSIGNING VELOCITIES AT STEP 113 TO 113 KELVIN.
REASSIGNING VELOCITIES AT STEP 114 TO 114 KELVIN.
REASSIGNING VELOCITIES AT STEP 115 TO 115 KELVIN.
REASSIGNING VELOCITIES AT STEP 116 TO 116 KELVIN.
REASSIGNING VELOCITIES AT STEP 117 TO 117 KELVIN.
REASSIGNING VELOCITIES AT STEP 118 TO 118 KELVIN.
REASSIGNING VELOCITIES AT STEP 119 TO 119 KELVIN.
LDB: ============= START OF LOAD BALANCING ============== 0.466333
LDB: ============== END OF LOAD BALANCING =============== 0.466337
LDB: =============== DONE WITH MIGRATION ================ 0.466346
REASSIGNING VELOCITIES AT STEP 120 TO 120 KELVIN.
REASSIGNING VELOCITIES AT STEP 121 TO 121 KELVIN.
REASSIGNING VELOCITIES AT STEP 122 TO 122 KELVIN.
REASSIGNING VELOCITIES AT STEP 123 TO 123 KELVIN.
REASSIGNING VELOCITIES AT STEP 124 TO 124 KELVIN.
REASSIGNING VELOCITIES AT STEP 125 TO 125 KELVIN.
REASSIGNING VELOCITIES AT STEP 126 TO 126 KELVIN.
REASSIGNING VELOCITIES AT STEP 127 TO 127 KELVIN.
REASSIGNING VELOCITIES AT STEP 128 TO 128 KELVIN.
REASSIGNING VELOCITIES AT STEP 129 TO 129 KELVIN.
REASSIGNING VELOCITIES AT STEP 130 TO 130 KELVIN.
REASSIGNING VELOCITIES AT STEP 131 TO 131 KELVIN.
REASSIGNING VELOCITIES AT STEP 132 TO 132 KELVIN.
REASSIGNING VELOCITIES AT STEP 133 TO 133 KELVIN.
REASSIGNING VELOCITIES AT STEP 134 TO 134 KELVIN.
REASSIGNING VELOCITIES AT STEP 135 TO 135 KELVIN.
REASSIGNING VELOCITIES AT STEP 136 TO 136 KELVIN.
REASSIGNING VELOCITIES AT STEP 137 TO 137 KELVIN.
REASSIGNING VELOCITIES AT STEP 138 TO 138 KELVIN.
REASSIGNING VELOCITIES AT STEP 139 TO 139 KELVIN.
REASSIGNING VELOCITIES AT STEP 140 TO 140 KELVIN.
REASSIGNING VELOCITIES AT STEP 141 TO 141 KELVIN.
REASSIGNING VELOCITIES AT STEP 142 TO 142 KELVIN.
REASSIGNING VELOCITIES AT STEP 143 TO 143 KELVIN.
REASSIGNING VELOCITIES AT STEP 144 TO 144 KELVIN.
REASSIGNING VELOCITIES AT STEP 145 TO 145 KELVIN.
REASSIGNING VELOCITIES AT STEP 146 TO 146 KELVIN.
REASSIGNING VELOCITIES AT STEP 147 TO 147 KELVIN.
REASSIGNING VELOCITIES AT STEP 148 TO 148 KELVIN.
REASSIGNING VELOCITIES AT STEP 149 TO 149 KELVIN.
REASSIGNING VELOCITIES AT STEP 150 TO 150 KELVIN.
REASSIGNING VELOCITIES AT STEP 151 TO 151 KELVIN.
REASSIGNING VELOCITIES AT STEP 152 TO 152 KELVIN.
REASSIGNING VELOCITIES AT STEP 153 TO 153 KELVIN.
REASSIGNING VELOCITIES AT STEP 154 TO 154 KELVIN.
REASSIGNING VELOCITIES AT STEP 155 TO 155 KELVIN.
REASSIGNING VELOCITIES AT STEP 156 TO 156 KELVIN.
REASSIGNING VELOCITIES AT STEP 157 TO 157 KELVIN.
REASSIGNING VELOCITIES AT STEP 158 TO 158 KELVIN.
REASSIGNING VELOCITIES AT STEP 159 TO 159 KELVIN.
REASSIGNING VELOCITIES AT STEP 160 TO 160 KELVIN.
REASSIGNING VELOCITIES AT STEP 161 TO 161 KELVIN.
REASSIGNING VELOCITIES AT STEP 162 TO 162 KELVIN.
REASSIGNING VELOCITIES AT STEP 163 TO 163 KELVIN.
REASSIGNING VELOCITIES AT STEP 164 TO 164 KELVIN.
REASSIGNING VELOCITIES AT STEP 165 TO 165 KELVIN.
REASSIGNING VELOCITIES AT STEP 166 TO 166 KELVIN.
REASSIGNING VELOCITIES AT STEP 167 TO 167 KELVIN.
REASSIGNING VELOCITIES AT STEP 168 TO 168 KELVIN.
REASSIGNING VELOCITIES AT STEP 169 TO 169 KELVIN.
REASSIGNING VELOCITIES AT STEP 170 TO 170 KELVIN.
REASSIGNING VELOCITIES AT STEP 171 TO 171 KELVIN.
REASSIGNING VELOCITIES AT STEP 172 TO 172 KELVIN.
REASSIGNING VELOCITIES AT STEP 173 TO 173 KELVIN.
REASSIGNING VELOCITIES AT STEP 174 TO 174 KELVIN.
REASSIGNING VELOCITIES AT STEP 175 TO 175 KELVIN.
REASSIGNING VELOCITIES AT STEP 176 TO 176 KELVIN.
REASSIGNING VELOCITIES AT STEP 177 TO 177 KELVIN.
REASSIGNING VELOCITIES AT STEP 178 TO 178 KELVIN.
REASSIGNING VELOCITIES AT STEP 179 TO 179 KELVIN.
REASSIGNING VELOCITIES AT STEP 180 TO 180 KELVIN.
REASSIGNING VELOCITIES AT STEP 181 TO 181 KELVIN.
REASSIGNING VELOCITIES AT STEP 182 TO 182 KELVIN.
REASSIGNING VELOCITIES AT STEP 183 TO 183 KELVIN.
REASSIGNING VELOCITIES AT STEP 184 TO 184 KELVIN.
REASSIGNING VELOCITIES AT STEP 185 TO 185 KELVIN.
REASSIGNING VELOCITIES AT STEP 186 TO 186 KELVIN.
REASSIGNING VELOCITIES AT STEP 187 TO 187 KELVIN.
REASSIGNING VELOCITIES AT STEP 188 TO 188 KELVIN.
REASSIGNING VELOCITIES AT STEP 189 TO 189 KELVIN.
REASSIGNING VELOCITIES AT STEP 190 TO 190 KELVIN.
REASSIGNING VELOCITIES AT STEP 191 TO 191 KELVIN.
REASSIGNING VELOCITIES AT STEP 192 TO 192 KELVIN.
REASSIGNING VELOCITIES AT STEP 193 TO 193 KELVIN.
REASSIGNING VELOCITIES AT STEP 194 TO 194 KELVIN.
REASSIGNING VELOCITIES AT STEP 195 TO 195 KELVIN.
REASSIGNING VELOCITIES AT STEP 196 TO 196 KELVIN.
REASSIGNING VELOCITIES AT STEP 197 TO 197 KELVIN.
REASSIGNING VELOCITIES AT STEP 198 TO 198 KELVIN.
REASSIGNING VELOCITIES AT STEP 199 TO 199 KELVIN.
LDB: ============= START OF LOAD BALANCING ============== 0.757091
LDB: ============== END OF LOAD BALANCING =============== 0.757112
LDB: =============== DONE WITH MIGRATION ================ 0.757132
REASSIGNING VELOCITIES AT STEP 200 TO 200 KELVIN.
Info: Initial time: 1 CPUs 0.00364388 s/step 0.0421745 days/ns 1.79683 MB memory
TIMING: 200  CPU: 0.747153, 0.00364343/step  Wall: 0.74735, 0.0036448/step, 0.000303733 hours remaining, 1.796825 MB of memory in use.
PERFORMANCE: 200  averaging 23.7391 ns/day, 0.00363957 sec/step with standard deviation 7.39699e-06
ENERGY:     200       384.2806        14.8748         0.0000         0.0000        -217586.1967       145.7754       748.1805         0.0000      1226.7584        -215066.3270       203.3376   -216293.0855   -215081.4447       150.6067         -25319.0848    -25571.9561     68789.1793    -26066.3496    -26061.6623

WRITING EXTENDED SYSTEM TO RESTART FILE AT STEP 200
WRITING COORDINATES TO DCD FILE eq1.dcd AT STEP 200
WRITING COORDINATES TO RESTART FILE AT STEP 200
FINISHED WRITING RESTART COORDINATES
The last position output (seq=200) takes 0.000 seconds, 1.797 MB of memory in use
WRITING VELOCITIES TO RESTART FILE AT STEP 200
FINISHED WRITING RESTART VELOCITIES
The last velocity output (seq=200) takes 0.000 seconds, 1.797 MB of memory in use
REASSIGNING VELOCITIES AT STEP 201 TO 201 KELVIN.
REASSIGNING VELOCITIES AT STEP 202 TO 202 KELVIN.
REASSIGNING VELOCITIES AT STEP 203 TO 203 KELVIN.
REASSIGNING VELOCITIES AT STEP 204 TO 204 KELVIN.
REASSIGNING VELOCITIES AT STEP 205 TO 205 KELVIN.
REASSIGNING VELOCITIES AT STEP 206 TO 206 KELVIN.
REASSIGNING VELOCITIES AT STEP 207 TO 207 KELVIN.
REASSIGNING VELOCITIES AT STEP 208 TO 208 KELVIN.
REASSIGNING VELOCITIES AT STEP 209 TO 209 KELVIN.
REASSIGNING VELOCITIES AT STEP 210 TO 210 KELVIN.
REASSIGNING VELOCITIES AT STEP 211 TO 211 KELVIN.
REASSIGNING VELOCITIES AT STEP 212 TO 212 KELVIN.
REASSIGNING VELOCITIES AT STEP 213 TO 213 KELVIN.
REASSIGNING VELOCITIES AT STEP 214 TO 214 KELVIN.
REASSIGNING VELOCITIES AT STEP 215 TO 215 KELVIN.
REASSIGNING VELOCITIES AT STEP 216 TO 216 KELVIN.
REASSIGNING VELOCITIES AT STEP 217 TO 217 KELVIN.
REASSIGNING VELOCITIES AT STEP 218 TO 218 KELVIN.
REASSIGNING VELOCITIES AT STEP 219 TO 219 KELVIN.
REASSIGNING VELOCITIES AT STEP 220 TO 220 KELVIN.
REASSIGNING VELOCITIES AT STEP 221 TO 221 KELVIN.
REASSIGNING VELOCITIES AT STEP 222 TO 222 KELVIN.
REASSIGNING VELOCITIES AT STEP 223 TO 223 KELVIN.
REASSIGNING VELOCITIES AT STEP 224 TO 224 KELVIN.
REASSIGNING VELOCITIES AT STEP 225 TO 225 KELVIN.
REASSIGNING VELOCITIES AT STEP 226 TO 226 KELVIN.
REASSIGNING VELOCITIES AT STEP 227 TO 227 KELVIN.
REASSIGNING VELOCITIES AT STEP 228 TO 228 KELVIN.
REASSIGNING VELOCITIES AT STEP 229 TO 229 KELVIN.
REASSIGNING VELOCITIES AT STEP 230 TO 230 KELVIN.
REASSIGNING VELOCITIES AT STEP 231 TO 231 KELVIN.
REASSIGNING VELOCITIES AT STEP 232 TO 232 KELVIN.
REASSIGNING VELOCITIES AT STEP 233 TO 233 KELVIN.
REASSIGNING VELOCITIES AT STEP 234 TO 234 KELVIN.
REASSIGNING VELOCITIES AT STEP 235 TO 235 KELVIN.
REASSIGNING VELOCITIES AT STEP 236 TO 236 KELVIN.
REASSIGNING VELOCITIES AT STEP 237 TO 237 KELVIN.
REASSIGNING VELOCITIES AT STEP 238 TO 238 KELVIN.
REASSIGNING VELOCITIES AT STEP 239 TO 239 KELVIN.
REASSIGNING VELOCITIES AT STEP 240 TO 240 KELVIN.
REASSIGNING VELOCITIES AT STEP 241 TO 241 KELVIN.
REASSIGNING VELOCITIES AT STEP 242 TO 242 KELVIN.
REASSIGNING VELOCITIES AT STEP 243 TO 243 KELVIN.
REASSIGNING VELOCITIES AT STEP 244 TO 244 KELVIN.
REASSIGNING VELOCITIES AT STEP 245 TO 245 KELVIN.
REASSIGNING VELOCITIES AT STEP 246 TO 246 KELVIN.
REASSIGNING VELOCITIES AT STEP 247 TO 247 KELVIN.
REASSIGNING VELOCITIES AT STEP 248 TO 248 KELVIN.
REASSIGNING VELOCITIES AT STEP 249 TO 249 KELVIN.
REASSIGNING VELOCITIES AT STEP 250 TO 250 KELVIN.
REASSIGNING VELOCITIES AT STEP 251 TO 251 KELVIN.
REASSIGNING VELOCITIES AT STEP 252 TO 252 KELVIN.
REASSIGNING VELOCITIES AT STEP 253 TO 253 KELVIN.
REASSIGNING VELOCITIES AT STEP 254 TO 254 KELVIN.
REASSIGNING VELOCITIES AT STEP 255 TO 255 KELVIN.
REASSIGNING VELOCITIES AT STEP 256 TO 256 KELVIN.
REASSIGNING VELOCITIES AT STEP 257 TO 257 KELVIN.
REASSIGNING VELOCITIES AT STEP 258 TO 258 KELVIN.
REASSIGNING VELOCITIES AT STEP 259 TO 259 KELVIN.
REASSIGNING VELOCITIES AT STEP 260 TO 260 KELVIN.
REASSIGNING VELOCITIES AT STEP 261 TO 261 KELVIN.
REASSIGNING VELOCITIES AT STEP 262 TO 262 KELVIN.
REASSIGNING VELOCITIES AT STEP 263 TO 263 KELVIN.
REASSIGNING VELOCITIES AT STEP 264 TO 264 KELVIN.
REASSIGNING VELOCITIES AT STEP 265 TO 265 KELVIN.
REASSIGNING VELOCITIES AT STEP 266 TO 266 KELVIN.
REASSIGNING VELOCITIES AT STEP 267 TO 267 KELVIN.
REASSIGNING VELOCITIES AT STEP 268 TO 268 KELVIN.
REASSIGNING VELOCITIES AT STEP 269 TO 269 KELVIN.
REASSIGNING VELOCITIES AT STEP 270 TO 270 KELVIN.
REASSIGNING VELOCITIES AT STEP 271 TO 271 KELVIN.
REASSIGNING VELOCITIES AT STEP 272 TO 272 KELVIN.
REASSIGNING VELOCITIES AT STEP 273 TO 273 KELVIN.
REASSIGNING VELOCITIES AT STEP 274 TO 274 KELVIN.
REASSIGNING VELOCITIES AT STEP 275 TO 275 KELVIN.
REASSIGNING VELOCITIES AT STEP 276 TO 276 KELVIN.
REASSIGNING VELOCITIES AT STEP 277 TO 277 KELVIN.
REASSIGNING VELOCITIES AT STEP 278 TO 278 KELVIN.
REASSIGNING VELOCITIES AT STEP 279 TO 279 KELVIN.
REASSIGNING VELOCITIES AT STEP 280 TO 280 KELVIN.
REASSIGNING VELOCITIES AT STEP 281 TO 281 KELVIN.
REASSIGNING VELOCITIES AT STEP 282 TO 282 KELVIN.
REASSIGNING VELOCITIES AT STEP 283 TO 283 KELVIN.
REASSIGNING VELOCITIES AT STEP 284 TO 284 KELVIN.
REASSIGNING VELOCITIES AT STEP 285 TO 285 KELVIN.
REASSIGNING VELOCITIES AT STEP 286 TO 286 KELVIN.
REASSIGNING VELOCITIES AT STEP 287 TO 287 KELVIN.
REASSIGNING VELOCITIES AT STEP 288 TO 288 KELVIN.
REASSIGNING VELOCITIES AT STEP 289 TO 289 KELVIN.
REASSIGNING VELOCITIES AT STEP 290 TO 290 KELVIN.
REASSIGNING VELOCITIES AT STEP 291 TO 291 KELVIN.
REASSIGNING VELOCITIES AT STEP 292 TO 292 KELVIN.
REASSIGNING VELOCITIES AT STEP 293 TO 293 KELVIN.
REASSIGNING VELOCITIES AT STEP 294 TO 294 KELVIN.
REASSIGNING VELOCITIES AT STEP 295 TO 295 KELVIN.
REASSIGNING VELOCITIES AT STEP 296 TO 295 KELVIN.
REASSIGNING VELOCITIES AT STEP 297 TO 295 KELVIN.
REASSIGNING VELOCITIES AT STEP 298 TO 295 KELVIN.
REASSIGNING VELOCITIES AT STEP 299 TO 295 KELVIN.
LDB: ============= START OF LOAD BALANCING ============== 1.11695
LDB: ============== END OF LOAD BALANCING =============== 1.11696
LDB: =============== DONE WITH MIGRATION ================ 1.11697
REASSIGNING VELOCITIES AT STEP 300 TO 295 KELVIN.
Info: Initial time: 1 CPUs 0.00360092 s/step 0.0416774 days/ns 1.79683 MB memory
TIMING: 300  CPU: 1.10721, 0.00360055/step  Wall: 1.1075, 0.00360148/step, 0.000200082 hours remaining, 1.796825 MB of memory in use.
PERFORMANCE: 300  averaging 23.8222 ns/day, 0.00362688 sec/step with standard deviation 2.26031e-05
ENERGY:     300       424.2387        29.0965         0.0000         0.0000        -217551.4462       267.8615       757.1084         0.0000      1802.9968        -214270.1442       298.8502   -216073.1410   -214272.8598       250.3111         -24501.2746    -24768.5423     68789.1793    -25169.1882    -25198.4140

WRITING EXTENDED SYSTEM TO RESTART FILE AT STEP 300
WRITING COORDINATES TO DCD FILE eq1.dcd AT STEP 300
WRITING COORDINATES TO RESTART FILE AT STEP 300
FINISHED WRITING RESTART COORDINATES
The last position output (seq=300) takes 0.000 seconds, 1.797 MB of memory in use
WRITING VELOCITIES TO RESTART FILE AT STEP 300
FINISHED WRITING RESTART VELOCITIES
The last velocity output (seq=300) takes 0.000 seconds, 1.797 MB of memory in use
REASSIGNING VELOCITIES AT STEP 301 TO 295 KELVIN.
REASSIGNING VELOCITIES AT STEP 302 TO 295 KELVIN.
REASSIGNING VELOCITIES AT STEP 303 TO 295 KELVIN.
REASSIGNING VELOCITIES AT STEP 304 TO 295 KELVIN.
REASSIGNING VELOCITIES AT STEP 305 TO 295 KELVIN.
REASSIGNING VELOCITIES AT STEP 306 TO 295 KELVIN.
REASSIGNING VELOCITIES AT STEP 307 TO 295 KELVIN.
REASSIGNING VELOCITIES AT STEP 308 TO 295 KELVIN.
REASSIGNING VELOCITIES AT STEP 309 TO 295 KELVIN.
REASSIGNING VELOCITIES AT STEP 310 TO 295 KELVIN.
REASSIGNING VELOCITIES AT STEP 311 TO 295 KELVIN.
REASSIGNING VELOCITIES AT STEP 312 TO 295 KELVIN.
REASSIGNING VELOCITIES AT STEP 313 TO 295 KELVIN.
REASSIGNING VELOCITIES AT STEP 314 TO 295 KELVIN.
REASSIGNING VELOCITIES AT STEP 315 TO 295 KELVIN.
REASSIGNING VELOCITIES AT STEP 316 TO 295 KELVIN.
REASSIGNING VELOCITIES AT STEP 317 TO 295 KELVIN.
REASSIGNING VELOCITIES AT STEP 318 TO 295 KELVIN.
REASSIGNING VELOCITIES AT STEP 319 TO 295 KELVIN.
REASSIGNING VELOCITIES AT STEP 320 TO 295 KELVIN.
REASSIGNING VELOCITIES AT STEP 321 TO 295 KELVIN.
REASSIGNING VELOCITIES AT STEP 322 TO 295 KELVIN.
REASSIGNING VELOCITIES AT STEP 323 TO 295 KELVIN.
REASSIGNING VELOCITIES AT STEP 324 TO 295 KELVIN.
REASSIGNING VELOCITIES AT STEP 325 TO 295 KELVIN.
REASSIGNING VELOCITIES AT STEP 326 TO 295 KELVIN.
REASSIGNING VELOCITIES AT STEP 327 TO 295 KELVIN.
REASSIGNING VELOCITIES AT STEP 328 TO 295 KELVIN.
REASSIGNING VELOCITIES AT STEP 329 TO 295 KELVIN.
REASSIGNING VELOCITIES AT STEP 330 TO 295 KELVIN.
REASSIGNING VELOCITIES AT STEP 331 TO 295 KELVIN.
REASSIGNING VELOCITIES AT STEP 332 TO 295 KELVIN.
REASSIGNING VELOCITIES AT STEP 333 TO 295 KELVIN.
REASSIGNING VELOCITIES AT STEP 334 TO 295 KELVIN.
REASSIGNING VELOCITIES AT STEP 335 TO 295 KELVIN.
REASSIGNING VELOCITIES AT STEP 336 TO 295 KELVIN.
REASSIGNING VELOCITIES AT STEP 337 TO 295 KELVIN.
REASSIGNING VELOCITIES AT STEP 338 TO 295 KELVIN.
REASSIGNING VELOCITIES AT STEP 339 TO 295 KELVIN.
REASSIGNING VELOCITIES AT STEP 340 TO 295 KELVIN.
REASSIGNING VELOCITIES AT STEP 341 TO 295 KELVIN.
REASSIGNING VELOCITIES AT STEP 342 TO 295 KELVIN.
REASSIGNING VELOCITIES AT STEP 343 TO 295 KELVIN.
REASSIGNING VELOCITIES AT STEP 344 TO 295 KELVIN.
REASSIGNING VELOCITIES AT STEP 345 TO 295 KELVIN.
REASSIGNING VELOCITIES AT STEP 346 TO 295 KELVIN.
REASSIGNING VELOCITIES AT STEP 347 TO 295 KELVIN.
REASSIGNING VELOCITIES AT STEP 348 TO 295 KELVIN.
REASSIGNING VELOCITIES AT STEP 349 TO 295 KELVIN.
REASSIGNING VELOCITIES AT STEP 350 TO 295 KELVIN.
REASSIGNING VELOCITIES AT STEP 351 TO 295 KELVIN.
REASSIGNING VELOCITIES AT STEP 352 TO 295 KELVIN.
REASSIGNING VELOCITIES AT STEP 353 TO 295 KELVIN.
REASSIGNING VELOCITIES AT STEP 354 TO 295 KELVIN.
REASSIGNING VELOCITIES AT STEP 355 TO 295 KELVIN.
REASSIGNING VELOCITIES AT STEP 356 TO 295 KELVIN.
REASSIGNING VELOCITIES AT STEP 357 TO 295 KELVIN.
REASSIGNING VELOCITIES AT STEP 358 TO 295 KELVIN.
REASSIGNING VELOCITIES AT STEP 359 TO 295 KELVIN.
REASSIGNING VELOCITIES AT STEP 360 TO 295 KELVIN.
REASSIGNING VELOCITIES AT STEP 361 TO 295 KELVIN.
REASSIGNING VELOCITIES AT STEP 362 TO 295 KELVIN.
REASSIGNING VELOCITIES AT STEP 363 TO 295 KELVIN.
REASSIGNING VELOCITIES AT STEP 364 TO 295 KELVIN.
REASSIGNING VELOCITIES AT STEP 365 TO 295 KELVIN.
REASSIGNING VELOCITIES AT STEP 366 TO 295 KELVIN.
REASSIGNING VELOCITIES AT STEP 367 TO 295 KELVIN.
REASSIGNING VELOCITIES AT STEP 368 TO 295 KELVIN.
REASSIGNING VELOCITIES AT STEP 369 TO 295 KELVIN.
REASSIGNING VELOCITIES AT STEP 370 TO 295 KELVIN.
REASSIGNING VELOCITIES AT STEP 371 TO 295 KELVIN.
REASSIGNING VELOCITIES AT STEP 372 TO 295 KELVIN.
REASSIGNING VELOCITIES AT STEP 373 TO 295 KELVIN.
REASSIGNING VELOCITIES AT STEP 374 TO 295 KELVIN.
REASSIGNING VELOCITIES AT STEP 375 TO 295 KELVIN.
REASSIGNING VELOCITIES AT STEP 376 TO 295 KELVIN.
REASSIGNING VELOCITIES AT STEP 377 TO 295 KELVIN.
REASSIGNING VELOCITIES AT STEP 378 TO 295 KELVIN.
REASSIGNING VELOCITIES AT STEP 379 TO 295 KELVIN.
REASSIGNING VELOCITIES AT STEP 380 TO 295 KELVIN.
REASSIGNING VELOCITIES AT STEP 381 TO 295 KELVIN.
REASSIGNING VELOCITIES AT STEP 382 TO 295 KELVIN.
REASSIGNING VELOCITIES AT STEP 383 TO 295 KELVIN.
REASSIGNING VELOCITIES AT STEP 384 TO 295 KELVIN.
REASSIGNING VELOCITIES AT STEP 385 TO 295 KELVIN.
REASSIGNING VELOCITIES AT STEP 386 TO 295 KELVIN.
REASSIGNING VELOCITIES AT STEP 387 TO 295 KELVIN.
REASSIGNING VELOCITIES AT STEP 388 TO 295 KELVIN.
REASSIGNING VELOCITIES AT STEP 389 TO 295 KELVIN.
REASSIGNING VELOCITIES AT STEP 390 TO 295 KELVIN.
REASSIGNING VELOCITIES AT STEP 391 TO 295 KELVIN.
REASSIGNING VELOCITIES AT STEP 392 TO 295 KELVIN.
REASSIGNING VELOCITIES AT STEP 393 TO 295 KELVIN.
REASSIGNING VELOCITIES AT STEP 394 TO 295 KELVIN.
REASSIGNING VELOCITIES AT STEP 395 TO 295 KELVIN.
REASSIGNING VELOCITIES AT STEP 396 TO 295 KELVIN.
REASSIGNING VELOCITIES AT STEP 397 TO 295 KELVIN.
REASSIGNING VELOCITIES AT STEP 398 TO 295 KELVIN.
REASSIGNING VELOCITIES AT STEP 399 TO 295 KELVIN.
LDB: ============= START OF LOAD BALANCING ============== 1.47966
LDB: ============== END OF LOAD BALANCING =============== 1.47967
LDB: =============== DONE WITH MIGRATION ================ 1.4797
REASSIGNING VELOCITIES AT STEP 400 TO 295 KELVIN.
Info: Benchmark time: 1 CPUs 0.003621 s/step 0.0419097 days/ns 1.79683 MB memory
TIMING: 400  CPU: 1.46928, 0.00362068/step  Wall: 1.46966, 0.00362157/step, 0.000100599 hours remaining, 1.796825 MB of memory in use.
PERFORMANCE: 400  averaging 23.8309 ns/day, 0.00362555 sec/step with standard deviation 1.86447e-05
ENERGY:     400       456.8469        25.0465         0.0000         0.0000        -217562.9569       446.5878       762.1998         0.0000      1725.2771        -214146.9988       285.9680   -215872.2759   -214151.9010       294.7572         -23545.9465    -23900.4262     68789.1793    -24314.5640    -24325.6002

WRITING EXTENDED SYSTEM TO RESTART FILE AT STEP 400
WRITING COORDINATES TO DCD FILE eq1.dcd AT STEP 400
WRITING COORDINATES TO RESTART FILE AT STEP 400
FINISHED WRITING RESTART COORDINATES
The last position output (seq=400) takes 0.000 seconds, 1.797 MB of memory in use
WRITING VELOCITIES TO RESTART FILE AT STEP 400
FINISHED WRITING RESTART VELOCITIES
The last velocity output (seq=400) takes 0.000 seconds, 1.797 MB of memory in use
REASSIGNING VELOCITIES AT STEP 401 TO 295 KELVIN.
REASSIGNING VELOCITIES AT STEP 402 TO 295 KELVIN.
REASSIGNING VELOCITIES AT STEP 403 TO 295 KELVIN.
REASSIGNING VELOCITIES AT STEP 404 TO 295 KELVIN.
REASSIGNING VELOCITIES AT STEP 405 TO 295 KELVIN.
REASSIGNING VELOCITIES AT STEP 406 TO 295 KELVIN.
REASSIGNING VELOCITIES AT STEP 407 TO 295 KELVIN.
REASSIGNING VELOCITIES AT STEP 408 TO 295 KELVIN.
REASSIGNING VELOCITIES AT STEP 409 TO 295 KELVIN.
REASSIGNING VELOCITIES AT STEP 410 TO 295 KELVIN.
REASSIGNING VELOCITIES AT STEP 411 TO 295 KELVIN.
REASSIGNING VELOCITIES AT STEP 412 TO 295 KELVIN.
REASSIGNING VELOCITIES AT STEP 413 TO 295 KELVIN.
REASSIGNING VELOCITIES AT STEP 414 TO 295 KELVIN.
REASSIGNING VELOCITIES AT STEP 415 TO 295 KELVIN.
REASSIGNING VELOCITIES AT STEP 416 TO 295 KELVIN.
REASSIGNING VELOCITIES AT STEP 417 TO 295 KELVIN.
REASSIGNING VELOCITIES AT STEP 418 TO 295 KELVIN.
REASSIGNING VELOCITIES AT STEP 419 TO 295 KELVIN.
REASSIGNING VELOCITIES AT STEP 420 TO 295 KELVIN.
REASSIGNING VELOCITIES AT STEP 421 TO 295 KELVIN.
REASSIGNING VELOCITIES AT STEP 422 TO 295 KELVIN.
REASSIGNING VELOCITIES AT STEP 423 TO 295 KELVIN.
REASSIGNING VELOCITIES AT STEP 424 TO 295 KELVIN.
REASSIGNING VELOCITIES AT STEP 425 TO 295 KELVIN.
REASSIGNING VELOCITIES AT STEP 426 TO 295 KELVIN.
REASSIGNING VELOCITIES AT STEP 427 TO 295 KELVIN.
REASSIGNING VELOCITIES AT STEP 428 TO 295 KELVIN.
REASSIGNING VELOCITIES AT STEP 429 TO 295 KELVIN.
REASSIGNING VELOCITIES AT STEP 430 TO 295 KELVIN.
REASSIGNING VELOCITIES AT STEP 431 TO 295 KELVIN.
REASSIGNING VELOCITIES AT STEP 432 TO 295 KELVIN.
REASSIGNING VELOCITIES AT STEP 433 TO 295 KELVIN.
REASSIGNING VELOCITIES AT STEP 434 TO 295 KELVIN.
REASSIGNING VELOCITIES AT STEP 435 TO 295 KELVIN.
REASSIGNING VELOCITIES AT STEP 436 TO 295 KELVIN.
REASSIGNING VELOCITIES AT STEP 437 TO 295 KELVIN.
REASSIGNING VELOCITIES AT STEP 438 TO 295 KELVIN.
REASSIGNING VELOCITIES AT STEP 439 TO 295 KELVIN.
REASSIGNING VELOCITIES AT STEP 440 TO 295 KELVIN.
REASSIGNING VELOCITIES AT STEP 441 TO 295 KELVIN.
REASSIGNING VELOCITIES AT STEP 442 TO 295 KELVIN.
REASSIGNING VELOCITIES AT STEP 443 TO 295 KELVIN.
REASSIGNING VELOCITIES AT STEP 444 TO 295 KELVIN.
REASSIGNING VELOCITIES AT STEP 445 TO 295 KELVIN.
REASSIGNING VELOCITIES AT STEP 446 TO 295 KELVIN.
REASSIGNING VELOCITIES AT STEP 447 TO 295 KELVIN.
REASSIGNING VELOCITIES AT STEP 448 TO 295 KELVIN.
REASSIGNING VELOCITIES AT STEP 449 TO 295 KELVIN.
REASSIGNING VELOCITIES AT STEP 450 TO 295 KELVIN.
REASSIGNING VELOCITIES AT STEP 451 TO 295 KELVIN.
REASSIGNING VELOCITIES AT STEP 452 TO 295 KELVIN.
REASSIGNING VELOCITIES AT STEP 453 TO 295 KELVIN.
REASSIGNING VELOCITIES AT STEP 454 TO 295 KELVIN.
REASSIGNING VELOCITIES AT STEP 455 TO 295 KELVIN.
REASSIGNING VELOCITIES AT STEP 456 TO 295 KELVIN.
REASSIGNING VELOCITIES AT STEP 457 TO 295 KELVIN.
REASSIGNING VELOCITIES AT STEP 458 TO 295 KELVIN.
REASSIGNING VELOCITIES AT STEP 459 TO 295 KELVIN.
REASSIGNING VELOCITIES AT STEP 460 TO 295 KELVIN.
REASSIGNING VELOCITIES AT STEP 461 TO 295 KELVIN.
REASSIGNING VELOCITIES AT STEP 462 TO 295 KELVIN.
REASSIGNING VELOCITIES AT STEP 463 TO 295 KELVIN.
REASSIGNING VELOCITIES AT STEP 464 TO 295 KELVIN.
REASSIGNING VELOCITIES AT STEP 465 TO 295 KELVIN.
REASSIGNING VELOCITIES AT STEP 466 TO 295 KELVIN.
REASSIGNING VELOCITIES AT STEP 467 TO 295 KELVIN.
REASSIGNING VELOCITIES AT STEP 468 TO 295 KELVIN.
REASSIGNING VELOCITIES AT STEP 469 TO 295 KELVIN.
REASSIGNING VELOCITIES AT STEP 470 TO 295 KELVIN.
REASSIGNING VELOCITIES AT STEP 471 TO 295 KELVIN.
REASSIGNING VELOCITIES AT STEP 472 TO 295 KELVIN.
REASSIGNING VELOCITIES AT STEP 473 TO 295 KELVIN.
REASSIGNING VELOCITIES AT STEP 474 TO 295 KELVIN.
REASSIGNING VELOCITIES AT STEP 475 TO 295 KELVIN.
REASSIGNING VELOCITIES AT STEP 476 TO 295 KELVIN.
REASSIGNING VELOCITIES AT STEP 477 TO 295 KELVIN.
REASSIGNING VELOCITIES AT STEP 478 TO 295 KELVIN.
REASSIGNING VELOCITIES AT STEP 479 TO 295 KELVIN.
REASSIGNING VELOCITIES AT STEP 480 TO 295 KELVIN.
REASSIGNING VELOCITIES AT STEP 481 TO 295 KELVIN.
REASSIGNING VELOCITIES AT STEP 482 TO 295 KELVIN.
REASSIGNING VELOCITIES AT STEP 483 TO 295 KELVIN.
REASSIGNING VELOCITIES AT STEP 484 TO 295 KELVIN.
REASSIGNING VELOCITIES AT STEP 485 TO 295 KELVIN.
REASSIGNING VELOCITIES AT STEP 486 TO 295 KELVIN.
REASSIGNING VELOCITIES AT STEP 487 TO 295 KELVIN.
REASSIGNING VELOCITIES AT STEP 488 TO 295 KELVIN.
REASSIGNING VELOCITIES AT STEP 489 TO 295 KELVIN.
REASSIGNING VELOCITIES AT STEP 490 TO 295 KELVIN.
REASSIGNING VELOCITIES AT STEP 491 TO 295 KELVIN.
REASSIGNING VELOCITIES AT STEP 492 TO 295 KELVIN.
REASSIGNING VELOCITIES AT STEP 493 TO 295 KELVIN.
REASSIGNING VELOCITIES AT STEP 494 TO 295 KELVIN.
REASSIGNING VELOCITIES AT STEP 495 TO 295 KELVIN.
REASSIGNING VELOCITIES AT STEP 496 TO 295 KELVIN.
REASSIGNING VELOCITIES AT STEP 497 TO 295 KELVIN.
REASSIGNING VELOCITIES AT STEP 498 TO 295 KELVIN.
REASSIGNING VELOCITIES AT STEP 499 TO 295 KELVIN.
REASSIGNING VELOCITIES AT STEP 500 TO 295 KELVIN.
Info: Benchmark time: 1 CPUs 0.00359489 s/step 0.0416075 days/ns 1.79683 MB memory
TIMING: 500  CPU: 1.82871, 0.00359434/step  Wall: 1.82919, 0.00359529/step, 0 hours remaining, 1.796825 MB of memory in use.
PERFORMANCE: 500  averaging 23.8707 ns/day, 0.0036195 sec/step with standard deviation 2.10671e-05
ENERGY:     500       474.5332        30.5957         0.0000         0.0000        -217580.1066       554.8118       775.5266         0.0000      1784.1600        -213960.4793       295.7280   -215744.6393   -213946.5246       295.4385         -23199.3674    -23264.3936     68789.1793    -23556.7358    -23579.6636

WRITING EXTENDED SYSTEM TO RESTART FILE AT STEP 500
WRITING COORDINATES TO DCD FILE eq1.dcd AT STEP 500
WRITING COORDINATES TO RESTART FILE AT STEP 500
FINISHED WRITING RESTART COORDINATES
The last position output (seq=500) takes 0.000 seconds, 1.797 MB of memory in use
WRITING VELOCITIES TO RESTART FILE AT STEP 500
FINISHED WRITING RESTART VELOCITIES
The last velocity output (seq=500) takes 0.000 seconds, 1.797 MB of memory in use
WRITING EXTENDED SYSTEM TO OUTPUT FILE AT STEP 500
CLOSING EXTENDED SYSTEM TRAJECTORY FILE
WRITING COORDINATES TO OUTPUT FILE AT STEP 500
CLOSING COORDINATE DCD FILE eq1.dcd
The last position output (seq=-2) takes 0.003 seconds, 1.797 MB of memory in use
WRITING VELOCITIES TO OUTPUT FILE AT STEP 500
====================================================

WallClock: 1.858016  CPUTime: 1.851602  Memory: 1.796825 MB
[Partition 0][Node 0] End of program
