Charm++> No provisioning arguments specified. Running with a single PE.
         Use +auto-provision to fully subscribe resources or +p1 to silence this message.
Charm++: standalone mode (not using charmrun)
Charm++> Running in Multicore mode: 1 threads (PEs)
Charm++> Using recursive bisection (scheme 3) for topology aware partitions
Converse/Charm++ Commit ID: 
CharmLB> Load balancer assumes all CPUs are same.
Charm++> Running on 1 hosts (1 sockets x 6 cores x 2 PUs = 12-way SMP)
Charm++> cpu topology info is gathered in 0.003 seconds.
CharmLB> Load balancing instrumentation for communication is off.
Info: NAMD 3.0.1 for Linux-x86_64-multicore
Info: 
Info: Please visit http://www.ks.uiuc.edu/Research/namd/
Info: for updates, documentation, and support information.
Info: 
Info: Please cite Phillips et al., J. Chem. Phys. 153:044130 (2020) doi:10.1063/5.0014475
Info: in all publications reporting results obtained with NAMD.
Info: 
Info: Based on Charm++/Converse 80000 for multicore-linux-x86_64-gcc
Info: Built Mon Oct 14 11:11:06 CDT 2024 by dhardy on athine.ks.uiuc.edu
Info: 1 NAMD  3.0.1  Linux-x86_64-multicore  1    pc1d-06  convidat
Info: Running on 1 processors, 1 nodes, 1 physical nodes.
Info: CPU topology information available.
Info: Charm++/Converse parallel runtime startup completed at 0.00565826 s
CkLoopLib is used in SMP with simple dynamic scheduling (converse-level notification)
Info: 25.8086 MB of memory in use based on /proc/self/stat
Info: Configuration file is eq2.namd
Info: Working in the current directory /home/samba/homes/convidat/Desktop/nanoporo/bionano-tutorial-files/4_current
TCL: Suspending until startup complete.
Warning: Option "1-4scaling" has been deprecated. Instead use "oneFourScaling".
Info: EXTENDED SYSTEM FILE   eq1.xsc
Warning: The Langevin gamma parameters differ over the particles,
Warning: requiring extra work per step to constrain rigid bonds.
Info: SIMULATION PARAMETERS:
Info: TIMESTEP               1
Info: NUMBER OF STEPS        1000
Info: STEPS PER CYCLE        20
Info: PERIODIC CELL BASIS 1  34.1775 19.7324 0
Info: PERIODIC CELL BASIS 2  0 39.4648 0
Info: PERIODIC CELL BASIS 3  0 0 51
Info: PERIODIC CELL CENTER   0 0 0
Info: WRAPPING ALL CLUSTERS AROUND PERIODIC BOUNDARIES ON OUTPUT.
Info: WRAPPING TO IMAGE NEAREST TO PERIODIC CELL CENTER.
Info: LOAD BALANCER  Centralized
Info: LOAD BALANCING STRATEGY  New Load Balancers -- DEFAULT
Info: LDB PERIOD             4000 steps
Info: FIRST LDB TIMESTEP     100
Info: LAST LDB TIMESTEP     -1
Info: LDB BACKGROUND SCALING 1
Info: HOM BACKGROUND SCALING 1
Info: PME BACKGROUND SCALING 1
Info: MIN ATOMS PER PATCH    40
Info: EMPTY PATCH LOAD       40 ATOMS
Info: VELOCITY FILE          eq1.vel
Info: CENTER OF MASS MOVING INITIALLY? NO
Info: DIELECTRIC             1
Info: EXCLUDE                SCALED ONE-FOUR
Info: 1-4 ELECTROSTATICS SCALED BY 1
Info: MODIFIED 1-4 VDW PARAMETERS WILL BE USED
Info: DCD FILENAME           eq2.dcd
Info: DCD FREQUENCY          100
Info: DCD FIRST STEP         100
Info: DCD FILE WILL CONTAIN UNIT CELL DATA
Info: XST FILENAME           eq2.xst
Info: XST FREQUENCY          100
Info: NO VELOCITY DCD OUTPUT
Info: NO FORCE DCD OUTPUT
Info: OUTPUT FILENAME        eq2
Info: BINARY OUTPUT FILES WILL BE USED
Info: RESTART FILENAME       eq2.restart
Info: RESTART FREQUENCY      100
Info: BINARY RESTART FILES WILL BE USED
Info: SWITCHING ACTIVE
Info: SWITCHING ON           10
Info: SWITCHING OFF          12
Info: PAIRLIST DISTANCE      12
Info: PAIRLIST SHRINK RATE   0.01
Info: PAIRLIST GROW RATE     0.01
Info: PAIRLIST TRIGGER       0.3
Info: PAIRLISTS PER CYCLE    2
Info: PAIRLISTS ENABLED
Info: MARGIN                 3
Info: HYDROGEN GROUP CUTOFF  2.5
Info: PATCH DIMENSION        17.5
Info: ENERGY OUTPUT STEPS    100
Info: ENERGY EVALUATION STEPS    100
Info: OUTPUT ENERGY PRECISION 4
Info: CROSSTERM ENERGY INCLUDED IN DIHEDRAL
Info: TIMING OUTPUT STEPS    100
Info: HARMONIC CONSTRAINTS ACTIVE
Info: HARMONIC CONS EXP      2
Info: LANGEVIN DYNAMICS ACTIVE
Info: LANGEVIN TEMPERATURE   295
Info: LANGEVIN USING BBK INTEGRATOR
Info: LANGEVIN DAMPING COEFFICIENT IS 5 INVERSE PS
Info: LANGEVIN DYNAMICS NOT APPLIED TO HYDROGENS
Info: LANGEVIN PISTON PRESSURE CONTROL ACTIVE
Info:        TARGET PRESSURE IS 1.01325 BAR
Info:     OSCILLATION PERIOD IS 200 FS
Info:             DECAY TIME IS 200 FS
Info:     PISTON TEMPERATURE IS 295 K
Info:       PRESSURE CONTROL IS ATOM-BASED
Info:    INITIAL STRAIN RATE IS 0 0 0
Info:       CELL FLUCTUATION IS ANISOTROPIC
Info: PARTICLE MESH EWALD (PME) ACTIVE
Info: PME TOLERANCE               1e-06
Info: PME EWALD COEFFICIENT       0.257952
Info: PME INTERPOLATION ORDER     4
Info: PME GRID DIMENSIONS         48 48 64
Info: PME MAXIMUM GRID SPACING    1.5
Info: Attempting to read FFTW data from FFTW_NAMD_3.0.1_Linux-x86_64-multicore.txt
Info: Optimizing 6 FFT steps.  1... 2... 3... 4... 5... 6...   Done.
Info: Writing FFTW data to FFTW_NAMD_3.0.1_Linux-x86_64-multicore.txt
Info: FULL ELECTROSTATIC EVALUATION FREQUENCY      4
Info: USING VERLET I (r-RESPA) MTS SCHEME.
Info: C1 SPLITTING OF LONG RANGE ELECTROSTATICS
Info: PLACING ATOMS IN PATCHES BY HYDROGEN GROUPS
Info: NONBONDED FORCES EVALUATED EVERY 2 STEPS
Info: RANDOM NUMBER SEED     1750181325
Info: USE HYDROGEN BONDS?    NO
Info: COORDINATE PDB         poro_total.pdb
Info: STRUCTURE FILE         poro_total.psf
Info: PARAMETER file: CHARMM format! 
Info: PARAMETERS             cornell.prm
Info: PARAMETERS             par_silicon_ions_NEW5.inp
Info: USING ARITHMETIC MEAN TO COMBINE L-J SIGMA PARAMETERS
Info: BINARY COORDINATES     eq1.coor
Info: SUMMARY OF PARAMETERS:
Info: 96 BONDS
Info: 229 ANGLES
Info: 81 DIHEDRAL
Info: 31 IMPROPER
Info: 0 CROSSTERM
Info: 62 VDW
Info: 0 VDW_PAIRS
Info: 0 NBTHOLE_PAIRS
Info: TIME FOR READING PSF FILE: 0.00547746
Info: Reading pdb file poro_total.pdb
Info: TIME FOR READING PDB FILE: 0.00124679
Info: 
Info: ****************************
Info: STRUCTURE SUMMARY:
Info: 2024 ATOMS
Info: 3046 BONDS
Info: 6904 ANGLES
Info: 0 DIHEDRALS
Info: 0 IMPROPERS
Info: 0 CROSSTERMS
Info: 0 EXCLUSIONS
Info: 1814 CONSTRAINTS
Info: 6072 DEGREES OF FREEDOM
Info: 1892 HYDROGEN GROUPS
Info: 3 ATOMS IN LARGEST HYDROGEN GROUP
Info: 1892 MIGRATION GROUPS
Info: 3 ATOMS IN LARGEST MIGRATION GROUP
Info: TOTAL MASS = 37969.9 amu
Info: TOTAL CHARGE = 7.89165e-05 e
Info: MASS DENSITY = 0.916598 g/cm^3
Info: ATOM DENSITY = 0.0294232 atoms/A^3
Info: *****************************
Info: Reading from binary file eq1.coor
Info: 
Info: Entering startup at 0.0236431 s, 1.8015 MB of memory in use
Info: Startup phase 0 took 1.718e-05 s, 1.8015 MB of memory in use
Info: ADDED 23610 IMPLICIT EXCLUSIONS
Info: Startup phase 1 took 0.00292248 s, 1.8015 MB of memory in use
Info: NONBONDED TABLE R-SQUARED SPACING: 0.0625
Info: NONBONDED TABLE SIZE: 769 POINTS
Info: INCONSISTENCY IN FAST TABLE ENERGY VS FORCE: 0.000325096 AT 11.9556
Info: INCONSISTENCY IN SCOR TABLE ENERGY VS FORCE: 0.000324844 AT 11.9556
Info: INCONSISTENCY IN VDWA TABLE ENERGY VS FORCE: 0.0040507 AT 0.251946
Info: INCONSISTENCY IN VDWB TABLE ENERGY VS FORCE: 0.00150189 AT 0.251946
Info: Startup phase 2 took 0.000263772 s, 1.8015 MB of memory in use
Info: Startup phase 3 took 9.25e-06 s, 1.8015 MB of memory in use
Info: Startup phase 4 took 1.1353e-05 s, 1.8015 MB of memory in use
Info: Startup phase 5 took 6.741e-06 s, 1.8015 MB of memory in use
Info: PATCH GRID IS 1 (PERIODIC) BY 1 (PERIODIC) BY 2 (PERIODIC)
Info: PATCH GRID IS 1-AWAY BY 1-AWAY BY 1-AWAY
Info: Reading from binary file eq1.vel
Info: REMOVING COM VELOCITY -0.0121363 -0.13103 -0.0223743
Info: LARGEST PATCH (1) HAS 1021 ATOMS
Info: TORUS A SIZE 1 USING 0
Info: TORUS B SIZE 1 USING 0
Info: TORUS C SIZE 1 USING 0
Info: TORUS MINIMAL MESH SIZE IS 1 BY 1 BY 1
Info: Placed 100% of base nodes on same physical node as patch
Info: Startup phase 6 took 0.000273079 s, 1.8015 MB of memory in use
Info: PME using 1 and 1 processors for FFT and reciprocal sum.
Info: PME GRID LOCATIONS: 0
Info: PME TRANS LOCATIONS: 0
Info: PME USING 1 GRID NODES AND 1 TRANS NODES
Info: Optimizing 4 FFT steps.  1... 2... 3... 4...   Done.
Info: Startup phase 7 took 0.000326514 s, 1.8015 MB of memory in use
Info: Startup phase 8 took 1.24e-05 s, 1.8015 MB of memory in use
Info: Startup phase 9 took 7.497e-06 s, 1.8015 MB of memory in use
Info: Startup phase 10 took 6.715e-06 s, 1.8015 MB of memory in use
Info: Startup phase 11 took 7.602e-06 s, 1.8015 MB of memory in use
LDB: Central LB being created...
Info: Startup phase 12 took 2.1719e-05 s, 1.8015 MB of memory in use
Info: CREATING 47 COMPUTE OBJECTS
Info: Startup phase 13 took 6.875e-05 s, 1.8015 MB of memory in use
Info: Startup phase 14 took 7.605e-06 s, 1.8015 MB of memory in use
Info: Startup phase 15 took 1.1513e-05 s, 1.8015 MB of memory in use
Info: Finished startup at 0.0276173 s, 1.8015 MB of memory in use

ETITLE:      TS           BOND          ANGLE          DIHED          IMPRP               ELECT            VDW       BOUNDARY           MISC        KINETIC               TOTAL           TEMP      POTENTIAL         TOTAL3        TEMPAVG            PRESSURE      GPRESSURE         VOLUME       PRESSAVG      GPRESSAVG

ENERGY:       0       474.5332        30.5957         0.0000         0.0000        -217580.1066       554.8118       775.5266         0.0000      1783.3515        -213961.2878       295.5940   -215744.6393   -213957.7287       295.5940         -23195.2365    -23267.0762     68789.1793    -23195.2365    -23267.0762

OPENING EXTENDED SYSTEM TRAJECTORY FILE
LDB: ============= START OF LOAD BALANCING ============== 0.143575
LDB: ============== END OF LOAD BALANCING =============== 0.143587
LDB: =============== DONE WITH MIGRATION ================ 0.143596
LDB: ============= START OF LOAD BALANCING ============== 0.48021
LDB: ============== END OF LOAD BALANCING =============== 0.480221
LDB: =============== DONE WITH MIGRATION ================ 0.48024
Info: Initial time: 1 CPUs 0.00454709 s/step 0.0526283 days/ns 1.8015 MB memory
TIMING: 100  CPU: 0.473578, 0.00455601/step  Wall: 0.473659, 0.00454788/step, 0.00113697 hours remaining, 1.801500 MB of memory in use.
PERFORMANCE: 100  averaging 18.9978 ns/day, 0.00454788 sec/step with standard deviation 0
ENERGY:     100       900.4315        31.2150         0.0000         0.0000        -221355.9821      2810.7887      1494.5045         0.0000      1859.0796        -214259.9628       308.1460   -216119.0424   -214255.2897       285.8827          15410.6502     15352.0486     64536.7535      -726.9093      -728.3487

WRITING EXTENDED SYSTEM TO RESTART FILE AT STEP 100
OPENING COORDINATE DCD FILE
WRITING COORDINATES TO DCD FILE eq2.dcd AT STEP 100
WRITING COORDINATES TO RESTART FILE AT STEP 100
FINISHED WRITING RESTART COORDINATES
The last position output (seq=100) takes 0.000 seconds, 1.802 MB of memory in use
WRITING VELOCITIES TO RESTART FILE AT STEP 100
FINISHED WRITING RESTART VELOCITIES
The last velocity output (seq=100) takes 0.000 seconds, 1.802 MB of memory in use
LDB: ============= START OF LOAD BALANCING ============== 0.568399
LDB: ============== END OF LOAD BALANCING =============== 0.568409
LDB: =============== DONE WITH MIGRATION ================ 0.568416
LDB: ============= START OF LOAD BALANCING ============== 0.947157
LDB: ============== END OF LOAD BALANCING =============== 0.947189
LDB: =============== DONE WITH MIGRATION ================ 0.94721
Info: Initial time: 1 CPUs 0.00468889 s/step 0.0542695 days/ns 1.8015 MB memory
TIMING: 200  CPU: 0.942451, 0.00468873/step  Wall: 0.942663, 0.00469004/step, 0.00104223 hours remaining, 1.801500 MB of memory in use.
PERFORMANCE: 200  averaging 18.7055 ns/day, 0.00461896 sec/step with standard deviation 0.00010052
ENERGY:     200       906.9263        22.8869         0.0000         0.0000        -221306.8443      2863.8494      1182.9484         0.0000      1947.2043        -214383.0290       322.7529   -216330.2333   -214377.1095       305.0009          10283.1052     10254.7897     64944.2198      4276.3986      4290.6235

WRITING EXTENDED SYSTEM TO RESTART FILE AT STEP 200
WRITING COORDINATES TO DCD FILE eq2.dcd AT STEP 200
WRITING COORDINATES TO RESTART FILE AT STEP 200
FINISHED WRITING RESTART COORDINATES
The last position output (seq=200) takes 0.000 seconds, 1.802 MB of memory in use
WRITING VELOCITIES TO RESTART FILE AT STEP 200
FINISHED WRITING RESTART VELOCITIES
The last velocity output (seq=200) takes 0.000 seconds, 1.802 MB of memory in use
LDB: ============= START OF LOAD BALANCING ============== 1.42896
LDB: ============== END OF LOAD BALANCING =============== 1.42899
LDB: =============== DONE WITH MIGRATION ================ 1.42902
Info: Initial time: 1 CPUs 0.00483681 s/step 0.0559817 days/ns 1.8015 MB memory
TIMING: 300  CPU: 1.42611, 0.0048366/step  Wall: 1.42645, 0.0048379/step, 0.000940703 hours remaining, 1.801500 MB of memory in use.
PERFORMANCE: 300  averaging 18.4146 ns/day, 0.00469194 sec/step with standard deviation 0.000145019
ENERGY:     300       773.2528        25.8722         0.0000         0.0000        -215876.5132      -631.6500      1174.6541         0.0000      1852.6406        -212681.7434       307.0788   -214534.3840   -212679.4055       317.1140         -39120.9130    -39427.1458     70005.3722     -1149.5268     -1164.5181

WRITING EXTENDED SYSTEM TO RESTART FILE AT STEP 300
WRITING COORDINATES TO DCD FILE eq2.dcd AT STEP 300
WRITING COORDINATES TO RESTART FILE AT STEP 300
FINISHED WRITING RESTART COORDINATES
The last position output (seq=300) takes 0.000 seconds, 1.802 MB of memory in use
WRITING VELOCITIES TO RESTART FILE AT STEP 300
FINISHED WRITING RESTART VELOCITIES
The last velocity output (seq=300) takes 0.000 seconds, 1.802 MB of memory in use
LDB: ============= START OF LOAD BALANCING ============== 1.95295
LDB: ============== END OF LOAD BALANCING =============== 1.95298
LDB: =============== DONE WITH MIGRATION ================ 1.95301
Info: Benchmark time: 1 CPUs 0.00525149 s/step 0.0607812 days/ns 1.8015 MB memory
TIMING: 400  CPU: 1.9512, 0.00525089/step  Wall: 1.9517, 0.00525244/step, 0.000875407 hours remaining, 1.801500 MB of memory in use.
PERFORMANCE: 400  averaging 17.8805 ns/day, 0.00483207 sec/step with standard deviation 0.000304238
ENERGY:     400       916.1515        25.4661         0.0000         0.0000        -223728.5209      5475.1703      2762.4110         0.0000      1971.5405        -212577.7814       326.7867   -214549.3219   -212578.8534       321.5578          43799.5639     43834.0890     62568.2430       904.2232       905.9979

WRITING EXTENDED SYSTEM TO RESTART FILE AT STEP 400
WRITING COORDINATES TO DCD FILE eq2.dcd AT STEP 400
WRITING COORDINATES TO RESTART FILE AT STEP 400
FINISHED WRITING RESTART COORDINATES
The last position output (seq=400) takes 0.000 seconds, 1.802 MB of memory in use
WRITING VELOCITIES TO RESTART FILE AT STEP 400
FINISHED WRITING RESTART VELOCITIES
The last velocity output (seq=400) takes 0.000 seconds, 1.802 MB of memory in use
Info: Benchmark time: 1 CPUs 0.00526021 s/step 0.0608821 days/ns 1.8015 MB memory
TIMING: 500  CPU: 2.47713, 0.00525927/step  Wall: 2.47776, 0.00526067/step, 0.000730648 hours remaining, 1.801500 MB of memory in use.
PERFORMANCE: 500  averaging 17.5689 ns/day, 0.00491779 sec/step with standard deviation 0.000325822
ENERGY:     500       805.0078        28.3473         0.0000         0.0000        -220621.9629      2487.7692       930.1651         0.0000      2164.7565        -214205.9170       358.8126   -216370.6735   -214196.1815       328.2082           4262.3113      4545.4986     65385.0433      8269.9146      8293.2977

WRITING EXTENDED SYSTEM TO RESTART FILE AT STEP 500
WRITING COORDINATES TO DCD FILE eq2.dcd AT STEP 500
WRITING COORDINATES TO RESTART FILE AT STEP 500
FINISHED WRITING RESTART COORDINATES
The last position output (seq=500) takes 0.000 seconds, 1.802 MB of memory in use
WRITING VELOCITIES TO RESTART FILE AT STEP 500
FINISHED WRITING RESTART VELOCITIES
The last velocity output (seq=500) takes 0.000 seconds, 1.802 MB of memory in use
Info: Benchmark time: 1 CPUs 0.00614623 s/step 0.0711369 days/ns 1.8015 MB memory
TIMING: 600  CPU: 3.09163, 0.00614506/step  Wall: 3.09244, 0.00614678/step, 0.000682975 hours remaining, 1.801500 MB of memory in use.
PERFORMANCE: 600  averaging 16.8664 ns/day, 0.00512262 sec/step with standard deviation 0.000580228
ENERGY:     600       829.9142        27.9804         0.0000         0.0000        -212077.7463     -2698.3670      1906.2665         0.0000      2068.0011        -209943.9511       342.7752   -212011.9522   -209934.2871       342.4735         -61600.5245    -61925.0925     73324.6865     -1189.0501     -1207.4333

WRITING EXTENDED SYSTEM TO RESTART FILE AT STEP 600
WRITING COORDINATES TO DCD FILE eq2.dcd AT STEP 600
WRITING COORDINATES TO RESTART FILE AT STEP 600
FINISHED WRITING RESTART COORDINATES
The last position output (seq=600) takes 0.000 seconds, 1.802 MB of memory in use
WRITING VELOCITIES TO RESTART FILE AT STEP 600
FINISHED WRITING RESTART VELOCITIES
Info: Benchmark time: 1 CPUs 0.00625644 s/step 0.0724125 days/ns 1.8015 MB memory
TIMING: 700  CPU: 3.71716, 0.00625525/step  Wall: 3.71814, 0.006257/step, 0.000521417 hours remaining, 1.801500 MB of memory in use.
PERFORMANCE: 700  averaging 16.3492 ns/day, 0.00528467 sec/step with standard deviation 0.000681458
ENERGY:     700       983.8595        31.5629         0.0000         0.0000        -226253.8134      9104.8347      5179.0480         0.0000      2108.5263        -208845.9820       349.4923   -210954.5083   -208853.3717       359.2226          84804.8176     84389.4805     60034.4617      4477.6512      4474.4467

WRITING EXTENDED SYSTEM TO RESTART FILE AT STEP 700
WRITING COORDINATES TO DCD FILE eq2.dcd AT STEP 700
WRITING COORDINATES TO RESTART FILE AT STEP 700
FINISHED WRITING RESTART COORDINATES
The last position output (seq=700) takes 0.000 seconds, 1.802 MB of memory in use
WRITING VELOCITIES TO RESTART FILE AT STEP 700
FINISHED WRITING RESTART VELOCITIES
Info: Benchmark time: 1 CPUs 0.00820418 s/step 0.0949558 days/ns 1.8015 MB memory
TIMING: 800  CPU: 4.53742, 0.00820258/step  Wall: 4.53861, 0.00820471/step, 0.000455817 hours remaining, 1.801500 MB of memory in use.
PERFORMANCE: 800  averaging 15.2929 ns/day, 0.00564968 sec/step with standard deviation 0.0012099
ENERGY:     800       787.3867        26.4284         0.0000         0.0000        -220588.2107      3294.3355       970.6703         0.0000      2774.7499        -212734.6399       459.9202   -215509.3899   -212723.1984       396.6811           5317.5402      5760.7784     65182.6862     15638.1516     15672.6533

WRITING EXTENDED SYSTEM TO RESTART FILE AT STEP 800
WRITING COORDINATES TO DCD FILE eq2.dcd AT STEP 800
WRITING COORDINATES TO RESTART FILE AT STEP 800
FINISHED WRITING RESTART COORDINATES
The last position output (seq=800) takes 0.000 seconds, 1.802 MB of memory in use
WRITING VELOCITIES TO RESTART FILE AT STEP 800
FINISHED WRITING RESTART VELOCITIES
Info: Benchmark time: 1 CPUs 0.00768383 s/step 0.0889333 days/ns 1.8015 MB memory
TIMING: 900  CPU: 5.30565, 0.00768236/step  Wall: 5.30706, 0.00768443/step, 0.000213456 hours remaining, 1.801500 MB of memory in use.
PERFORMANCE: 900  averaging 14.7045 ns/day, 0.00587576 sec/step with standard deviation 0.00131944
ENERGY:     900       969.4530        24.8374         0.0000         0.0000        -205655.2749     -4914.9083      4234.9134         0.0000      2749.1122        -202591.8673       455.6707   -205340.9795   -202572.2771       450.2459         -87962.8327    -88178.1483     79547.8511      1399.4897      1379.3614

WRITING EXTENDED SYSTEM TO RESTART FILE AT STEP 900
WRITING COORDINATES TO DCD FILE eq2.dcd AT STEP 900
WRITING COORDINATES TO RESTART FILE AT STEP 900
FINISHED WRITING RESTART COORDINATES
The last position output (seq=900) takes 0.000 seconds, 1.802 MB of memory in use
WRITING VELOCITIES TO RESTART FILE AT STEP 900
FINISHED WRITING RESTART VELOCITIES
TIMING: 1000  CPU: 6.03534, 0.00729688/step  Wall: 6.03752, 0.00730461/step, 0 hours remaining, 1.801500 MB of memory in use.
PERFORMANCE: 1000  averaging 14.3554 ns/day, 0.00601865 sec/step with standard deviation 0.00132349
ETITLE:      TS           BOND          ANGLE          DIHED          IMPRP               ELECT            VDW       BOUNDARY           MISC        KINETIC               TOTAL           TEMP      POTENTIAL         TOTAL3        TEMPAVG            PRESSURE      GPRESSURE         VOLUME       PRESSAVG      GPRESSAVG

ENERGY:    1000      1340.5772        32.5621         0.0000         0.0000        -229044.6945     14483.0102      8085.9435         0.0000      3502.7042        -201599.8973       580.5800   -205102.6015   -201625.4871       566.4518         137667.8452    137356.5465     57388.2148     10551.1205     10555.1227

WRITING EXTENDED SYSTEM TO RESTART FILE AT STEP 1000
WRITING COORDINATES TO DCD FILE eq2.dcd AT STEP 1000
WRITING COORDINATES TO RESTART FILE AT STEP 1000
FINISHED WRITING RESTART COORDINATES
The last position output (seq=1000) takes 0.000 seconds, 1.802 MB of memory in use
WRITING VELOCITIES TO RESTART FILE AT STEP 1000
FINISHED WRITING RESTART VELOCITIES
WRITING EXTENDED SYSTEM TO OUTPUT FILE AT STEP 1000
CLOSING EXTENDED SYSTEM TRAJECTORY FILE
WRITING COORDINATES TO OUTPUT FILE AT STEP 1000
CLOSING COORDINATE DCD FILE eq2.dcd
WRITING VELOCITIES TO OUTPUT FILE AT STEP 1000
====================================================

WallClock: 6.067210  CPUTime: 6.061003  Memory: 1.801500 MB
[Partition 0][Node 0] End of program
